2026-02-27 14:16:39,470 - LasVenturas By parviz - INFO - ‚úÖ –°–∏—Å—Ç–µ–º–∞ –ø–∞—Å—Å–∏–≤–Ω–æ–≥–æ VIP –¥–æ—Ö–æ–¥–∞ –∑–∞–ø—É—â–µ–Ω–∞ (–∏–Ω—Ç–µ—Ä–≤–∞–ª: 3 —á–∞—Å–∞)
2026-02-27 14:16:39,486 - LasVenturas By parviz - INFO - ‚úÖ –ë–∞–∑–∞ –¥–∞–Ω–Ω—ã—Ö –∫–µ–π—Å–æ–≤ –∏–Ω–∏—Ü–∏–∞–ª–∏–∑–∏—Ä–æ–≤–∞–Ω–∞
2026-02-27 14:16:39,496 - LasVenturas By parviz - INFO - ‚úÖ –°–∏—Å—Ç–µ–º–∞ –Ω–∞—á–∏—Å–ª–µ–Ω–∏—è –±–∞–Ω–∫–æ–≤—Å–∫–∏—Ö –ø—Ä–æ—Ü–µ–Ω—Ç–æ–≤ –∑–∞–ø—É—â–µ–Ω–∞ (–µ–∂–µ–¥–Ω–µ–≤–Ω–æ –≤ 03:00)
2026-02-27 14:16:39,506 - LasVenturas By parviz - INFO - ‚úÖ –í –±–∞–∑–µ —É–∂–µ –µ—Å—Ç—å 5 –ø—Ä–µ—Ñ–∏–∫—Å–æ–≤
2026-02-27 14:16:39,737 - LasVenturas By parviz - INFO - –ë–æ—Ç Iris –∑–∞–ø—É—â–µ–Ω!
2026-02-27 14:16:40,103 - LasVenturas By parviz - INFO - –ü–µ—Ä–µ–≤–æ–¥: ùô∞ùöÅùô±ùöÑùöâùô∏ùô∫ ‚Üí –ü—Ä–∏–Ω—Ü | –û—Ç–ø—Ä–∞–≤–∏–ª: 2000000000000000$, –ü–æ–ª—É—á–∏–ª: 1800000000000000$
2026-02-27 14:17:12,960 - LasVenturas By parviz - INFO - –ü–µ—Ä–µ–≤–æ–¥: ùô∞ùöÅùô±ùöÑùöâùô∏ùô∫ ‚Üí ‚ò†Ô∏éùïØùñäùñíùñîùñì‚ò†Ô∏é | –û—Ç–ø—Ä–∞–≤–∏–ª: 2000000000000000$, –ü–æ–ª—É—á–∏–ª: 1800000000000000$
2026-02-27 14:18:00,800 - LasVenturas By parviz - INFO - –ü–µ—Ä–µ–≤–æ–¥: ùô∞ùöÅùô±ùöÑùöâùô∏ùô∫ ‚Üí Dr-–∫–∞ | –û—Ç–ø—Ä–∞–≤–∏–ª: 35000000000000000$, –ü–æ–ª—É—á–∏–ª: 31500000000000000$
2026-02-27 14:18:41,187 - LasVenturas By parviz - ERROR - –û—à–∏–±–∫–∞ —Å–æ–∑–¥–∞–Ω–∏—è –ø—Ä–æ–º–æ–∫–æ–¥–∞: list index out of range
2026-02-27 14:18:47,329 - LasVenturas By parviz - INFO - –ê–¥–º–∏–Ω parvizwp —Å–æ–∑–¥–∞–ª –ø—Ä–æ–º–æ–∫–æ–¥ –±–æ–º–±–∞–∞
2026-02-27 14:19:03,560 - LasVenturas By parviz - INFO - –ù–∞—á–∏—Å–ª–µ–Ω –¥–æ—Ö–æ–¥ 130000$ –ø–æ–ª—å–∑–æ–≤–∞—Ç–µ–ª—é 777000 –∏–∑ –∏—Å—Ç–æ—á–Ω–∏–∫–∞ promo
2026-02-27 14:19:03,801 - LasVenturas By parviz - INFO - –ü–æ–ª—å–∑–æ–≤–∞—Ç–µ–ª—å None –∞–∫—Ç–∏–≤–∏—Ä–æ–≤–∞–ª –ø—Ä–æ–º–æ–∫–æ–¥ –±–æ–º–±–∞–∞
2026-02-27 14:19:09,562 - LasVenturas By parviz - INFO - –ù–∞—á–∏—Å–ª–µ–Ω –¥–æ—Ö–æ–¥ 130000$ –ø–æ–ª—å–∑–æ–≤–∞—Ç–µ–ª—é 7696828602 –∏–∑ –∏—Å—Ç–æ—á–Ω–∏–∫–∞ promo
2026-02-27 14:19:09,739 - LasVenturas By parviz - INFO - –ù–∞—á–∏—Å–ª–µ–Ω –¥–æ—Ö–æ–¥ 130000$ –ø–æ–ª—å–∑–æ–≤–∞—Ç–µ–ª—é 7526512670 –∏–∑ –∏—Å—Ç–æ—á–Ω–∏–∫–∞ promo
2026-02-27 14:19:09,837 - LasVenturas By parviz - INFO - –ü–æ–ª—å–∑–æ–≤–∞—Ç–µ–ª—å viccha2 –∞–∫—Ç–∏–≤–∏—Ä–æ–≤–∞–ª –ø—Ä–æ–º–æ–∫–æ–¥ –±–æ–º–±–∞–∞
2026-02-27 14:19:09,916 - LasVenturas By parviz - INFO - –ü–æ–ª—å–∑–æ–≤–∞—Ç–µ–ª—å parvizwp –∞–∫—Ç–∏–≤–∏—Ä–æ–≤–∞–ª –ø—Ä–æ–º–æ–∫–æ–¥ –±–æ–º–±–∞–∞
2026-02-27 14:19:10,071 - LasVenturas By parviz - INFO - –ù–∞—á–∏—Å–ª–µ–Ω –¥–æ—Ö–æ–¥ 130000$ –ø–æ–ª—å–∑–æ–≤–∞—Ç–µ–ª—é 8232024665 –∏–∑ –∏—Å—Ç–æ—á–Ω–∏–∫–∞ promo
2026-02-27 14:19:10,208 - LasVenturas By parviz - INFO - –ü–æ–ª—å–∑–æ–≤–∞—Ç–µ–ª—å None –∞–∫—Ç–∏–≤–∏—Ä–æ–≤–∞–ª –ø—Ä–æ–º–æ–∫–æ–¥ –±–æ–º–±–∞–∞
2026-02-27 14:19:18,823 - LasVenturas By parviz - INFO - –ù–∞—á–∏—Å–ª–µ–Ω –¥–æ—Ö–æ–¥ 130000$ –ø–æ–ª—å–∑–æ–≤–∞—Ç–µ–ª—é 1448932943 –∏–∑ –∏—Å—Ç–æ—á–Ω–∏–∫–∞ promo
2026-02-27 14:19:18,992 - LasVenturas By parviz - INFO - –ü–æ–ª—å–∑–æ–≤–∞—Ç–µ–ª—å PROSTODAVRON –∞–∫—Ç–∏–≤–∏—Ä–æ–≤–∞–ª –ø—Ä–æ–º–æ–∫–æ–¥ –±–æ–º–±–∞–∞
2026-02-27 14:19:20,355 - LasVenturas By parviz - INFO - –ù–∞—á–∏—Å–ª–µ–Ω –¥–æ—Ö–æ–¥ 130000$ –ø–æ–ª—å–∑–æ–≤–∞—Ç–µ–ª—é 5203713503 –∏–∑ –∏—Å—Ç–æ—á–Ω–∏–∫–∞ promo
2026-02-27 14:19:20,491 - LasVenturas By parviz - INFO - –ü–æ–ª—å–∑–æ–≤–∞—Ç–µ–ª—å None –∞–∫—Ç–∏–≤–∏—Ä–æ–≤–∞–ª –ø—Ä–æ–º–æ–∫–æ–¥ –±–æ–º–±–∞–∞
2026-02-27 14:19:43,032 - LasVenturas By parviz - INFO - ‚ùå –ü–æ–ª—å–∑–æ–≤–∞—Ç–µ–ª—å 5694141752 –ù–ï –∏–º–µ–µ—Ç –Ω—É–∂–Ω—ã–π —Ç–µ–∫—Å—Ç –≤ bio.
2026-02-27 14:19:43,112 - LasVenturas By parviz - INFO - –ù–∞—á–∏—Å–ª–µ–Ω –¥–æ—Ö–æ–¥ 949$ –ø–æ–ª—å–∑–æ–≤–∞—Ç–µ–ª—é 5694141752 –∏–∑ –∏—Å—Ç–æ—á–Ω–∏–∫–∞ farm
2026-02-27 14:19:43,112 - LasVenturas By parviz - INFO - –ü–æ–ª—å–∑–æ–≤–∞—Ç–µ–ª—å 5694141752 –ø–æ–ª—É—á–∏–ª –æ–±—ã—á–Ω—ã–π –¥–æ—Ö–æ–¥ —Å —Ñ–µ—Ä–º—ã 949$
2026-02-27 14:19:44,095 - LasVenturas By parviz - INFO - –ù–∞—á–∏—Å–ª–µ–Ω –¥–æ—Ö–æ–¥ 130000$ –ø–æ–ª—å–∑–æ–≤–∞—Ç–µ–ª—é 7457101105 –∏–∑ –∏—Å—Ç–æ—á–Ω–∏–∫–∞ promo
2026-02-27 14:19:44,320 - LasVenturas By parviz - INFO - –ü–æ–ª—å–∑–æ–≤–∞—Ç–µ–ª—å None –∞–∫—Ç–∏–≤–∏—Ä–æ–≤–∞–ª –ø—Ä–æ–º–æ–∫–æ–¥ –±–æ–º–±–∞–∞
2026-02-27 14:20:19,107 - LasVenturas By parviz - INFO - ‚úÖ –ß–∞—Ç -5247587352 –∞–≤—Ç–æ–º–∞—Ç–∏—á–µ—Å–∫–∏ –¥–æ–±–∞–≤–ª–µ–Ω –≤ —Ä–∞—Å—Å—ã–ª–∫—É
2026-02-27 14:20:51,601 - LasVenturas By parviz - INFO - ‚ùå –ü–æ–ª—å–∑–æ–≤–∞—Ç–µ–ª—å 5694141752 –ù–ï –∏–º–µ–µ—Ç –Ω—É–∂–Ω—ã–π —Ç–µ–∫—Å—Ç –≤ bio.
2026-02-27 14:20:51,677 - LasVenturas By parviz - INFO - –ù–∞—á–∏—Å–ª–µ–Ω –¥–æ—Ö–æ–¥ 1391$ –ø–æ–ª—å–∑–æ–≤–∞—Ç–µ–ª—é 5694141752 –∏–∑ –∏—Å—Ç–æ—á–Ω–∏–∫–∞ bonus
2026-02-27 14:20:51,678 - LasVenturas By parviz - INFO - –ü–æ–ª—å–∑–æ–≤–∞—Ç–µ–ª—å 5694141752 –ø–æ–ª—É—á–∏–ª –æ–±—ã—á–Ω—ã–π –±–æ–Ω—É—Å 1391$
2026-02-27 14:21:01,587 - LasVenturas By parviz - INFO - –ù–∞—á–∏—Å–ª–µ–Ω –¥–æ—Ö–æ–¥ 130000$ –ø–æ–ª—å–∑–æ–≤–∞—Ç–µ–ª—é 5694141752 –∏–∑ –∏—Å—Ç–æ—á–Ω–∏–∫–∞ promo
2026-02-27 14:21:01,769 - LasVenturas By parviz - INFO - –ü–æ–ª—å–∑–æ–≤–∞—Ç–µ–ª—å kirill_xranytel –∞–∫—Ç–∏–≤–∏—Ä–æ–≤–∞–ª –ø—Ä–æ–º–æ–∫–æ–¥ –±–æ–º–±–∞–∞
2026-02-27 14:21:21,692 - LasVenturas By parviz - INFO - –ê–¥–º–∏–Ω parvizwp –∑–∞–ø—Ä–æ—Å–∏–ª –ª–æ–≥–∏
2026-02-27 14:21:30,741 - LasVenturas By parviz - INFO - ‚úÖ –ß–∞—Ç -1003578559284 –∞–≤—Ç–æ–º–∞—Ç–∏—á–µ—Å–∫–∏ –¥–æ–±–∞–≤–ª–µ–Ω –≤ —Ä–∞—Å—Å—ã–ª–∫—É
2026-02-27 14:21:35,581 - LasVenturas By parviz - INFO - –ù–∞—á–∏—Å–ª–µ–Ω –¥–æ—Ö–æ–¥ 130000$ –ø–æ–ª—å–∑–æ–≤–∞—Ç–µ–ª—é 7906982110 –∏–∑ –∏—Å—Ç–æ—á–Ω–∏–∫–∞ promo
2026-02-27 14:21:35,777 - LasVenturas By parviz - INFO - –ü–æ–ª—å–∑–æ–≤–∞—Ç–µ–ª—å Ma1usha152 –∞–∫—Ç–∏–≤–∏—Ä–æ–≤–∞–ª –ø—Ä–æ–º–æ–∫–æ–¥ –±–æ–º–±–∞–∞
2026-02-27 14:22:45,130 - LasVenturas By parviz - INFO - –ù–∞—á–∏—Å–ª–µ–Ω –¥–æ—Ö–æ–¥ 130000$ –ø–æ–ª—å–∑–æ–≤–∞—Ç–µ–ª—é 8168027201 –∏–∑ –∏—Å—Ç–æ—á–Ω–∏–∫–∞ promo
2026-02-27 14:22:45,307 - LasVenturas By parviz - INFO - –ü–æ–ª—å–∑–æ–≤–∞—Ç–µ–ª—å Me_Vangog –∞–∫—Ç–∏–≤–∏—Ä–æ–≤–∞–ª –ø—Ä–æ–º–æ–∫–æ–¥ –±–æ–º–±–∞–∞
2026-02-27 14:23:40,817 - LasVenturas By parviz - INFO - üõ° –ú–æ–¥–µ—Ä–∞—Ü–∏—è: –∏–∑–º–µ–Ω–µ–Ω–∏–µ –±–∞–ª–∞–Ω—Å–∞ | –ê–¥–º–∏–Ω: 7526512670 | –¶–µ–ª—å: 6512241065 | –°—Ç–∞—Ä—ã–π: 6000000000000010, –ù–æ–≤—ã–π: 111111111
2026-02-27 14:24:33,504 - LasVenturas By parviz - INFO - –ê–¥–º–∏–Ω parvizwp —É–±—Ä–∞–ª 5791078511 —É –ø–æ–ª—å–∑–æ–≤–∞—Ç–µ–ª—è 1183936756
2026-02-27 14:24:47,351 - LasVenturas By parviz - INFO - –ù–∞—á–∏—Å–ª–µ–Ω –¥–æ—Ö–æ–¥ 35000000000000000$ –ø–æ–ª—å–∑–æ–≤–∞—Ç–µ–ª—é 1183936756 –∏–∑ –∏—Å—Ç–æ—á–Ω–∏–∫–∞ admin_gift
2026-02-27 14:24:47,405 - LasVenturas By parviz - INFO - –ê–¥–º–∏–Ω parvizwp –≤—ã–¥–∞–ª 35000000000000000 –ø–æ–ª—å–∑–æ–≤–∞—Ç–µ–ª—é 1183936756
2026-02-27 14:24:56,028 - LasVenturas By parviz - INFO - üõ° –ú–æ–¥–µ—Ä–∞—Ü–∏—è: —É–¥–∞–ª–µ–Ω–∏–µ –±–∞–Ω–∫–æ–≤—Å–∫–æ–≥–æ —Å—á–µ—Ç–∞ | –ê–¥–º–∏–Ω: 7526512670 | –¶–µ–ª—å: 1183936756 | –ë–∞–ª–∞–Ω—Å –Ω–∞ —Å—á–µ—Ç—É: 31500000000000000
2026-02-27 14:25:47,127 - LasVenturas By parviz - INFO - –ê–¥–º–∏–Ω parvizwp —É–±—Ä–∞–ª 35000000000000000 —É –ø–æ–ª—å–∑–æ–≤–∞—Ç–µ–ª—è 1183936756
2026-02-27 14:27:15,630 - LasVenturas By parviz - INFO - üõ° –ú–æ–¥–µ—Ä–∞—Ü–∏—è: –∏–∑–º–µ–Ω–µ–Ω–∏–µ –±–∞–ª–∞–Ω—Å–∞ | –ê–¥–º–∏–Ω: 7526512670 | –¶–µ–ª—å: 6042757664 | –°—Ç–∞—Ä—ã–π: 1308346805, –ù–æ–≤—ã–π: 2222222
2026-02-27 14:27:36,883 - LasVenturas By parviz - INFO - üõ° –ú–æ–¥–µ—Ä–∞—Ü–∏—è: —Å–±—Ä–æ—Å –±–∞–ª–∞–Ω—Å–∞ | –ê–¥–º–∏–Ω: 7526512670 | –¶–µ–ª—å: 8293824305 | –°—Ç–∞—Ä—ã–π: 1515032, –ù–æ–≤—ã–π: 5000
2026-02-27 14:27:41,528 - LasVenturas By parviz - INFO - ‚ùå –ü–æ–ª—å–∑–æ–≤–∞—Ç–µ–ª—å 5267528078 –ù–ï –∏–º–µ–µ—Ç –Ω—É–∂–Ω—ã–π —Ç–µ–∫—Å—Ç –≤ bio.
2026-02-27 14:27:41,609 - LasVenturas By parviz - INFO - –ù–∞—á–∏—Å–ª–µ–Ω –¥–æ—Ö–æ–¥ 3163$ –ø–æ–ª—å–∑–æ–≤–∞—Ç–µ–ª—é 5267528078 –∏–∑ –∏—Å—Ç–æ—á–Ω–∏–∫–∞ farm
2026-02-27 14:27:41,610 - LasVenturas By parviz - INFO - –ü–æ–ª—å–∑–æ–≤–∞—Ç–µ–ª—å 5267528078 –ø–æ–ª—É—á–∏–ª –æ–±—ã—á–Ω—ã–π –¥–æ—Ö–æ–¥ —Å —Ñ–µ—Ä–º—ã 3163$
2026-02-27 14:27:56,432 - LasVenturas By parviz - INFO - ‚ùå –ü–æ–ª—å–∑–æ–≤–∞—Ç–µ–ª—å 6514588039 –ù–ï –∏–º–µ–µ—Ç –Ω—É–∂–Ω—ã–π —Ç–µ–∫—Å—Ç –≤ bio.
2026-02-27 14:27:56,517 - LasVenturas By parviz - INFO - –ù–∞—á–∏—Å–ª–µ–Ω –¥–æ—Ö–æ–¥ 2629$ –ø–æ–ª—å–∑–æ–≤–∞—Ç–µ–ª—é 6514588039 –∏–∑ –∏—Å—Ç–æ—á–Ω–∏–∫–∞ farm
2026-02-27 14:27:56,517 - LasVenturas By parviz - INFO - –ü–æ–ª—å–∑–æ–≤–∞—Ç–µ–ª—å 6514588039 –ø–æ–ª—É—á–∏–ª –æ–±—ã—á–Ω—ã–π –¥–æ—Ö–æ–¥ —Å —Ñ–µ—Ä–º—ã 2629$
2026-02-27 14:28:43,742 - LasVenturas By parviz - INFO - –ü–æ–ª—å–∑–æ–≤–∞—Ç–µ–ª—å nik_smiles –∑–∞–ø—Ä–æ—Å–∏–ª –∏–Ω—Ñ–æ—Ä–º–∞—Ü–∏—é –æ –±–∏–∑–Ω–µ—Å–µ
2026-02-27 14:28:45,472 - LasVenturas By parviz - INFO - –ù–∞—á–∏—Å–ª–µ–Ω –¥–æ—Ö–æ–¥ 87487$ –ø–æ–ª—å–∑–æ–≤–∞—Ç–µ–ª—é 6514588039 –∏–∑ –∏—Å—Ç–æ—á–Ω–∏–∫–∞ business
2026-02-27 14:28:53,065 - LasVenturas By parviz - INFO - –ü–µ—Ä–µ–≤–æ–¥: Daniel ‚Üí Nik | –û—Ç–ø—Ä–∞–≤–∏–ª: 350000$, –ü–æ–ª—É—á–∏–ª: 315000$
2026-02-27 14:29:08,921 - LasVenturas By parviz - INFO - –ü–µ—Ä–µ–≤–æ–¥: 04|–öirill_Xranytel ‚Üí Nik | –û—Ç–ø—Ä–∞–≤–∏–ª: 10000000$, –ü–æ–ª—É—á–∏–ª: 9000000$
2026-02-27 14:29:37,758 - LasVenturas By parviz - INFO - –ü–æ–ª—å–∑–æ–≤–∞—Ç–µ–ª—å None –∑–∞–ø—Ä–æ—Å–∏–ª –∏–Ω—Ñ–æ—Ä–º–∞—Ü–∏—é –æ –±–∏–∑–Ω–µ—Å–µ
2026-02-27 14:29:40,158 - LasVenturas By parviz - INFO - –ù–∞—á–∏—Å–ª–µ–Ω –¥–æ—Ö–æ–¥ 8740$ –ø–æ–ª—å–∑–æ–≤–∞—Ç–µ–ª—é 7457101105 –∏–∑ –∏—Å—Ç–æ—á–Ω–∏–∫–∞ business
2026-02-27 14:31:00,452 - LasVenturas By parviz - INFO - –ü–æ–ª—å–∑–æ–≤–∞—Ç–µ–ª—å Capibarnost228 –∑–∞–ø—Ä–æ—Å–∏–ª –∏–Ω—Ñ–æ—Ä–º–∞—Ü–∏—é –æ –±–∏–∑–Ω–µ—Å–µ
2026-02-27 14:53:42,240 - LasVenturas By parviz - INFO - ‚úÖ –ß–∞—Ç 5332678270 –∞–≤—Ç–æ–º–∞—Ç–∏—á–µ—Å–∫–∏ –¥–æ–±–∞–≤–ª–µ–Ω –≤ —Ä–∞—Å—Å—ã–ª–∫—É
2026-02-27 14:56:03,183 - LasVenturas By parviz - INFO - üéÆ –ò–≥—Ä–∞ —Ñ—É—Ç–±–æ–ª: —Å—Ç–∞–≤–∫–∞ 1000, —à–∞–Ω—Å 0.495, —Ä–µ–∑—É–ª—å—Ç–∞—Ç –í–´–ò–ì–†–´–®
2026-02-27 14:56:15,346 - LasVenturas By parviz - INFO - üéÆ –ò–≥—Ä–∞ —Ñ—É—Ç–±–æ–ª: —Å—Ç–∞–≤–∫–∞ 1000, —à–∞–Ω—Å 0.019, —Ä–µ–∑—É–ª—å—Ç–∞—Ç –í–´–ò–ì–†–´–®
2026-02-27 14:56:28,953 - LasVenturas By parviz - INFO - üéÆ –ò–≥—Ä–∞ —Ñ—É—Ç–±–æ–ª: —Å—Ç–∞–≤–∫–∞ 400, —à–∞–Ω—Å 0.867, —Ä–µ–∑—É–ª—å—Ç–∞—Ç –ü–†–û–ò–ì–†–´–®
2026-02-27 14:56:43,448 - LasVenturas By parviz - INFO - üéÆ –ò–≥—Ä–∞ —Ñ—É—Ç–±–æ–ª: —Å—Ç–∞–≤–∫–∞ 5000, —à–∞–Ω—Å 0.292, —Ä–µ–∑—É–ª—å—Ç–∞—Ç –í–´–ò–ì–†–´–®
2026-02-27 14:56:55,461 - LasVenturas By parviz - INFO - üéÆ –ò–≥—Ä–∞ —Ñ—É—Ç–±–æ–ª: —Å—Ç–∞–≤–∫–∞ 5000, —à–∞–Ω—Å 0.378, —Ä–µ–∑—É–ª—å—Ç–∞—Ç –í–´–ò–ì–†–´–®
2026-02-27 15:17:10,571 - LasVenturas By parviz - INFO - –ü–æ–ª—å–∑–æ–≤–∞—Ç–µ–ª—å None –∑–∞–ø—Ä–æ—Å–∏–ª –∏–Ω—Ñ–æ—Ä–º–∞—Ü–∏—é –æ –±–∏–∑–Ω–µ—Å–µ
2026-02-27 15:17:10,624 - LasVenturas By parviz - INFO - ‚ùå –ü–æ–ª—å–∑–æ–≤–∞—Ç–µ–ª—å 8232024665 –ù–ï –∏–º–µ–µ—Ç –Ω—É–∂–Ω—ã–π —Ç–µ–∫—Å—Ç –≤ bio.
2026-02-27 15:17:10,707 - LasVenturas By parviz - INFO - –ù–∞—á–∏—Å–ª–µ–Ω –¥–æ—Ö–æ–¥ 4136$ –ø–æ–ª—å–∑–æ–≤–∞—Ç–µ–ª—é 8232024665 –∏–∑ –∏—Å—Ç–æ—á–Ω–∏–∫–∞ farm
2026-02-27 15:17:10,707 - LasVenturas By parviz - INFO - –ü–æ–ª—å–∑–æ–≤–∞—Ç–µ–ª—å 8232024665 –ø–æ–ª—É—á–∏–ª –æ–±—ã—á–Ω—ã–π –¥–æ—Ö–æ–¥ —Å —Ñ–µ—Ä–º—ã 4136$
2026-02-27 15:17:21,121 - LasVenturas By parviz - INFO - –ù–∞—á–∏—Å–ª–µ–Ω –¥–æ—Ö–æ–¥ 102107$ –ø–æ–ª—å–∑–æ–≤–∞—Ç–µ–ª—é 8232024665 –∏–∑ –∏—Å—Ç–æ—á–Ω–∏–∫–∞ business
2026-02-27 15:18:31,419 - LasVenturas By parviz - INFO - –ò–≥—Ä–∞ '–†–∞–∑–≥–æ–Ω': 8232024665 | –°—Ç–∞–≤–∫–∞: 656426 | –†–µ–∑—É–ª—å—Ç–∞—Ç: lose | –°–∫–æ—Ä–æ—Å—Ç—å: 181
2026-02-27 15:23:42,965 - LasVenturas By parviz - INFO - –ü–æ–ª—å–∑–æ–≤–∞—Ç–µ–ª—å ASTROVVG –∑–∞–ø—Ä–æ—Å–∏–ª –∏–Ω—Ñ–æ—Ä–º–∞—Ü–∏—é –æ –±–∏–∑–Ω–µ—Å–µ
2026-02-27 15:23:59,352 - LasVenturas By parviz - INFO - –ù–∞—á–∏—Å–ª–µ–Ω –¥–æ—Ö–æ–¥ 260437$ –ø–æ–ª—å–∑–æ–≤–∞—Ç–µ–ª—é 7174147624 –∏–∑ –∏—Å—Ç–æ—á–Ω–∏–∫–∞ business
2026-02-27 15:31:49,095 - LasVenturas By parviz - INFO - ‚úÖ –ß–∞—Ç -5179640457 –∞–≤—Ç–æ–º–∞—Ç–∏—á–µ—Å–∫–∏ –¥–æ–±–∞–≤–ª–µ–Ω –≤ —Ä–∞—Å—Å—ã–ª–∫—É
2026-02-27 15:32:22,695 - LasVenturas By parviz - INFO - –ü–µ—Ä–µ–≤–æ–¥: . ‚Üí ùô∞ùöÅùô±ùöÑùöâùô∏ùô∫ | –û—Ç–ø—Ä–∞–≤–∏–ª: 999999999999690$, –ü–æ–ª—É—á–∏–ª: 899999999999721$
2026-02-27 15:32:50,926 - LasVenturas By parviz - INFO - –ü–µ—Ä–µ–≤–æ–¥: . ‚Üí ùô∞ùöÅùô±ùöÑùöâùô∏ùô∫ | –û—Ç–ø—Ä–∞–≤–∏–ª: 1500000000000000$, –ü–æ–ª—É—á–∏–ª: 1350000000000000$
2026-02-27 15:33:21,389 - LasVenturas By parviz - INFO - –ò–≥—Ä–∞ '–†–∞–∑–≥–æ–Ω': 6769029176 | –°—Ç–∞–≤–∫–∞: 500000000000000 | –†–µ–∑—É–ª—å—Ç–∞—Ç: win | –°–∫–æ—Ä–æ—Å—Ç—å: 271
2026-02-27 15:33:41,726 - LasVenturas By parviz - INFO - –ò–≥—Ä–∞ '–†–∞–∑–≥–æ–Ω': 7882268176 | –°—Ç–∞–≤–∫–∞: 70000000000000 | –†–µ–∑—É–ª—å—Ç–∞—Ç: lose | –°–∫–æ—Ä–æ—Å—Ç—å: 299
2026-02-27 15:33:53,076 - LasVenturas By parviz - INFO - –ò–≥—Ä–∞ '–†–∞–∑–≥–æ–Ω': 6512241065 | –°—Ç–∞–≤–∫–∞: 750000000000 | –†–µ–∑—É–ª—å—Ç–∞—Ç: win | –°–∫–æ—Ä–æ—Å—Ç—å: 273
2026-02-27 15:33:56,711 - LasVenturas By parviz - INFO - –ò–≥—Ä–∞ '–†–∞–∑–≥–æ–Ω': 6512241065 | –°—Ç–∞–≤–∫–∞: 750000000000 | –†–µ–∑—É–ª—å—Ç–∞—Ç: win | –°–∫–æ—Ä–æ—Å—Ç—å: 251
2026-02-27 15:34:00,915 - LasVenturas By parviz - INFO - –ò–≥—Ä–∞ '–†–∞–∑–≥–æ–Ω': 6512241065 | –°—Ç–∞–≤–∫–∞: 750000000000 | –†–µ–∑—É–ª—å—Ç–∞—Ç: lose | –°–∫–æ—Ä–æ—Å—Ç—å: 122
2026-02-27 15:34:00,978 - LasVenturas By parviz - INFO - –ò–≥—Ä–∞ '–†–∞–∑–≥–æ–Ω': 7882268176 | –°—Ç–∞–≤–∫–∞: 70000000000000 | –†–µ–∑—É–ª—å—Ç–∞—Ç: lose | –°–∫–æ—Ä–æ—Å—Ç—å: 250
2026-02-27 15:34:07,931 - TeleBot - ERROR - Threaded polling exception: A request to the Telegram API was unsuccessful. Error code: 400. Description: Bad Request: there is no text in the message to edit
2026-02-27 15:34:07,933 - TeleBot - ERROR - Exception traceback:
Traceback (most recent call last):
  File "/app/tuk.py", line 15877, in callback_tyanka_feed
    bot.edit_message_caption(
  File "/usr/local/lib/python3.11/site-packages/telebot/__init__.py", line 6400, in edit_message_caption
    result = apihelper.edit_message_caption(
             ^^^^^^^^^^^^^^^^^^^^^^^^^^^^^^^
  File "/usr/local/lib/python3.11/site-packages/telebot/apihelper.py", line 1694, in edit_message_caption
    return _make_request(token, method_url, params=payload, method='post')
           ^^^^^^^^^^^^^^^^^^^^^^^^^^^^^^^^^^^^^^^^^^^^^^^^^^^^^^^^^^^^^^^
  File "/usr/local/lib/python3.11/site-packages/telebot/apihelper.py", line 168, in _make_request
    json_result = _check_result(method_name, result)
                  ^^^^^^^^^^^^^^^^^^^^^^^^^^^^^^^^^^
  File "/usr/local/lib/python3.11/site-packages/telebot/apihelper.py", line 197, in _check_result
    raise ApiTelegramException(method_name, result, result_json)
telebot.apihelper.ApiTelegramException: A request to the Telegram API was unsuccessful. Error code: 400. Description: Bad Request: message is not modified: specified new message content and reply markup are exactly the same as a current content and reply markup of the message

During handling of the above exception, another exception occurred:

Traceback (most recent call last):
  File "/usr/local/lib/python3.11/site-packages/telebot/__init__.py", line 1235, in __threaded_polling
    self.worker_pool.raise_exceptions()
  File "/usr/local/lib/python3.11/site-packages/telebot/util.py", line 154, in raise_exceptions
    raise self.exception_info
  File "/usr/local/lib/python3.11/site-packages/telebot/util.py", line 97, in run
    task(*args, **kwargs)
  File "/usr/local/lib/python3.11/site-packages/telebot/__init__.py", line 10427, in _run_middlewares_and_handler
    result = handler['function'](message)
             ^^^^^^^^^^^^^^^^^^^^^^^^^^^^
  File "/app/tuk.py", line 15886, in callback_tyanka_feed
    bot.edit_message_text(
  File "/usr/local/lib/python3.11/site-packages/telebot/__init__.py", line 5444, in edit_message_text
    result = apihelper.edit_message_text(
             ^^^^^^^^^^^^^^^^^^^^^^^^^^^^
  File "/usr/local/lib/python3.11/site-packages/telebot/apihelper.py", line 1668, in edit_message_text
    return _make_request(token, method_url, params=payload, method='post')
           ^^^^^^^^^^^^^^^^^^^^^^^^^^^^^^^^^^^^^^^^^^^^^^^^^^^^^^^^^^^^^^^
  File "/usr/local/lib/python3.11/site-packages/telebot/apihelper.py", line 168, in _make_request
    json_result = _check_result(method_name, result)
                  ^^^^^^^^^^^^^^^^^^^^^^^^^^^^^^^^^^
  File "/usr/local/lib/python3.11/site-packages/telebot/apihelper.py", line 197, in _check_result
    raise ApiTelegramException(method_name, result, result_json)
telebot.apihelper.ApiTelegramException: A request to the Telegram API was unsuccessful. Error code: 400. Description: Bad Request: there is no text in the message to edit

2026-02-27 15:34:08,463 - TeleBot - ERROR - Threaded polling exception: A request to the Telegram API was unsuccessful. Error code: 400. Description: Bad Request: there is no text in the message to edit
2026-02-27 15:34:08,465 - TeleBot - ERROR - Exception traceback:
Traceback (most recent call last):
  File "/app/tuk.py", line 15877, in callback_tyanka_feed
    bot.edit_message_caption(
  File "/usr/local/lib/python3.11/site-packages/telebot/__init__.py", line 6400, in edit_message_caption
    result = apihelper.edit_message_caption(
             ^^^^^^^^^^^^^^^^^^^^^^^^^^^^^^^
  File "/usr/local/lib/python3.11/site-packages/telebot/apihelper.py", line 1694, in edit_message_caption
    return _make_request(token, method_url, params=payload, method='post')
           ^^^^^^^^^^^^^^^^^^^^^^^^^^^^^^^^^^^^^^^^^^^^^^^^^^^^^^^^^^^^^^^
  File "/usr/local/lib/python3.11/site-packages/telebot/apihelper.py", line 168, in _make_request
    json_result = _check_result(method_name, result)
                  ^^^^^^^^^^^^^^^^^^^^^^^^^^^^^^^^^^
  File "/usr/local/lib/python3.11/site-packages/telebot/apihelper.py", line 197, in _check_result
    raise ApiTelegramException(method_name, result, result_json)
telebot.apihelper.ApiTelegramException: A request to the Telegram API was unsuccessful. Error code: 400. Description: Bad Request: message is not modified: specified new message content and reply markup are exactly the same as a current content and reply markup of the message

During handling of the above exception, another exception occurred:

Traceback (most recent call last):
  File "/usr/local/lib/python3.11/site-packages/telebot/__init__.py", line 1235, in __threaded_polling
    self.worker_pool.raise_exceptions()
  File "/usr/local/lib/python3.11/site-packages/telebot/util.py", line 154, in raise_exceptions
    raise self.exception_info
  File "/usr/local/lib/python3.11/site-packages/telebot/util.py", line 97, in run
    task(*args, **kwargs)
  File "/usr/local/lib/python3.11/site-packages/telebot/__init__.py", line 10427, in _run_middlewares_and_handler
    result = handler['function'](message)
             ^^^^^^^^^^^^^^^^^^^^^^^^^^^^
  File "/app/tuk.py", line 15886, in callback_tyanka_feed
    bot.edit_message_text(
  File "/usr/local/lib/python3.11/site-packages/telebot/__init__.py", line 5444, in edit_message_text
    result = apihelper.edit_message_text(
             ^^^^^^^^^^^^^^^^^^^^^^^^^^^^
  File "/usr/local/lib/python3.11/site-packages/telebot/apihelper.py", line 1668, in edit_message_text
    return _make_request(token, method_url, params=payload, method='post')
           ^^^^^^^^^^^^^^^^^^^^^^^^^^^^^^^^^^^^^^^^^^^^^^^^^^^^^^^^^^^^^^^
  File "/usr/local/lib/python3.11/site-packages/telebot/apihelper.py", line 168, in _make_request
    json_result = _check_result(method_name, result)
                  ^^^^^^^^^^^^^^^^^^^^^^^^^^^^^^^^^^
  File "/usr/local/lib/python3.11/site-packages/telebot/apihelper.py", line 197, in _check_result
    raise ApiTelegramException(method_name, result, result_json)
telebot.apihelper.ApiTelegramException: A request to the Telegram API was unsuccessful. Error code: 400. Description: Bad Request: there is no text in the message to edit

2026-02-27 15:34:09,099 - TeleBot - ERROR - Threaded polling exception: A request to the Telegram API was unsuccessful. Error code: 400. Description: Bad Request: there is no text in the message to edit
2026-02-27 15:34:09,106 - TeleBot - ERROR - Exception traceback:
Traceback (most recent call last):
  File "/app/tuk.py", line 15877, in callback_tyanka_feed
    bot.edit_message_caption(
  File "/usr/local/lib/python3.11/site-packages/telebot/__init__.py", line 6400, in edit_message_caption
    result = apihelper.edit_message_caption(
             ^^^^^^^^^^^^^^^^^^^^^^^^^^^^^^^
  File "/usr/local/lib/python3.11/site-packages/telebot/apihelper.py", line 1694, in edit_message_caption
    return _make_request(token, method_url, params=payload, method='post')
           ^^^^^^^^^^^^^^^^^^^^^^^^^^^^^^^^^^^^^^^^^^^^^^^^^^^^^^^^^^^^^^^
  File "/usr/local/lib/python3.11/site-packages/telebot/apihelper.py", line 168, in _make_request
    json_result = _check_result(method_name, result)
                  ^^^^^^^^^^^^^^^^^^^^^^^^^^^^^^^^^^
  File "/usr/local/lib/python3.11/site-packages/telebot/apihelper.py", line 197, in _check_result
    raise ApiTelegramException(method_name, result, result_json)
telebot.apihelper.ApiTelegramException: A request to the Telegram API was unsuccessful. Error code: 400. Description: Bad Request: message is not modified: specified new message content and reply markup are exactly the same as a current content and reply markup of the message

During handling of the above exception, another exception occurred:

Traceback (most recent call last):
  File "/usr/local/lib/python3.11/site-packages/telebot/__init__.py", line 1235, in __threaded_polling
    self.worker_pool.raise_exceptions()
  File "/usr/local/lib/python3.11/site-packages/telebot/util.py", line 154, in raise_exceptions
    raise self.exception_info
  File "/usr/local/lib/python3.11/site-packages/telebot/util.py", line 97, in run
    task(*args, **kwargs)
  File "/usr/local/lib/python3.11/site-packages/telebot/__init__.py", line 10427, in _run_middlewares_and_handler
    result = handler['function'](message)
             ^^^^^^^^^^^^^^^^^^^^^^^^^^^^
  File "/app/tuk.py", line 15886, in callback_tyanka_feed
    bot.edit_message_text(
  File "/usr/local/lib/python3.11/site-packages/telebot/__init__.py", line 5444, in edit_message_text
    result = apihelper.edit_message_text(
             ^^^^^^^^^^^^^^^^^^^^^^^^^^^^
  File "/usr/local/lib/python3.11/site-packages/telebot/apihelper.py", line 1668, in edit_message_text
    return _make_request(token, method_url, params=payload, method='post')
           ^^^^^^^^^^^^^^^^^^^^^^^^^^^^^^^^^^^^^^^^^^^^^^^^^^^^^^^^^^^^^^^
  File "/usr/local/lib/python3.11/site-packages/telebot/apihelper.py", line 168, in _make_request
    json_result = _check_result(method_name, result)
                  ^^^^^^^^^^^^^^^^^^^^^^^^^^^^^^^^^^
  File "/usr/local/lib/python3.11/site-packages/telebot/apihelper.py", line 197, in _check_result
    raise ApiTelegramException(method_name, result, result_json)
telebot.apihelper.ApiTelegramException: A request to the Telegram API was unsuccessful. Error code: 400. Description: Bad Request: there is no text in the message to edit

2026-02-27 15:34:11,398 - TeleBot - ERROR - Threaded polling exception: A request to the Telegram API was unsuccessful. Error code: 400. Description: Bad Request: there is no text in the message to edit
2026-02-27 15:34:11,399 - TeleBot - ERROR - Exception traceback:
Traceback (most recent call last):
  File "/app/tuk.py", line 15877, in callback_tyanka_feed
    bot.edit_message_caption(
  File "/usr/local/lib/python3.11/site-packages/telebot/__init__.py", line 6400, in edit_message_caption
    result = apihelper.edit_message_caption(
             ^^^^^^^^^^^^^^^^^^^^^^^^^^^^^^^
  File "/usr/local/lib/python3.11/site-packages/telebot/apihelper.py", line 1694, in edit_message_caption
    return _make_request(token, method_url, params=payload, method='post')
           ^^^^^^^^^^^^^^^^^^^^^^^^^^^^^^^^^^^^^^^^^^^^^^^^^^^^^^^^^^^^^^^
  File "/usr/local/lib/python3.11/site-packages/telebot/apihelper.py", line 168, in _make_request
    json_result = _check_result(method_name, result)
                  ^^^^^^^^^^^^^^^^^^^^^^^^^^^^^^^^^^
  File "/usr/local/lib/python3.11/site-packages/telebot/apihelper.py", line 197, in _check_result
    raise ApiTelegramException(method_name, result, result_json)
telebot.apihelper.ApiTelegramException: A request to the Telegram API was unsuccessful. Error code: 400. Description: Bad Request: message is not modified: specified new message content and reply markup are exactly the same as a current content and reply markup of the message

During handling of the above exception, another exception occurred:

Traceback (most recent call last):
  File "/usr/local/lib/python3.11/site-packages/telebot/__init__.py", line 1235, in __threaded_polling
    self.worker_pool.raise_exceptions()
  File "/usr/local/lib/python3.11/site-packages/telebot/util.py", line 154, in raise_exceptions
    raise self.exception_info
  File "/usr/local/lib/python3.11/site-packages/telebot/util.py", line 97, in run
    task(*args, **kwargs)
  File "/usr/local/lib/python3.11/site-packages/telebot/__init__.py", line 10427, in _run_middlewares_and_handler
    result = handler['function'](message)
             ^^^^^^^^^^^^^^^^^^^^^^^^^^^^
  File "/app/tuk.py", line 15886, in callback_tyanka_feed
    bot.edit_message_text(
  File "/usr/local/lib/python3.11/site-packages/telebot/__init__.py", line 5444, in edit_message_text
    result = apihelper.edit_message_text(
             ^^^^^^^^^^^^^^^^^^^^^^^^^^^^
  File "/usr/local/lib/python3.11/site-packages/telebot/apihelper.py", line 1668, in edit_message_text
    return _make_request(token, method_url, params=payload, method='post')
           ^^^^^^^^^^^^^^^^^^^^^^^^^^^^^^^^^^^^^^^^^^^^^^^^^^^^^^^^^^^^^^^
  File "/usr/local/lib/python3.11/site-packages/telebot/apihelper.py", line 168, in _make_request
    json_result = _check_result(method_name, result)
                  ^^^^^^^^^^^^^^^^^^^^^^^^^^^^^^^^^^
  File "/usr/local/lib/python3.11/site-packages/telebot/apihelper.py", line 197, in _check_result
    raise ApiTelegramException(method_name, result, result_json)
telebot.apihelper.ApiTelegramException: A request to the Telegram API was unsuccessful. Error code: 400. Description: Bad Request: there is no text in the message to edit

2026-02-27 15:34:11,410 - LasVenturas By parviz - INFO - –ò–≥—Ä–∞ '–†–∞–∑–≥–æ–Ω': 6512241065 | –°—Ç–∞–≤–∫–∞: 7500000000000 | –†–µ–∑—É–ª—å—Ç–∞—Ç: lose | –°–∫–æ—Ä–æ—Å—Ç—å: 266
2026-02-27 15:34:11,703 - TeleBot - ERROR - Threaded polling exception: A request to the Telegram API was unsuccessful. Error code: 400. Description: Bad Request: there is no text in the message to edit
2026-02-27 15:34:11,704 - TeleBot - ERROR - Exception traceback:
Traceback (most recent call last):
  File "/app/tuk.py", line 15877, in callback_tyanka_feed
    bot.edit_message_caption(
  File "/usr/local/lib/python3.11/site-packages/telebot/__init__.py", line 6400, in edit_message_caption
    result = apihelper.edit_message_caption(
             ^^^^^^^^^^^^^^^^^^^^^^^^^^^^^^^
  File "/usr/local/lib/python3.11/site-packages/telebot/apihelper.py", line 1694, in edit_message_caption
    return _make_request(token, method_url, params=payload, method='post')
           ^^^^^^^^^^^^^^^^^^^^^^^^^^^^^^^^^^^^^^^^^^^^^^^^^^^^^^^^^^^^^^^
  File "/usr/local/lib/python3.11/site-packages/telebot/apihelper.py", line 168, in _make_request
    json_result = _check_result(method_name, result)
                  ^^^^^^^^^^^^^^^^^^^^^^^^^^^^^^^^^^
  File "/usr/local/lib/python3.11/site-packages/telebot/apihelper.py", line 197, in _check_result
    raise ApiTelegramException(method_name, result, result_json)
telebot.apihelper.ApiTelegramException: A request to the Telegram API was unsuccessful. Error code: 400. Description: Bad Request: message is not modified: specified new message content and reply markup are exactly the same as a current content and reply markup of the message

During handling of the above exception, another exception occurred:

Traceback (most recent call last):
  File "/usr/local/lib/python3.11/site-packages/telebot/__init__.py", line 1235, in __threaded_polling
    self.worker_pool.raise_exceptions()
  File "/usr/local/lib/python3.11/site-packages/telebot/util.py", line 154, in raise_exceptions
    raise self.exception_info
  File "/usr/local/lib/python3.11/site-packages/telebot/util.py", line 97, in run
    task(*args, **kwargs)
  File "/usr/local/lib/python3.11/site-packages/telebot/__init__.py", line 10427, in _run_middlewares_and_handler
    result = handler['function'](message)
             ^^^^^^^^^^^^^^^^^^^^^^^^^^^^
  File "/app/tuk.py", line 15886, in callback_tyanka_feed
    bot.edit_message_text(
  File "/usr/local/lib/python3.11/site-packages/telebot/__init__.py", line 5444, in edit_message_text
    result = apihelper.edit_message_text(
             ^^^^^^^^^^^^^^^^^^^^^^^^^^^^
  File "/usr/local/lib/python3.11/site-packages/telebot/apihelper.py", line 1668, in edit_message_text
    return _make_request(token, method_url, params=payload, method='post')
           ^^^^^^^^^^^^^^^^^^^^^^^^^^^^^^^^^^^^^^^^^^^^^^^^^^^^^^^^^^^^^^^
  File "/usr/local/lib/python3.11/site-packages/telebot/apihelper.py", line 168, in _make_request
    json_result = _check_result(method_name, result)
                  ^^^^^^^^^^^^^^^^^^^^^^^^^^^^^^^^^^
  File "/usr/local/lib/python3.11/site-packages/telebot/apihelper.py", line 197, in _check_result
    raise ApiTelegramException(method_name, result, result_json)
telebot.apihelper.ApiTelegramException: A request to the Telegram API was unsuccessful. Error code: 400. Description: Bad Request: there is no text in the message to edit

2026-02-27 15:34:14,699 - TeleBot - ERROR - Threaded polling exception: A request to the Telegram API was unsuccessful. Error code: 400. Description: Bad Request: there is no text in the message to edit
2026-02-27 15:34:14,701 - TeleBot - ERROR - Exception traceback:
Traceback (most recent call last):
  File "/app/tuk.py", line 15877, in callback_tyanka_feed
    bot.edit_message_caption(
  File "/usr/local/lib/python3.11/site-packages/telebot/__init__.py", line 6400, in edit_message_caption
    result = apihelper.edit_message_caption(
             ^^^^^^^^^^^^^^^^^^^^^^^^^^^^^^^
  File "/usr/local/lib/python3.11/site-packages/telebot/apihelper.py", line 1694, in edit_message_caption
    return _make_request(token, method_url, params=payload, method='post')
           ^^^^^^^^^^^^^^^^^^^^^^^^^^^^^^^^^^^^^^^^^^^^^^^^^^^^^^^^^^^^^^^
  File "/usr/local/lib/python3.11/site-packages/telebot/apihelper.py", line 168, in _make_request
    json_result = _check_result(method_name, result)
                  ^^^^^^^^^^^^^^^^^^^^^^^^^^^^^^^^^^
  File "/usr/local/lib/python3.11/site-packages/telebot/apihelper.py", line 197, in _check_result
    raise ApiTelegramException(method_name, result, result_json)
telebot.apihelper.ApiTelegramException: A request to the Telegram API was unsuccessful. Error code: 400. Description: Bad Request: message is not modified: specified new message content and reply markup are exactly the same as a current content and reply markup of the message

During handling of the above exception, another exception occurred:

Traceback (most recent call last):
  File "/usr/local/lib/python3.11/site-packages/telebot/__init__.py", line 1235, in __threaded_polling
    self.worker_pool.raise_exceptions()
  File "/usr/local/lib/python3.11/site-packages/telebot/util.py", line 154, in raise_exceptions
    raise self.exception_info
  File "/usr/local/lib/python3.11/site-packages/telebot/util.py", line 97, in run
    task(*args, **kwargs)
  File "/usr/local/lib/python3.11/site-packages/telebot/__init__.py", line 10427, in _run_middlewares_and_handler
    result = handler['function'](message)
             ^^^^^^^^^^^^^^^^^^^^^^^^^^^^
  File "/app/tuk.py", line 15886, in callback_tyanka_feed
    bot.edit_message_text(
  File "/usr/local/lib/python3.11/site-packages/telebot/__init__.py", line 5444, in edit_message_text
    result = apihelper.edit_message_text(
             ^^^^^^^^^^^^^^^^^^^^^^^^^^^^
  File "/usr/local/lib/python3.11/site-packages/telebot/apihelper.py", line 1668, in edit_message_text
    return _make_request(token, method_url, params=payload, method='post')
           ^^^^^^^^^^^^^^^^^^^^^^^^^^^^^^^^^^^^^^^^^^^^^^^^^^^^^^^^^^^^^^^
  File "/usr/local/lib/python3.11/site-packages/telebot/apihelper.py", line 168, in _make_request
    json_result = _check_result(method_name, result)
                  ^^^^^^^^^^^^^^^^^^^^^^^^^^^^^^^^^^
  File "/usr/local/lib/python3.11/site-packages/telebot/apihelper.py", line 197, in _check_result
    raise ApiTelegramException(method_name, result, result_json)
telebot.apihelper.ApiTelegramException: A request to the Telegram API was unsuccessful. Error code: 400. Description: Bad Request: there is no text in the message to edit

2026-02-27 15:34:22,017 - LasVenturas By parviz - INFO - –ò–≥—Ä–∞ '–†–∞–∑–≥–æ–Ω': 7882268176 | –°—Ç–∞–≤–∫–∞: 70000000000000 | –†–µ–∑—É–ª—å—Ç–∞—Ç: win | –°–∫–æ—Ä–æ—Å—Ç—å: 283
2026-02-27 15:34:27,465 - LasVenturas By parviz - INFO - –ò–≥—Ä–∞ '–†–∞–∑–≥–æ–Ω': 6769029176 | –°—Ç–∞–≤–∫–∞: 7500000000000 | –†–µ–∑—É–ª—å—Ç–∞—Ç: lose | –°–∫–æ—Ä–æ—Å—Ç—å: 265
2026-02-27 15:34:34,149 - LasVenturas By parviz - INFO - –ò–≥—Ä–∞ '–†–∞–∑–≥–æ–Ω': 6769029176 | –°—Ç–∞–≤–∫–∞: 7500000000000 | –†–µ–∑—É–ª—å—Ç–∞—Ç: win | –°–∫–æ—Ä–æ—Å—Ç—å: 286
2026-02-27 15:35:20,844 - LasVenturas By parviz - INFO - ‚úÖ –ß–∞—Ç -1003610525609 –∞–≤—Ç–æ–º–∞—Ç–∏—á–µ—Å–∫–∏ –¥–æ–±–∞–≤–ª–µ–Ω –≤ —Ä–∞—Å—Å—ã–ª–∫—É
2026-02-27 15:35:30,550 - LasVenturas By parviz - INFO - –ò–≥—Ä–∞ '–†–∞–∑–≥–æ–Ω': 6769029176 | –°—Ç–∞–≤–∫–∞: 7500000000000 | –†–µ–∑—É–ª—å—Ç–∞—Ç: lose | –°–∫–æ—Ä–æ—Å—Ç—å: 197
2026-02-27 15:35:36,617 - LasVenturas By parviz - INFO - –ò–≥—Ä–∞ '–†–∞–∑–≥–æ–Ω': 6769029176 | –°—Ç–∞–≤–∫–∞: 7500000000000 | –†–µ–∑—É–ª—å—Ç–∞—Ç: lose | –°–∫–æ—Ä–æ—Å—Ç—å: 289
2026-02-27 15:35:42,581 - LasVenturas By parviz - INFO - –ò–≥—Ä–∞ '–†–∞–∑–≥–æ–Ω': 6769029176 | –°—Ç–∞–≤–∫–∞: 7500000000000 | –†–µ–∑—É–ª—å—Ç–∞—Ç: win | –°–∫–æ—Ä–æ—Å—Ç—å: 113
2026-02-27 15:35:46,409 - LasVenturas By parviz - INFO - –ò–≥—Ä–∞ '–†–∞–∑–≥–æ–Ω': 7882268176 | –°—Ç–∞–≤–∫–∞: 70000000000000 | –†–µ–∑—É–ª—å—Ç–∞—Ç: lose | –°–∫–æ—Ä–æ—Å—Ç—å: 267
2026-02-27 15:35:54,992 - LasVenturas By parviz - INFO - –ò–≥—Ä–∞ '–†–∞–∑–≥–æ–Ω': 7882268176 | –°—Ç–∞–≤–∫–∞: 70000000000000 | –†–µ–∑—É–ª—å—Ç–∞—Ç: lose | –°–∫–æ—Ä–æ—Å—Ç—å: 230
2026-02-27 15:35:57,662 - LasVenturas By parviz - INFO - –ò–≥—Ä–∞ '–†–∞–∑–≥–æ–Ω': 8340514324 | –°—Ç–∞–≤–∫–∞: 12000 | –†–µ–∑—É–ª—å—Ç–∞—Ç: win | –°–∫–æ—Ä–æ—Å—Ç—å: 235
2026-02-27 15:36:00,511 - LasVenturas By parviz - INFO - –ò–≥—Ä–∞ '–†–∞–∑–≥–æ–Ω': 6769029176 | –°—Ç–∞–≤–∫–∞: 992499499950000 | –†–µ–∑—É–ª—å—Ç–∞—Ç: lose | –°–∫–æ—Ä–æ—Å—Ç—å: 244
2026-02-27 15:36:01,896 - LasVenturas By parviz - INFO - –ò–≥—Ä–∞ '–†–∞–∑–≥–æ–Ω': 7882268176 | –°—Ç–∞–≤–∫–∞: 70000000000000 | –†–µ–∑—É–ª—å—Ç–∞—Ç: lose | –°–∫–æ—Ä–æ—Å—Ç—å: 262
2026-02-27 15:36:03,592 - LasVenturas By parviz - INFO - –ò–≥—Ä–∞ '–†–∞–∑–≥–æ–Ω': 8340514324 | –°—Ç–∞–≤–∫–∞: 24000 | –†–µ–∑—É–ª—å—Ç–∞—Ç: win | –°–∫–æ—Ä–æ—Å—Ç—å: 260
2026-02-27 15:36:13,057 - LasVenturas By parviz - INFO - –ò–≥—Ä–∞ '–†–∞–∑–≥–æ–Ω': 7882268176 | –°—Ç–∞–≤–∫–∞: 70000000000000 | –†–µ–∑—É–ª—å—Ç–∞—Ç: lose | –°–∫–æ—Ä–æ—Å—Ç—å: 90
2026-02-27 15:36:21,848 - LasVenturas By parviz - INFO - –ò–≥—Ä–∞ '–†–∞–∑–≥–æ–Ω': 6769029176 | –°—Ç–∞–≤–∫–∞: 1000000000000000 | –†–µ–∑—É–ª—å—Ç–∞—Ç: lose | –°–∫–æ—Ä–æ—Å—Ç—å: 233
2026-02-27 15:36:40,992 - LasVenturas By parviz - INFO - –ò–≥—Ä–∞ '–†–∞–∑–≥–æ–Ω': 6769029176 | –°—Ç–∞–≤–∫–∞: 2500000000000000 | –†–µ–∑—É–ª—å—Ç–∞—Ç: lose | –°–∫–æ—Ä–æ—Å—Ç—å: 207
2026-02-27 15:36:55,214 - LasVenturas By parviz - INFO - –ò–≥—Ä–∞ '–†–∞–∑–≥–æ–Ω': 6769029176 | –°—Ç–∞–≤–∫–∞: 500000000000000 | –†–µ–∑—É–ª—å—Ç–∞—Ç: win | –°–∫–æ—Ä–æ—Å—Ç—å: 132
2026-02-27 15:37:26,287 - LasVenturas By parviz - INFO - –ò–≥—Ä–∞ '–†–∞–∑–≥–æ–Ω': 6769029176 | –°—Ç–∞–≤–∫–∞: 3000000000000000 | –†–µ–∑—É–ª—å—Ç–∞—Ç: lose | –°–∫–æ—Ä–æ—Å—Ç—å: 167
2026-02-27 15:37:35,421 - LasVenturas By parviz - INFO - –ò–≥—Ä–∞ '–†–∞–∑–≥–æ–Ω': 8340514324 | –°—Ç–∞–≤–∫–∞: 50000 | –†–µ–∑—É–ª—å—Ç–∞—Ç: lose | –°–∫–æ—Ä–æ—Å—Ç—å: 92
2026-02-27 15:37:44,122 - LasVenturas By parviz - INFO - –ò–≥—Ä–∞ '–†–∞–∑–≥–æ–Ω': 8340514324 | –°—Ç–∞–≤–∫–∞: 50000 | –†–µ–∑—É–ª—å—Ç–∞—Ç: win | –°–∫–æ—Ä–æ—Å—Ç—å: 168
2026-02-27 15:38:03,381 - LasVenturas By parviz - INFO - ‚ùå –ü–æ–ª—å–∑–æ–≤–∞—Ç–µ–ª—å 7526512670 –ù–ï –∏–º–µ–µ—Ç –Ω—É–∂–Ω—ã–π —Ç–µ–∫—Å—Ç –≤ bio.
2026-02-27 15:38:03,470 - LasVenturas By parviz - INFO - –ù–∞—á–∏—Å–ª–µ–Ω –¥–æ—Ö–æ–¥ 1119$ –ø–æ–ª—å–∑–æ–≤–∞—Ç–µ–ª—é 7526512670 –∏–∑ –∏—Å—Ç–æ—á–Ω–∏–∫–∞ bonus
2026-02-27 15:38:03,470 - LasVenturas By parviz - INFO - –ü–æ–ª—å–∑–æ–≤–∞—Ç–µ–ª—å 7526512670 –ø–æ–ª—É—á–∏–ª –æ–±—ã—á–Ω—ã–π –±–æ–Ω—É—Å 1119$
2026-02-27 15:38:09,174 - LasVenturas By parviz - INFO - –ü–µ—Ä–µ–≤–æ–¥: ùô∞ùöÅùô±ùöÑùöâùô∏ùô∫ ‚Üí . | –û—Ç–ø—Ä–∞–≤–∏–ª: 500000000000$, –ü–æ–ª—É—á–∏–ª: 450000000000$
2026-02-27 15:38:12,442 - LasVenturas By parviz - INFO - ‚ùå –ü–æ–ª—å–∑–æ–≤–∞—Ç–µ–ª—å 8340514324 –ù–ï –∏–º–µ–µ—Ç –Ω—É–∂–Ω—ã–π —Ç–µ–∫—Å—Ç –≤ bio.
2026-02-27 15:38:12,526 - LasVenturas By parviz - INFO - –ù–∞—á–∏—Å–ª–µ–Ω –¥–æ—Ö–æ–¥ 1855$ –ø–æ–ª—å–∑–æ–≤–∞—Ç–µ–ª—é 8340514324 –∏–∑ –∏—Å—Ç–æ—á–Ω–∏–∫–∞ bonus
2026-02-27 15:38:12,526 - LasVenturas By parviz - INFO - –ü–æ–ª—å–∑–æ–≤–∞—Ç–µ–ª—å 8340514324 –ø–æ–ª—É—á–∏–ª –æ–±—ã—á–Ω—ã–π –±–æ–Ω—É—Å 1855$
2026-02-27 15:38:13,958 - LasVenturas By parviz - INFO - –ü–µ—Ä–µ–≤–æ–¥: ùô∞ùöÅùô±ùöÑùöâùô∏ùô∫ ‚Üí MoRg„Äñ·¥∑‚Å±‚Åø·¥≥ùïøùñçùñÜùñìùñîùñò‡ºí | –û—Ç–ø—Ä–∞–≤–∏–ª: 500000000000$, –ü–æ–ª—É—á–∏–ª: 450000000000$
2026-02-27 15:38:14,294 - LasVenturas By parviz - INFO - ‚ùå –ü–æ–ª—å–∑–æ–≤–∞—Ç–µ–ª—å 8340514324 –ù–ï –∏–º–µ–µ—Ç –Ω—É–∂–Ω—ã–π —Ç–µ–∫—Å—Ç –≤ bio.
2026-02-27 15:38:14,380 - LasVenturas By parviz - INFO - –ù–∞—á–∏—Å–ª–µ–Ω –¥–æ—Ö–æ–¥ 1044$ –ø–æ–ª—å–∑–æ–≤–∞—Ç–µ–ª—é 8340514324 –∏–∑ –∏—Å—Ç–æ—á–Ω–∏–∫–∞ farm
2026-02-27 15:38:14,380 - LasVenturas By parviz - INFO - –ü–æ–ª—å–∑–æ–≤–∞—Ç–µ–ª—å 8340514324 –ø–æ–ª—É—á–∏–ª –æ–±—ã—á–Ω—ã–π –¥–æ—Ö–æ–¥ —Å —Ñ–µ—Ä–º—ã 1044$
2026-02-27 15:38:29,245 - LasVenturas By parviz - INFO - –ü–µ—Ä–µ–≤–æ–¥: ùô∞ùöÅùô±ùöÑùöâùô∏ùô∫ ‚Üí . | –û—Ç–ø—Ä–∞–≤–∏–ª: 500000000000$, –ü–æ–ª—É—á–∏–ª: 450000000000$
2026-02-27 15:38:30,581 - LasVenturas By parviz - INFO - ‚ùå –ü–æ–ª—å–∑–æ–≤–∞—Ç–µ–ª—å 7526512670 –ù–ï –∏–º–µ–µ—Ç –Ω—É–∂–Ω—ã–π —Ç–µ–∫—Å—Ç –≤ bio.
2026-02-27 15:38:30,665 - LasVenturas By parviz - INFO - –ù–∞—á–∏—Å–ª–µ–Ω –¥–æ—Ö–æ–¥ 608$ –ø–æ–ª—å–∑–æ–≤–∞—Ç–µ–ª—é 7526512670 –∏–∑ –∏—Å—Ç–æ—á–Ω–∏–∫–∞ farm
2026-02-27 15:38:30,665 - LasVenturas By parviz - INFO - –ü–æ–ª—å–∑–æ–≤–∞—Ç–µ–ª—å 7526512670 –ø–æ–ª—É—á–∏–ª –æ–±—ã—á–Ω—ã–π –¥–æ—Ö–æ–¥ —Å —Ñ–µ—Ä–º—ã 608$
2026-02-27 15:38:31,085 - LasVenturas By parviz - INFO - –ò–≥—Ä–∞ '–†–∞–∑–≥–æ–Ω': 6769029176 | –°—Ç–∞–≤–∫–∞: 450000000000 | –†–µ–∑—É–ª—å—Ç–∞—Ç: lose | –°–∫–æ—Ä–æ—Å—Ç—å: 197
2026-02-27 15:38:40,983 - LasVenturas By parviz - INFO - –ü–µ—Ä–µ–≤–æ–¥: ùô∞ùöÅùô±ùöÑùöâùô∏ùô∫ ‚Üí MoRg„Äñ·¥∑‚Å±‚Åø·¥≥ùïøùñçùñÜùñìùñîùñò‡ºí | –û—Ç–ø—Ä–∞–≤–∏–ª: 500000000000$, –ü–æ–ª—É—á–∏–ª: 450000000000$
2026-02-27 15:39:01,262 - LasVenturas By parviz - INFO - –ò–≥—Ä–∞ '–†–∞–∑–≥–æ–Ω': 6769029176 | –°—Ç–∞–≤–∫–∞: 450000000000 | –†–µ–∑—É–ª—å—Ç–∞—Ç: lose | –°–∫–æ—Ä–æ—Å—Ç—å: 265
2026-02-27 15:39:01,920 - LasVenturas By parviz - INFO - –ü–µ—Ä–µ–≤–æ–¥: ùñïùñÜùñóùñõùñéùñü ‚Üí prince | –û—Ç–ø—Ä–∞–≤–∏–ª: 100000$, –ü–æ–ª—É—á–∏–ª: 100000$
2026-02-27 15:39:12,295 - LasVenturas By parviz - INFO - –ê–¥–º–∏–Ω parvizwp –∑–∞–ø—Ä–æ—Å–∏–ª –ª–æ–≥–∏
2026-02-27 15:40:33,251 - LasVenturas By parviz - INFO - –ü–æ–ª—å–∑–æ–≤–∞—Ç–µ–ª—å viccha2 –∑–∞–ø—Ä–æ—Å–∏–ª –∏–Ω—Ñ–æ—Ä–º–∞—Ü–∏—é –æ –±–∏–∑–Ω–µ—Å–µ
2026-02-27 15:40:47,180 - LasVenturas By parviz - INFO - –ù–∞—á–∏—Å–ª–µ–Ω –¥–æ—Ö–æ–¥ 328076$ –ø–æ–ª—å–∑–æ–≤–∞—Ç–µ–ª—é 7696828602 –∏–∑ –∏—Å—Ç–æ—á–Ω–∏–∫–∞ business
2026-02-27 15:41:12,823 - LasVenturas By parviz - INFO - –ü–æ–ª—å–∑–æ–≤–∞—Ç–µ–ª—å viccha2 –∑–∞–ø—Ä–æ—Å–∏–ª –∏–Ω—Ñ–æ—Ä–º–∞—Ü–∏—é –æ –¥–æ–º–µ
2026-02-27 15:41:25,529 - LasVenturas By parviz - INFO - –ü–æ–ª—å–∑–æ–≤–∞—Ç–µ–ª—å viccha2 –æ–ø–ª–∞—Ç–∏–ª —Å–æ–¥–µ—Ä–∂–∞–Ω–∏–µ –¥–æ–º–∞: 30000$
2026-02-27 15:41:25,637 - LasVenturas By parviz - INFO - –ü–æ–ª—å–∑–æ–≤–∞—Ç–µ–ª—å viccha2 —Å–æ–±—Ä–∞–ª –∞—Ä–µ–Ω–¥—É: 393728$
2026-02-27 15:41:52,914 - LasVenturas By parviz - INFO - üõ° –ú–æ–¥–µ—Ä–∞—Ü–∏—è: —É–¥–∞–ª–µ–Ω–∏–µ –±–∞–Ω–∫–æ–≤—Å–∫–æ–≥–æ —Å—á–µ—Ç–∞ | –ê–¥–º–∏–Ω: 7526512670 | –¶–µ–ª—å: 6042757664 | –ë–∞–ª–∞–Ω—Å –Ω–∞ —Å—á–µ—Ç—É: 15000000000
2026-02-27 15:45:31,743 - LasVenturas By parviz - INFO - –ò–≥—Ä–∞ '–†–∞–∑–≥–æ–Ω': 6769029176 | –°—Ç–∞–≤–∫–∞: 1300000 | –†–µ–∑—É–ª—å—Ç–∞—Ç: lose | –°–∫–æ—Ä–æ—Å—Ç—å: 244
2026-02-27 15:45:41,358 - LasVenturas By parviz - INFO - –ò–≥—Ä–∞ '–†–∞–∑–≥–æ–Ω': 6769029176 | –°—Ç–∞–≤–∫–∞: 8000 | –†–µ–∑—É–ª—å—Ç–∞—Ç: lose | –°–∫–æ—Ä–æ—Å—Ç—å: 233
2026-02-27 15:52:07,309 - LasVenturas By parviz - INFO - –ü–µ—Ä–µ–≤–æ–¥: ùñïùñÜùñóùñõùñéùñü ‚Üí prince | –û—Ç–ø—Ä–∞–≤–∏–ª: 200000$, –ü–æ–ª—É—á–∏–ª: 180000$
