2026-02-27 14:16:39,470 - LasVenturas By parviz - INFO - ‚úÖ –°–∏—Å—Ç–µ–º–∞ –ø–∞—Å—Å–∏–≤–Ω–æ–≥–æ VIP –¥–æ—Ö–æ–¥–∞ –∑–∞–ø—É—â–µ–Ω–∞ (–∏–Ω—Ç–µ—Ä–≤–∞–ª: 3 —á–∞—Å–∞)
2026-02-27 14:16:39,486 - LasVenturas By parviz - INFO - ‚úÖ –ë–∞–∑–∞ –¥–∞–Ω–Ω—ã—Ö –∫–µ–π—Å–æ–≤ –∏–Ω–∏—Ü–∏–∞–ª–∏–∑–∏—Ä–æ–≤–∞–Ω–∞
2026-02-27 14:16:39,496 - LasVenturas By parviz - INFO - ‚úÖ –°–∏—Å—Ç–µ–º–∞ –Ω–∞—á–∏—Å–ª–µ–Ω–∏—è –±–∞–Ω–∫–æ–≤—Å–∫–∏—Ö –ø—Ä–æ—Ü–µ–Ω—Ç–æ–≤ –∑–∞–ø—É—â–µ–Ω–∞ (–µ–∂–µ–¥–Ω–µ–≤–Ω–æ –≤ 03:00)
2026-02-27 14:16:39,506 - LasVenturas By parviz - INFO - ‚úÖ –í –±–∞–∑–µ —É–∂–µ –µ—Å—Ç—å 5 –ø—Ä–µ—Ñ–∏–∫—Å–æ–≤
2026-02-27 14:16:39,737 - LasVenturas By parviz - INFO - –ë–æ—Ç Iris –∑–∞–ø—É—â–µ–Ω!
2026-02-27 14:16:40,103 - LasVenturas By parviz - INFO - –ü–µ—Ä–µ–≤–æ–¥: ùô∞ùöÅùô±ùöÑùöâùô∏ùô∫ ‚Üí –ü—Ä–∏–Ω—Ü | –û—Ç–ø—Ä–∞–≤–∏–ª: 2000000000000000$, –ü–æ–ª—É—á–∏–ª: 1800000000000000$
2026-02-27 14:17:12,960 - LasVenturas By parviz - INFO - –ü–µ—Ä–µ–≤–æ–¥: ùô∞ùöÅùô±ùöÑùöâùô∏ùô∫ ‚Üí ‚ò†Ô∏éùïØùñäùñíùñîùñì‚ò†Ô∏é | –û—Ç–ø—Ä–∞–≤–∏–ª: 2000000000000000$, –ü–æ–ª—É—á–∏–ª: 1800000000000000$
2026-02-27 14:18:00,800 - LasVenturas By parviz - INFO - –ü–µ—Ä–µ–≤–æ–¥: ùô∞ùöÅùô±ùöÑùöâùô∏ùô∫ ‚Üí Dr-–∫–∞ | –û—Ç–ø—Ä–∞–≤–∏–ª: 35000000000000000$, –ü–æ–ª—É—á–∏–ª: 31500000000000000$
2026-02-27 14:18:41,187 - LasVenturas By parviz - ERROR - –û—à–∏–±–∫–∞ —Å–æ–∑–¥–∞–Ω–∏—è –ø—Ä–æ–º–æ–∫–æ–¥–∞: list index out of range
2026-02-27 14:18:47,329 - LasVenturas By parviz - INFO - –ê–¥–º–∏–Ω parvizwp —Å–æ–∑–¥–∞–ª –ø—Ä–æ–º–æ–∫–æ–¥ –±–æ–º–±–∞–∞
2026-02-27 14:19:03,560 - LasVenturas By parviz - INFO - –ù–∞—á–∏—Å–ª–µ–Ω –¥–æ—Ö–æ–¥ 130000$ –ø–æ–ª—å–∑–æ–≤–∞—Ç–µ–ª—é 777000 –∏–∑ –∏—Å—Ç–æ—á–Ω–∏–∫–∞ promo
2026-02-27 14:19:03,801 - LasVenturas By parviz - INFO - –ü–æ–ª—å–∑–æ–≤–∞—Ç–µ–ª—å None –∞–∫—Ç–∏–≤–∏—Ä–æ–≤–∞–ª –ø—Ä–æ–º–æ–∫–æ–¥ –±–æ–º–±–∞–∞
2026-02-27 14:19:09,562 - LasVenturas By parviz - INFO - –ù–∞—á–∏—Å–ª–µ–Ω –¥–æ—Ö–æ–¥ 130000$ –ø–æ–ª—å–∑–æ–≤–∞—Ç–µ–ª—é 7696828602 –∏–∑ –∏—Å—Ç–æ—á–Ω–∏–∫–∞ promo
2026-02-27 14:19:09,739 - LasVenturas By parviz - INFO - –ù–∞—á–∏—Å–ª–µ–Ω –¥–æ—Ö–æ–¥ 130000$ –ø–æ–ª—å–∑–æ–≤–∞—Ç–µ–ª—é 7526512670 –∏–∑ –∏—Å—Ç–æ—á–Ω–∏–∫–∞ promo
2026-02-27 14:19:09,837 - LasVenturas By parviz - INFO - –ü–æ–ª—å–∑–æ–≤–∞—Ç–µ–ª—å viccha2 –∞–∫—Ç–∏–≤–∏—Ä–æ–≤–∞–ª –ø—Ä–æ–º–æ–∫–æ–¥ –±–æ–º–±–∞–∞
2026-02-27 14:19:09,916 - LasVenturas By parviz - INFO - –ü–æ–ª—å–∑–æ–≤–∞—Ç–µ–ª—å parvizwp –∞–∫—Ç–∏–≤–∏—Ä–æ–≤–∞–ª –ø—Ä–æ–º–æ–∫–æ–¥ –±–æ–º–±–∞–∞
2026-02-27 14:19:10,071 - LasVenturas By parviz - INFO - –ù–∞—á–∏—Å–ª–µ–Ω –¥–æ—Ö–æ–¥ 130000$ –ø–æ–ª—å–∑–æ–≤–∞—Ç–µ–ª—é 8232024665 –∏–∑ –∏—Å—Ç–æ—á–Ω–∏–∫–∞ promo
2026-02-27 14:19:10,208 - LasVenturas By parviz - INFO - –ü–æ–ª—å–∑–æ–≤–∞—Ç–µ–ª—å None –∞–∫—Ç–∏–≤–∏—Ä–æ–≤–∞–ª –ø—Ä–æ–º–æ–∫–æ–¥ –±–æ–º–±–∞–∞
2026-02-27 14:19:18,823 - LasVenturas By parviz - INFO - –ù–∞—á–∏—Å–ª–µ–Ω –¥–æ—Ö–æ–¥ 130000$ –ø–æ–ª—å–∑–æ–≤–∞—Ç–µ–ª—é 1448932943 –∏–∑ –∏—Å—Ç–æ—á–Ω–∏–∫–∞ promo
2026-02-27 14:19:18,992 - LasVenturas By parviz - INFO - –ü–æ–ª—å–∑–æ–≤–∞—Ç–µ–ª—å PROSTODAVRON –∞–∫—Ç–∏–≤–∏—Ä–æ–≤–∞–ª –ø—Ä–æ–º–æ–∫–æ–¥ –±–æ–º–±–∞–∞
2026-02-27 14:19:20,355 - LasVenturas By parviz - INFO - –ù–∞—á–∏—Å–ª–µ–Ω –¥–æ—Ö–æ–¥ 130000$ –ø–æ–ª—å–∑–æ–≤–∞—Ç–µ–ª—é 5203713503 –∏–∑ –∏—Å—Ç–æ—á–Ω–∏–∫–∞ promo
2026-02-27 14:19:20,491 - LasVenturas By parviz - INFO - –ü–æ–ª—å–∑–æ–≤–∞—Ç–µ–ª—å None –∞–∫—Ç–∏–≤–∏—Ä–æ–≤–∞–ª –ø—Ä–æ–º–æ–∫–æ–¥ –±–æ–º–±–∞–∞
2026-02-27 14:19:43,032 - LasVenturas By parviz - INFO - ‚ùå –ü–æ–ª—å–∑–æ–≤–∞—Ç–µ–ª—å 5694141752 –ù–ï –∏–º–µ–µ—Ç –Ω—É–∂–Ω—ã–π —Ç–µ–∫—Å—Ç –≤ bio.
2026-02-27 14:19:43,112 - LasVenturas By parviz - INFO - –ù–∞—á–∏—Å–ª–µ–Ω –¥–æ—Ö–æ–¥ 949$ –ø–æ–ª—å–∑–æ–≤–∞—Ç–µ–ª—é 5694141752 –∏–∑ –∏—Å—Ç–æ—á–Ω–∏–∫–∞ farm
2026-02-27 14:19:43,112 - LasVenturas By parviz - INFO - –ü–æ–ª—å–∑–æ–≤–∞—Ç–µ–ª—å 5694141752 –ø–æ–ª—É—á–∏–ª –æ–±—ã—á–Ω—ã–π –¥–æ—Ö–æ–¥ —Å —Ñ–µ—Ä–º—ã 949$
2026-02-27 14:19:44,095 - LasVenturas By parviz - INFO - –ù–∞—á–∏—Å–ª–µ–Ω –¥–æ—Ö–æ–¥ 130000$ –ø–æ–ª—å–∑–æ–≤–∞—Ç–µ–ª—é 7457101105 –∏–∑ –∏—Å—Ç–æ—á–Ω–∏–∫–∞ promo
2026-02-27 14:19:44,320 - LasVenturas By parviz - INFO - –ü–æ–ª—å–∑–æ–≤–∞—Ç–µ–ª—å None –∞–∫—Ç–∏–≤–∏—Ä–æ–≤–∞–ª –ø—Ä–æ–º–æ–∫–æ–¥ –±–æ–º–±–∞–∞
2026-02-27 14:20:19,107 - LasVenturas By parviz - INFO - ‚úÖ –ß–∞—Ç -5247587352 –∞–≤—Ç–æ–º–∞—Ç–∏—á–µ—Å–∫–∏ –¥–æ–±–∞–≤–ª–µ–Ω –≤ —Ä–∞—Å—Å—ã–ª–∫—É
2026-02-27 14:20:51,601 - LasVenturas By parviz - INFO - ‚ùå –ü–æ–ª—å–∑–æ–≤–∞—Ç–µ–ª—å 5694141752 –ù–ï –∏–º–µ–µ—Ç –Ω—É–∂–Ω—ã–π —Ç–µ–∫—Å—Ç –≤ bio.
2026-02-27 14:20:51,677 - LasVenturas By parviz - INFO - –ù–∞—á–∏—Å–ª–µ–Ω –¥–æ—Ö–æ–¥ 1391$ –ø–æ–ª—å–∑–æ–≤–∞—Ç–µ–ª—é 5694141752 –∏–∑ –∏—Å—Ç–æ—á–Ω–∏–∫–∞ bonus
2026-02-27 14:20:51,678 - LasVenturas By parviz - INFO - –ü–æ–ª—å–∑–æ–≤–∞—Ç–µ–ª—å 5694141752 –ø–æ–ª—É—á–∏–ª –æ–±—ã—á–Ω—ã–π –±–æ–Ω—É—Å 1391$
2026-02-27 14:21:01,587 - LasVenturas By parviz - INFO - –ù–∞—á–∏—Å–ª–µ–Ω –¥–æ—Ö–æ–¥ 130000$ –ø–æ–ª—å–∑–æ–≤–∞—Ç–µ–ª—é 5694141752 –∏–∑ –∏—Å—Ç–æ—á–Ω–∏–∫–∞ promo
2026-02-27 14:21:01,769 - LasVenturas By parviz - INFO - –ü–æ–ª—å–∑–æ–≤–∞—Ç–µ–ª—å kirill_xranytel –∞–∫—Ç–∏–≤–∏—Ä–æ–≤–∞–ª –ø—Ä–æ–º–æ–∫–æ–¥ –±–æ–º–±–∞–∞
2026-02-27 14:21:21,692 - LasVenturas By parviz - INFO - –ê–¥–º–∏–Ω parvizwp –∑–∞–ø—Ä–æ—Å–∏–ª –ª–æ–≥–∏
2026-02-27 14:21:30,741 - LasVenturas By parviz - INFO - ‚úÖ –ß–∞—Ç -1003578559284 –∞–≤—Ç–æ–º–∞—Ç–∏—á–µ—Å–∫–∏ –¥–æ–±–∞–≤–ª–µ–Ω –≤ —Ä–∞—Å—Å—ã–ª–∫—É
2026-02-27 14:21:35,581 - LasVenturas By parviz - INFO - –ù–∞—á–∏—Å–ª–µ–Ω –¥–æ—Ö–æ–¥ 130000$ –ø–æ–ª—å–∑–æ–≤–∞—Ç–µ–ª—é 7906982110 –∏–∑ –∏—Å—Ç–æ—á–Ω–∏–∫–∞ promo
2026-02-27 14:21:35,777 - LasVenturas By parviz - INFO - –ü–æ–ª—å–∑–æ–≤–∞—Ç–µ–ª—å Ma1usha152 –∞–∫—Ç–∏–≤–∏—Ä–æ–≤–∞–ª –ø—Ä–æ–º–æ–∫–æ–¥ –±–æ–º–±–∞–∞
2026-02-27 14:22:45,130 - LasVenturas By parviz - INFO - –ù–∞—á–∏—Å–ª–µ–Ω –¥–æ—Ö–æ–¥ 130000$ –ø–æ–ª—å–∑–æ–≤–∞—Ç–µ–ª—é 8168027201 –∏–∑ –∏—Å—Ç–æ—á–Ω–∏–∫–∞ promo
2026-02-27 14:22:45,307 - LasVenturas By parviz - INFO - –ü–æ–ª—å–∑–æ–≤–∞—Ç–µ–ª—å Me_Vangog –∞–∫—Ç–∏–≤–∏—Ä–æ–≤–∞–ª –ø—Ä–æ–º–æ–∫–æ–¥ –±–æ–º–±–∞–∞
2026-02-27 14:23:40,817 - LasVenturas By parviz - INFO - üõ° –ú–æ–¥–µ—Ä–∞—Ü–∏—è: –∏–∑–º–µ–Ω–µ–Ω–∏–µ –±–∞–ª–∞–Ω—Å–∞ | –ê–¥–º–∏–Ω: 7526512670 | –¶–µ–ª—å: 6512241065 | –°—Ç–∞—Ä—ã–π: 6000000000000010, –ù–æ–≤—ã–π: 111111111
2026-02-27 14:24:33,504 - LasVenturas By parviz - INFO - –ê–¥–º–∏–Ω parvizwp —É–±—Ä–∞–ª 5791078511 —É –ø–æ–ª—å–∑–æ–≤–∞—Ç–µ–ª—è 1183936756
2026-02-27 14:24:47,351 - LasVenturas By parviz - INFO - –ù–∞—á–∏—Å–ª–µ–Ω –¥–æ—Ö–æ–¥ 35000000000000000$ –ø–æ–ª—å–∑–æ–≤–∞—Ç–µ–ª—é 1183936756 –∏–∑ –∏—Å—Ç–æ—á–Ω–∏–∫–∞ admin_gift
2026-02-27 14:24:47,405 - LasVenturas By parviz - INFO - –ê–¥–º–∏–Ω parvizwp –≤—ã–¥–∞–ª 35000000000000000 –ø–æ–ª—å–∑–æ–≤–∞—Ç–µ–ª—é 1183936756
2026-02-27 14:24:56,028 - LasVenturas By parviz - INFO - üõ° –ú–æ–¥–µ—Ä–∞—Ü–∏—è: —É–¥–∞–ª–µ–Ω–∏–µ –±–∞–Ω–∫–æ–≤—Å–∫–æ–≥–æ —Å—á–µ—Ç–∞ | –ê–¥–º–∏–Ω: 7526512670 | –¶–µ–ª—å: 1183936756 | –ë–∞–ª–∞–Ω—Å –Ω–∞ —Å—á–µ—Ç—É: 31500000000000000
2026-02-27 14:25:47,127 - LasVenturas By parviz - INFO - –ê–¥–º–∏–Ω parvizwp —É–±—Ä–∞–ª 35000000000000000 —É –ø–æ–ª—å–∑–æ–≤–∞—Ç–µ–ª—è 1183936756
2026-02-27 14:27:15,630 - LasVenturas By parviz - INFO - üõ° –ú–æ–¥–µ—Ä–∞—Ü–∏—è: –∏–∑–º–µ–Ω–µ–Ω–∏–µ –±–∞–ª–∞–Ω—Å–∞ | –ê–¥–º–∏–Ω: 7526512670 | –¶–µ–ª—å: 6042757664 | –°—Ç–∞—Ä—ã–π: 1308346805, –ù–æ–≤—ã–π: 2222222
2026-02-27 14:27:36,883 - LasVenturas By parviz - INFO - üõ° –ú–æ–¥–µ—Ä–∞—Ü–∏—è: —Å–±—Ä–æ—Å –±–∞–ª–∞–Ω—Å–∞ | –ê–¥–º–∏–Ω: 7526512670 | –¶–µ–ª—å: 8293824305 | –°—Ç–∞—Ä—ã–π: 1515032, –ù–æ–≤—ã–π: 5000
2026-02-27 14:27:41,528 - LasVenturas By parviz - INFO - ‚ùå –ü–æ–ª—å–∑–æ–≤–∞—Ç–µ–ª—å 5267528078 –ù–ï –∏–º–µ–µ—Ç –Ω—É–∂–Ω—ã–π —Ç–µ–∫—Å—Ç –≤ bio.
2026-02-27 14:27:41,609 - LasVenturas By parviz - INFO - –ù–∞—á–∏—Å–ª–µ–Ω –¥–æ—Ö–æ–¥ 3163$ –ø–æ–ª—å–∑–æ–≤–∞—Ç–µ–ª—é 5267528078 –∏–∑ –∏—Å—Ç–æ—á–Ω–∏–∫–∞ farm
2026-02-27 14:27:41,610 - LasVenturas By parviz - INFO - –ü–æ–ª—å–∑–æ–≤–∞—Ç–µ–ª—å 5267528078 –ø–æ–ª—É—á–∏–ª –æ–±—ã—á–Ω—ã–π –¥–æ—Ö–æ–¥ —Å —Ñ–µ—Ä–º—ã 3163$
2026-02-27 14:27:56,432 - LasVenturas By parviz - INFO - ‚ùå –ü–æ–ª—å–∑–æ–≤–∞—Ç–µ–ª—å 6514588039 –ù–ï –∏–º–µ–µ—Ç –Ω—É–∂–Ω—ã–π —Ç–µ–∫—Å—Ç –≤ bio.
2026-02-27 14:27:56,517 - LasVenturas By parviz - INFO - –ù–∞—á–∏—Å–ª–µ–Ω –¥–æ—Ö–æ–¥ 2629$ –ø–æ–ª—å–∑–æ–≤–∞—Ç–µ–ª—é 6514588039 –∏–∑ –∏—Å—Ç–æ—á–Ω–∏–∫–∞ farm
2026-02-27 14:27:56,517 - LasVenturas By parviz - INFO - –ü–æ–ª—å–∑–æ–≤–∞—Ç–µ–ª—å 6514588039 –ø–æ–ª—É—á–∏–ª –æ–±—ã—á–Ω—ã–π –¥–æ—Ö–æ–¥ —Å —Ñ–µ—Ä–º—ã 2629$
2026-02-27 14:28:43,742 - LasVenturas By parviz - INFO - –ü–æ–ª—å–∑–æ–≤–∞—Ç–µ–ª—å nik_smiles –∑–∞–ø—Ä–æ—Å–∏–ª –∏–Ω—Ñ–æ—Ä–º–∞—Ü–∏—é –æ –±–∏–∑–Ω–µ—Å–µ
2026-02-27 14:28:45,472 - LasVenturas By parviz - INFO - –ù–∞—á–∏—Å–ª–µ–Ω –¥–æ—Ö–æ–¥ 87487$ –ø–æ–ª—å–∑–æ–≤–∞—Ç–µ–ª—é 6514588039 –∏–∑ –∏—Å—Ç–æ—á–Ω–∏–∫–∞ business
2026-02-27 14:28:53,065 - LasVenturas By parviz - INFO - –ü–µ—Ä–µ–≤–æ–¥: Daniel ‚Üí Nik | –û—Ç–ø—Ä–∞–≤–∏–ª: 350000$, –ü–æ–ª—É—á–∏–ª: 315000$
2026-02-27 14:29:08,921 - LasVenturas By parviz - INFO - –ü–µ—Ä–µ–≤–æ–¥: 04|–öirill_Xranytel ‚Üí Nik | –û—Ç–ø—Ä–∞–≤–∏–ª: 10000000$, –ü–æ–ª—É—á–∏–ª: 9000000$
2026-02-27 14:29:37,758 - LasVenturas By parviz - INFO - –ü–æ–ª—å–∑–æ–≤–∞—Ç–µ–ª—å None –∑–∞–ø—Ä–æ—Å–∏–ª –∏–Ω—Ñ–æ—Ä–º–∞—Ü–∏—é –æ –±–∏–∑–Ω–µ—Å–µ
2026-02-27 14:29:40,158 - LasVenturas By parviz - INFO - –ù–∞—á–∏—Å–ª–µ–Ω –¥–æ—Ö–æ–¥ 8740$ –ø–æ–ª—å–∑–æ–≤–∞—Ç–µ–ª—é 7457101105 –∏–∑ –∏—Å—Ç–æ—á–Ω–∏–∫–∞ business
2026-02-27 14:31:00,452 - LasVenturas By parviz - INFO - –ü–æ–ª—å–∑–æ–≤–∞—Ç–µ–ª—å Capibarnost228 –∑–∞–ø—Ä–æ—Å–∏–ª –∏–Ω—Ñ–æ—Ä–º–∞—Ü–∏—é –æ –±–∏–∑–Ω–µ—Å–µ
2026-02-27 14:53:42,240 - LasVenturas By parviz - INFO - ‚úÖ –ß–∞—Ç 5332678270 –∞–≤—Ç–æ–º–∞—Ç–∏—á–µ—Å–∫–∏ –¥–æ–±–∞–≤–ª–µ–Ω –≤ —Ä–∞—Å—Å—ã–ª–∫—É
2026-02-27 14:56:03,183 - LasVenturas By parviz - INFO - üéÆ –ò–≥—Ä–∞ —Ñ—É—Ç–±–æ–ª: —Å—Ç–∞–≤–∫–∞ 1000, —à–∞–Ω—Å 0.495, —Ä–µ–∑—É–ª—å—Ç–∞—Ç –í–´–ò–ì–†–´–®
2026-02-27 14:56:15,346 - LasVenturas By parviz - INFO - üéÆ –ò–≥—Ä–∞ —Ñ—É—Ç–±–æ–ª: —Å—Ç–∞–≤–∫–∞ 1000, —à–∞–Ω—Å 0.019, —Ä–µ–∑—É–ª—å—Ç–∞—Ç –í–´–ò–ì–†–´–®
2026-02-27 14:56:28,953 - LasVenturas By parviz - INFO - üéÆ –ò–≥—Ä–∞ —Ñ—É—Ç–±–æ–ª: —Å—Ç–∞–≤–∫–∞ 400, —à–∞–Ω—Å 0.867, —Ä–µ–∑—É–ª—å—Ç–∞—Ç –ü–†–û–ò–ì–†–´–®
2026-02-27 14:56:43,448 - LasVenturas By parviz - INFO - üéÆ –ò–≥—Ä–∞ —Ñ—É—Ç–±–æ–ª: —Å—Ç–∞–≤–∫–∞ 5000, —à–∞–Ω—Å 0.292, —Ä–µ–∑—É–ª—å—Ç–∞—Ç –í–´–ò–ì–†–´–®
2026-02-27 14:56:55,461 - LasVenturas By parviz - INFO - üéÆ –ò–≥—Ä–∞ —Ñ—É—Ç–±–æ–ª: —Å—Ç–∞–≤–∫–∞ 5000, —à–∞–Ω—Å 0.378, —Ä–µ–∑—É–ª—å—Ç–∞—Ç –í–´–ò–ì–†–´–®
2026-02-27 15:17:10,571 - LasVenturas By parviz - INFO - –ü–æ–ª—å–∑–æ–≤–∞—Ç–µ–ª—å None –∑–∞–ø—Ä–æ—Å–∏–ª –∏–Ω—Ñ–æ—Ä–º–∞—Ü–∏—é –æ –±–∏–∑–Ω–µ—Å–µ
2026-02-27 15:17:10,624 - LasVenturas By parviz - INFO - ‚ùå –ü–æ–ª—å–∑–æ–≤–∞—Ç–µ–ª—å 8232024665 –ù–ï –∏–º–µ–µ—Ç –Ω—É–∂–Ω—ã–π —Ç–µ–∫—Å—Ç –≤ bio.
2026-02-27 15:17:10,707 - LasVenturas By parviz - INFO - –ù–∞—á–∏—Å–ª–µ–Ω –¥–æ—Ö–æ–¥ 4136$ –ø–æ–ª—å–∑–æ–≤–∞—Ç–µ–ª—é 8232024665 –∏–∑ –∏—Å—Ç–æ—á–Ω–∏–∫–∞ farm
2026-02-27 15:17:10,707 - LasVenturas By parviz - INFO - –ü–æ–ª—å–∑–æ–≤–∞—Ç–µ–ª—å 8232024665 –ø–æ–ª—É—á–∏–ª –æ–±—ã—á–Ω—ã–π –¥–æ—Ö–æ–¥ —Å —Ñ–µ—Ä–º—ã 4136$
2026-02-27 15:17:21,121 - LasVenturas By parviz - INFO - –ù–∞—á–∏—Å–ª–µ–Ω –¥–æ—Ö–æ–¥ 102107$ –ø–æ–ª—å–∑–æ–≤–∞—Ç–µ–ª—é 8232024665 –∏–∑ –∏—Å—Ç–æ—á–Ω–∏–∫–∞ business
2026-02-27 15:18:31,419 - LasVenturas By parviz - INFO - –ò–≥—Ä–∞ '–†–∞–∑–≥–æ–Ω': 8232024665 | –°—Ç–∞–≤–∫–∞: 656426 | –†–µ–∑—É–ª—å—Ç–∞—Ç: lose | –°–∫–æ—Ä–æ—Å—Ç—å: 181
2026-02-27 15:23:42,965 - LasVenturas By parviz - INFO - –ü–æ–ª—å–∑–æ–≤–∞—Ç–µ–ª—å ASTROVVG –∑–∞–ø—Ä–æ—Å–∏–ª –∏–Ω—Ñ–æ—Ä–º–∞—Ü–∏—é –æ –±–∏–∑–Ω–µ—Å–µ
2026-02-27 15:23:59,352 - LasVenturas By parviz - INFO - –ù–∞—á–∏—Å–ª–µ–Ω –¥–æ—Ö–æ–¥ 260437$ –ø–æ–ª—å–∑–æ–≤–∞—Ç–µ–ª—é 7174147624 –∏–∑ –∏—Å—Ç–æ—á–Ω–∏–∫–∞ business
2026-02-27 15:31:49,095 - LasVenturas By parviz - INFO - ‚úÖ –ß–∞—Ç -5179640457 –∞–≤—Ç–æ–º–∞—Ç–∏—á–µ—Å–∫–∏ –¥–æ–±–∞–≤–ª–µ–Ω –≤ —Ä–∞—Å—Å—ã–ª–∫—É
2026-02-27 15:32:22,695 - LasVenturas By parviz - INFO - –ü–µ—Ä–µ–≤–æ–¥: . ‚Üí ùô∞ùöÅùô±ùöÑùöâùô∏ùô∫ | –û—Ç–ø—Ä–∞–≤–∏–ª: 999999999999690$, –ü–æ–ª—É—á–∏–ª: 899999999999721$
2026-02-27 15:32:50,926 - LasVenturas By parviz - INFO - –ü–µ—Ä–µ–≤–æ–¥: . ‚Üí ùô∞ùöÅùô±ùöÑùöâùô∏ùô∫ | –û—Ç–ø—Ä–∞–≤–∏–ª: 1500000000000000$, –ü–æ–ª—É—á–∏–ª: 1350000000000000$
2026-02-27 15:33:21,389 - LasVenturas By parviz - INFO - –ò–≥—Ä–∞ '–†–∞–∑–≥–æ–Ω': 6769029176 | –°—Ç–∞–≤–∫–∞: 500000000000000 | –†–µ–∑—É–ª—å—Ç–∞—Ç: win | –°–∫–æ—Ä–æ—Å—Ç—å: 271
2026-02-27 15:33:41,726 - LasVenturas By parviz - INFO - –ò–≥—Ä–∞ '–†–∞–∑–≥–æ–Ω': 7882268176 | –°—Ç–∞–≤–∫–∞: 70000000000000 | –†–µ–∑—É–ª—å—Ç–∞—Ç: lose | –°–∫–æ—Ä–æ—Å—Ç—å: 299
2026-02-27 15:33:53,076 - LasVenturas By parviz - INFO - –ò–≥—Ä–∞ '–†–∞–∑–≥–æ–Ω': 6512241065 | –°—Ç–∞–≤–∫–∞: 750000000000 | –†–µ–∑—É–ª—å—Ç–∞—Ç: win | –°–∫–æ—Ä–æ—Å—Ç—å: 273
2026-02-27 15:33:56,711 - LasVenturas By parviz - INFO - –ò–≥—Ä–∞ '–†–∞–∑–≥–æ–Ω': 6512241065 | –°—Ç–∞–≤–∫–∞: 750000000000 | –†–µ–∑—É–ª—å—Ç–∞—Ç: win | –°–∫–æ—Ä–æ—Å—Ç—å: 251
2026-02-27 15:34:00,915 - LasVenturas By parviz - INFO - –ò–≥—Ä–∞ '–†–∞–∑–≥–æ–Ω': 6512241065 | –°—Ç–∞–≤–∫–∞: 750000000000 | –†–µ–∑—É–ª—å—Ç–∞—Ç: lose | –°–∫–æ—Ä–æ—Å—Ç—å: 122
2026-02-27 15:34:00,978 - LasVenturas By parviz - INFO - –ò–≥—Ä–∞ '–†–∞–∑–≥–æ–Ω': 7882268176 | –°—Ç–∞–≤–∫–∞: 70000000000000 | –†–µ–∑—É–ª—å—Ç–∞—Ç: lose | –°–∫–æ—Ä–æ—Å—Ç—å: 250
2026-02-27 15:34:07,931 - TeleBot - ERROR - Threaded polling exception: A request to the Telegram API was unsuccessful. Error code: 400. Description: Bad Request: there is no text in the message to edit
2026-02-27 15:34:07,933 - TeleBot - ERROR - Exception traceback:
Traceback (most recent call last):
  File "/app/tuk.py", line 15877, in callback_tyanka_feed
    bot.edit_message_caption(
  File "/usr/local/lib/python3.11/site-packages/telebot/__init__.py", line 6400, in edit_message_caption
    result = apihelper.edit_message_caption(
             ^^^^^^^^^^^^^^^^^^^^^^^^^^^^^^^
  File "/usr/local/lib/python3.11/site-packages/telebot/apihelper.py", line 1694, in edit_message_caption
    return _make_request(token, method_url, params=payload, method='post')
           ^^^^^^^^^^^^^^^^^^^^^^^^^^^^^^^^^^^^^^^^^^^^^^^^^^^^^^^^^^^^^^^
  File "/usr/local/lib/python3.11/site-packages/telebot/apihelper.py", line 168, in _make_request
    json_result = _check_result(method_name, result)
                  ^^^^^^^^^^^^^^^^^^^^^^^^^^^^^^^^^^
  File "/usr/local/lib/python3.11/site-packages/telebot/apihelper.py", line 197, in _check_result
    raise ApiTelegramException(method_name, result, result_json)
telebot.apihelper.ApiTelegramException: A request to the Telegram API was unsuccessful. Error code: 400. Description: Bad Request: message is not modified: specified new message content and reply markup are exactly the same as a current content and reply markup of the message

During handling of the above exception, another exception occurred:

Traceback (most recent call last):
  File "/usr/local/lib/python3.11/site-packages/telebot/__init__.py", line 1235, in __threaded_polling
    self.worker_pool.raise_exceptions()
  File "/usr/local/lib/python3.11/site-packages/telebot/util.py", line 154, in raise_exceptions
    raise self.exception_info
  File "/usr/local/lib/python3.11/site-packages/telebot/util.py", line 97, in run
    task(*args, **kwargs)
  File "/usr/local/lib/python3.11/site-packages/telebot/__init__.py", line 10427, in _run_middlewares_and_handler
    result = handler['function'](message)
             ^^^^^^^^^^^^^^^^^^^^^^^^^^^^
  File "/app/tuk.py", line 15886, in callback_tyanka_feed
    bot.edit_message_text(
  File "/usr/local/lib/python3.11/site-packages/telebot/__init__.py", line 5444, in edit_message_text
    result = apihelper.edit_message_text(
             ^^^^^^^^^^^^^^^^^^^^^^^^^^^^
  File "/usr/local/lib/python3.11/site-packages/telebot/apihelper.py", line 1668, in edit_message_text
    return _make_request(token, method_url, params=payload, method='post')
           ^^^^^^^^^^^^^^^^^^^^^^^^^^^^^^^^^^^^^^^^^^^^^^^^^^^^^^^^^^^^^^^
  File "/usr/local/lib/python3.11/site-packages/telebot/apihelper.py", line 168, in _make_request
    json_result = _check_result(method_name, result)
                  ^^^^^^^^^^^^^^^^^^^^^^^^^^^^^^^^^^
  File "/usr/local/lib/python3.11/site-packages/telebot/apihelper.py", line 197, in _check_result
    raise ApiTelegramException(method_name, result, result_json)
telebot.apihelper.ApiTelegramException: A request to the Telegram API was unsuccessful. Error code: 400. Description: Bad Request: there is no text in the message to edit

2026-02-27 15:34:08,463 - TeleBot - ERROR - Threaded polling exception: A request to the Telegram API was unsuccessful. Error code: 400. Description: Bad Request: there is no text in the message to edit
2026-02-27 15:34:08,465 - TeleBot - ERROR - Exception traceback:
Traceback (most recent call last):
  File "/app/tuk.py", line 15877, in callback_tyanka_feed
    bot.edit_message_caption(
  File "/usr/local/lib/python3.11/site-packages/telebot/__init__.py", line 6400, in edit_message_caption
    result = apihelper.edit_message_caption(
             ^^^^^^^^^^^^^^^^^^^^^^^^^^^^^^^
  File "/usr/local/lib/python3.11/site-packages/telebot/apihelper.py", line 1694, in edit_message_caption
    return _make_request(token, method_url, params=payload, method='post')
           ^^^^^^^^^^^^^^^^^^^^^^^^^^^^^^^^^^^^^^^^^^^^^^^^^^^^^^^^^^^^^^^
  File "/usr/local/lib/python3.11/site-packages/telebot/apihelper.py", line 168, in _make_request
    json_result = _check_result(method_name, result)
                  ^^^^^^^^^^^^^^^^^^^^^^^^^^^^^^^^^^
  File "/usr/local/lib/python3.11/site-packages/telebot/apihelper.py", line 197, in _check_result
    raise ApiTelegramException(method_name, result, result_json)
telebot.apihelper.ApiTelegramException: A request to the Telegram API was unsuccessful. Error code: 400. Description: Bad Request: message is not modified: specified new message content and reply markup are exactly the same as a current content and reply markup of the message

During handling of the above exception, another exception occurred:

Traceback (most recent call last):
  File "/usr/local/lib/python3.11/site-packages/telebot/__init__.py", line 1235, in __threaded_polling
    self.worker_pool.raise_exceptions()
  File "/usr/local/lib/python3.11/site-packages/telebot/util.py", line 154, in raise_exceptions
    raise self.exception_info
  File "/usr/local/lib/python3.11/site-packages/telebot/util.py", line 97, in run
    task(*args, **kwargs)
  File "/usr/local/lib/python3.11/site-packages/telebot/__init__.py", line 10427, in _run_middlewares_and_handler
    result = handler['function'](message)
             ^^^^^^^^^^^^^^^^^^^^^^^^^^^^
  File "/app/tuk.py", line 15886, in callback_tyanka_feed
    bot.edit_message_text(
  File "/usr/local/lib/python3.11/site-packages/telebot/__init__.py", line 5444, in edit_message_text
    result = apihelper.edit_message_text(
             ^^^^^^^^^^^^^^^^^^^^^^^^^^^^
  File "/usr/local/lib/python3.11/site-packages/telebot/apihelper.py", line 1668, in edit_message_text
    return _make_request(token, method_url, params=payload, method='post')
           ^^^^^^^^^^^^^^^^^^^^^^^^^^^^^^^^^^^^^^^^^^^^^^^^^^^^^^^^^^^^^^^
  File "/usr/local/lib/python3.11/site-packages/telebot/apihelper.py", line 168, in _make_request
    json_result = _check_result(method_name, result)
                  ^^^^^^^^^^^^^^^^^^^^^^^^^^^^^^^^^^
  File "/usr/local/lib/python3.11/site-packages/telebot/apihelper.py", line 197, in _check_result
    raise ApiTelegramException(method_name, result, result_json)
telebot.apihelper.ApiTelegramException: A request to the Telegram API was unsuccessful. Error code: 400. Description: Bad Request: there is no text in the message to edit

2026-02-27 15:34:09,099 - TeleBot - ERROR - Threaded polling exception: A request to the Telegram API was unsuccessful. Error code: 400. Description: Bad Request: there is no text in the message to edit
2026-02-27 15:34:09,106 - TeleBot - ERROR - Exception traceback:
Traceback (most recent call last):
  File "/app/tuk.py", line 15877, in callback_tyanka_feed
    bot.edit_message_caption(
  File "/usr/local/lib/python3.11/site-packages/telebot/__init__.py", line 6400, in edit_message_caption
    result = apihelper.edit_message_caption(
             ^^^^^^^^^^^^^^^^^^^^^^^^^^^^^^^
  File "/usr/local/lib/python3.11/site-packages/telebot/apihelper.py", line 1694, in edit_message_caption
    return _make_request(token, method_url, params=payload, method='post')
           ^^^^^^^^^^^^^^^^^^^^^^^^^^^^^^^^^^^^^^^^^^^^^^^^^^^^^^^^^^^^^^^
  File "/usr/local/lib/python3.11/site-packages/telebot/apihelper.py", line 168, in _make_request
    json_result = _check_result(method_name, result)
                  ^^^^^^^^^^^^^^^^^^^^^^^^^^^^^^^^^^
  File "/usr/local/lib/python3.11/site-packages/telebot/apihelper.py", line 197, in _check_result
    raise ApiTelegramException(method_name, result, result_json)
telebot.apihelper.ApiTelegramException: A request to the Telegram API was unsuccessful. Error code: 400. Description: Bad Request: message is not modified: specified new message content and reply markup are exactly the same as a current content and reply markup of the message

During handling of the above exception, another exception occurred:

Traceback (most recent call last):
  File "/usr/local/lib/python3.11/site-packages/telebot/__init__.py", line 1235, in __threaded_polling
    self.worker_pool.raise_exceptions()
  File "/usr/local/lib/python3.11/site-packages/telebot/util.py", line 154, in raise_exceptions
    raise self.exception_info
  File "/usr/local/lib/python3.11/site-packages/telebot/util.py", line 97, in run
    task(*args, **kwargs)
  File "/usr/local/lib/python3.11/site-packages/telebot/__init__.py", line 10427, in _run_middlewares_and_handler
    result = handler['function'](message)
             ^^^^^^^^^^^^^^^^^^^^^^^^^^^^
  File "/app/tuk.py", line 15886, in callback_tyanka_feed
    bot.edit_message_text(
  File "/usr/local/lib/python3.11/site-packages/telebot/__init__.py", line 5444, in edit_message_text
    result = apihelper.edit_message_text(
             ^^^^^^^^^^^^^^^^^^^^^^^^^^^^
  File "/usr/local/lib/python3.11/site-packages/telebot/apihelper.py", line 1668, in edit_message_text
    return _make_request(token, method_url, params=payload, method='post')
           ^^^^^^^^^^^^^^^^^^^^^^^^^^^^^^^^^^^^^^^^^^^^^^^^^^^^^^^^^^^^^^^
  File "/usr/local/lib/python3.11/site-packages/telebot/apihelper.py", line 168, in _make_request
    json_result = _check_result(method_name, result)
                  ^^^^^^^^^^^^^^^^^^^^^^^^^^^^^^^^^^
  File "/usr/local/lib/python3.11/site-packages/telebot/apihelper.py", line 197, in _check_result
    raise ApiTelegramException(method_name, result, result_json)
telebot.apihelper.ApiTelegramException: A request to the Telegram API was unsuccessful. Error code: 400. Description: Bad Request: there is no text in the message to edit

2026-02-27 15:34:11,398 - TeleBot - ERROR - Threaded polling exception: A request to the Telegram API was unsuccessful. Error code: 400. Description: Bad Request: there is no text in the message to edit
2026-02-27 15:34:11,399 - TeleBot - ERROR - Exception traceback:
Traceback (most recent call last):
  File "/app/tuk.py", line 15877, in callback_tyanka_feed
    bot.edit_message_caption(
  File "/usr/local/lib/python3.11/site-packages/telebot/__init__.py", line 6400, in edit_message_caption
    result = apihelper.edit_message_caption(
             ^^^^^^^^^^^^^^^^^^^^^^^^^^^^^^^
  File "/usr/local/lib/python3.11/site-packages/telebot/apihelper.py", line 1694, in edit_message_caption
    return _make_request(token, method_url, params=payload, method='post')
           ^^^^^^^^^^^^^^^^^^^^^^^^^^^^^^^^^^^^^^^^^^^^^^^^^^^^^^^^^^^^^^^
  File "/usr/local/lib/python3.11/site-packages/telebot/apihelper.py", line 168, in _make_request
    json_result = _check_result(method_name, result)
                  ^^^^^^^^^^^^^^^^^^^^^^^^^^^^^^^^^^
  File "/usr/local/lib/python3.11/site-packages/telebot/apihelper.py", line 197, in _check_result
    raise ApiTelegramException(method_name, result, result_json)
telebot.apihelper.ApiTelegramException: A request to the Telegram API was unsuccessful. Error code: 400. Description: Bad Request: message is not modified: specified new message content and reply markup are exactly the same as a current content and reply markup of the message

During handling of the above exception, another exception occurred:

Traceback (most recent call last):
  File "/usr/local/lib/python3.11/site-packages/telebot/__init__.py", line 1235, in __threaded_polling
    self.worker_pool.raise_exceptions()
  File "/usr/local/lib/python3.11/site-packages/telebot/util.py", line 154, in raise_exceptions
    raise self.exception_info
  File "/usr/local/lib/python3.11/site-packages/telebot/util.py", line 97, in run
    task(*args, **kwargs)
  File "/usr/local/lib/python3.11/site-packages/telebot/__init__.py", line 10427, in _run_middlewares_and_handler
    result = handler['function'](message)
             ^^^^^^^^^^^^^^^^^^^^^^^^^^^^
  File "/app/tuk.py", line 15886, in callback_tyanka_feed
    bot.edit_message_text(
  File "/usr/local/lib/python3.11/site-packages/telebot/__init__.py", line 5444, in edit_message_text
    result = apihelper.edit_message_text(
             ^^^^^^^^^^^^^^^^^^^^^^^^^^^^
  File "/usr/local/lib/python3.11/site-packages/telebot/apihelper.py", line 1668, in edit_message_text
    return _make_request(token, method_url, params=payload, method='post')
           ^^^^^^^^^^^^^^^^^^^^^^^^^^^^^^^^^^^^^^^^^^^^^^^^^^^^^^^^^^^^^^^
  File "/usr/local/lib/python3.11/site-packages/telebot/apihelper.py", line 168, in _make_request
    json_result = _check_result(method_name, result)
                  ^^^^^^^^^^^^^^^^^^^^^^^^^^^^^^^^^^
  File "/usr/local/lib/python3.11/site-packages/telebot/apihelper.py", line 197, in _check_result
    raise ApiTelegramException(method_name, result, result_json)
telebot.apihelper.ApiTelegramException: A request to the Telegram API was unsuccessful. Error code: 400. Description: Bad Request: there is no text in the message to edit

2026-02-27 15:34:11,410 - LasVenturas By parviz - INFO - –ò–≥—Ä–∞ '–†–∞–∑–≥–æ–Ω': 6512241065 | –°—Ç–∞–≤–∫–∞: 7500000000000 | –†–µ–∑—É–ª—å—Ç–∞—Ç: lose | –°–∫–æ—Ä–æ—Å—Ç—å: 266
2026-02-27 15:34:11,703 - TeleBot - ERROR - Threaded polling exception: A request to the Telegram API was unsuccessful. Error code: 400. Description: Bad Request: there is no text in the message to edit
2026-02-27 15:34:11,704 - TeleBot - ERROR - Exception traceback:
Traceback (most recent call last):
  File "/app/tuk.py", line 15877, in callback_tyanka_feed
    bot.edit_message_caption(
  File "/usr/local/lib/python3.11/site-packages/telebot/__init__.py", line 6400, in edit_message_caption
    result = apihelper.edit_message_caption(
             ^^^^^^^^^^^^^^^^^^^^^^^^^^^^^^^
  File "/usr/local/lib/python3.11/site-packages/telebot/apihelper.py", line 1694, in edit_message_caption
    return _make_request(token, method_url, params=payload, method='post')
           ^^^^^^^^^^^^^^^^^^^^^^^^^^^^^^^^^^^^^^^^^^^^^^^^^^^^^^^^^^^^^^^
  File "/usr/local/lib/python3.11/site-packages/telebot/apihelper.py", line 168, in _make_request
    json_result = _check_result(method_name, result)
                  ^^^^^^^^^^^^^^^^^^^^^^^^^^^^^^^^^^
  File "/usr/local/lib/python3.11/site-packages/telebot/apihelper.py", line 197, in _check_result
    raise ApiTelegramException(method_name, result, result_json)
telebot.apihelper.ApiTelegramException: A request to the Telegram API was unsuccessful. Error code: 400. Description: Bad Request: message is not modified: specified new message content and reply markup are exactly the same as a current content and reply markup of the message

During handling of the above exception, another exception occurred:

Traceback (most recent call last):
  File "/usr/local/lib/python3.11/site-packages/telebot/__init__.py", line 1235, in __threaded_polling
    self.worker_pool.raise_exceptions()
  File "/usr/local/lib/python3.11/site-packages/telebot/util.py", line 154, in raise_exceptions
    raise self.exception_info
  File "/usr/local/lib/python3.11/site-packages/telebot/util.py", line 97, in run
    task(*args, **kwargs)
  File "/usr/local/lib/python3.11/site-packages/telebot/__init__.py", line 10427, in _run_middlewares_and_handler
    result = handler['function'](message)
             ^^^^^^^^^^^^^^^^^^^^^^^^^^^^
  File "/app/tuk.py", line 15886, in callback_tyanka_feed
    bot.edit_message_text(
  File "/usr/local/lib/python3.11/site-packages/telebot/__init__.py", line 5444, in edit_message_text
    result = apihelper.edit_message_text(
             ^^^^^^^^^^^^^^^^^^^^^^^^^^^^
  File "/usr/local/lib/python3.11/site-packages/telebot/apihelper.py", line 1668, in edit_message_text
    return _make_request(token, method_url, params=payload, method='post')
           ^^^^^^^^^^^^^^^^^^^^^^^^^^^^^^^^^^^^^^^^^^^^^^^^^^^^^^^^^^^^^^^
  File "/usr/local/lib/python3.11/site-packages/telebot/apihelper.py", line 168, in _make_request
    json_result = _check_result(method_name, result)
                  ^^^^^^^^^^^^^^^^^^^^^^^^^^^^^^^^^^
  File "/usr/local/lib/python3.11/site-packages/telebot/apihelper.py", line 197, in _check_result
    raise ApiTelegramException(method_name, result, result_json)
telebot.apihelper.ApiTelegramException: A request to the Telegram API was unsuccessful. Error code: 400. Description: Bad Request: there is no text in the message to edit

2026-02-27 15:34:14,699 - TeleBot - ERROR - Threaded polling exception: A request to the Telegram API was unsuccessful. Error code: 400. Description: Bad Request: there is no text in the message to edit
2026-02-27 15:34:14,701 - TeleBot - ERROR - Exception traceback:
Traceback (most recent call last):
  File "/app/tuk.py", line 15877, in callback_tyanka_feed
    bot.edit_message_caption(
  File "/usr/local/lib/python3.11/site-packages/telebot/__init__.py", line 6400, in edit_message_caption
    result = apihelper.edit_message_caption(
             ^^^^^^^^^^^^^^^^^^^^^^^^^^^^^^^
  File "/usr/local/lib/python3.11/site-packages/telebot/apihelper.py", line 1694, in edit_message_caption
    return _make_request(token, method_url, params=payload, method='post')
           ^^^^^^^^^^^^^^^^^^^^^^^^^^^^^^^^^^^^^^^^^^^^^^^^^^^^^^^^^^^^^^^
  File "/usr/local/lib/python3.11/site-packages/telebot/apihelper.py", line 168, in _make_request
    json_result = _check_result(method_name, result)
                  ^^^^^^^^^^^^^^^^^^^^^^^^^^^^^^^^^^
  File "/usr/local/lib/python3.11/site-packages/telebot/apihelper.py", line 197, in _check_result
    raise ApiTelegramException(method_name, result, result_json)
telebot.apihelper.ApiTelegramException: A request to the Telegram API was unsuccessful. Error code: 400. Description: Bad Request: message is not modified: specified new message content and reply markup are exactly the same as a current content and reply markup of the message

During handling of the above exception, another exception occurred:

Traceback (most recent call last):
  File "/usr/local/lib/python3.11/site-packages/telebot/__init__.py", line 1235, in __threaded_polling
    self.worker_pool.raise_exceptions()
  File "/usr/local/lib/python3.11/site-packages/telebot/util.py", line 154, in raise_exceptions
    raise self.exception_info
  File "/usr/local/lib/python3.11/site-packages/telebot/util.py", line 97, in run
    task(*args, **kwargs)
  File "/usr/local/lib/python3.11/site-packages/telebot/__init__.py", line 10427, in _run_middlewares_and_handler
    result = handler['function'](message)
             ^^^^^^^^^^^^^^^^^^^^^^^^^^^^
  File "/app/tuk.py", line 15886, in callback_tyanka_feed
    bot.edit_message_text(
  File "/usr/local/lib/python3.11/site-packages/telebot/__init__.py", line 5444, in edit_message_text
    result = apihelper.edit_message_text(
             ^^^^^^^^^^^^^^^^^^^^^^^^^^^^
  File "/usr/local/lib/python3.11/site-packages/telebot/apihelper.py", line 1668, in edit_message_text
    return _make_request(token, method_url, params=payload, method='post')
           ^^^^^^^^^^^^^^^^^^^^^^^^^^^^^^^^^^^^^^^^^^^^^^^^^^^^^^^^^^^^^^^
  File "/usr/local/lib/python3.11/site-packages/telebot/apihelper.py", line 168, in _make_request
    json_result = _check_result(method_name, result)
                  ^^^^^^^^^^^^^^^^^^^^^^^^^^^^^^^^^^
  File "/usr/local/lib/python3.11/site-packages/telebot/apihelper.py", line 197, in _check_result
    raise ApiTelegramException(method_name, result, result_json)
telebot.apihelper.ApiTelegramException: A request to the Telegram API was unsuccessful. Error code: 400. Description: Bad Request: there is no text in the message to edit

2026-02-27 15:34:22,017 - LasVenturas By parviz - INFO - –ò–≥—Ä–∞ '–†–∞–∑–≥–æ–Ω': 7882268176 | –°—Ç–∞–≤–∫–∞: 70000000000000 | –†–µ–∑—É–ª—å—Ç–∞—Ç: win | –°–∫–æ—Ä–æ—Å—Ç—å: 283
2026-02-27 15:34:27,465 - LasVenturas By parviz - INFO - –ò–≥—Ä–∞ '–†–∞–∑–≥–æ–Ω': 6769029176 | –°—Ç–∞–≤–∫–∞: 7500000000000 | –†–µ–∑—É–ª—å—Ç–∞—Ç: lose | –°–∫–æ—Ä–æ—Å—Ç—å: 265
2026-02-27 15:34:34,149 - LasVenturas By parviz - INFO - –ò–≥—Ä–∞ '–†–∞–∑–≥–æ–Ω': 6769029176 | –°—Ç–∞–≤–∫–∞: 7500000000000 | –†–µ–∑—É–ª—å—Ç–∞—Ç: win | –°–∫–æ—Ä–æ—Å—Ç—å: 286
2026-02-27 15:35:20,844 - LasVenturas By parviz - INFO - ‚úÖ –ß–∞—Ç -1003610525609 –∞–≤—Ç–æ–º–∞—Ç–∏—á–µ—Å–∫–∏ –¥–æ–±–∞–≤–ª–µ–Ω –≤ —Ä–∞—Å—Å—ã–ª–∫—É
2026-02-27 15:35:30,550 - LasVenturas By parviz - INFO - –ò–≥—Ä–∞ '–†–∞–∑–≥–æ–Ω': 6769029176 | –°—Ç–∞–≤–∫–∞: 7500000000000 | –†–µ–∑—É–ª—å—Ç–∞—Ç: lose | –°–∫–æ—Ä–æ—Å—Ç—å: 197
2026-02-27 15:35:36,617 - LasVenturas By parviz - INFO - –ò–≥—Ä–∞ '–†–∞–∑–≥–æ–Ω': 6769029176 | –°—Ç–∞–≤–∫–∞: 7500000000000 | –†–µ–∑—É–ª—å—Ç–∞—Ç: lose | –°–∫–æ—Ä–æ—Å—Ç—å: 289
2026-02-27 15:35:42,581 - LasVenturas By parviz - INFO - –ò–≥—Ä–∞ '–†–∞–∑–≥–æ–Ω': 6769029176 | –°—Ç–∞–≤–∫–∞: 7500000000000 | –†–µ–∑—É–ª—å—Ç–∞—Ç: win | –°–∫–æ—Ä–æ—Å—Ç—å: 113
2026-02-27 15:35:46,409 - LasVenturas By parviz - INFO - –ò–≥—Ä–∞ '–†–∞–∑–≥–æ–Ω': 7882268176 | –°—Ç–∞–≤–∫–∞: 70000000000000 | –†–µ–∑—É–ª—å—Ç–∞—Ç: lose | –°–∫–æ—Ä–æ—Å—Ç—å: 267
2026-02-27 15:35:54,992 - LasVenturas By parviz - INFO - –ò–≥—Ä–∞ '–†–∞–∑–≥–æ–Ω': 7882268176 | –°—Ç–∞–≤–∫–∞: 70000000000000 | –†–µ–∑—É–ª—å—Ç–∞—Ç: lose | –°–∫–æ—Ä–æ—Å—Ç—å: 230
2026-02-27 15:35:57,662 - LasVenturas By parviz - INFO - –ò–≥—Ä–∞ '–†–∞–∑–≥–æ–Ω': 8340514324 | –°—Ç–∞–≤–∫–∞: 12000 | –†–µ–∑—É–ª—å—Ç–∞—Ç: win | –°–∫–æ—Ä–æ—Å—Ç—å: 235
2026-02-27 15:36:00,511 - LasVenturas By parviz - INFO - –ò–≥—Ä–∞ '–†–∞–∑–≥–æ–Ω': 6769029176 | –°—Ç–∞–≤–∫–∞: 992499499950000 | –†–µ–∑—É–ª—å—Ç–∞—Ç: lose | –°–∫–æ—Ä–æ—Å—Ç—å: 244
2026-02-27 15:36:01,896 - LasVenturas By parviz - INFO - –ò–≥—Ä–∞ '–†–∞–∑–≥–æ–Ω': 7882268176 | –°—Ç–∞–≤–∫–∞: 70000000000000 | –†–µ–∑—É–ª—å—Ç–∞—Ç: lose | –°–∫–æ—Ä–æ—Å—Ç—å: 262
2026-02-27 15:36:03,592 - LasVenturas By parviz - INFO - –ò–≥—Ä–∞ '–†–∞–∑–≥–æ–Ω': 8340514324 | –°—Ç–∞–≤–∫–∞: 24000 | –†–µ–∑—É–ª—å—Ç–∞—Ç: win | –°–∫–æ—Ä–æ—Å—Ç—å: 260
2026-02-27 15:36:13,057 - LasVenturas By parviz - INFO - –ò–≥—Ä–∞ '–†–∞–∑–≥–æ–Ω': 7882268176 | –°—Ç–∞–≤–∫–∞: 70000000000000 | –†–µ–∑—É–ª—å—Ç–∞—Ç: lose | –°–∫–æ—Ä–æ—Å—Ç—å: 90
2026-02-27 15:36:21,848 - LasVenturas By parviz - INFO - –ò–≥—Ä–∞ '–†–∞–∑–≥–æ–Ω': 6769029176 | –°—Ç–∞–≤–∫–∞: 1000000000000000 | –†–µ–∑—É–ª—å—Ç–∞—Ç: lose | –°–∫–æ—Ä–æ—Å—Ç—å: 233
2026-02-27 15:36:40,992 - LasVenturas By parviz - INFO - –ò–≥—Ä–∞ '–†–∞–∑–≥–æ–Ω': 6769029176 | –°—Ç–∞–≤–∫–∞: 2500000000000000 | –†–µ–∑—É–ª—å—Ç–∞—Ç: lose | –°–∫–æ—Ä–æ—Å—Ç—å: 207
2026-02-27 15:36:55,214 - LasVenturas By parviz - INFO - –ò–≥—Ä–∞ '–†–∞–∑–≥–æ–Ω': 6769029176 | –°—Ç–∞–≤–∫–∞: 500000000000000 | –†–µ–∑—É–ª—å—Ç–∞—Ç: win | –°–∫–æ—Ä–æ—Å—Ç—å: 132
2026-02-27 15:37:26,287 - LasVenturas By parviz - INFO - –ò–≥—Ä–∞ '–†–∞–∑–≥–æ–Ω': 6769029176 | –°—Ç–∞–≤–∫–∞: 3000000000000000 | –†–µ–∑—É–ª—å—Ç–∞—Ç: lose | –°–∫–æ—Ä–æ—Å—Ç—å: 167
2026-02-27 15:37:35,421 - LasVenturas By parviz - INFO - –ò–≥—Ä–∞ '–†–∞–∑–≥–æ–Ω': 8340514324 | –°—Ç–∞–≤–∫–∞: 50000 | –†–µ–∑—É–ª—å—Ç–∞—Ç: lose | –°–∫–æ—Ä–æ—Å—Ç—å: 92
2026-02-27 15:37:44,122 - LasVenturas By parviz - INFO - –ò–≥—Ä–∞ '–†–∞–∑–≥–æ–Ω': 8340514324 | –°—Ç–∞–≤–∫–∞: 50000 | –†–µ–∑—É–ª—å—Ç–∞—Ç: win | –°–∫–æ—Ä–æ—Å—Ç—å: 168
2026-02-27 15:38:03,381 - LasVenturas By parviz - INFO - ‚ùå –ü–æ–ª—å–∑–æ–≤–∞—Ç–µ–ª—å 7526512670 –ù–ï –∏–º–µ–µ—Ç –Ω—É–∂–Ω—ã–π —Ç–µ–∫—Å—Ç –≤ bio.
2026-02-27 15:38:03,470 - LasVenturas By parviz - INFO - –ù–∞—á–∏—Å–ª–µ–Ω –¥–æ—Ö–æ–¥ 1119$ –ø–æ–ª—å–∑–æ–≤–∞—Ç–µ–ª—é 7526512670 –∏–∑ –∏—Å—Ç–æ—á–Ω–∏–∫–∞ bonus
2026-02-27 15:38:03,470 - LasVenturas By parviz - INFO - –ü–æ–ª—å–∑–æ–≤–∞—Ç–µ–ª—å 7526512670 –ø–æ–ª—É—á–∏–ª –æ–±—ã—á–Ω—ã–π –±–æ–Ω—É—Å 1119$
2026-02-27 15:38:09,174 - LasVenturas By parviz - INFO - –ü–µ—Ä–µ–≤–æ–¥: ùô∞ùöÅùô±ùöÑùöâùô∏ùô∫ ‚Üí . | –û—Ç–ø—Ä–∞–≤–∏–ª: 500000000000$, –ü–æ–ª—É—á–∏–ª: 450000000000$
2026-02-27 15:38:12,442 - LasVenturas By parviz - INFO - ‚ùå –ü–æ–ª—å–∑–æ–≤–∞—Ç–µ–ª—å 8340514324 –ù–ï –∏–º–µ–µ—Ç –Ω—É–∂–Ω—ã–π —Ç–µ–∫—Å—Ç –≤ bio.
2026-02-27 15:38:12,526 - LasVenturas By parviz - INFO - –ù–∞—á–∏—Å–ª–µ–Ω –¥–æ—Ö–æ–¥ 1855$ –ø–æ–ª—å–∑–æ–≤–∞—Ç–µ–ª—é 8340514324 –∏–∑ –∏—Å—Ç–æ—á–Ω–∏–∫–∞ bonus
2026-02-27 15:38:12,526 - LasVenturas By parviz - INFO - –ü–æ–ª—å–∑–æ–≤–∞—Ç–µ–ª—å 8340514324 –ø–æ–ª—É—á–∏–ª –æ–±—ã—á–Ω—ã–π –±–æ–Ω—É—Å 1855$
2026-02-27 15:38:13,958 - LasVenturas By parviz - INFO - –ü–µ—Ä–µ–≤–æ–¥: ùô∞ùöÅùô±ùöÑùöâùô∏ùô∫ ‚Üí MoRg„Äñ·¥∑‚Å±‚Åø·¥≥ùïøùñçùñÜùñìùñîùñò‡ºí | –û—Ç–ø—Ä–∞–≤–∏–ª: 500000000000$, –ü–æ–ª—É—á–∏–ª: 450000000000$
2026-02-27 15:38:14,294 - LasVenturas By parviz - INFO - ‚ùå –ü–æ–ª—å–∑–æ–≤–∞—Ç–µ–ª—å 8340514324 –ù–ï –∏–º–µ–µ—Ç –Ω—É–∂–Ω—ã–π —Ç–µ–∫—Å—Ç –≤ bio.
2026-02-27 15:38:14,380 - LasVenturas By parviz - INFO - –ù–∞—á–∏—Å–ª–µ–Ω –¥–æ—Ö–æ–¥ 1044$ –ø–æ–ª—å–∑–æ–≤–∞—Ç–µ–ª—é 8340514324 –∏–∑ –∏—Å—Ç–æ—á–Ω–∏–∫–∞ farm
2026-02-27 15:38:14,380 - LasVenturas By parviz - INFO - –ü–æ–ª—å–∑–æ–≤–∞—Ç–µ–ª—å 8340514324 –ø–æ–ª—É—á–∏–ª –æ–±—ã—á–Ω—ã–π –¥–æ—Ö–æ–¥ —Å —Ñ–µ—Ä–º—ã 1044$
2026-02-27 15:38:29,245 - LasVenturas By parviz - INFO - –ü–µ—Ä–µ–≤–æ–¥: ùô∞ùöÅùô±ùöÑùöâùô∏ùô∫ ‚Üí . | –û—Ç–ø—Ä–∞–≤–∏–ª: 500000000000$, –ü–æ–ª—É—á–∏–ª: 450000000000$
2026-02-27 15:38:30,581 - LasVenturas By parviz - INFO - ‚ùå –ü–æ–ª—å–∑–æ–≤–∞—Ç–µ–ª—å 7526512670 –ù–ï –∏–º–µ–µ—Ç –Ω—É–∂–Ω—ã–π —Ç–µ–∫—Å—Ç –≤ bio.
2026-02-27 15:38:30,665 - LasVenturas By parviz - INFO - –ù–∞—á–∏—Å–ª–µ–Ω –¥–æ—Ö–æ–¥ 608$ –ø–æ–ª—å–∑–æ–≤–∞—Ç–µ–ª—é 7526512670 –∏–∑ –∏—Å—Ç–æ—á–Ω–∏–∫–∞ farm
2026-02-27 15:38:30,665 - LasVenturas By parviz - INFO - –ü–æ–ª—å–∑–æ–≤–∞—Ç–µ–ª—å 7526512670 –ø–æ–ª—É—á–∏–ª –æ–±—ã—á–Ω—ã–π –¥–æ—Ö–æ–¥ —Å —Ñ–µ—Ä–º—ã 608$
2026-02-27 15:38:31,085 - LasVenturas By parviz - INFO - –ò–≥—Ä–∞ '–†–∞–∑–≥–æ–Ω': 6769029176 | –°—Ç–∞–≤–∫–∞: 450000000000 | –†–µ–∑—É–ª—å—Ç–∞—Ç: lose | –°–∫–æ—Ä–æ—Å—Ç—å: 197
2026-02-27 15:38:40,983 - LasVenturas By parviz - INFO - –ü–µ—Ä–µ–≤–æ–¥: ùô∞ùöÅùô±ùöÑùöâùô∏ùô∫ ‚Üí MoRg„Äñ·¥∑‚Å±‚Åø·¥≥ùïøùñçùñÜùñìùñîùñò‡ºí | –û—Ç–ø—Ä–∞–≤–∏–ª: 500000000000$, –ü–æ–ª—É—á–∏–ª: 450000000000$
2026-02-27 15:39:01,262 - LasVenturas By parviz - INFO - –ò–≥—Ä–∞ '–†–∞–∑–≥–æ–Ω': 6769029176 | –°—Ç–∞–≤–∫–∞: 450000000000 | –†–µ–∑—É–ª—å—Ç–∞—Ç: lose | –°–∫–æ—Ä–æ—Å—Ç—å: 265
2026-02-27 15:39:01,920 - LasVenturas By parviz - INFO - –ü–µ—Ä–µ–≤–æ–¥: ùñïùñÜùñóùñõùñéùñü ‚Üí prince | –û—Ç–ø—Ä–∞–≤–∏–ª: 100000$, –ü–æ–ª—É—á–∏–ª: 100000$
2026-02-27 15:39:12,295 - LasVenturas By parviz - INFO - –ê–¥–º–∏–Ω parvizwp –∑–∞–ø—Ä–æ—Å–∏–ª –ª–æ–≥–∏
2026-02-27 15:40:33,251 - LasVenturas By parviz - INFO - –ü–æ–ª—å–∑–æ–≤–∞—Ç–µ–ª—å viccha2 –∑–∞–ø—Ä–æ—Å–∏–ª –∏–Ω—Ñ–æ—Ä–º–∞—Ü–∏—é –æ –±–∏–∑–Ω–µ—Å–µ
2026-02-27 15:40:47,180 - LasVenturas By parviz - INFO - –ù–∞—á–∏—Å–ª–µ–Ω –¥–æ—Ö–æ–¥ 328076$ –ø–æ–ª—å–∑–æ–≤–∞—Ç–µ–ª—é 7696828602 –∏–∑ –∏—Å—Ç–æ—á–Ω–∏–∫–∞ business
2026-02-27 15:41:12,823 - LasVenturas By parviz - INFO - –ü–æ–ª—å–∑–æ–≤–∞—Ç–µ–ª—å viccha2 –∑–∞–ø—Ä–æ—Å–∏–ª –∏–Ω—Ñ–æ—Ä–º–∞—Ü–∏—é –æ –¥–æ–º–µ
2026-02-27 15:41:25,529 - LasVenturas By parviz - INFO - –ü–æ–ª—å–∑–æ–≤–∞—Ç–µ–ª—å viccha2 –æ–ø–ª–∞—Ç–∏–ª —Å–æ–¥–µ—Ä–∂–∞–Ω–∏–µ –¥–æ–º–∞: 30000$
2026-02-27 15:41:25,637 - LasVenturas By parviz - INFO - –ü–æ–ª—å–∑–æ–≤–∞—Ç–µ–ª—å viccha2 —Å–æ–±—Ä–∞–ª –∞—Ä–µ–Ω–¥—É: 393728$
2026-02-27 15:41:52,914 - LasVenturas By parviz - INFO - üõ° –ú–æ–¥–µ—Ä–∞—Ü–∏—è: —É–¥–∞–ª–µ–Ω–∏–µ –±–∞–Ω–∫–æ–≤—Å–∫–æ–≥–æ —Å—á–µ—Ç–∞ | –ê–¥–º–∏–Ω: 7526512670 | –¶–µ–ª—å: 6042757664 | –ë–∞–ª–∞–Ω—Å –Ω–∞ —Å—á–µ—Ç—É: 15000000000
2026-02-27 15:45:31,743 - LasVenturas By parviz - INFO - –ò–≥—Ä–∞ '–†–∞–∑–≥–æ–Ω': 6769029176 | –°—Ç–∞–≤–∫–∞: 1300000 | –†–µ–∑—É–ª—å—Ç–∞—Ç: lose | –°–∫–æ—Ä–æ—Å—Ç—å: 244
2026-02-27 15:45:41,358 - LasVenturas By parviz - INFO - –ò–≥—Ä–∞ '–†–∞–∑–≥–æ–Ω': 6769029176 | –°—Ç–∞–≤–∫–∞: 8000 | –†–µ–∑—É–ª—å—Ç–∞—Ç: lose | –°–∫–æ—Ä–æ—Å—Ç—å: 233
2026-02-27 15:52:07,309 - LasVenturas By parviz - INFO - –ü–µ—Ä–µ–≤–æ–¥: ùñïùñÜùñóùñõùñéùñü ‚Üí prince | –û—Ç–ø—Ä–∞–≤–∏–ª: 200000$, –ü–æ–ª—É—á–∏–ª: 180000$
2026-02-27 16:16:40,944 - LasVenturas By parviz - INFO - ‚úÖ –°–∏—Å—Ç–µ–º–∞ –ø–∞—Å—Å–∏–≤–Ω–æ–≥–æ VIP –¥–æ—Ö–æ–¥–∞ –∑–∞–ø—É—â–µ–Ω–∞ (–∏–Ω—Ç–µ—Ä–≤–∞–ª: 3 —á–∞—Å–∞)
2026-02-27 16:16:40,962 - LasVenturas By parviz - INFO - ‚úÖ –ë–∞–∑–∞ –¥–∞–Ω–Ω—ã—Ö –∫–µ–π—Å–æ–≤ –∏–Ω–∏—Ü–∏–∞–ª–∏–∑–∏—Ä–æ–≤–∞–Ω–∞
2026-02-27 16:16:40,973 - LasVenturas By parviz - INFO - ‚úÖ –°–∏—Å—Ç–µ–º–∞ –Ω–∞—á–∏—Å–ª–µ–Ω–∏—è –±–∞–Ω–∫–æ–≤—Å–∫–∏—Ö –ø—Ä–æ—Ü–µ–Ω—Ç–æ–≤ –∑–∞–ø—É—â–µ–Ω–∞ (–µ–∂–µ–¥–Ω–µ–≤–Ω–æ –≤ 03:00)
2026-02-27 16:16:40,983 - LasVenturas By parviz - INFO - ‚úÖ –í –±–∞–∑–µ —É–∂–µ –µ—Å—Ç—å 5 –ø—Ä–µ—Ñ–∏–∫—Å–æ–≤
2026-02-27 16:16:41,197 - LasVenturas By parviz - INFO - –ë–æ—Ç Iris –∑–∞–ø—É—â–µ–Ω!
2026-02-27 16:16:41,781 - LasVenturas By parviz - INFO - ‚ùå –ü–æ–ª—å–∑–æ–≤–∞—Ç–µ–ª—å 5424666061 –ù–ï –∏–º–µ–µ—Ç –Ω—É–∂–Ω—ã–π —Ç–µ–∫—Å—Ç –≤ bio.
2026-02-27 16:16:41,861 - LasVenturas By parviz - INFO - –ù–∞—á–∏—Å–ª–µ–Ω –¥–æ—Ö–æ–¥ 3128$ –ø–æ–ª—å–∑–æ–≤–∞—Ç–µ–ª—é 5424666061 –∏–∑ –∏—Å—Ç–æ—á–Ω–∏–∫–∞ bonus
2026-02-27 16:16:41,862 - LasVenturas By parviz - INFO - –ü–æ–ª—å–∑–æ–≤–∞—Ç–µ–ª—å 5424666061 –ø–æ–ª—É—á–∏–ª –æ–±—ã—á–Ω—ã–π –±–æ–Ω—É—Å 3128$
2026-02-27 16:17:02,408 - LasVenturas By parviz - INFO - ‚ùå –ü–æ–ª—å–∑–æ–≤–∞—Ç–µ–ª—å 809656806 –ù–ï –∏–º–µ–µ—Ç –Ω—É–∂–Ω—ã–π —Ç–µ–∫—Å—Ç –≤ bio.
2026-02-27 16:17:02,487 - LasVenturas By parviz - INFO - –ù–∞—á–∏—Å–ª–µ–Ω –¥–æ—Ö–æ–¥ 2595$ –ø–æ–ª—å–∑–æ–≤–∞—Ç–µ–ª—é 809656806 –∏–∑ –∏—Å—Ç–æ—á–Ω–∏–∫–∞ bonus
2026-02-27 16:17:02,487 - LasVenturas By parviz - INFO - –ü–æ–ª—å–∑–æ–≤–∞—Ç–µ–ª—å 809656806 –ø–æ–ª—É—á–∏–ª –æ–±—ã—á–Ω—ã–π –±–æ–Ω—É—Å 2595$
2026-02-27 16:17:05,965 - LasVenturas By parviz - INFO - ‚úÖ –†–µ–∑—É–ª—å—Ç–∞—Ç —Ä—É–ª–µ—Ç–∫–∏ –∑–∞–ø–∏—Å–∞–Ω –≤ –ª–æ–≥: 20 —á, —Å–µ—Å—Å–∏—è 31517639
2026-02-27 16:18:15,276 - LasVenturas By parviz - INFO - –ò–≥—Ä–∞ '–†–∞–∑–≥–æ–Ω': 809656806 | –°—Ç–∞–≤–∫–∞: 167198 | –†–µ–∑—É–ª—å—Ç–∞—Ç: lose | –°–∫–æ—Ä–æ—Å—Ç—å: 195
2026-02-27 16:20:59,827 - LasVenturas By parviz - INFO - –ò–≥—Ä–∞ '–†–∞–∑–≥–æ–Ω': 809656806 | –°—Ç–∞–≤–∫–∞: 131505 | –†–µ–∑—É–ª—å—Ç–∞—Ç: lose | –°–∫–æ—Ä–æ—Å—Ç—å: 307
2026-02-27 16:24:05,066 - LasVenturas By parviz - INFO - –ü–æ–ª—å–∑–æ–≤–∞—Ç–µ–ª—å DAGDARION7766 –∑–∞–ø—Ä–æ—Å–∏–ª –∏–Ω—Ñ–æ—Ä–º–∞—Ü–∏—é –æ –±–∏–∑–Ω–µ—Å–µ
2026-02-27 16:28:27,063 - LasVenturas By parviz - INFO - üéÆ –ò–≥—Ä–∞ —Ñ—É—Ç–±–æ–ª: —Å—Ç–∞–≤–∫–∞ 1000, —à–∞–Ω—Å 0.890, —Ä–µ–∑—É–ª—å—Ç–∞—Ç –ü–†–û–ò–ì–†–´–®
2026-02-27 16:35:41,673 - LasVenturas By parviz - INFO - üéÆ –ò–≥—Ä–∞ —Ñ—É—Ç–±–æ–ª: —Å—Ç–∞–≤–∫–∞ 3000, —à–∞–Ω—Å 0.492, —Ä–µ–∑—É–ª—å—Ç–∞—Ç –í–´–ò–ì–†–´–®
2026-02-27 16:41:14,444 - LasVenturas By parviz - INFO - ‚úÖ –†–µ–∑—É–ª—å—Ç–∞—Ç —Ä—É–ª–µ—Ç–∫–∏ –∑–∞–ø–∏—Å–∞–Ω –≤ –ª–æ–≥: 24 —á, —Å–µ—Å—Å–∏—è 15830511
2026-02-27 16:41:31,744 - LasVenturas By parviz - INFO - ‚úÖ –†–µ–∑—É–ª—å—Ç–∞—Ç —Ä—É–ª–µ—Ç–∫–∏ –∑–∞–ø–∏—Å–∞–Ω –≤ –ª–æ–≥: 3 –∫, —Å–µ—Å—Å–∏—è 1ac56bcc
2026-02-27 16:41:56,176 - LasVenturas By parviz - INFO - ‚úÖ –†–µ–∑—É–ª—å—Ç–∞—Ç —Ä—É–ª–µ—Ç–∫–∏ –∑–∞–ø–∏—Å–∞–Ω –≤ –ª–æ–≥: 35 –∫, —Å–µ—Å—Å–∏—è 0e3b8066
2026-02-27 16:41:58,005 - LasVenturas By parviz - INFO - –ü–æ–ª—å–∑–æ–≤–∞—Ç–µ–ª—å Me_Vangog –∑–∞–ø—Ä–æ—Å–∏–ª –∏–Ω—Ñ–æ—Ä–º–∞—Ü–∏—é –æ –±–∏–∑–Ω–µ—Å–µ
2026-02-27 16:42:16,527 - LasVenturas By parviz - INFO - –ò–≥—Ä–∞ '–†–∞–∑–≥–æ–Ω': 8340514324 | –°—Ç–∞–≤–∫–∞: 30000 | –†–µ–∑—É–ª—å—Ç–∞—Ç: win | –°–∫–æ—Ä–æ—Å—Ç—å: 121
2026-02-27 16:42:27,040 - LasVenturas By parviz - INFO - –ò–≥—Ä–∞ '–†–∞–∑–≥–æ–Ω': 8340514324 | –°—Ç–∞–≤–∫–∞: 300000 | –†–µ–∑—É–ª—å—Ç–∞—Ç: win | –°–∫–æ—Ä–æ—Å—Ç—å: 215
2026-02-27 16:43:13,541 - LasVenturas By parviz - INFO - ‚úÖ –†–µ–∑—É–ª—å—Ç–∞—Ç —Ä—É–ª–µ—Ç–∫–∏ –∑–∞–ø–∏—Å–∞–Ω –≤ –ª–æ–≥: 7 –∫, —Å–µ—Å—Å–∏—è 237294e3
2026-02-27 16:43:48,729 - LasVenturas By parviz - INFO - –ò–≥—Ä–∞ '–†–∞–∑–≥–æ–Ω': 8340514324 | –°—Ç–∞–≤–∫–∞: 300000 | –†–µ–∑—É–ª—å—Ç–∞—Ç: win | –°–∫–æ—Ä–æ—Å—Ç—å: 311
2026-02-27 16:44:40,264 - LasVenturas By parviz - INFO - ‚úÖ –†–µ–∑—É–ª—å—Ç–∞—Ç —Ä—É–ª–µ—Ç–∫–∏ –∑–∞–ø–∏—Å–∞–Ω –≤ –ª–æ–≥: 30 —á, —Å–µ—Å—Å–∏—è 406f727f
2026-02-27 16:45:41,644 - LasVenturas By parviz - INFO - ‚úÖ –†–µ–∑—É–ª—å—Ç–∞—Ç —Ä—É–ª–µ—Ç–∫–∏ –∑–∞–ø–∏—Å–∞–Ω –≤ –ª–æ–≥: 26 —á, —Å–µ—Å—Å–∏—è a1ec281a
2026-02-27 16:45:52,671 - LasVenturas By parviz - INFO - ‚úÖ –†–µ–∑—É–ª—å—Ç–∞—Ç —Ä—É–ª–µ—Ç–∫–∏ –∑–∞–ø–∏—Å–∞–Ω –≤ –ª–æ–≥: 27 –∫, —Å–µ—Å—Å–∏—è 3845b3c4
2026-02-27 16:45:55,582 - LasVenturas By parviz - INFO - –ò–≥—Ä–∞ '–†–∞–∑–≥–æ–Ω': 809656806 | –°—Ç–∞–≤–∫–∞: 500000 | –†–µ–∑—É–ª—å—Ç–∞—Ç: lose | –°–∫–æ—Ä–æ—Å—Ç—å: 287
2026-02-27 16:46:02,097 - LasVenturas By parviz - INFO - ‚úÖ –£–¥–∞–ª–µ–Ω –ø—Ä–µ—Ñ–∏–∫—Å –ø–æ–ª—å–∑–æ–≤–∞—Ç–µ–ª—è 5424666061
2026-02-27 16:46:04,352 - LasVenturas By parviz - INFO - ‚úÖ –†–µ–∑—É–ª—å—Ç–∞—Ç —Ä—É–ª–µ—Ç–∫–∏ –∑–∞–ø–∏—Å–∞–Ω –≤ –ª–æ–≥: 22 —á, —Å–µ—Å—Å–∏—è 0f7729df
2026-02-27 16:46:12,303 - LasVenturas By parviz - INFO - –ò–≥—Ä–∞ '–†–∞–∑–≥–æ–Ω': 5424666061 | –°—Ç–∞–≤–∫–∞: 1250000 | –†–µ–∑—É–ª—å—Ç–∞—Ç: lose | –°–∫–æ—Ä–æ—Å—Ç—å: 148
2026-02-27 16:46:32,282 - LasVenturas By parviz - INFO - ‚úÖ –†–µ–∑—É–ª—å—Ç–∞—Ç —Ä—É–ª–µ—Ç–∫–∏ –∑–∞–ø–∏—Å–∞–Ω –≤ –ª–æ–≥: 27 –∫, —Å–µ—Å—Å–∏—è 7e7b3232
2026-02-27 16:47:18,545 - LasVenturas By parviz - INFO - ‚ùå –ü–æ–ª—å–∑–æ–≤–∞—Ç–µ–ª—å 8168027201 –ù–ï –∏–º–µ–µ—Ç –Ω—É–∂–Ω—ã–π —Ç–µ–∫—Å—Ç –≤ bio.
2026-02-27 16:47:18,628 - LasVenturas By parviz - INFO - –ù–∞—á–∏—Å–ª–µ–Ω –¥–æ—Ö–æ–¥ 544$ –ø–æ–ª—å–∑–æ–≤–∞—Ç–µ–ª—é 8168027201 –∏–∑ –∏—Å—Ç–æ—á–Ω–∏–∫–∞ farm
2026-02-27 16:47:18,628 - LasVenturas By parviz - INFO - –ü–æ–ª—å–∑–æ–≤–∞—Ç–µ–ª—å 8168027201 –ø–æ–ª—É—á–∏–ª –æ–±—ã—á–Ω—ã–π –¥–æ—Ö–æ–¥ —Å —Ñ–µ—Ä–º—ã 544$
2026-02-27 16:47:29,649 - LasVenturas By parviz - INFO - ‚úÖ –†–µ–∑—É–ª—å—Ç–∞—Ç —Ä—É–ª–µ—Ç–∫–∏ –∑–∞–ø–∏—Å–∞–Ω –≤ –ª–æ–≥: 18 —á, —Å–µ—Å—Å–∏—è 3fa7028b
2026-02-27 16:47:55,612 - LasVenturas By parviz - INFO - –ò–≥—Ä–∞ '–†–∞–∑–≥–æ–Ω': 8340514324 | –°—Ç–∞–≤–∫–∞: 390000 | –†–µ–∑—É–ª—å—Ç–∞—Ç: win | –°–∫–æ—Ä–æ—Å—Ç—å: 236
2026-02-27 16:48:07,285 - LasVenturas By parviz - INFO - –ò–≥—Ä–∞ '–†–∞–∑–≥–æ–Ω': 8340514324 | –°—Ç–∞–≤–∫–∞: 780000 | –†–µ–∑—É–ª—å—Ç–∞—Ç: win | –°–∫–æ—Ä–æ—Å—Ç—å: 138
2026-02-27 16:48:34,772 - LasVenturas By parviz - INFO - ‚úÖ –†–µ–∑—É–ª—å—Ç–∞—Ç —Ä—É–ª–µ—Ç–∫–∏ –∑–∞–ø–∏—Å–∞–Ω –≤ –ª–æ–≥: 24 —á, —Å–µ—Å—Å–∏—è 7aec42ed
2026-02-27 16:49:24,243 - LasVenturas By parviz - INFO - ‚úÖ –†–µ–∑—É–ª—å—Ç–∞—Ç —Ä—É–ª–µ—Ç–∫–∏ –∑–∞–ø–∏—Å–∞–Ω –≤ –ª–æ–≥: 20 —á, —Å–µ—Å—Å–∏—è 3940ebab
2026-02-27 16:49:40,332 - LasVenturas By parviz - INFO - ‚úÖ –†–µ–∑—É–ª—å—Ç–∞—Ç —Ä—É–ª–µ—Ç–∫–∏ –∑–∞–ø–∏—Å–∞–Ω –≤ –ª–æ–≥: 19 –∫, —Å–µ—Å—Å–∏—è 67279ace
2026-02-27 16:50:03,294 - LasVenturas By parviz - INFO - ‚ùå –ü–æ–ª—å–∑–æ–≤–∞—Ç–µ–ª—å 7696828602 –ù–ï –∏–º–µ–µ—Ç –Ω—É–∂–Ω—ã–π —Ç–µ–∫—Å—Ç –≤ bio.
2026-02-27 16:50:03,371 - LasVenturas By parviz - INFO - –ù–∞—á–∏—Å–ª–µ–Ω –¥–æ—Ö–æ–¥ 4571$ –ø–æ–ª—å–∑–æ–≤–∞—Ç–µ–ª—é 7696828602 –∏–∑ –∏—Å—Ç–æ—á–Ω–∏–∫–∞ farm
2026-02-27 16:50:03,371 - LasVenturas By parviz - INFO - –ü–æ–ª—å–∑–æ–≤–∞—Ç–µ–ª—å 7696828602 –ø–æ–ª—É—á–∏–ª –æ–±—ã—á–Ω—ã–π –¥–æ—Ö–æ–¥ —Å —Ñ–µ—Ä–º—ã 4571$
2026-02-27 16:51:08,433 - LasVenturas By parviz - INFO - ‚úÖ –†–µ–∑—É–ª—å—Ç–∞—Ç —Ä—É–ª–µ—Ç–∫–∏ –∑–∞–ø–∏—Å–∞–Ω –≤ –ª–æ–≥: 23 –∫, —Å–µ—Å—Å–∏—è 2a7bc821
2026-02-27 16:51:24,807 - LasVenturas By parviz - INFO - ‚úÖ –†–µ–∑—É–ª—å—Ç–∞—Ç —Ä—É–ª–µ—Ç–∫–∏ –∑–∞–ø–∏—Å–∞–Ω –≤ –ª–æ–≥: 24 —á, —Å–µ—Å—Å–∏—è 91cda916
2026-02-27 16:51:32,983 - LasVenturas By parviz - INFO - –ü–æ–ª—å–∑–æ–≤–∞—Ç–µ–ª—å prettyboy_777 –∑–∞–ø—Ä–æ—Å–∏–ª –º–∞–≥–∞–∑–∏–Ω –±–∏–∑–Ω–µ—Å–æ–≤
2026-02-27 16:51:39,067 - LasVenturas By parviz - INFO - –ü–æ–ª—å–∑–æ–≤–∞—Ç–µ–ª—å prettyboy_777 –∫—É–ø–∏–ª –±–∏–∑–Ω–µ—Å –æ—Ç–µ–ª—å
2026-02-27 16:52:08,746 - LasVenturas By parviz - INFO - ‚úÖ –†–µ–∑—É–ª—å—Ç–∞—Ç —Ä—É–ª–µ—Ç–∫–∏ –∑–∞–ø–∏—Å–∞–Ω –≤ –ª–æ–≥: 25 –∫, —Å–µ—Å—Å–∏—è f87ccd85
2026-02-27 16:52:19,369 - LasVenturas By parviz - INFO - ‚úÖ –†–µ–∑—É–ª—å—Ç–∞—Ç —Ä—É–ª–µ—Ç–∫–∏ –∑–∞–ø–∏—Å–∞–Ω –≤ –ª–æ–≥: 7 –∫, —Å–µ—Å—Å–∏—è d0f4250e
2026-02-27 16:52:30,275 - LasVenturas By parviz - INFO - –ü–æ–ª—å–∑–æ–≤–∞—Ç–µ–ª—å prettyboy_777 –∑–∞–ø—Ä–æ—Å–∏–ª –∏–Ω—Ñ–æ—Ä–º–∞—Ü–∏—é –æ –±–∏–∑–Ω–µ—Å–µ
2026-02-27 16:57:08,683 - LasVenturas By parviz - INFO - –ü–æ–ª—å–∑–æ–≤–∞—Ç–µ–ª—å None –∑–∞–ø—Ä–æ—Å–∏–ª –∏–Ω—Ñ–æ—Ä–º–∞—Ü–∏—é –æ –±–∏–∑–Ω–µ—Å–µ
2026-02-27 16:57:11,843 - LasVenturas By parviz - INFO - –ù–∞—á–∏—Å–ª–µ–Ω –¥–æ—Ö–æ–¥ 189128$ –ø–æ–ª—å–∑–æ–≤–∞—Ç–µ–ª—é 7733538262 –∏–∑ –∏—Å—Ç–æ—á–Ω–∏–∫–∞ business
2026-02-27 16:57:41,733 - LasVenturas By parviz - INFO - –ò–≥—Ä–∞ '–†–∞–∑–≥–æ–Ω': 7733538262 | –°—Ç–∞–≤–∫–∞: 273798 | –†–µ–∑—É–ª—å—Ç–∞—Ç: lose | –°–∫–æ—Ä–æ—Å—Ç—å: 92
2026-02-27 17:40:13,941 - LasVenturas By parviz - INFO - ‚ùå –ü–æ–ª—å–∑–æ–≤–∞—Ç–µ–ª—å 8589562480 –ù–ï –∏–º–µ–µ—Ç –Ω—É–∂–Ω—ã–π —Ç–µ–∫—Å—Ç –≤ bio.
2026-02-27 17:40:14,021 - LasVenturas By parviz - INFO - –ù–∞—á–∏—Å–ª–µ–Ω –¥–æ—Ö–æ–¥ 2428$ –ø–æ–ª—å–∑–æ–≤–∞—Ç–µ–ª—é 8589562480 –∏–∑ –∏—Å—Ç–æ—á–Ω–∏–∫–∞ bonus
2026-02-27 17:40:14,021 - LasVenturas By parviz - INFO - –ü–æ–ª—å–∑–æ–≤–∞—Ç–µ–ª—å 8589562480 –ø–æ–ª—É—á–∏–ª –æ–±—ã—á–Ω—ã–π –±–æ–Ω—É—Å 2428$
2026-02-27 17:40:22,721 - LasVenturas By parviz - INFO - ‚ùå –ü–æ–ª—å–∑–æ–≤–∞—Ç–µ–ª—å 8589562480 –ù–ï –∏–º–µ–µ—Ç –Ω—É–∂–Ω—ã–π —Ç–µ–∫—Å—Ç –≤ bio.
2026-02-27 17:40:22,807 - LasVenturas By parviz - INFO - –ù–∞—á–∏—Å–ª–µ–Ω –¥–æ—Ö–æ–¥ 4823$ –ø–æ–ª—å–∑–æ–≤–∞—Ç–µ–ª—é 8589562480 –∏–∑ –∏—Å—Ç–æ—á–Ω–∏–∫–∞ farm
2026-02-27 17:40:22,807 - LasVenturas By parviz - INFO - –ü–æ–ª—å–∑–æ–≤–∞—Ç–µ–ª—å 8589562480 –ø–æ–ª—É—á–∏–ª –æ–±—ã—á–Ω—ã–π –¥–æ—Ö–æ–¥ —Å —Ñ–µ—Ä–º—ã 4823$
2026-02-27 17:40:50,485 - LasVenturas By parviz - INFO - –ü–æ–ª—å–∑–æ–≤–∞—Ç–µ–ª—å EgoistMetroShop –∑–∞–ø—Ä–æ—Å–∏–ª –∏–Ω—Ñ–æ—Ä–º–∞—Ü–∏—é –æ –¥–æ–º–µ
2026-02-27 17:40:56,798 - LasVenturas By parviz - INFO - –ü–æ–ª—å–∑–æ–≤–∞—Ç–µ–ª—å EgoistMetroShop —Å–æ–±—Ä–∞–ª –∞—Ä–µ–Ω–¥—É: 49173$
2026-02-27 17:40:58,520 - LasVenturas By parviz - INFO - –ü–æ–ª—å–∑–æ–≤–∞—Ç–µ–ª—å EgoistMetroShop –æ–ø–ª–∞—Ç–∏–ª —Å–æ–¥–µ—Ä–∂–∞–Ω–∏–µ –¥–æ–º–∞: 30000$
2026-02-27 18:06:01,376 - LasVenturas By parviz - INFO - ‚ùå –ü–æ–ª—å–∑–æ–≤–∞—Ç–µ–ª—å 7526512670 –ù–ï –∏–º–µ–µ—Ç –Ω—É–∂–Ω—ã–π —Ç–µ–∫—Å—Ç –≤ bio.
2026-02-27 18:06:01,494 - LasVenturas By parviz - INFO - –ù–∞—á–∏—Å–ª–µ–Ω –¥–æ—Ö–æ–¥ 3877$ –ø–æ–ª—å–∑–æ–≤–∞—Ç–µ–ª—é 7526512670 –∏–∑ –∏—Å—Ç–æ—á–Ω–∏–∫–∞ farm
2026-02-27 18:06:01,494 - LasVenturas By parviz - INFO - –ü–æ–ª—å–∑–æ–≤–∞—Ç–µ–ª—å 7526512670 –ø–æ–ª—É—á–∏–ª –æ–±—ã—á–Ω—ã–π –¥–æ—Ö–æ–¥ —Å —Ñ–µ—Ä–º—ã 3877$
2026-02-27 18:06:23,662 - LasVenturas By parviz - INFO - ‚ùå –ü–æ–ª—å–∑–æ–≤–∞—Ç–µ–ª—å 7158187651 –ù–ï –∏–º–µ–µ—Ç –Ω—É–∂–Ω—ã–π —Ç–µ–∫—Å—Ç –≤ bio.
2026-02-27 18:06:23,741 - LasVenturas By parviz - INFO - –ù–∞—á–∏—Å–ª–µ–Ω –¥–æ—Ö–æ–¥ 1837$ –ø–æ–ª—å–∑–æ–≤–∞—Ç–µ–ª—é 7158187651 –∏–∑ –∏—Å—Ç–æ—á–Ω–∏–∫–∞ farm
2026-02-27 18:06:23,741 - LasVenturas By parviz - INFO - –ü–æ–ª—å–∑–æ–≤–∞—Ç–µ–ª—å 7158187651 –ø–æ–ª—É—á–∏–ª –æ–±—ã—á–Ω—ã–π –¥–æ—Ö–æ–¥ —Å —Ñ–µ—Ä–º—ã 1837$
2026-02-27 18:23:51,005 - LasVenturas By parviz - INFO - –ü–æ–ª—å–∑–æ–≤–∞—Ç–µ–ª—å None –∑–∞–ø—Ä–æ—Å–∏–ª –∏–Ω—Ñ–æ—Ä–º–∞—Ü–∏—é –æ –±–∏–∑–Ω–µ—Å–µ
2026-02-27 18:29:33,819 - LasVenturas By parviz - INFO - –ü–æ–ª—å–∑–æ–≤–∞—Ç–µ–ª—å Salim_999 –∑–∞–ø—Ä–æ—Å–∏–ª –∏–Ω—Ñ–æ—Ä–º–∞—Ü–∏—é –æ –±–∏–∑–Ω–µ—Å–µ
2026-02-27 18:29:38,387 - LasVenturas By parviz - INFO - –ù–∞—á–∏—Å–ª–µ–Ω –¥–æ—Ö–æ–¥ 947733$ –ø–æ–ª—å–∑–æ–≤–∞—Ç–µ–ª—é 5264373801 –∏–∑ –∏—Å—Ç–æ—á–Ω–∏–∫–∞ business
2026-02-27 18:30:22,347 - LasVenturas By parviz - INFO - ‚ùå –ü–æ–ª—å–∑–æ–≤–∞—Ç–µ–ª—å 6392543992 –ù–ï –∏–º–µ–µ—Ç –Ω—É–∂–Ω—ã–π —Ç–µ–∫—Å—Ç –≤ bio.
2026-02-27 18:30:22,431 - LasVenturas By parviz - INFO - –ù–∞—á–∏—Å–ª–µ–Ω –¥–æ—Ö–æ–¥ 4875$ –ø–æ–ª—å–∑–æ–≤–∞—Ç–µ–ª—é 6392543992 –∏–∑ –∏—Å—Ç–æ—á–Ω–∏–∫–∞ farm
2026-02-27 18:30:22,432 - LasVenturas By parviz - INFO - –ü–æ–ª—å–∑–æ–≤–∞—Ç–µ–ª—å 6392543992 –ø–æ–ª—É—á–∏–ª –æ–±—ã—á–Ω—ã–π –¥–æ—Ö–æ–¥ —Å —Ñ–µ—Ä–º—ã 4875$
2026-02-27 18:37:49,578 - LasVenturas By parviz - INFO - –ü–æ–ª—å–∑–æ–≤–∞—Ç–µ–ª—å Salim_999 –∑–∞–ø—Ä–æ—Å–∏–ª –º–∞–≥–∞–∑–∏–Ω –±–∏–∑–Ω–µ—Å–æ–≤
2026-02-27 19:24:26,038 - LasVenturas By parviz - INFO - ‚ùå –ü–æ–ª—å–∑–æ–≤–∞—Ç–µ–ª—å 7457101105 –ù–ï –∏–º–µ–µ—Ç –Ω—É–∂–Ω—ã–π —Ç–µ–∫—Å—Ç –≤ bio.
2026-02-27 19:24:26,123 - LasVenturas By parviz - INFO - –ù–∞—á–∏—Å–ª–µ–Ω –¥–æ—Ö–æ–¥ 4487$ –ø–æ–ª—å–∑–æ–≤–∞—Ç–µ–ª—é 7457101105 –∏–∑ –∏—Å—Ç–æ—á–Ω–∏–∫–∞ farm
2026-02-27 19:24:26,123 - LasVenturas By parviz - INFO - –ü–æ–ª—å–∑–æ–≤–∞—Ç–µ–ª—å 7457101105 –ø–æ–ª—É—á–∏–ª –æ–±—ã—á–Ω—ã–π –¥–æ—Ö–æ–¥ —Å —Ñ–µ—Ä–º—ã 4487$
2026-02-27 20:07:57,344 - LasVenturas By parviz - INFO - –ü–æ–ª—å–∑–æ–≤–∞—Ç–µ–ª—å Me_Vangog –∑–∞–ø—Ä–æ—Å–∏–ª –∏–Ω—Ñ–æ—Ä–º–∞—Ü–∏—é –æ –±–∏–∑–Ω–µ—Å–µ
2026-02-27 20:08:00,466 - LasVenturas By parviz - INFO - ‚ùå –ü–æ–ª—å–∑–æ–≤–∞—Ç–µ–ª—å 8168027201 –ù–ï –∏–º–µ–µ—Ç –Ω—É–∂–Ω—ã–π —Ç–µ–∫—Å—Ç –≤ bio.
2026-02-27 20:08:00,577 - LasVenturas By parviz - INFO - –ù–∞—á–∏—Å–ª–µ–Ω –¥–æ—Ö–æ–¥ 3093$ –ø–æ–ª—å–∑–æ–≤–∞—Ç–µ–ª—é 8168027201 –∏–∑ –∏—Å—Ç–æ—á–Ω–∏–∫–∞ farm
2026-02-27 20:08:00,577 - LasVenturas By parviz - INFO - –ü–æ–ª—å–∑–æ–≤–∞—Ç–µ–ª—å 8168027201 –ø–æ–ª—É—á–∏–ª –æ–±—ã—á–Ω—ã–π –¥–æ—Ö–æ–¥ —Å —Ñ–µ—Ä–º—ã 3093$
2026-02-27 20:47:36,553 - LasVenturas By parviz - INFO - –ü–æ–ª—å–∑–æ–≤–∞—Ç–µ–ª—å Spraynio –∑–∞–ø—Ä–æ—Å–∏–ª –∏–Ω—Ñ–æ—Ä–º–∞—Ü–∏—é –æ –¥–æ–º–µ
2026-02-27 20:47:38,674 - LasVenturas By parviz - INFO - –ü–æ–ª—å–∑–æ–≤–∞—Ç–µ–ª—å Spraynio —Å–æ–±—Ä–∞–ª –∞—Ä–µ–Ω–¥—É: 14237$
2026-02-27 20:47:39,782 - LasVenturas By parviz - INFO - –ü–æ–ª—å–∑–æ–≤–∞—Ç–µ–ª—å Spraynio –æ–ø–ª–∞—Ç–∏–ª —Å–æ–¥–µ—Ä–∂–∞–Ω–∏–µ –¥–æ–º–∞: 5000$
2026-02-27 20:47:57,724 - LasVenturas By parviz - INFO - –ü–æ–ª—å–∑–æ–≤–∞—Ç–µ–ª—å Spraynio –∑–∞–ø—Ä–æ—Å–∏–ª –∏–Ω—Ñ–æ—Ä–º–∞—Ü–∏—é –æ –±–∏–∑–Ω–µ—Å–µ
2026-02-27 20:47:59,794 - LasVenturas By parviz - INFO - –ù–∞—á–∏—Å–ª–µ–Ω –¥–æ—Ö–æ–¥ 5933$ –ø–æ–ª—å–∑–æ–≤–∞—Ç–µ–ª—é 5568563582 –∏–∑ –∏—Å—Ç–æ—á–Ω–∏–∫–∞ business
2026-02-27 21:12:33,556 - LasVenturas By parviz - INFO - –ü–æ–ª—å–∑–æ–≤–∞—Ç–µ–ª—å None –∑–∞–ø—Ä–æ—Å–∏–ª –∏–Ω—Ñ–æ—Ä–º–∞—Ü–∏—é –æ –±–∏–∑–Ω–µ—Å–µ
2026-02-27 21:12:37,214 - LasVenturas By parviz - INFO - –ù–∞—á–∏—Å–ª–µ–Ω –¥–æ—Ö–æ–¥ 67157$ –ø–æ–ª—å–∑–æ–≤–∞—Ç–µ–ª—é 7457101105 –∏–∑ –∏—Å—Ç–æ—á–Ω–∏–∫–∞ business
2026-02-27 21:54:27,963 - LasVenturas By parviz - INFO - –ü–æ–ª—å–∑–æ–≤–∞—Ç–µ–ª—å You_feya –∑–∞–ø—Ä–æ—Å–∏–ª –∏–Ω—Ñ–æ—Ä–º–∞—Ü–∏—é –æ –¥–æ–º–µ
2026-02-27 21:54:31,111 - LasVenturas By parviz - INFO - –ü–æ–ª—å–∑–æ–≤–∞—Ç–µ–ª—å You_feya —Å–æ–±—Ä–∞–ª –∞—Ä–µ–Ω–¥—É: 33273$
2026-02-27 21:54:32,190 - LasVenturas By parviz - INFO - –ü–æ–ª—å–∑–æ–≤–∞—Ç–µ–ª—å You_feya –æ–ø–ª–∞—Ç–∏–ª —Å–æ–¥–µ—Ä–∂–∞–Ω–∏–µ –¥–æ–º–∞: 10000$
2026-02-27 23:24:05,333 - LasVenturas By parviz - INFO - ‚úÖ –ß–∞—Ç 6392543992 –∞–≤—Ç–æ–º–∞—Ç–∏—á–µ—Å–∫–∏ –¥–æ–±–∞–≤–ª–µ–Ω –≤ —Ä–∞—Å—Å—ã–ª–∫—É
2026-02-27 23:26:14,139 - TeleBot - ERROR - Threaded polling exception: A request to the Telegram API was unsuccessful. Error code: 400. Description: Bad Request: there is no text in the message to edit
2026-02-27 23:26:14,141 - TeleBot - ERROR - Exception traceback:
Traceback (most recent call last):
  File "/app/tuk.py", line 15907, in callback_tyanka_feed
    bot.edit_message_caption(
  File "/usr/local/lib/python3.11/site-packages/telebot/__init__.py", line 6400, in edit_message_caption
    result = apihelper.edit_message_caption(
             ^^^^^^^^^^^^^^^^^^^^^^^^^^^^^^^
  File "/usr/local/lib/python3.11/site-packages/telebot/apihelper.py", line 1694, in edit_message_caption
    return _make_request(token, method_url, params=payload, method='post')
           ^^^^^^^^^^^^^^^^^^^^^^^^^^^^^^^^^^^^^^^^^^^^^^^^^^^^^^^^^^^^^^^
  File "/usr/local/lib/python3.11/site-packages/telebot/apihelper.py", line 168, in _make_request
    json_result = _check_result(method_name, result)
                  ^^^^^^^^^^^^^^^^^^^^^^^^^^^^^^^^^^
  File "/usr/local/lib/python3.11/site-packages/telebot/apihelper.py", line 197, in _check_result
    raise ApiTelegramException(method_name, result, result_json)
telebot.apihelper.ApiTelegramException: A request to the Telegram API was unsuccessful. Error code: 400. Description: Bad Request: message is not modified: specified new message content and reply markup are exactly the same as a current content and reply markup of the message

During handling of the above exception, another exception occurred:

Traceback (most recent call last):
  File "/usr/local/lib/python3.11/site-packages/telebot/__init__.py", line 1235, in __threaded_polling
    self.worker_pool.raise_exceptions()
  File "/usr/local/lib/python3.11/site-packages/telebot/util.py", line 154, in raise_exceptions
    raise self.exception_info
  File "/usr/local/lib/python3.11/site-packages/telebot/util.py", line 97, in run
    task(*args, **kwargs)
  File "/usr/local/lib/python3.11/site-packages/telebot/__init__.py", line 10427, in _run_middlewares_and_handler
    result = handler['function'](message)
             ^^^^^^^^^^^^^^^^^^^^^^^^^^^^
  File "/app/tuk.py", line 15916, in callback_tyanka_feed
    bot.edit_message_text(
  File "/usr/local/lib/python3.11/site-packages/telebot/__init__.py", line 5444, in edit_message_text
    result = apihelper.edit_message_text(
             ^^^^^^^^^^^^^^^^^^^^^^^^^^^^
  File "/usr/local/lib/python3.11/site-packages/telebot/apihelper.py", line 1668, in edit_message_text
    return _make_request(token, method_url, params=payload, method='post')
           ^^^^^^^^^^^^^^^^^^^^^^^^^^^^^^^^^^^^^^^^^^^^^^^^^^^^^^^^^^^^^^^
  File "/usr/local/lib/python3.11/site-packages/telebot/apihelper.py", line 168, in _make_request
    json_result = _check_result(method_name, result)
                  ^^^^^^^^^^^^^^^^^^^^^^^^^^^^^^^^^^
  File "/usr/local/lib/python3.11/site-packages/telebot/apihelper.py", line 197, in _check_result
    raise ApiTelegramException(method_name, result, result_json)
telebot.apihelper.ApiTelegramException: A request to the Telegram API was unsuccessful. Error code: 400. Description: Bad Request: there is no text in the message to edit

2026-02-27 23:26:27,842 - LasVenturas By parviz - INFO - ‚ùå –ü–æ–ª—å–∑–æ–≤–∞—Ç–µ–ª—å 6392543992 –ù–ï –∏–º–µ–µ—Ç –Ω—É–∂–Ω—ã–π —Ç–µ–∫—Å—Ç –≤ bio.
2026-02-27 23:26:27,921 - LasVenturas By parviz - INFO - –ù–∞—á–∏—Å–ª–µ–Ω –¥–æ—Ö–æ–¥ 771$ –ø–æ–ª—å–∑–æ–≤–∞—Ç–µ–ª—é 6392543992 –∏–∑ –∏—Å—Ç–æ—á–Ω–∏–∫–∞ farm
2026-02-27 23:26:27,922 - LasVenturas By parviz - INFO - –ü–æ–ª—å–∑–æ–≤–∞—Ç–µ–ª—å 6392543992 –ø–æ–ª—É—á–∏–ª –æ–±—ã—á–Ω—ã–π –¥–æ—Ö–æ–¥ —Å —Ñ–µ—Ä–º—ã 771$
2026-02-27 23:31:50,295 - LasVenturas By parviz - INFO - ‚ùå –ü–æ–ª—å–∑–æ–≤–∞—Ç–µ–ª—å 6392543992 –ù–ï –∏–º–µ–µ—Ç –Ω—É–∂–Ω—ã–π —Ç–µ–∫—Å—Ç –≤ bio.
2026-02-27 23:31:50,372 - LasVenturas By parviz - INFO - –ù–∞—á–∏—Å–ª–µ–Ω –¥–æ—Ö–æ–¥ 1715$ –ø–æ–ª—å–∑–æ–≤–∞—Ç–µ–ª—é 6392543992 –∏–∑ –∏—Å—Ç–æ—á–Ω–∏–∫–∞ bonus
2026-02-27 23:31:50,372 - LasVenturas By parviz - INFO - –ü–æ–ª—å–∑–æ–≤–∞—Ç–µ–ª—å 6392543992 –ø–æ–ª—É—á–∏–ª –æ–±—ã—á–Ω—ã–π –±–æ–Ω—É—Å 1715$
2026-02-27 23:55:10,117 - LasVenturas By parviz - INFO - –ü–æ–ª—å–∑–æ–≤–∞—Ç–µ–ª—å Djebel200 –∑–∞–ø—Ä–æ—Å–∏–ª –∏–Ω—Ñ–æ—Ä–º–∞—Ü–∏—é –æ –±–∏–∑–Ω–µ—Å–µ
2026-02-27 23:55:12,407 - LasVenturas By parviz - INFO - –ù–∞—á–∏—Å–ª–µ–Ω –¥–æ—Ö–æ–¥ 198126$ –ø–æ–ª—å–∑–æ–≤–∞—Ç–µ–ª—é 1183936756 –∏–∑ –∏—Å—Ç–æ—á–Ω–∏–∫–∞ business
2026-02-27 23:55:46,209 - LasVenturas By parviz - INFO - –ü–æ–ª—å–∑–æ–≤–∞—Ç–µ–ª—å Djebel200 –∑–∞–ø—Ä–æ—Å–∏–ª –∏–Ω—Ñ–æ—Ä–º–∞—Ü–∏—é –æ –¥–æ–º–µ
2026-02-27 23:55:47,796 - LasVenturas By parviz - INFO - –ü–æ–ª—å–∑–æ–≤–∞—Ç–µ–ª—å Djebel200 —Å–æ–±—Ä–∞–ª –∞—Ä–µ–Ω–¥—É: 539771$
2026-02-28 00:45:39,458 - LasVenturas By parviz - INFO - –ü–æ–ª—å–∑–æ–≤–∞—Ç–µ–ª—å Djebel200 –æ–ø–ª–∞—Ç–∏–ª —Å–æ–¥–µ—Ä–∂–∞–Ω–∏–µ –¥–æ–º–∞: 30000$
2026-02-28 01:16:40,953 - LasVenturas By parviz - INFO - üí∞ VIP –¥–æ—Ö–æ–¥ –Ω–∞—á–∏—Å–ª–µ–Ω: 7526512670 +20000$
2026-02-28 01:16:40,953 - LasVenturas By parviz - INFO - üí∞ VIP –¥–æ—Ö–æ–¥ –Ω–∞—á–∏—Å–ª–µ–Ω: 1375612102 +20000$
2026-02-28 01:16:40,953 - LasVenturas By parviz - INFO - üí∞ VIP –¥–æ—Ö–æ–¥ –Ω–∞—á–∏—Å–ª–µ–Ω: 5694141752 +20000$
2026-02-28 01:16:40,953 - LasVenturas By parviz - INFO - üí∞ VIP –¥–æ—Ö–æ–¥ –Ω–∞—á–∏—Å–ª–µ–Ω: 5203713503 +5000$
2026-02-28 01:16:40,954 - LasVenturas By parviz - INFO - üí∞ VIP –¥–æ—Ö–æ–¥ –Ω–∞—á–∏—Å–ª–µ–Ω: 7457101105 +20000$
2026-02-28 01:16:40,954 - LasVenturas By parviz - INFO - üí∞ VIP –¥–æ—Ö–æ–¥ –Ω–∞—á–∏—Å–ª–µ–Ω: 7245117477 +5000$
2026-02-28 01:16:40,954 - LasVenturas By parviz - INFO - üí∞ VIP –¥–æ—Ö–æ–¥ –Ω–∞—á–∏—Å–ª–µ–Ω: 2 +2500$
2026-02-28 01:16:40,954 - LasVenturas By parviz - INFO - üí∞ VIP –¥–æ—Ö–æ–¥ –Ω–∞—á–∏—Å–ª–µ–Ω: 7224384020 +8000$
2026-02-28 01:16:40,954 - LasVenturas By parviz - INFO - üí∞ VIP –¥–æ—Ö–æ–¥ –Ω–∞—á–∏—Å–ª–µ–Ω: 7984662069 +5000$
2026-02-28 01:16:40,954 - LasVenturas By parviz - INFO - üí∞ VIP –¥–æ—Ö–æ–¥ –Ω–∞—á–∏—Å–ª–µ–Ω: 7985048553 +5000$
2026-02-28 01:16:40,955 - LasVenturas By parviz - INFO - üí∞ VIP –¥–æ—Ö–æ–¥ –Ω–∞—á–∏—Å–ª–µ–Ω: 7737537535 +1000$
2026-02-28 01:16:40,955 - LasVenturas By parviz - INFO - üí∞ VIP –¥–æ—Ö–æ–¥ –Ω–∞—á–∏—Å–ª–µ–Ω: 8293448450 +14000$
2026-02-28 01:16:40,955 - LasVenturas By parviz - INFO - üí∞ VIP –¥–æ—Ö–æ–¥ –Ω–∞—á–∏—Å–ª–µ–Ω: 7696828602 +20000$
2026-02-28 01:16:40,955 - LasVenturas By parviz - INFO - üí∞ VIP –¥–æ—Ö–æ–¥ –Ω–∞—á–∏—Å–ª–µ–Ω: 7355771676 +5000$
2026-02-28 01:16:40,955 - LasVenturas By parviz - INFO - üí∞ VIP –¥–æ—Ö–æ–¥ –Ω–∞—á–∏—Å–ª–µ–Ω: 7367892015 +2500$
2026-02-28 01:16:40,955 - LasVenturas By parviz - INFO - üí∞ VIP –¥–æ—Ö–æ–¥ –Ω–∞—á–∏—Å–ª–µ–Ω: 5365339772 +5000$
2026-02-28 01:16:40,956 - LasVenturas By parviz - INFO - üí∞ VIP –¥–æ—Ö–æ–¥ –Ω–∞—á–∏—Å–ª–µ–Ω: 8434252090 +2500$
2026-02-28 01:16:40,956 - LasVenturas By parviz - INFO - üí∞ VIP –¥–æ—Ö–æ–¥ –Ω–∞—á–∏—Å–ª–µ–Ω: 6939750387 +2500$
2026-02-28 01:16:40,956 - LasVenturas By parviz - INFO - üí∞ VIP –¥–æ—Ö–æ–¥ –Ω–∞—á–∏—Å–ª–µ–Ω: 5815880196 +20000$
2026-02-28 01:16:40,956 - LasVenturas By parviz - INFO - üí∞ VIP –¥–æ—Ö–æ–¥ –Ω–∞—á–∏—Å–ª–µ–Ω: 8168027201 +20000$
2026-02-28 01:16:40,957 - LasVenturas By parviz - INFO - üí∞ VIP –¥–æ—Ö–æ–¥ –Ω–∞—á–∏—Å–ª–µ–Ω: 7174147624 +20000$
2026-02-28 01:16:40,957 - LasVenturas By parviz - INFO - üí∞ VIP –¥–æ—Ö–æ–¥ –Ω–∞—á–∏—Å–ª–µ–Ω: 5862775750 +20000$
2026-02-28 01:16:40,957 - LasVenturas By parviz - INFO - üí∞ VIP –¥–æ—Ö–æ–¥ –Ω–∞—á–∏—Å–ª–µ–Ω: 6401913458 +20000$
2026-02-28 01:16:40,958 - LasVenturas By parviz - INFO - üí∞ VIP –¥–æ—Ö–æ–¥ –Ω–∞—á–∏—Å–ª–µ–Ω: 6512241065 +20000$
2026-02-28 01:16:40,958 - LasVenturas By parviz - INFO - üí∞ VIP –¥–æ—Ö–æ–¥ –Ω–∞—á–∏—Å–ª–µ–Ω: 1248832437 +20000$
2026-02-28 01:16:40,958 - LasVenturas By parviz - INFO - üí∞ VIP –¥–æ—Ö–æ–¥ –Ω–∞—á–∏—Å–ª–µ–Ω: 1183936756 +20000$
2026-02-28 01:16:40,959 - LasVenturas By parviz - INFO - üí∞ VIP –¥–æ—Ö–æ–¥ –Ω–∞—á–∏—Å–ª–µ–Ω: 7451308154 +1000$
2026-02-28 01:16:40,960 - LasVenturas By parviz - INFO - üí∞ VIP –¥–æ—Ö–æ–¥ –Ω–∞—á–∏—Å–ª–µ–Ω: 6769029176 +20000$
2026-02-28 01:16:40,960 - LasVenturas By parviz - INFO - üí∞ VIP –¥–æ—Ö–æ–¥ –Ω–∞—á–∏—Å–ª–µ–Ω: 8589562480 +20000$
2026-02-28 01:16:40,960 - LasVenturas By parviz - INFO - üí∞ VIP –¥–æ—Ö–æ–¥ –Ω–∞—á–∏—Å–ª–µ–Ω: 5424666061 +20000$
2026-02-28 01:16:40,960 - LasVenturas By parviz - INFO - üí∞ VIP –¥–æ—Ö–æ–¥ –Ω–∞—á–∏—Å–ª–µ–Ω: 649602076 +20000$
2026-02-28 01:16:40,960 - LasVenturas By parviz - INFO - üí∞ VIP –¥–æ—Ö–æ–¥ –Ω–∞—á–∏—Å–ª–µ–Ω: 1754668778 +20000$
2026-02-28 01:16:40,960 - LasVenturas By parviz - INFO - üí∞ VIP –¥–æ—Ö–æ–¥ –Ω–∞—á–∏—Å–ª–µ–Ω: 8358458560 +14000$
2026-02-28 01:16:40,960 - LasVenturas By parviz - INFO - üí∞ VIP –¥–æ—Ö–æ–¥ –Ω–∞—á–∏—Å–ª–µ–Ω: 7882268176 +20000$
2026-02-28 01:16:41,046 - LasVenturas By parviz - INFO - üíæ VIP –¥–æ—Ö–æ–¥: –¥–∞–Ω–Ω—ã–µ —Å–æ—Ö—Ä–∞–Ω–µ–Ω—ã
2026-02-28 01:40:18,205 - LasVenturas By parviz - INFO - –ü–æ–ª—å–∑–æ–≤–∞—Ç–µ–ª—å nik_smiles –∑–∞–ø—Ä–æ—Å–∏–ª –∏–Ω—Ñ–æ—Ä–º–∞—Ü–∏—é –æ –±–∏–∑–Ω–µ—Å–µ
2026-02-28 01:40:21,749 - LasVenturas By parviz - INFO - –ù–∞—á–∏—Å–ª–µ–Ω –¥–æ—Ö–æ–¥ 111933$ –ø–æ–ª—å–∑–æ–≤–∞—Ç–µ–ª—é 6514588039 –∏–∑ –∏—Å—Ç–æ—á–Ω–∏–∫–∞ business
2026-02-28 02:52:51,903 - LasVenturas By parviz - INFO - –ü–æ–ª—å–∑–æ–≤–∞—Ç–µ–ª—å None –∑–∞–ø—Ä–æ—Å–∏–ª –∏–Ω—Ñ–æ—Ä–º–∞—Ü–∏—é –æ –±–∏–∑–Ω–µ—Å–µ
2026-02-28 02:52:53,741 - LasVenturas By parviz - INFO - –ù–∞—á–∏—Å–ª–µ–Ω –¥–æ—Ö–æ–¥ 99282$ –ø–æ–ª—å–∑–æ–≤–∞—Ç–µ–ª—é 7733538262 –∏–∑ –∏—Å—Ç–æ—á–Ω–∏–∫–∞ business
2026-02-28 02:53:26,123 - LasVenturas By parviz - INFO - –ò–≥—Ä–∞ '–†–∞–∑–≥–æ–Ω': 7733538262 | –°—Ç–∞–≤–∫–∞: 174152 | –†–µ–∑—É–ª—å—Ç–∞—Ç: win | –°–∫–æ—Ä–æ—Å—Ç—å: 202
2026-02-28 03:00:41,080 - LasVenturas By parviz - INFO - üí∞ –ù–∞—á–∏—Å–ª–µ–Ω—ã –ø—Ä–æ—Ü–µ–Ω—Ç—ã –¥–ª—è 10 —Å—á–µ—Ç–æ–≤
2026-02-28 03:00:41,081 - LasVenturas By parviz - INFO - üí∞ –ï–∂–µ–¥–Ω–µ–≤–Ω—ã–µ –ø—Ä–æ—Ü–µ–Ω—Ç—ã –Ω–∞—á–∏—Å–ª–µ–Ω—ã
2026-02-28 04:07:20,218 - LasVenturas By parviz - INFO - ‚ùå –ü–æ–ª—å–∑–æ–≤–∞—Ç–µ–ª—å 7457101105 –ù–ï –∏–º–µ–µ—Ç –Ω—É–∂–Ω—ã–π —Ç–µ–∫—Å—Ç –≤ bio.
2026-02-28 04:07:20,307 - LasVenturas By parviz - INFO - –ù–∞—á–∏—Å–ª–µ–Ω –¥–æ—Ö–æ–¥ 1237$ –ø–æ–ª—å–∑–æ–≤–∞—Ç–µ–ª—é 7457101105 –∏–∑ –∏—Å—Ç–æ—á–Ω–∏–∫–∞ farm
2026-02-28 04:07:20,307 - LasVenturas By parviz - INFO - –ü–æ–ª—å–∑–æ–≤–∞—Ç–µ–ª—å 7457101105 –ø–æ–ª—É—á–∏–ª –æ–±—ã—á–Ω—ã–π –¥–æ—Ö–æ–¥ —Å —Ñ–µ—Ä–º—ã 1237$
2026-02-28 04:07:22,788 - LasVenturas By parviz - INFO - ‚ùå –ü–æ–ª—å–∑–æ–≤–∞—Ç–µ–ª—å 7457101105 –ù–ï –∏–º–µ–µ—Ç –Ω—É–∂–Ω—ã–π —Ç–µ–∫—Å—Ç –≤ bio.
2026-02-28 04:07:22,868 - LasVenturas By parviz - INFO - –ù–∞—á–∏—Å–ª–µ–Ω –¥–æ—Ö–æ–¥ 3066$ –ø–æ–ª—å–∑–æ–≤–∞—Ç–µ–ª—é 7457101105 –∏–∑ –∏—Å—Ç–æ—á–Ω–∏–∫–∞ bonus
2026-02-28 04:07:22,868 - LasVenturas By parviz - INFO - –ü–æ–ª—å–∑–æ–≤–∞—Ç–µ–ª—å 7457101105 –ø–æ–ª—É—á–∏–ª –æ–±—ã—á–Ω—ã–π –±–æ–Ω—É—Å 3066$
2026-02-28 04:07:53,161 - LasVenturas By parviz - INFO - –ü–æ–ª—å–∑–æ–≤–∞—Ç–µ–ª—å None –∑–∞–ø—Ä–æ—Å–∏–ª –∏–Ω—Ñ–æ—Ä–º–∞—Ü–∏—é –æ –±–∏–∑–Ω–µ—Å–µ
2026-02-28 04:07:54,867 - LasVenturas By parviz - INFO - –ù–∞—á–∏—Å–ª–µ–Ω –¥–æ—Ö–æ–¥ 69214$ –ø–æ–ª—å–∑–æ–≤–∞—Ç–µ–ª—é 7457101105 –∏–∑ –∏—Å—Ç–æ—á–Ω–∏–∫–∞ business
2026-02-28 04:55:58,214 - LasVenturas By parviz - INFO - ‚ùå –ü–æ–ª—å–∑–æ–≤–∞—Ç–µ–ª—å 7158187651 –ù–ï –∏–º–µ–µ—Ç –Ω—É–∂–Ω—ã–π —Ç–µ–∫—Å—Ç –≤ bio.
2026-02-28 04:55:58,305 - LasVenturas By parviz - INFO - –ù–∞—á–∏—Å–ª–µ–Ω –¥–æ—Ö–æ–¥ 550$ –ø–æ–ª—å–∑–æ–≤–∞—Ç–µ–ª—é 7158187651 –∏–∑ –∏—Å—Ç–æ—á–Ω–∏–∫–∞ farm
2026-02-28 04:55:58,305 - LasVenturas By parviz - INFO - –ü–æ–ª—å–∑–æ–≤–∞—Ç–µ–ª—å 7158187651 –ø–æ–ª—É—á–∏–ª –æ–±—ã—á–Ω—ã–π –¥–æ—Ö–æ–¥ —Å —Ñ–µ—Ä–º—ã 550$
2026-02-28 04:56:03,461 - LasVenturas By parviz - INFO - ‚ùå –ü–æ–ª—å–∑–æ–≤–∞—Ç–µ–ª—å 7158187651 –ù–ï –∏–º–µ–µ—Ç –Ω—É–∂–Ω—ã–π —Ç–µ–∫—Å—Ç –≤ bio.
2026-02-28 04:56:03,544 - LasVenturas By parviz - INFO - –ù–∞—á–∏—Å–ª–µ–Ω –¥–æ—Ö–æ–¥ 1072$ –ø–æ–ª—å–∑–æ–≤–∞—Ç–µ–ª—é 7158187651 –∏–∑ –∏—Å—Ç–æ—á–Ω–∏–∫–∞ bonus
2026-02-28 04:56:03,544 - LasVenturas By parviz - INFO - –ü–æ–ª—å–∑–æ–≤–∞—Ç–µ–ª—å 7158187651 –ø–æ–ª—É—á–∏–ª –æ–±—ã—á–Ω—ã–π –±–æ–Ω—É—Å 1072$
2026-02-28 04:56:36,613 - LasVenturas By parviz - INFO - ‚úÖ –†–µ–∑—É–ª—å—Ç–∞—Ç —Ä—É–ª–µ—Ç–∫–∏ –∑–∞–ø–∏—Å–∞–Ω –≤ –ª–æ–≥: 36 —á, —Å–µ—Å—Å–∏—è 08a2f776
2026-02-28 04:57:06,637 - LasVenturas By parviz - INFO - ‚úÖ –†–µ–∑—É–ª—å—Ç–∞—Ç —Ä—É–ª–µ—Ç–∫–∏ –∑–∞–ø–∏—Å–∞–Ω –≤ –ª–æ–≥: 1 –∫, —Å–µ—Å—Å–∏—è 025f9915
2026-02-28 04:57:22,743 - LasVenturas By parviz - INFO - ‚úÖ –†–µ–∑—É–ª—å—Ç–∞—Ç —Ä—É–ª–µ—Ç–∫–∏ –∑–∞–ø–∏—Å–∞–Ω –≤ –ª–æ–≥: 17 –∫, —Å–µ—Å—Å–∏—è 4658f54d
2026-02-28 05:06:58,940 - LasVenturas By parviz - INFO - –ü–µ—Ä–µ–≤–æ–¥: ùñïùñÜùñóùñõùñéùñü ‚Üí (‚óï‚Äø‚óï) | –û—Ç–ø—Ä–∞–≤–∏–ª: 50000$, –ü–æ–ª—É—á–∏–ª: 50000$
2026-02-28 05:09:37,809 - LasVenturas By parviz - INFO - –ò–≥—Ä–∞ '–†–∞–∑–≥–æ–Ω': 809656806 | –°—Ç–∞–≤–∫–∞: 422188 | –†–µ–∑—É–ª—å—Ç–∞—Ç: lose | –°–∫–æ—Ä–æ—Å—Ç—å: 194
2026-02-28 05:16:49,836 - LasVenturas By parviz - INFO - ‚úÖ –ß–∞—Ç -1003638732222 –∞–≤—Ç–æ–º–∞—Ç–∏—á–µ—Å–∫–∏ –¥–æ–±–∞–≤–ª–µ–Ω –≤ —Ä–∞—Å—Å—ã–ª–∫—É
2026-02-28 05:23:54,738 - LasVenturas By parviz - INFO - –ò–≥—Ä–∞ '–†–∞–∑–≥–æ–Ω': 6512241065 | –°—Ç–∞–≤–∫–∞: 150000000000000 | –†–µ–∑—É–ª—å—Ç–∞—Ç: win | –°–∫–æ—Ä–æ—Å—Ç—å: 151
2026-02-28 05:24:04,971 - LasVenturas By parviz - INFO - –ò–≥—Ä–∞ '–†–∞–∑–≥–æ–Ω': 6512241065 | –°—Ç–∞–≤–∫–∞: 150000000000000 | –†–µ–∑—É–ª—å—Ç–∞—Ç: lose | –°–∫–æ—Ä–æ—Å—Ç—å: 160
2026-02-28 05:24:11,201 - LasVenturas By parviz - INFO - –ò–≥—Ä–∞ '–†–∞–∑–≥–æ–Ω': 6512241065 | –°—Ç–∞–≤–∫–∞: 150000000000000 | –†–µ–∑—É–ª—å—Ç–∞—Ç: win | –°–∫–æ—Ä–æ—Å—Ç—å: 157
2026-02-28 05:24:16,489 - LasVenturas By parviz - INFO - –ò–≥—Ä–∞ '–†–∞–∑–≥–æ–Ω': 6512241065 | –°—Ç–∞–≤–∫–∞: 150000000000000 | –†–µ–∑—É–ª—å—Ç–∞—Ç: win | –°–∫–æ—Ä–æ—Å—Ç—å: 295
2026-02-28 05:24:22,944 - LasVenturas By parviz - INFO - –ò–≥—Ä–∞ '–†–∞–∑–≥–æ–Ω': 6512241065 | –°—Ç–∞–≤–∫–∞: 150000000000000 | –†–µ–∑—É–ª—å—Ç–∞—Ç: lose | –°–∫–æ—Ä–æ—Å—Ç—å: 217
2026-02-28 05:24:27,174 - LasVenturas By parviz - INFO - –ò–≥—Ä–∞ '–†–∞–∑–≥–æ–Ω': 6512241065 | –°—Ç–∞–≤–∫–∞: 150000000000000 | –†–µ–∑—É–ª—å—Ç–∞—Ç: lose | –°–∫–æ—Ä–æ—Å—Ç—å: 115
2026-02-28 05:24:29,839 - LasVenturas By parviz - INFO - –ò–≥—Ä–∞ '–†–∞–∑–≥–æ–Ω': 6512241065 | –°—Ç–∞–≤–∫–∞: 150000000000000 | –†–µ–∑—É–ª—å—Ç–∞—Ç: lose | –°–∫–æ—Ä–æ—Å—Ç—å: 296
2026-02-28 05:24:33,496 - LasVenturas By parviz - INFO - –ò–≥—Ä–∞ '–†–∞–∑–≥–æ–Ω': 6512241065 | –°—Ç–∞–≤–∫–∞: 150000000000000 | –†–µ–∑—É–ª—å—Ç–∞—Ç: win | –°–∫–æ—Ä–æ—Å—Ç—å: 239
2026-02-28 05:24:42,107 - LasVenturas By parviz - INFO - –ò–≥—Ä–∞ '–†–∞–∑–≥–æ–Ω': 6512241065 | –°—Ç–∞–≤–∫–∞: 150000000000000 | –†–µ–∑—É–ª—å—Ç–∞—Ç: win | –°–∫–æ—Ä–æ—Å—Ç—å: 114
2026-02-28 05:27:39,499 - LasVenturas By parviz - INFO - –ò–≥—Ä–∞ '–†–∞–∑–≥–æ–Ω': 6512241065 | –°—Ç–∞–≤–∫–∞: 150000000000000 | –†–µ–∑—É–ª—å—Ç–∞—Ç: win | –°–∫–æ—Ä–æ—Å—Ç—å: 201
2026-02-28 05:31:52,921 - LasVenturas By parviz - INFO - –ü–æ–ª—å–∑–æ–≤–∞—Ç–µ–ª—å ASTROVVG –∑–∞–ø—Ä–æ—Å–∏–ª –∏–Ω—Ñ–æ—Ä–º–∞—Ü–∏—é –æ –±–∏–∑–Ω–µ—Å–µ
2026-02-28 06:01:13,511 - LasVenturas By parviz - INFO - ‚ùå –ü–æ–ª—å–∑–æ–≤–∞—Ç–µ–ª—å 809656806 –ù–ï –∏–º–µ–µ—Ç –Ω—É–∂–Ω—ã–π —Ç–µ–∫—Å—Ç –≤ bio.
2026-02-28 06:01:13,598 - LasVenturas By parviz - INFO - –ù–∞—á–∏—Å–ª–µ–Ω –¥–æ—Ö–æ–¥ 2445$ –ø–æ–ª—å–∑–æ–≤–∞—Ç–µ–ª—é 809656806 –∏–∑ –∏—Å—Ç–æ—á–Ω–∏–∫–∞ bonus
2026-02-28 06:01:13,598 - LasVenturas By parviz - INFO - –ü–æ–ª—å–∑–æ–≤–∞—Ç–µ–ª—å 809656806 –ø–æ–ª—É—á–∏–ª –æ–±—ã—á–Ω—ã–π –±–æ–Ω—É—Å 2445$
2026-02-28 06:01:15,123 - LasVenturas By parviz - INFO - ‚ùå –ü–æ–ª—å–∑–æ–≤–∞—Ç–µ–ª—å 809656806 –ù–ï –∏–º–µ–µ—Ç –Ω—É–∂–Ω—ã–π —Ç–µ–∫—Å—Ç –≤ bio.
2026-02-28 06:01:15,201 - LasVenturas By parviz - INFO - –ù–∞—á–∏—Å–ª–µ–Ω –¥–æ—Ö–æ–¥ 578$ –ø–æ–ª—å–∑–æ–≤–∞—Ç–µ–ª—é 809656806 –∏–∑ –∏—Å—Ç–æ—á–Ω–∏–∫–∞ farm
2026-02-28 06:01:15,201 - LasVenturas By parviz - INFO - –ü–æ–ª—å–∑–æ–≤–∞—Ç–µ–ª—å 809656806 –ø–æ–ª—É—á–∏–ª –æ–±—ã—á–Ω—ã–π –¥–æ—Ö–æ–¥ —Å —Ñ–µ—Ä–º—ã 578$
2026-02-28 06:01:49,375 - LasVenturas By parviz - INFO - –ò–≥—Ä–∞ '–†–∞–∑–≥–æ–Ω': 809656806 | –°—Ç–∞–≤–∫–∞: 250000 | –†–µ–∑—É–ª—å—Ç–∞—Ç: lose | –°–∫–æ—Ä–æ—Å—Ç—å: 162
2026-02-28 06:01:55,580 - LasVenturas By parviz - INFO - –ò–≥—Ä–∞ '–†–∞–∑–≥–æ–Ω': 809656806 | –°—Ç–∞–≤–∫–∞: 450562 | –†–µ–∑—É–ª—å—Ç–∞—Ç: win | –°–∫–æ—Ä–æ—Å—Ç—å: 204
2026-02-28 06:02:11,350 - LasVenturas By parviz - INFO - –ò–≥—Ä–∞ '–†–∞–∑–≥–æ–Ω': 809656806 | –°—Ç–∞–≤–∫–∞: 680000 | –†–µ–∑—É–ª—å—Ç–∞—Ç: lose | –°–∫–æ—Ä–æ—Å—Ç—å: 127
2026-02-28 06:12:34,321 - LasVenturas By parviz - INFO - –ê–¥–º–∏–Ω parvizwp —É–±—Ä–∞–ª 100000 —É –ø–æ–ª—å–∑–æ–≤–∞—Ç–µ–ª—è 7526512670
2026-02-28 06:25:29,604 - LasVenturas By parviz - INFO - nik_smiles –æ—Ç–∫—Ä—ã–ª –º–∞–≥–∞–∑–∏–Ω –º–∞—à–∏–Ω (—Å—Ç—Ä–∞–Ω–∏—Ü–∞ 1)
2026-02-28 06:31:24,989 - LasVenturas By parviz - INFO - –ò–≥—Ä–∞ '–†–∞–∑–≥–æ–Ω': 7733538262 | –°—Ç–∞–≤–∫–∞: 33539 | –†–µ–∑—É–ª—å—Ç–∞—Ç: win | –°–∫–æ—Ä–æ—Å—Ç—å: 195
2026-02-28 06:53:23,319 - LasVenturas By parviz - INFO - ‚ùå –ü–æ–ª—å–∑–æ–≤–∞—Ç–µ–ª—å 8589562480 –ù–ï –∏–º–µ–µ—Ç –Ω—É–∂–Ω—ã–π —Ç–µ–∫—Å—Ç –≤ bio.
2026-02-28 06:53:23,405 - LasVenturas By parviz - INFO - –ù–∞—á–∏—Å–ª–µ–Ω –¥–æ—Ö–æ–¥ 1611$ –ø–æ–ª—å–∑–æ–≤–∞—Ç–µ–ª—é 8589562480 –∏–∑ –∏—Å—Ç–æ—á–Ω–∏–∫–∞ bonus
2026-02-28 06:53:23,406 - LasVenturas By parviz - INFO - –ü–æ–ª—å–∑–æ–≤–∞—Ç–µ–ª—å 8589562480 –ø–æ–ª—É—á–∏–ª –æ–±—ã—á–Ω—ã–π –±–æ–Ω—É—Å 1611$
2026-02-28 06:53:24,877 - LasVenturas By parviz - INFO - ‚ùå –ü–æ–ª—å–∑–æ–≤–∞—Ç–µ–ª—å 8589562480 –ù–ï –∏–º–µ–µ—Ç –Ω—É–∂–Ω—ã–π —Ç–µ–∫—Å—Ç –≤ bio.
2026-02-28 06:53:24,961 - LasVenturas By parviz - INFO - –ù–∞—á–∏—Å–ª–µ–Ω –¥–æ—Ö–æ–¥ 1953$ –ø–æ–ª—å–∑–æ–≤–∞—Ç–µ–ª—é 8589562480 –∏–∑ –∏—Å—Ç–æ—á–Ω–∏–∫–∞ farm
2026-02-28 06:53:24,961 - LasVenturas By parviz - INFO - –ü–æ–ª—å–∑–æ–≤–∞—Ç–µ–ª—å 8589562480 –ø–æ–ª—É—á–∏–ª –æ–±—ã—á–Ω—ã–π –¥–æ—Ö–æ–¥ —Å —Ñ–µ—Ä–º—ã 1953$
2026-02-28 06:58:26,818 - LasVenturas By parviz - INFO - –ü–µ—Ä–µ–≤–æ–¥: erkex ‚Üí ‚ù§Ô∏è‚Äçü©πùô¥ùô≤ùôæùô∏ùöÇùöÉ‚ù§Ô∏è‚Äçü©π | –û—Ç–ø—Ä–∞–≤–∏–ª: 1000000000$, –ü–æ–ª—É—á–∏–ª: 900000000$
2026-02-28 06:58:36,350 - LasVenturas By parviz - INFO - –ü–æ–ª—å–∑–æ–≤–∞—Ç–µ–ª—å erkex18 –∑–∞–ø—Ä–æ—Å–∏–ª –∏–Ω—Ñ–æ—Ä–º–∞—Ü–∏—é –æ –¥–æ–º–µ
2026-02-28 06:58:41,358 - LasVenturas By parviz - INFO - –ü–æ–ª—å–∑–æ–≤–∞—Ç–µ–ª—å erkex18 —Å–æ–±—Ä–∞–ª –∞—Ä–µ–Ω–¥—É: 254809$
2026-02-28 06:58:44,904 - LasVenturas By parviz - INFO - –ü–æ–ª—å–∑–æ–≤–∞—Ç–µ–ª—å erkex18 –æ–ø–ª–∞—Ç–∏–ª —Å–æ–¥–µ—Ä–∂–∞–Ω–∏–µ –¥–æ–º–∞: 30000$
2026-02-28 06:58:49,390 - LasVenturas By parviz - INFO - –ü–æ–ª—å–∑–æ–≤–∞—Ç–µ–ª—å EgoistMetroShop –∑–∞–ø—Ä–æ—Å–∏–ª –∏–Ω—Ñ–æ—Ä–º–∞—Ü–∏—é –æ –±–∏–∑–Ω–µ—Å–µ
2026-02-28 06:58:50,105 - LasVenturas By parviz - INFO - –¢—è–Ω–∫–∞ –∞–≤—Ç–æ–º–∞—Ç–∏—á–µ—Å–∫–∏ —É—à–ª–∞ (—Å—ã—Ç–æ—Å—Ç—å: 0)
2026-02-28 06:58:50,106 - TeleBot - ERROR - Infinity polling exception: 'NoneType' object is not subscriptable
2026-02-28 06:58:50,107 - TeleBot - ERROR - Exception traceback:
Traceback (most recent call last):
  File "/usr/local/lib/python3.11/site-packages/telebot/__init__.py", line 1110, in infinity_polling
    self.polling(non_stop=True, timeout=timeout, long_polling_timeout=long_polling_timeout,
  File "/usr/local/lib/python3.11/site-packages/telebot/__init__.py", line 1198, in polling
    self.__threaded_polling(non_stop=non_stop, interval=interval, timeout=timeout, long_polling_timeout=long_polling_timeout,
  File "/usr/local/lib/python3.11/site-packages/telebot/__init__.py", line 1273, in __threaded_polling
    raise e
  File "/usr/local/lib/python3.11/site-packages/telebot/__init__.py", line 1235, in __threaded_polling
    self.worker_pool.raise_exceptions()
  File "/usr/local/lib/python3.11/site-packages/telebot/util.py", line 154, in raise_exceptions
    raise self.exception_info
  File "/usr/local/lib/python3.11/site-packages/telebot/util.py", line 97, in run
    task(*args, **kwargs)
  File "/usr/local/lib/python3.11/site-packages/telebot/__init__.py", line 10427, in _run_middlewares_and_handler
    result = handler['function'](message)
             ^^^^^^^^^^^^^^^^^^^^^^^^^^^^
  File "/app/tuk.py", line 15681, in my_tyanka
    info = TYANKA_DATA[tyanka["name"]]
                       ~~~~~~^^^^^^^^
TypeError: 'NoneType' object is not subscriptable

2026-02-28 06:58:53,280 - LasVenturas By parviz - INFO - –ù–∞—á–∏—Å–ª–µ–Ω –¥–æ—Ö–æ–¥ 174001$ –ø–æ–ª—å–∑–æ–≤–∞—Ç–µ–ª—é 8589562480 –∏–∑ –∏—Å—Ç–æ—á–Ω–∏–∫–∞ business
2026-02-28 06:58:58,104 - LasVenturas By parviz - INFO - –ü–æ–ª—å–∑–æ–≤–∞—Ç–µ–ª—å EgoistMetroShop –∑–∞–ø—Ä–æ—Å–∏–ª –∏–Ω—Ñ–æ—Ä–º–∞—Ü–∏—é –æ –¥–æ–º–µ
2026-02-28 06:59:00,601 - LasVenturas By parviz - INFO - –ü–æ–ª—å–∑–æ–≤–∞—Ç–µ–ª—å EgoistMetroShop —Å–æ–±—Ä–∞–ª –∞—Ä–µ–Ω–¥—É: 159604$
2026-02-28 06:59:00,671 - LasVenturas By parviz - INFO - –ü–æ–ª—å–∑–æ–≤–∞—Ç–µ–ª—å EgoistMetroShop –æ–ø–ª–∞—Ç–∏–ª —Å–æ–¥–µ—Ä–∂–∞–Ω–∏–µ –¥–æ–º–∞: 30000$
2026-02-28 06:59:09,630 - LasVenturas By parviz - INFO - –ü–æ–ª—å–∑–æ–≤–∞—Ç–µ–ª—å erkex18 –∑–∞–ø—Ä–æ—Å–∏–ª –∏–Ω—Ñ–æ—Ä–º–∞—Ü–∏—é –æ –¥–æ–º–µ
2026-02-28 07:00:21,069 - LasVenturas By parviz - INFO - ‚ùå –ü–æ–ª—å–∑–æ–≤–∞—Ç–µ–ª—å 8168027201 –ù–ï –∏–º–µ–µ—Ç –Ω—É–∂–Ω—ã–π —Ç–µ–∫—Å—Ç –≤ bio.
2026-02-28 07:00:21,151 - LasVenturas By parviz - INFO - –ù–∞—á–∏—Å–ª–µ–Ω –¥–æ—Ö–æ–¥ 1211$ –ø–æ–ª—å–∑–æ–≤–∞—Ç–µ–ª—é 8168027201 –∏–∑ –∏—Å—Ç–æ—á–Ω–∏–∫–∞ farm
2026-02-28 07:00:21,152 - LasVenturas By parviz - INFO - –ü–æ–ª—å–∑–æ–≤–∞—Ç–µ–ª—å 8168027201 –ø–æ–ª—É—á–∏–ª –æ–±—ã—á–Ω—ã–π –¥–æ—Ö–æ–¥ —Å —Ñ–µ—Ä–º—ã 1211$
2026-02-28 07:00:23,894 - LasVenturas By parviz - INFO - ‚ùå –ü–æ–ª—å–∑–æ–≤–∞—Ç–µ–ª—å 8168027201 –ù–ï –∏–º–µ–µ—Ç –Ω—É–∂–Ω—ã–π —Ç–µ–∫—Å—Ç –≤ bio.
2026-02-28 07:00:23,975 - LasVenturas By parviz - INFO - –ù–∞—á–∏—Å–ª–µ–Ω –¥–æ—Ö–æ–¥ 2757$ –ø–æ–ª—å–∑–æ–≤–∞—Ç–µ–ª—é 8168027201 –∏–∑ –∏—Å—Ç–æ—á–Ω–∏–∫–∞ bonus
2026-02-28 07:00:23,975 - LasVenturas By parviz - INFO - –ü–æ–ª—å–∑–æ–≤–∞—Ç–µ–ª—å 8168027201 –ø–æ–ª—É—á–∏–ª –æ–±—ã—á–Ω—ã–π –±–æ–Ω—É—Å 2757$
2026-02-28 07:00:29,537 - LasVenturas By parviz - INFO - –ü–æ–ª—å–∑–æ–≤–∞—Ç–µ–ª—å Me_Vangog –∑–∞–ø—Ä–æ—Å–∏–ª –∏–Ω—Ñ–æ—Ä–º–∞—Ü–∏—é –æ –±–∏–∑–Ω–µ—Å–µ
2026-02-28 07:00:43,181 - LasVenturas By parviz - INFO - ‚úÖ –†–µ–∑—É–ª—å—Ç–∞—Ç —Ä—É–ª–µ—Ç–∫–∏ –∑–∞–ø–∏—Å–∞–Ω –≤ –ª–æ–≥: 34 —á, —Å–µ—Å—Å–∏—è 3d8bf191
2026-02-28 07:02:38,371 - LasVenturas By parviz - INFO - ‚úÖ –†–µ–∑—É–ª—å—Ç–∞—Ç —Ä—É–ª–µ—Ç–∫–∏ –∑–∞–ø–∏—Å–∞–Ω –≤ –ª–æ–≥: 13 –∫, —Å–µ—Å—Å–∏—è d3559164
2026-02-28 07:16:41,047 - LasVenturas By parviz - INFO - üí∞ VIP –¥–æ—Ö–æ–¥ –Ω–∞—á–∏—Å–ª–µ–Ω: 7526512670 +20000$
2026-02-28 07:16:41,047 - LasVenturas By parviz - INFO - üí∞ VIP –¥–æ—Ö–æ–¥ –Ω–∞—á–∏—Å–ª–µ–Ω: 1375612102 +20000$
2026-02-28 07:16:41,047 - LasVenturas By parviz - INFO - üí∞ VIP –¥–æ—Ö–æ–¥ –Ω–∞—á–∏—Å–ª–µ–Ω: 5694141752 +20000$
2026-02-28 07:16:41,047 - LasVenturas By parviz - INFO - üí∞ VIP –¥–æ—Ö–æ–¥ –Ω–∞—á–∏—Å–ª–µ–Ω: 5203713503 +5000$
2026-02-28 07:16:41,047 - LasVenturas By parviz - INFO - üí∞ VIP –¥–æ—Ö–æ–¥ –Ω–∞—á–∏—Å–ª–µ–Ω: 7457101105 +20000$
2026-02-28 07:16:41,048 - LasVenturas By parviz - INFO - üí∞ VIP –¥–æ—Ö–æ–¥ –Ω–∞—á–∏—Å–ª–µ–Ω: 7245117477 +5000$
2026-02-28 07:16:41,048 - LasVenturas By parviz - INFO - üí∞ VIP –¥–æ—Ö–æ–¥ –Ω–∞—á–∏—Å–ª–µ–Ω: 2 +2500$
2026-02-28 07:16:41,048 - LasVenturas By parviz - INFO - üí∞ VIP –¥–æ—Ö–æ–¥ –Ω–∞—á–∏—Å–ª–µ–Ω: 7224384020 +8000$
2026-02-28 07:16:41,048 - LasVenturas By parviz - INFO - üí∞ VIP –¥–æ—Ö–æ–¥ –Ω–∞—á–∏—Å–ª–µ–Ω: 7984662069 +5000$
2026-02-28 07:16:41,048 - LasVenturas By parviz - INFO - üí∞ VIP –¥–æ—Ö–æ–¥ –Ω–∞—á–∏—Å–ª–µ–Ω: 7985048553 +5000$
2026-02-28 07:16:41,048 - LasVenturas By parviz - INFO - üí∞ VIP –¥–æ—Ö–æ–¥ –Ω–∞—á–∏—Å–ª–µ–Ω: 7737537535 +1000$
2026-02-28 07:16:41,048 - LasVenturas By parviz - INFO - üí∞ VIP –¥–æ—Ö–æ–¥ –Ω–∞—á–∏—Å–ª–µ–Ω: 8293448450 +14000$
2026-02-28 07:16:41,048 - LasVenturas By parviz - INFO - üí∞ VIP –¥–æ—Ö–æ–¥ –Ω–∞—á–∏—Å–ª–µ–Ω: 7696828602 +20000$
2026-02-28 07:16:41,048 - LasVenturas By parviz - INFO - üí∞ VIP –¥–æ—Ö–æ–¥ –Ω–∞—á–∏—Å–ª–µ–Ω: 7355771676 +5000$
2026-02-28 07:16:41,049 - LasVenturas By parviz - INFO - üí∞ VIP –¥–æ—Ö–æ–¥ –Ω–∞—á–∏—Å–ª–µ–Ω: 7367892015 +2500$
2026-02-28 07:16:41,049 - LasVenturas By parviz - INFO - üí∞ VIP –¥–æ—Ö–æ–¥ –Ω–∞—á–∏—Å–ª–µ–Ω: 5365339772 +5000$
2026-02-28 07:16:41,049 - LasVenturas By parviz - INFO - üí∞ VIP –¥–æ—Ö–æ–¥ –Ω–∞—á–∏—Å–ª–µ–Ω: 8434252090 +2500$
2026-02-28 07:16:41,049 - LasVenturas By parviz - INFO - üí∞ VIP –¥–æ—Ö–æ–¥ –Ω–∞—á–∏—Å–ª–µ–Ω: 6939750387 +2500$
2026-02-28 07:16:41,049 - LasVenturas By parviz - INFO - üí∞ VIP –¥–æ—Ö–æ–¥ –Ω–∞—á–∏—Å–ª–µ–Ω: 5815880196 +20000$
2026-02-28 07:16:41,049 - LasVenturas By parviz - INFO - üí∞ VIP –¥–æ—Ö–æ–¥ –Ω–∞—á–∏—Å–ª–µ–Ω: 8168027201 +20000$
2026-02-28 07:16:41,049 - LasVenturas By parviz - INFO - üí∞ VIP –¥–æ—Ö–æ–¥ –Ω–∞—á–∏—Å–ª–µ–Ω: 7174147624 +20000$
2026-02-28 07:16:41,049 - LasVenturas By parviz - INFO - üí∞ VIP –¥–æ—Ö–æ–¥ –Ω–∞—á–∏—Å–ª–µ–Ω: 5862775750 +20000$
2026-02-28 07:16:41,049 - LasVenturas By parviz - INFO - üí∞ VIP –¥–æ—Ö–æ–¥ –Ω–∞—á–∏—Å–ª–µ–Ω: 6401913458 +20000$
2026-02-28 07:16:41,050 - LasVenturas By parviz - INFO - üí∞ VIP –¥–æ—Ö–æ–¥ –Ω–∞—á–∏—Å–ª–µ–Ω: 6512241065 +20000$
2026-02-28 07:16:41,050 - LasVenturas By parviz - INFO - üí∞ VIP –¥–æ—Ö–æ–¥ –Ω–∞—á–∏—Å–ª–µ–Ω: 1248832437 +20000$
2026-02-28 07:16:41,050 - LasVenturas By parviz - INFO - üí∞ VIP –¥–æ—Ö–æ–¥ –Ω–∞—á–∏—Å–ª–µ–Ω: 1183936756 +20000$
2026-02-28 07:16:41,051 - LasVenturas By parviz - INFO - üí∞ VIP –¥–æ—Ö–æ–¥ –Ω–∞—á–∏—Å–ª–µ–Ω: 7451308154 +1000$
2026-02-28 07:16:41,051 - LasVenturas By parviz - INFO - üí∞ VIP –¥–æ—Ö–æ–¥ –Ω–∞—á–∏—Å–ª–µ–Ω: 6769029176 +20000$
2026-02-28 07:16:41,051 - LasVenturas By parviz - INFO - üí∞ VIP –¥–æ—Ö–æ–¥ –Ω–∞—á–∏—Å–ª–µ–Ω: 8589562480 +20000$
2026-02-28 07:16:41,051 - LasVenturas By parviz - INFO - üí∞ VIP –¥–æ—Ö–æ–¥ –Ω–∞—á–∏—Å–ª–µ–Ω: 5424666061 +20000$
2026-02-28 07:16:41,051 - LasVenturas By parviz - INFO - üí∞ VIP –¥–æ—Ö–æ–¥ –Ω–∞—á–∏—Å–ª–µ–Ω: 649602076 +20000$
2026-02-28 07:16:41,051 - LasVenturas By parviz - INFO - üí∞ VIP –¥–æ—Ö–æ–¥ –Ω–∞—á–∏—Å–ª–µ–Ω: 1754668778 +20000$
2026-02-28 07:16:41,051 - LasVenturas By parviz - INFO - üí∞ VIP –¥–æ—Ö–æ–¥ –Ω–∞—á–∏—Å–ª–µ–Ω: 8358458560 +14000$
2026-02-28 07:16:41,051 - LasVenturas By parviz - INFO - üí∞ VIP –¥–æ—Ö–æ–¥ –Ω–∞—á–∏—Å–ª–µ–Ω: 7882268176 +20000$
2026-02-28 07:16:41,132 - LasVenturas By parviz - INFO - üíæ VIP –¥–æ—Ö–æ–¥: –¥–∞–Ω–Ω—ã–µ —Å–æ—Ö—Ä–∞–Ω–µ–Ω—ã
2026-02-28 07:21:50,694 - LasVenturas By parviz - INFO - ‚ùå –ü–æ–ª—å–∑–æ–≤–∞—Ç–µ–ª—å 8328320271 –ù–ï –∏–º–µ–µ—Ç –Ω—É–∂–Ω—ã–π —Ç–µ–∫—Å—Ç –≤ bio.
2026-02-28 07:21:50,772 - LasVenturas By parviz - INFO - –ù–∞—á–∏—Å–ª–µ–Ω –¥–æ—Ö–æ–¥ 1354$ –ø–æ–ª—å–∑–æ–≤–∞—Ç–µ–ª—é 8328320271 –∏–∑ –∏—Å—Ç–æ—á–Ω–∏–∫–∞ bonus
2026-02-28 07:21:50,772 - LasVenturas By parviz - INFO - –ü–æ–ª—å–∑–æ–≤–∞—Ç–µ–ª—å 8328320271 –ø–æ–ª—É—á–∏–ª –æ–±—ã—á–Ω—ã–π –±–æ–Ω—É—Å 1354$
2026-02-28 07:21:56,091 - LasVenturas By parviz - INFO - ‚ùå –ü–æ–ª—å–∑–æ–≤–∞—Ç–µ–ª—å 8328320271 –ù–ï –∏–º–µ–µ—Ç –Ω—É–∂–Ω—ã–π —Ç–µ–∫—Å—Ç –≤ bio.
2026-02-28 07:21:56,174 - LasVenturas By parviz - INFO - –ù–∞—á–∏—Å–ª–µ–Ω –¥–æ—Ö–æ–¥ 2281$ –ø–æ–ª—å–∑–æ–≤–∞—Ç–µ–ª—é 8328320271 –∏–∑ –∏—Å—Ç–æ—á–Ω–∏–∫–∞ farm
2026-02-28 07:21:56,174 - LasVenturas By parviz - INFO - –ü–æ–ª—å–∑–æ–≤–∞—Ç–µ–ª—å 8328320271 –ø–æ–ª—É—á–∏–ª –æ–±—ã—á–Ω—ã–π –¥–æ—Ö–æ–¥ —Å —Ñ–µ—Ä–º—ã 2281$
2026-02-28 07:43:56,505 - LasVenturas By parviz - INFO - witch_801 –æ—Ç–∫—Ä—ã–ª –º–∞–≥–∞–∑–∏–Ω –º–∞—à–∏–Ω (—Å—Ç—Ä–∞–Ω–∏—Ü–∞ 1)
2026-02-28 07:44:17,113 - LasVenturas By parviz - INFO - witch_801 –ø–µ—Ä–µ—à–µ–ª –Ω–∞ —Å—Ç—Ä–∞–Ω–∏—Ü—É 2 –º–∞—à–∏–Ω
2026-02-28 07:45:10,199 - LasVenturas By parviz - INFO - ‚ùå –ü–æ–ª—å–∑–æ–≤–∞—Ç–µ–ª—å 6392543992 –ù–ï –∏–º–µ–µ—Ç –Ω—É–∂–Ω—ã–π —Ç–µ–∫—Å—Ç –≤ bio.
2026-02-28 07:45:10,288 - LasVenturas By parviz - INFO - –ù–∞—á–∏—Å–ª–µ–Ω –¥–æ—Ö–æ–¥ 4735$ –ø–æ–ª—å–∑–æ–≤–∞—Ç–µ–ª—é 6392543992 –∏–∑ –∏—Å—Ç–æ—á–Ω–∏–∫–∞ farm
2026-02-28 07:45:10,288 - LasVenturas By parviz - INFO - –ü–æ–ª—å–∑–æ–≤–∞—Ç–µ–ª—å 6392543992 –ø–æ–ª—É—á–∏–ª –æ–±—ã—á–Ω—ã–π –¥–æ—Ö–æ–¥ —Å —Ñ–µ—Ä–º—ã 4735$
2026-02-28 08:12:40,448 - LasVenturas By parviz - INFO - ‚ùå –ü–æ–ª—å–∑–æ–≤–∞—Ç–µ–ª—å 8340514324 –ù–ï –∏–º–µ–µ—Ç –Ω—É–∂–Ω—ã–π —Ç–µ–∫—Å—Ç –≤ bio.
2026-02-28 08:12:40,530 - LasVenturas By parviz - INFO - –ù–∞—á–∏—Å–ª–µ–Ω –¥–æ—Ö–æ–¥ 2756$ –ø–æ–ª—å–∑–æ–≤–∞—Ç–µ–ª—é 8340514324 –∏–∑ –∏—Å—Ç–æ—á–Ω–∏–∫–∞ farm
2026-02-28 08:12:40,530 - LasVenturas By parviz - INFO - –ü–æ–ª—å–∑–æ–≤–∞—Ç–µ–ª—å 8340514324 –ø–æ–ª—É—á–∏–ª –æ–±—ã—á–Ω—ã–π –¥–æ—Ö–æ–¥ —Å —Ñ–µ—Ä–º—ã 2756$
2026-02-28 08:12:41,622 - LasVenturas By parviz - INFO - ‚ùå –ü–æ–ª—å–∑–æ–≤–∞—Ç–µ–ª—å 8340514324 –ù–ï –∏–º–µ–µ—Ç –Ω—É–∂–Ω—ã–π —Ç–µ–∫—Å—Ç –≤ bio.
2026-02-28 08:12:41,702 - LasVenturas By parviz - INFO - –ù–∞—á–∏—Å–ª–µ–Ω –¥–æ—Ö–æ–¥ 4487$ –ø–æ–ª—å–∑–æ–≤–∞—Ç–µ–ª—é 8340514324 –∏–∑ –∏—Å—Ç–æ—á–Ω–∏–∫–∞ bonus
2026-02-28 08:12:41,702 - LasVenturas By parviz - INFO - –ü–æ–ª—å–∑–æ–≤–∞—Ç–µ–ª—å 8340514324 –ø–æ–ª—É—á–∏–ª –æ–±—ã—á–Ω—ã–π –±–æ–Ω—É—Å 4487$
2026-02-28 08:12:51,986 - LasVenturas By parviz - INFO - –ü–æ–ª—å–∑–æ–≤–∞—Ç–µ–ª—å prettyboy_777 –∑–∞–ø—Ä–æ—Å–∏–ª –∏–Ω—Ñ–æ—Ä–º–∞—Ü–∏—é –æ –±–∏–∑–Ω–µ—Å–µ
2026-02-28 08:12:54,745 - LasVenturas By parviz - INFO - –ù–∞—á–∏—Å–ª–µ–Ω –¥–æ—Ö–æ–¥ 153542$ –ø–æ–ª—å–∑–æ–≤–∞—Ç–µ–ª—é 8340514324 –∏–∑ –∏—Å—Ç–æ—á–Ω–∏–∫–∞ business
2026-02-28 08:13:06,619 - LasVenturas By parviz - INFO - ‚úÖ –†–µ–∑—É–ª—å—Ç–∞—Ç —Ä—É–ª–µ—Ç–∫–∏ –∑–∞–ø–∏—Å–∞–Ω –≤ –ª–æ–≥: 23 –∫, —Å–µ—Å—Å–∏—è 114ddf51
2026-02-28 08:13:24,496 - LasVenturas By parviz - INFO - –ò–≥—Ä–∞ '–†–∞–∑–≥–æ–Ω': 8340514324 | –°—Ç–∞–≤–∫–∞: 28000 | –†–µ–∑—É–ª—å—Ç–∞—Ç: lose | –°–∫–æ—Ä–æ—Å—Ç—å: 95
2026-02-28 08:13:34,761 - LasVenturas By parviz - INFO - –ò–≥—Ä–∞ '–†–∞–∑–≥–æ–Ω': 8340514324 | –°—Ç–∞–≤–∫–∞: 100000 | –†–µ–∑—É–ª—å—Ç–∞—Ç: win | –°–∫–æ—Ä–æ—Å—Ç—å: 195
2026-02-28 08:13:49,318 - LasVenturas By parviz - INFO - –ò–≥—Ä–∞ '–†–∞–∑–≥–æ–Ω': 8340514324 | –°—Ç–∞–≤–∫–∞: 100000 | –†–µ–∑—É–ª—å—Ç–∞—Ç: win | –°–∫–æ—Ä–æ—Å—Ç—å: 241
2026-02-28 08:14:08,803 - LasVenturas By parviz - INFO - ‚úÖ –†–µ–∑—É–ª—å—Ç–∞—Ç —Ä—É–ª–µ—Ç–∫–∏ –∑–∞–ø–∏—Å–∞–Ω –≤ –ª–æ–≥: 34 —á, —Å–µ—Å—Å–∏—è 83c14fcb
2026-02-28 08:14:22,213 - LasVenturas By parviz - INFO - –ò–≥—Ä–∞ '–†–∞–∑–≥–æ–Ω': 8340514324 | –°—Ç–∞–≤–∫–∞: 50000 | –†–µ–∑—É–ª—å—Ç–∞—Ç: lose | –°–∫–æ—Ä–æ—Å—Ç—å: 127
2026-02-28 08:14:36,064 - LasVenturas By parviz - INFO - ‚úÖ –†–µ–∑—É–ª—å—Ç–∞—Ç —Ä—É–ª–µ—Ç–∫–∏ –∑–∞–ø–∏—Å–∞–Ω –≤ –ª–æ–≥: 33 –∫, —Å–µ—Å—Å–∏—è 7eca93a9
2026-02-28 08:15:14,936 - LasVenturas By parviz - INFO - ‚úÖ –†–µ–∑—É–ª—å—Ç–∞—Ç —Ä—É–ª–µ—Ç–∫–∏ –∑–∞–ø–∏—Å–∞–Ω –≤ –ª–æ–≥: 12 —á, —Å–µ—Å—Å–∏—è ca4a1b85
2026-02-28 08:15:44,520 - LasVenturas By parviz - INFO - –ò–≥—Ä–∞ '–†–∞–∑–≥–æ–Ω': 8340514324 | –°—Ç–∞–≤–∫–∞: 150000 | –†–µ–∑—É–ª—å—Ç–∞—Ç: win | –°–∫–æ—Ä–æ—Å—Ç—å: 122
2026-02-28 08:16:13,007 - LasVenturas By parviz - INFO - –ò–≥—Ä–∞ '–†–∞–∑–≥–æ–Ω': 8340514324 | –°—Ç–∞–≤–∫–∞: 362009 | –†–µ–∑—É–ª—å—Ç–∞—Ç: lose | –°–∫–æ—Ä–æ—Å—Ç—å: 299
2026-02-28 08:16:26,944 - LasVenturas By parviz - INFO - –ò–≥—Ä–∞ '–†–∞–∑–≥–æ–Ω': 8340514324 | –°—Ç–∞–≤–∫–∞: 50000 | –†–µ–∑—É–ª—å—Ç–∞—Ç: lose | –°–∫–æ—Ä–æ—Å—Ç—å: 188
2026-02-28 08:17:16,211 - LasVenturas By parviz - INFO - –ü–æ–ª—å–∑–æ–≤–∞—Ç–µ–ª—å prettyboy_777 –∑–∞–ø—Ä–æ—Å–∏–ª –∏–Ω—Ñ–æ—Ä–º–∞—Ü–∏—é –æ –±–∏–∑–Ω–µ—Å–µ
2026-02-28 08:17:21,252 - LasVenturas By parviz - INFO - –ü–æ–ª—å–∑–æ–≤–∞—Ç–µ–ª—å viccha2 –∑–∞–ø—Ä–æ—Å–∏–ª –∏–Ω—Ñ–æ—Ä–º–∞—Ü–∏—é –æ –±–∏–∑–Ω–µ—Å–µ
2026-02-28 08:17:42,242 - LasVenturas By parviz - INFO - –ü–µ—Ä–µ–≤–æ–¥: ‚ñ† ‚Üí prince | –û—Ç–ø—Ä–∞–≤–∏–ª: 200000$, –ü–æ–ª—É—á–∏–ª: 180000$
2026-02-28 08:17:46,665 - LasVenturas By parviz - INFO - –ù–∞—á–∏—Å–ª–µ–Ω –¥–æ—Ö–æ–¥ 166164$ –ø–æ–ª—å–∑–æ–≤–∞—Ç–µ–ª—é 7696828602 –∏–∑ –∏—Å—Ç–æ—á–Ω–∏–∫–∞ business
2026-02-28 08:17:49,886 - LasVenturas By parviz - INFO - –ò–≥—Ä–∞ '–†–∞–∑–≥–æ–Ω': 8340514324 | –°—Ç–∞–≤–∫–∞: 180000 | –†–µ–∑—É–ª—å—Ç–∞—Ç: win | –°–∫–æ—Ä–æ—Å—Ç—å: 184
2026-02-28 08:18:03,310 - LasVenturas By parviz - INFO - –ò–≥—Ä–∞ '–†–∞–∑–≥–æ–Ω': 8340514324 | –°—Ç–∞–≤–∫–∞: 360000 | –†–µ–∑—É–ª—å—Ç–∞—Ç: win | –°–∫–æ—Ä–æ—Å—Ç—å: 100
2026-02-28 08:18:18,461 - LasVenturas By parviz - INFO - –ò–≥—Ä–∞ '–†–∞–∑–≥–æ–Ω': 8340514324 | –°—Ç–∞–≤–∫–∞: 220000 | –†–µ–∑—É–ª—å—Ç–∞—Ç: win | –°–∫–æ—Ä–æ—Å—Ç—å: 258
2026-02-28 08:18:34,702 - LasVenturas By parviz - INFO - –ò–≥—Ä–∞ '–†–∞–∑–≥–æ–Ω': 8340514324 | –°—Ç–∞–≤–∫–∞: 140000 | –†–µ–∑—É–ª—å—Ç–∞—Ç: lose | –°–∫–æ—Ä–æ—Å—Ç—å: 159
2026-02-28 08:18:51,189 - LasVenturas By parviz - INFO - ‚úÖ –†–µ–∑—É–ª—å—Ç–∞—Ç —Ä—É–ª–µ—Ç–∫–∏ –∑–∞–ø–∏—Å–∞–Ω –≤ –ª–æ–≥: 32 —á, —Å–µ—Å—Å–∏—è ecfaa3ac
2026-02-28 08:19:03,558 - LasVenturas By parviz - INFO - ‚úÖ –†–µ–∑—É–ª—å—Ç–∞—Ç —Ä—É–ª–µ—Ç–∫–∏ –∑–∞–ø–∏—Å–∞–Ω –≤ –ª–æ–≥: 5 –∫, —Å–µ—Å—Å–∏—è 09ee2553
2026-02-28 08:19:22,052 - LasVenturas By parviz - INFO - ‚úÖ –†–µ–∑—É–ª—å—Ç–∞—Ç —Ä—É–ª–µ—Ç–∫–∏ –∑–∞–ø–∏—Å–∞–Ω –≤ –ª–æ–≥: 17 –∫, —Å–µ—Å—Å–∏—è ebb96d05
2026-02-28 08:19:32,469 - LasVenturas By parviz - INFO - ‚úÖ –†–µ–∑—É–ª—å—Ç–∞—Ç —Ä—É–ª–µ—Ç–∫–∏ –∑–∞–ø–∏—Å–∞–Ω –≤ –ª–æ–≥: 11 –∫, —Å–µ—Å—Å–∏—è 62e600c9
2026-02-28 08:19:45,480 - LasVenturas By parviz - INFO - –ü–æ–ª—å–∑–æ–≤–∞—Ç–µ–ª—å prettyboy_777 –∑–∞–ø—Ä–æ—Å–∏–ª –º–∞–≥–∞–∑–∏–Ω –±–∏–∑–Ω–µ—Å–æ–≤
2026-02-28 08:19:49,665 - LasVenturas By parviz - INFO - –ü–æ–ª—å–∑–æ–≤–∞—Ç–µ–ª—å prettyboy_777 –∫—É–ø–∏–ª –±–∏–∑–Ω–µ—Å –æ—Ç–µ–ª—å
2026-02-28 08:20:00,134 - LasVenturas By parviz - INFO - –ò–≥—Ä–∞ '–†–∞–∑–≥–æ–Ω': 8340514324 | –°—Ç–∞–≤–∫–∞: 400000 | –†–µ–∑—É–ª—å—Ç–∞—Ç: lose | –°–∫–æ—Ä–æ—Å—Ç—å: 295
2026-02-28 08:20:08,715 - LasVenturas By parviz - INFO - –ò–≥—Ä–∞ '–†–∞–∑–≥–æ–Ω': 8340514324 | –°—Ç–∞–≤–∫–∞: 300000 | –†–µ–∑—É–ª—å—Ç–∞—Ç: lose | –°–∫–æ—Ä–æ—Å—Ç—å: 142
2026-02-28 08:20:21,156 - LasVenturas By parviz - INFO - –ü–æ–ª—å–∑–æ–≤–∞—Ç–µ–ª—å prettyboy_777 –∑–∞–ø—Ä–æ—Å–∏–ª –∏–Ω—Ñ–æ—Ä–º–∞—Ü–∏—é –æ –±–∏–∑–Ω–µ—Å–µ
2026-02-28 08:20:32,247 - LasVenturas By parviz - INFO - –ò–≥—Ä–∞ '–†–∞–∑–≥–æ–Ω': 8340514324 | –°—Ç–∞–≤–∫–∞: 500000 | –†–µ–∑—É–ª—å—Ç–∞—Ç: lose | –°–∫–æ—Ä–æ—Å—Ç—å: 286
2026-02-28 08:20:46,863 - LasVenturas By parviz - INFO - –ò–≥—Ä–∞ '–†–∞–∑–≥–æ–Ω': 8340514324 | –°—Ç–∞–≤–∫–∞: 500000 | –†–µ–∑—É–ª—å—Ç–∞—Ç: lose | –°–∫–æ—Ä–æ—Å—Ç—å: 94
2026-02-28 08:22:47,323 - LasVenturas By parviz - INFO - ‚ùå –ü–æ–ª—å–∑–æ–≤–∞—Ç–µ–ª—å 7158187651 –ù–ï –∏–º–µ–µ—Ç –Ω—É–∂–Ω—ã–π —Ç–µ–∫—Å—Ç –≤ bio.
2026-02-28 08:22:47,413 - LasVenturas By parviz - INFO - –ù–∞—á–∏—Å–ª–µ–Ω –¥–æ—Ö–æ–¥ 4277$ –ø–æ–ª—å–∑–æ–≤–∞—Ç–µ–ª—é 7158187651 –∏–∑ –∏—Å—Ç–æ—á–Ω–∏–∫–∞ farm
2026-02-28 08:22:47,413 - LasVenturas By parviz - INFO - –ü–æ–ª—å–∑–æ–≤–∞—Ç–µ–ª—å 7158187651 –ø–æ–ª—É—á–∏–ª –æ–±—ã—á–Ω—ã–π –¥–æ—Ö–æ–¥ —Å —Ñ–µ—Ä–º—ã 4277$
2026-02-28 08:23:12,214 - LasVenturas By parviz - INFO - ‚úÖ –†–µ–∑—É–ª—å—Ç–∞—Ç —Ä—É–ª–µ—Ç–∫–∏ –∑–∞–ø–∏—Å–∞–Ω –≤ –ª–æ–≥: 25 –∫, —Å–µ—Å—Å–∏—è fd094537
2026-02-28 08:23:25,962 - LasVenturas By parviz - INFO - ‚úÖ –†–µ–∑—É–ª—å—Ç–∞—Ç —Ä—É–ª–µ—Ç–∫–∏ –∑–∞–ø–∏—Å–∞–Ω –≤ –ª–æ–≥: 33 –∫, —Å–µ—Å—Å–∏—è 92be24eb
2026-02-28 08:34:32,117 - LasVenturas By parviz - INFO - –ü–æ–ª—å–∑–æ–≤–∞—Ç–µ–ª—å nik_smiles –∑–∞–ø—Ä–æ—Å–∏–ª –∏–Ω—Ñ–æ—Ä–º–∞—Ü–∏—é –æ –±–∏–∑–Ω–µ—Å–µ
2026-02-28 08:34:34,998 - LasVenturas By parviz - INFO - –ù–∞—á–∏—Å–ª–µ–Ω –¥–æ—Ö–æ–¥ 69036$ –ø–æ–ª—å–∑–æ–≤–∞—Ç–µ–ª—é 6514588039 –∏–∑ –∏—Å—Ç–æ—á–Ω–∏–∫–∞ business
2026-02-28 08:52:00,641 - LasVenturas By parviz - INFO - ‚úÖ –†–µ–∑—É–ª—å—Ç–∞—Ç —Ä—É–ª–µ—Ç–∫–∏ –∑–∞–ø–∏—Å–∞–Ω –≤ –ª–æ–≥: 30 —á, —Å–µ—Å—Å–∏—è 9ceb89d8
2026-02-28 08:53:42,541 - LasVenturas By parviz - INFO - –ü–æ–ª—å–∑–æ–≤–∞—Ç–µ–ª—å temeiruki –∫—É–ø–∏–ª –±–∏–∑–Ω–µ—Å –æ—Ç–µ–ª—å
2026-02-28 10:31:28,526 - LasVenturas By parviz - INFO - –ü–æ–ª—å–∑–æ–≤–∞—Ç–µ–ª—å AAARonaldo_777 –∑–∞–ø—Ä–æ—Å–∏–ª –∏–Ω—Ñ–æ—Ä–º–∞—Ü–∏—é –æ –¥–æ–º–µ
2026-02-28 10:31:40,904 - LasVenturas By parviz - INFO - –ü–æ–ª—å–∑–æ–≤–∞—Ç–µ–ª—å You_feya –∑–∞–ø—Ä–æ—Å–∏–ª –∏–Ω—Ñ–æ—Ä–º–∞—Ü–∏—é –æ –¥–æ–º–µ
2026-02-28 10:31:46,268 - LasVenturas By parviz - INFO - –ü–æ–ª—å–∑–æ–≤–∞—Ç–µ–ª—å You_feya —Å–æ–±—Ä–∞–ª –∞—Ä–µ–Ω–¥—É: 31548$
2026-02-28 10:31:47,435 - LasVenturas By parviz - INFO - –ü–æ–ª—å–∑–æ–≤–∞—Ç–µ–ª—å You_feya –æ–ø–ª–∞—Ç–∏–ª —Å–æ–¥–µ—Ä–∂–∞–Ω–∏–µ –¥–æ–º–∞: 10000$
2026-02-28 10:31:51,252 - LasVenturas By parviz - INFO - –ü–æ–ª—å–∑–æ–≤–∞—Ç–µ–ª—å AAARonaldo_777 –∑–∞–ø—Ä–æ—Å–∏–ª –∏–Ω—Ñ–æ—Ä–º–∞—Ü–∏—é –æ –±–∏–∑–Ω–µ—Å–µ
2026-02-28 10:32:27,748 - LasVenturas By parviz - INFO - –¢—è–Ω–∫–∞ –∞–≤—Ç–æ–º–∞—Ç–∏—á–µ—Å–∫–∏ —É—à–ª–∞ (—Å—ã—Ç–æ—Å—Ç—å: 0)
2026-02-28 10:32:27,751 - TeleBot - ERROR - Infinity polling exception: 'NoneType' object is not subscriptable
2026-02-28 10:32:27,752 - TeleBot - ERROR - Exception traceback:
Traceback (most recent call last):
  File "/usr/local/lib/python3.11/site-packages/telebot/__init__.py", line 1110, in infinity_polling
    self.polling(non_stop=True, timeout=timeout, long_polling_timeout=long_polling_timeout,
  File "/usr/local/lib/python3.11/site-packages/telebot/__init__.py", line 1198, in polling
    self.__threaded_polling(non_stop=non_stop, interval=interval, timeout=timeout, long_polling_timeout=long_polling_timeout,
  File "/usr/local/lib/python3.11/site-packages/telebot/__init__.py", line 1273, in __threaded_polling
    raise e
  File "/usr/local/lib/python3.11/site-packages/telebot/__init__.py", line 1235, in __threaded_polling
    self.worker_pool.raise_exceptions()
  File "/usr/local/lib/python3.11/site-packages/telebot/util.py", line 154, in raise_exceptions
    raise self.exception_info
  File "/usr/local/lib/python3.11/site-packages/telebot/util.py", line 97, in run
    task(*args, **kwargs)
  File "/usr/local/lib/python3.11/site-packages/telebot/__init__.py", line 10427, in _run_middlewares_and_handler
    result = handler['function'](message)
             ^^^^^^^^^^^^^^^^^^^^^^^^^^^^
  File "/app/tuk.py", line 15681, in my_tyanka
    info = TYANKA_DATA[tyanka["name"]]
                       ~~~~~~^^^^^^^^
TypeError: 'NoneType' object is not subscriptable

2026-02-28 10:32:40,218 - LasVenturas By parviz - INFO - –ü–æ–ª—å–∑–æ–≤–∞—Ç–µ–ª—å Easter_84552 –∑–∞–ø—Ä–æ—Å–∏–ª –∏–Ω—Ñ–æ—Ä–º–∞—Ü–∏—é –æ –¥–æ–º–µ
2026-02-28 10:56:59,839 - LasVenturas By parviz - INFO - ‚ùå –ü–æ–ª—å–∑–æ–≤–∞—Ç–µ–ª—å 7985048553 –ù–ï –∏–º–µ–µ—Ç –Ω—É–∂–Ω—ã–π —Ç–µ–∫—Å—Ç –≤ bio.
2026-02-28 10:56:59,927 - LasVenturas By parviz - INFO - –ù–∞—á–∏—Å–ª–µ–Ω –¥–æ—Ö–æ–¥ 3796$ –ø–æ–ª—å–∑–æ–≤–∞—Ç–µ–ª—é 7985048553 –∏–∑ –∏—Å—Ç–æ—á–Ω–∏–∫–∞ farm
2026-02-28 10:56:59,927 - LasVenturas By parviz - INFO - –ü–æ–ª—å–∑–æ–≤–∞—Ç–µ–ª—å 7985048553 –ø–æ–ª—É—á–∏–ª –æ–±—ã—á–Ω—ã–π –¥–æ—Ö–æ–¥ —Å —Ñ–µ—Ä–º—ã 3796$
2026-02-28 10:57:02,791 - LasVenturas By parviz - INFO - –ü–æ–ª—å–∑–æ–≤–∞—Ç–µ–ª—å doretar –∑–∞–ø—Ä–æ—Å–∏–ª –∏–Ω—Ñ–æ—Ä–º–∞—Ü–∏—é –æ –±–∏–∑–Ω–µ—Å–µ
2026-02-28 10:57:11,019 - LasVenturas By parviz - INFO - –ü–æ–ª—å–∑–æ–≤–∞—Ç–µ–ª—å doretar –∑–∞–ø—Ä–æ—Å–∏–ª –∏–Ω—Ñ–æ—Ä–º–∞—Ü–∏—é –æ –¥–æ–º–µ
2026-02-28 10:57:20,324 - LasVenturas By parviz - INFO - –ü–æ–ª—å–∑–æ–≤–∞—Ç–µ–ª—å doretar —Å–æ–±—Ä–∞–ª –∞—Ä–µ–Ω–¥—É: 35284$
2026-02-28 11:03:08,606 - LasVenturas By parviz - INFO - –ò–≥—Ä–∞ '–†–∞–∑–≥–æ–Ω': 6512241065 | –°—Ç–∞–≤–∫–∞: 150000000000000 | –†–µ–∑—É–ª—å—Ç–∞—Ç: lose | –°–∫–æ—Ä–æ—Å—Ç—å: 162
2026-02-28 11:03:16,311 - LasVenturas By parviz - INFO - –ò–≥—Ä–∞ '–†–∞–∑–≥–æ–Ω': 6512241065 | –°—Ç–∞–≤–∫–∞: 150000000000000 | –†–µ–∑—É–ª—å—Ç–∞—Ç: win | –°–∫–æ—Ä–æ—Å—Ç—å: 297
2026-02-28 11:03:24,436 - LasVenturas By parviz - INFO - –ò–≥—Ä–∞ '–†–∞–∑–≥–æ–Ω': 6512241065 | –°—Ç–∞–≤–∫–∞: 150000000000000 | –†–µ–∑—É–ª—å—Ç–∞—Ç: lose | –°–∫–æ—Ä–æ—Å—Ç—å: 140
2026-02-28 11:03:32,084 - LasVenturas By parviz - INFO - –ò–≥—Ä–∞ '–†–∞–∑–≥–æ–Ω': 6512241065 | –°—Ç–∞–≤–∫–∞: 150000000000000 | –†–µ–∑—É–ª—å—Ç–∞—Ç: lose | –°–∫–æ—Ä–æ—Å—Ç—å: 257
2026-02-28 11:03:40,930 - LasVenturas By parviz - INFO - –ò–≥—Ä–∞ '–†–∞–∑–≥–æ–Ω': 6512241065 | –°—Ç–∞–≤–∫–∞: 150000000000000 | –†–µ–∑—É–ª—å—Ç–∞—Ç: lose | –°–∫–æ—Ä–æ—Å—Ç—å: 108
2026-02-28 11:05:27,400 - LasVenturas By parviz - INFO - –ü–µ—Ä–µ–≤–æ–¥: ùô∞ùöÅùô±ùöÑùöâùô∏ùô∫ ‚Üí –î–∞–≤—Ä–æ–Ω | –û—Ç–ø—Ä–∞–≤–∏–ª: 50000000$, –ü–æ–ª—É—á–∏–ª: 45000000$
2026-02-28 11:05:55,391 - LasVenturas By parviz - INFO - –ò–≥—Ä–∞ '–†–∞–∑–≥–æ–Ω': 6512241065 | –°—Ç–∞–≤–∫–∞: 500000000 | –†–µ–∑—É–ª—å—Ç–∞—Ç: win | –°–∫–æ—Ä–æ—Å—Ç—å: 254
2026-02-28 11:06:05,457 - LasVenturas By parviz - INFO - –ü–µ—Ä–µ–≤–æ–¥: ùô∞ùöÅùô±ùöÑùöâùô∏ùô∫ ‚Üí –ò—Å—Ä–∞—Ñ–∏–ª | –û—Ç–ø—Ä–∞–≤–∏–ª: 500000000$, –ü–æ–ª—É—á–∏–ª: 450000000$
2026-02-28 11:10:05,763 - LasVenturas By parviz - INFO - –ü–µ—Ä–µ–≤–æ–¥: ùô∞ùöÅùô±ùöÑùöâùô∏ùô∫ ‚Üí –ò—Å—Ä–∞—Ñ–∏–ª | –û—Ç–ø—Ä–∞–≤–∏–ª: 500000000$, –ü–æ–ª—É—á–∏–ª: 450000000$
2026-02-28 11:11:29,976 - LasVenturas By parviz - INFO - –ü–µ—Ä–µ–≤–æ–¥: ùô∞ùöÅùô±ùöÑùöâùô∏ùô∫ ‚Üí prince | –û—Ç–ø—Ä–∞–≤–∏–ª: 500000000$, –ü–æ–ª—É—á–∏–ª: 450000000$
2026-02-28 11:11:54,444 - LasVenturas By parviz - INFO - ‚úÖ –†–µ–∑—É–ª—å—Ç–∞—Ç —Ä—É–ª–µ—Ç–∫–∏ –∑–∞–ø–∏—Å–∞–Ω –≤ –ª–æ–≥: 8 —á, —Å–µ—Å—Å–∏—è a989af59
2026-02-28 11:12:12,275 - LasVenturas By parviz - INFO - –ü–æ–ª—å–∑–æ–≤–∞—Ç–µ–ª—å prettyboy_777 –∫—É–ø–∏–ª –±–∏–∑–Ω–µ—Å –æ—Ç–µ–ª—å
2026-02-28 11:12:49,366 - LasVenturas By parviz - INFO - –ü–µ—Ä–µ–≤–æ–¥: ùô∞ùöÅùô±ùöÑùöâùô∏ùô∫ ‚Üí prince | –û—Ç–ø—Ä–∞–≤–∏–ª: 350000000$, –ü–æ–ª—É—á–∏–ª: 315000000$
2026-02-28 11:14:58,496 - LasVenturas By parviz - INFO - ‚úÖ –ß–∞—Ç -5153595262 –∞–≤—Ç–æ–º–∞—Ç–∏—á–µ—Å–∫–∏ –¥–æ–±–∞–≤–ª–µ–Ω –≤ —Ä–∞—Å—Å—ã–ª–∫—É
2026-02-28 11:15:09,024 - LasVenturas By parviz - INFO - ‚úÖ –†–µ–∑—É–ª—å—Ç–∞—Ç —Ä—É–ª–µ—Ç–∫–∏ –∑–∞–ø–∏—Å–∞–Ω –≤ –ª–æ–≥: 4 —á, —Å–µ—Å—Å–∏—è e4c7611f
2026-02-28 11:15:19,536 - LasVenturas By parviz - INFO - ‚úÖ –†–µ–∑—É–ª—å—Ç–∞—Ç —Ä—É–ª–µ—Ç–∫–∏ –∑–∞–ø–∏—Å–∞–Ω –≤ –ª–æ–≥: 24 —á, —Å–µ—Å—Å–∏—è 76fbec54
2026-02-28 11:16:14,781 - LasVenturas By parviz - INFO - prettyboy_777 –æ—Ç–∫—Ä—ã–ª –º–∞–≥–∞–∑–∏–Ω –º–∞—à–∏–Ω (—Å—Ç—Ä–∞–Ω–∏—Ü–∞ 1)
2026-02-28 11:16:23,385 - LasVenturas By parviz - INFO - prettyboy_777 –ø–µ—Ä–µ—à–µ–ª –Ω–∞ —Å—Ç—Ä–∞–Ω–∏—Ü—É 2 –º–∞—à–∏–Ω
2026-02-28 11:16:39,578 - LasVenturas By parviz - INFO - ‚úÖ –†–µ–∑—É–ª—å—Ç–∞—Ç —Ä—É–ª–µ—Ç–∫–∏ –∑–∞–ø–∏—Å–∞–Ω –≤ –ª–æ–≥: 3 –∫, —Å–µ—Å—Å–∏—è 772adbd4
2026-02-28 11:18:38,802 - LasVenturas By parviz - INFO - –ü–æ–ª—å–∑–æ–≤–∞—Ç–µ–ª—å prettyboy_777 –∑–∞–ø—Ä–æ—Å–∏–ª –º–∞–≥–∞–∑–∏–Ω –¥–æ–º–æ–≤
2026-02-28 11:18:47,968 - LasVenturas By parviz - INFO - –ü–æ–ª—å–∑–æ–≤–∞—Ç–µ–ª—å Arbuztupoy –∑–∞–ø—Ä–æ—Å–∏–ª –∏–Ω—Ñ–æ—Ä–º–∞—Ü–∏—é –æ –¥–æ–º–µ
2026-02-28 11:19:00,043 - LasVenturas By parviz - INFO - –ü–µ—Ä–µ–≤–æ–¥: ùô∞ùöÅùô±ùöÑùöâùô∏ùô∫ ‚Üí prince | –û—Ç–ø—Ä–∞–≤–∏–ª: 10000000$, –ü–æ–ª—É—á–∏–ª: 9000000$
2026-02-28 11:19:21,474 - LasVenturas By parviz - INFO - –ò–≥—Ä–∞ '–†–∞–∑–≥–æ–Ω': 8340514324 | –°—Ç–∞–≤–∫–∞: 3000000 | –†–µ–∑—É–ª—å—Ç–∞—Ç: lose | –°–∫–æ—Ä–æ—Å—Ç—å: 107
2026-02-28 11:19:23,635 - LasVenturas By parviz - INFO - ‚ùå –ü–æ–ª—å–∑–æ–≤–∞—Ç–µ–ª—å 5694141752 –ù–ï –∏–º–µ–µ—Ç –Ω—É–∂–Ω—ã–π —Ç–µ–∫—Å—Ç –≤ bio.
2026-02-28 11:19:23,720 - LasVenturas By parviz - INFO - –ù–∞—á–∏—Å–ª–µ–Ω –¥–æ—Ö–æ–¥ 515$ –ø–æ–ª—å–∑–æ–≤–∞—Ç–µ–ª—é 5694141752 –∏–∑ –∏—Å—Ç–æ—á–Ω–∏–∫–∞ farm
2026-02-28 11:19:23,720 - LasVenturas By parviz - INFO - –ü–æ–ª—å–∑–æ–≤–∞—Ç–µ–ª—å 5694141752 –ø–æ–ª—É—á–∏–ª –æ–±—ã—á–Ω—ã–π –¥–æ—Ö–æ–¥ —Å —Ñ–µ—Ä–º—ã 515$
2026-02-28 11:19:28,722 - LasVenturas By parviz - INFO - ‚ùå –ü–æ–ª—å–∑–æ–≤–∞—Ç–µ–ª—å 5694141752 –ù–ï –∏–º–µ–µ—Ç –Ω—É–∂–Ω—ã–π —Ç–µ–∫—Å—Ç –≤ bio.
2026-02-28 11:19:28,806 - LasVenturas By parviz - INFO - –ù–∞—á–∏—Å–ª–µ–Ω –¥–æ—Ö–æ–¥ 4843$ –ø–æ–ª—å–∑–æ–≤–∞—Ç–µ–ª—é 5694141752 –∏–∑ –∏—Å—Ç–æ—á–Ω–∏–∫–∞ bonus
2026-02-28 11:19:28,807 - LasVenturas By parviz - INFO - –ü–æ–ª—å–∑–æ–≤–∞—Ç–µ–ª—å 5694141752 –ø–æ–ª—É—á–∏–ª –æ–±—ã—á–Ω—ã–π –±–æ–Ω—É—Å 4843$
2026-02-28 11:19:30,510 - LasVenturas By parviz - INFO - –ò–≥—Ä–∞ '–†–∞–∑–≥–æ–Ω': 8340514324 | –°—Ç–∞–≤–∫–∞: 6000000 | –†–µ–∑—É–ª—å—Ç–∞—Ç: lose | –°–∫–æ—Ä–æ—Å—Ç—å: 147
2026-02-28 11:19:44,595 - LasVenturas By parviz - INFO - –ò–≥—Ä–∞ '–†–∞–∑–≥–æ–Ω': 5694141752 | –°—Ç–∞–≤–∫–∞: 10000000 | –†–µ–∑—É–ª—å—Ç–∞—Ç: win | –°–∫–æ—Ä–æ—Å—Ç—å: 260
2026-02-28 11:21:06,349 - LasVenturas By parviz - INFO - ‚ùå –ü–æ–ª—å–∑–æ–≤–∞—Ç–µ–ª—å 6392543992 –ù–ï –∏–º–µ–µ—Ç –Ω—É–∂–Ω—ã–π —Ç–µ–∫—Å—Ç –≤ bio.
2026-02-28 11:21:06,428 - LasVenturas By parviz - INFO - –ù–∞—á–∏—Å–ª–µ–Ω –¥–æ—Ö–æ–¥ 1228$ –ø–æ–ª—å–∑–æ–≤–∞—Ç–µ–ª—é 6392543992 –∏–∑ –∏—Å—Ç–æ—á–Ω–∏–∫–∞ farm
2026-02-28 11:21:06,428 - LasVenturas By parviz - INFO - –ü–æ–ª—å–∑–æ–≤–∞—Ç–µ–ª—å 6392543992 –ø–æ–ª—É—á–∏–ª –æ–±—ã—á–Ω—ã–π –¥–æ—Ö–æ–¥ —Å —Ñ–µ—Ä–º—ã 1228$
2026-02-28 11:23:29,871 - LasVenturas By parviz - INFO - –ò–≥—Ä–∞ '–†–∞–∑–≥–æ–Ω': 7882268176 | –°—Ç–∞–≤–∫–∞: 50000040000 | –†–µ–∑—É–ª—å—Ç–∞—Ç: lose | –°–∫–æ—Ä–æ—Å—Ç—å: 174
2026-02-28 11:23:49,623 - LasVenturas By parviz - INFO - –ò–≥—Ä–∞ '–†–∞–∑–≥–æ–Ω': 6512241065 | –°—Ç–∞–≤–∫–∞: 100000000000 | –†–µ–∑—É–ª—å—Ç–∞—Ç: lose | –°–∫–æ—Ä–æ—Å—Ç—å: 208
2026-02-28 11:24:05,620 - LasVenturas By parviz - INFO - –ü–µ—Ä–µ–≤–æ–¥: ùô∞ùöÅùô±ùöÑùöâùô∏ùô∫ ‚Üí MoRg„Äñ·¥∑‚Å±‚Åø·¥≥ùïøùñçùñÜùñìùñîùñò‡ºí | –û—Ç–ø—Ä–∞–≤–∏–ª: 250000000000$, –ü–æ–ª—É—á–∏–ª: 225000000000$
2026-02-28 11:24:52,206 - LasVenturas By parviz - INFO - –ü–µ—Ä–µ–≤–æ–¥: ùô∞ùöÅùô±ùöÑùöâùô∏ùô∫ ‚Üí prince | –û—Ç–ø—Ä–∞–≤–∏–ª: 10000000$, –ü–æ–ª—É—á–∏–ª: 9000000$
2026-02-28 11:25:38,159 - LasVenturas By parviz - INFO - –ò–≥—Ä–∞ '–†–∞–∑–≥–æ–Ω': 8340514324 | –°—Ç–∞–≤–∫–∞: 7000000 | –†–µ–∑—É–ª—å—Ç–∞—Ç: lose | –°–∫–æ—Ä–æ—Å—Ç—å: 268
2026-02-28 11:25:53,338 - LasVenturas By parviz - INFO - –ò–≥—Ä–∞ '–†–∞–∑–≥–æ–Ω': 8340514324 | –°—Ç–∞–≤–∫–∞: 2000000 | –†–µ–∑—É–ª—å—Ç–∞—Ç: lose | –°–∫–æ—Ä–æ—Å—Ç—å: 217
2026-02-28 11:26:08,330 - LasVenturas By parviz - INFO - –ü–æ–ª—å–∑–æ–≤–∞—Ç–µ–ª—å prettyboy_777 –∑–∞–ø—Ä–æ—Å–∏–ª –∏–Ω—Ñ–æ—Ä–º–∞—Ü–∏—é –æ –±–∏–∑–Ω–µ—Å–µ
2026-02-28 11:26:48,530 - LasVenturas By parviz - INFO - –ò–≥—Ä–∞ '–†–∞–∑–≥–æ–Ω': 8340514324 | –°—Ç–∞–≤–∫–∞: 27000 | –†–µ–∑—É–ª—å—Ç–∞—Ç: win | –°–∫–æ—Ä–æ—Å—Ç—å: 244
2026-02-28 11:27:02,865 - LasVenturas By parviz - INFO - –ü–µ—Ä–µ–≤–æ–¥: prince ‚Üí ùô∞ùöÅùô±ùöÑùöâùô∏ùô∫ | –û—Ç–ø—Ä–∞–≤–∏–ª: 54000$, –ü–æ–ª—É—á–∏–ª: 54000$
2026-02-28 11:27:19,366 - LasVenturas By parviz - INFO - –ü–µ—Ä–µ–≤–æ–¥: ùô∞ùöÅùô±ùöÑùöâùô∏ùô∫ ‚Üí prince | –û—Ç–ø—Ä–∞–≤–∏–ª: 100000$, –ü–æ–ª—É—á–∏–ª: 100000$
2026-02-28 11:27:26,537 - LasVenturas By parviz - INFO - –ü–µ—Ä–µ–≤–æ–¥: prince ‚Üí ùô∞ùöÅùô±ùöÑùöâùô∏ùô∫ | –û—Ç–ø—Ä–∞–≤–∏–ª: 100000$, –ü–æ–ª—É—á–∏–ª: 100000$
2026-02-28 11:28:12,061 - LasVenturas By parviz - INFO - –ò–≥—Ä–∞ '–†–∞–∑–≥–æ–Ω': 6512241065 | –°—Ç–∞–≤–∫–∞: 100000 | –†–µ–∑—É–ª—å—Ç–∞—Ç: lose | –°–∫–æ—Ä–æ—Å—Ç—å: 301
2026-02-28 11:29:06,744 - LasVenturas By parviz - INFO - –ò–≥—Ä–∞ '–†–∞–∑–≥–æ–Ω': 8340514324 | –°—Ç–∞–≤–∫–∞: 50000000 | –†–µ–∑—É–ª—å—Ç–∞—Ç: lose | –°–∫–æ—Ä–æ—Å—Ç—å: 237
2026-02-28 11:29:29,128 - LasVenturas By parviz - INFO - –ò–≥—Ä–∞ '–†–∞–∑–≥–æ–Ω': 8340514324 | –°—Ç–∞–≤–∫–∞: 150000000 | –†–µ–∑—É–ª—å—Ç–∞—Ç: lose | –°–∫–æ—Ä–æ—Å—Ç—å: 258
2026-02-28 11:29:37,991 - LasVenturas By parviz - INFO - –ü–µ—Ä–µ–≤–æ–¥: ùô∞ùöÅùô±ùöÑùöâùô∏ùô∫ ‚Üí üö¨ | –û—Ç–ø—Ä–∞–≤–∏–ª: 3000000000$, –ü–æ–ª—É—á–∏–ª: 2700000000$
2026-02-28 11:29:56,648 - LasVenturas By parviz - INFO - –ò–≥—Ä–∞ '–†–∞–∑–≥–æ–Ω': 8340514324 | –°—Ç–∞–≤–∫–∞: 50000000 | –†–µ–∑—É–ª—å—Ç–∞—Ç: lose | –°–∫–æ—Ä–æ—Å—Ç—å: 96
2026-02-28 11:43:44,991 - LasVenturas By parviz - INFO - –ü–µ—Ä–µ–≤–æ–¥: ùô∞ùöÅùô±ùöÑùöâùô∏ùô∫ ‚Üí prince | –û—Ç–ø—Ä–∞–≤–∏–ª: 10$, –ü–æ–ª—É—á–∏–ª: 10$
2026-02-28 12:18:06,734 - LasVenturas By parviz - INFO - –ü–æ–ª—å–∑–æ–≤–∞—Ç–µ–ª—å temeiruki –∑–∞–ø—Ä–æ—Å–∏–ª –∏–Ω—Ñ–æ—Ä–º–∞—Ü–∏—é –æ –±–∏–∑–Ω–µ—Å–µ
2026-02-28 12:18:17,784 - LasVenturas By parviz - INFO - –ù–∞—á–∏—Å–ª–µ–Ω –¥–æ—Ö–æ–¥ 34097$ –ø–æ–ª—å–∑–æ–≤–∞—Ç–µ–ª—é 5815880196 –∏–∑ –∏—Å—Ç–æ—á–Ω–∏–∫–∞ business
2026-02-28 12:18:38,249 - LasVenturas By parviz - INFO - ‚ùå –ü–æ–ª—å–∑–æ–≤–∞—Ç–µ–ª—å 7158187651 –ù–ï –∏–º–µ–µ—Ç –Ω—É–∂–Ω—ã–π —Ç–µ–∫—Å—Ç –≤ bio.
2026-02-28 12:18:38,339 - LasVenturas By parviz - INFO - –ù–∞—á–∏—Å–ª–µ–Ω –¥–æ—Ö–æ–¥ 1359$ –ø–æ–ª—å–∑–æ–≤–∞—Ç–µ–ª—é 7158187651 –∏–∑ –∏—Å—Ç–æ—á–Ω–∏–∫–∞ farm
2026-02-28 12:18:38,339 - LasVenturas By parviz - INFO - –ü–æ–ª—å–∑–æ–≤–∞—Ç–µ–ª—å 7158187651 –ø–æ–ª—É—á–∏–ª –æ–±—ã—á–Ω—ã–π –¥–æ—Ö–æ–¥ —Å —Ñ–µ—Ä–º—ã 1359$
2026-02-28 12:18:44,639 - TeleBot - ERROR - Threaded polling exception: A request to the Telegram API was unsuccessful. Error code: 400. Description: Bad Request: can't parse entities: Unsupported start tag "—Å—Ç–∞–≤–∫–∞" at byte offset 39
2026-02-28 12:18:44,640 - TeleBot - ERROR - Exception traceback:
Traceback (most recent call last):
  File "/usr/local/lib/python3.11/site-packages/telebot/__init__.py", line 1235, in __threaded_polling
    self.worker_pool.raise_exceptions()
  File "/usr/local/lib/python3.11/site-packages/telebot/util.py", line 154, in raise_exceptions
    raise self.exception_info
  File "/usr/local/lib/python3.11/site-packages/telebot/util.py", line 97, in run
    task(*args, **kwargs)
  File "/usr/local/lib/python3.11/site-packages/telebot/__init__.py", line 10427, in _run_middlewares_and_handler
    result = handler['function'](message)
             ^^^^^^^^^^^^^^^^^^^^^^^^^^^^
  File "/app/tuk.py", line 1324, in bomb_game
    bot.send_message(message.chat.id, "–ò—Å–ø–æ–ª—å–∑–æ–≤–∞–Ω–∏–µ: –±–æ–º–±–∞ <—Å—Ç–∞–≤–∫–∞>")
  File "/usr/local/lib/python3.11/site-packages/telebot/__init__.py", line 1834, in send_message
    apihelper.send_message(
  File "/usr/local/lib/python3.11/site-packages/telebot/apihelper.py", line 282, in send_message
    return _make_request(token, method_url, params=payload, method='post')
           ^^^^^^^^^^^^^^^^^^^^^^^^^^^^^^^^^^^^^^^^^^^^^^^^^^^^^^^^^^^^^^^
  File "/usr/local/lib/python3.11/site-packages/telebot/apihelper.py", line 168, in _make_request
    json_result = _check_result(method_name, result)
                  ^^^^^^^^^^^^^^^^^^^^^^^^^^^^^^^^^^
  File "/usr/local/lib/python3.11/site-packages/telebot/apihelper.py", line 197, in _check_result
    raise ApiTelegramException(method_name, result, result_json)
telebot.apihelper.ApiTelegramException: A request to the Telegram API was unsuccessful. Error code: 400. Description: Bad Request: can't parse entities: Unsupported start tag "—Å—Ç–∞–≤–∫–∞" at byte offset 39

2026-02-28 12:19:29,800 - LasVenturas By parviz - INFO - ‚ùå –ü–æ–ª—å–∑–æ–≤–∞—Ç–µ–ª—å 7948779033 –ù–ï –∏–º–µ–µ—Ç –Ω—É–∂–Ω—ã–π —Ç–µ–∫—Å—Ç –≤ bio.
2026-02-28 12:19:29,880 - LasVenturas By parviz - INFO - –ù–∞—á–∏—Å–ª–µ–Ω –¥–æ—Ö–æ–¥ 4261$ –ø–æ–ª—å–∑–æ–≤–∞—Ç–µ–ª—é 7948779033 –∏–∑ –∏—Å—Ç–æ—á–Ω–∏–∫–∞ bonus
2026-02-28 12:19:29,880 - LasVenturas By parviz - INFO - –ü–æ–ª—å–∑–æ–≤–∞—Ç–µ–ª—å 7948779033 –ø–æ–ª—É—á–∏–ª –æ–±—ã—á–Ω—ã–π –±–æ–Ω—É—Å 4261$
2026-02-28 12:19:33,190 - LasVenturas By parviz - INFO - ‚ùå –ü–æ–ª—å–∑–æ–≤–∞—Ç–µ–ª—å 7948779033 –ù–ï –∏–º–µ–µ—Ç –Ω—É–∂–Ω—ã–π —Ç–µ–∫—Å—Ç –≤ bio.
2026-02-28 12:19:33,274 - LasVenturas By parviz - INFO - –ù–∞—á–∏—Å–ª–µ–Ω –¥–æ—Ö–æ–¥ 4921$ –ø–æ–ª—å–∑–æ–≤–∞—Ç–µ–ª—é 7948779033 –∏–∑ –∏—Å—Ç–æ—á–Ω–∏–∫–∞ farm
2026-02-28 12:19:33,274 - LasVenturas By parviz - INFO - –ü–æ–ª—å–∑–æ–≤–∞—Ç–µ–ª—å 7948779033 –ø–æ–ª—É—á–∏–ª –æ–±—ã—á–Ω—ã–π –¥–æ—Ö–æ–¥ —Å —Ñ–µ—Ä–º—ã 4921$
2026-02-28 12:32:07,733 - LasVenturas By parviz - INFO - –ü–æ–ª—å–∑–æ–≤–∞—Ç–µ–ª—å None –∑–∞–ø—Ä–æ—Å–∏–ª –∏–Ω—Ñ–æ—Ä–º–∞—Ü–∏—é –æ –±–∏–∑–Ω–µ—Å–µ
2026-02-28 12:32:10,420 - LasVenturas By parviz - INFO - –ù–∞—á–∏—Å–ª–µ–Ω –¥–æ—Ö–æ–¥ 212469$ –ø–æ–ª—å–∑–æ–≤–∞—Ç–µ–ª—é 8232024665 –∏–∑ –∏—Å—Ç–æ—á–Ω–∏–∫–∞ business
2026-02-28 12:32:32,206 - LasVenturas By parviz - INFO - ‚ùå –ü–æ–ª—å–∑–æ–≤–∞—Ç–µ–ª—å 8232024665 –ù–ï –∏–º–µ–µ—Ç –Ω—É–∂–Ω—ã–π —Ç–µ–∫—Å—Ç –≤ bio.
2026-02-28 12:32:32,287 - LasVenturas By parviz - INFO - –ù–∞—á–∏—Å–ª–µ–Ω –¥–æ—Ö–æ–¥ 2582$ –ø–æ–ª—å–∑–æ–≤–∞—Ç–µ–ª—é 8232024665 –∏–∑ –∏—Å—Ç–æ—á–Ω–∏–∫–∞ farm
2026-02-28 12:32:32,287 - LasVenturas By parviz - INFO - –ü–æ–ª—å–∑–æ–≤–∞—Ç–µ–ª—å 8232024665 –ø–æ–ª—É—á–∏–ª –æ–±—ã—á–Ω—ã–π –¥–æ—Ö–æ–¥ —Å —Ñ–µ—Ä–º—ã 2582$
2026-02-28 12:32:39,230 - LasVenturas By parviz - INFO - ‚ùå –ü–æ–ª—å–∑–æ–≤–∞—Ç–µ–ª—å 8232024665 –ù–ï –∏–º–µ–µ—Ç –Ω—É–∂–Ω—ã–π —Ç–µ–∫—Å—Ç –≤ bio.
2026-02-28 12:32:39,308 - LasVenturas By parviz - INFO - –ù–∞—á–∏—Å–ª–µ–Ω –¥–æ—Ö–æ–¥ 4975$ –ø–æ–ª—å–∑–æ–≤–∞—Ç–µ–ª—é 8232024665 –∏–∑ –∏—Å—Ç–æ—á–Ω–∏–∫–∞ bonus
2026-02-28 12:32:39,308 - LasVenturas By parviz - INFO - –ü–æ–ª—å–∑–æ–≤–∞—Ç–µ–ª—å 8232024665 –ø–æ–ª—É—á–∏–ª –æ–±—ã—á–Ω—ã–π –±–æ–Ω—É—Å 4975$
2026-02-28 12:32:55,828 - LasVenturas By parviz - INFO - –ò–≥—Ä–∞ '–†–∞–∑–≥–æ–Ω': 8232024665 | –°—Ç–∞–≤–∫–∞: 96322 | –†–µ–∑—É–ª—å—Ç–∞—Ç: lose | –°–∫–æ—Ä–æ—Å—Ç—å: 154
2026-02-28 12:41:53,282 - LasVenturas By parviz - INFO - –ü–æ–ª—å–∑–æ–≤–∞—Ç–µ–ª—å l1ricaaa –∑–∞–ø—Ä–æ—Å–∏–ª –∏–Ω—Ñ–æ—Ä–º–∞—Ü–∏—é –æ –¥–æ–º–µ
2026-02-28 12:41:56,080 - LasVenturas By parviz - INFO - –ò–≥—Ä–∞ '–†–∞–∑–≥–æ–Ω': 7882268176 | –°—Ç–∞–≤–∫–∞: 15000000000 | –†–µ–∑—É–ª—å—Ç–∞—Ç: lose | –°–∫–æ—Ä–æ—Å—Ç—å: 157
2026-02-28 12:42:00,427 - LasVenturas By parviz - INFO - –ü–æ–ª—å–∑–æ–≤–∞—Ç–µ–ª—å l1ricaaa —Å–æ–±—Ä–∞–ª –∞—Ä–µ–Ω–¥—É: 611671$
2026-02-28 12:42:11,744 - LasVenturas By parviz - INFO - –ü–æ–ª—å–∑–æ–≤–∞—Ç–µ–ª—å l1ricaaa –æ–ø–ª–∞—Ç–∏–ª —Å–æ–¥–µ—Ä–∂–∞–Ω–∏–µ –¥–æ–º–∞: 30000$
2026-02-28 12:42:37,282 - LasVenturas By parviz - INFO - –ü–æ–ª—å–∑–æ–≤–∞—Ç–µ–ª—å l1ricaaa –∑–∞–ø—Ä–æ—Å–∏–ª –∏–Ω—Ñ–æ—Ä–º–∞—Ü–∏—é –æ –±–∏–∑–Ω–µ—Å–µ
2026-02-28 12:42:39,763 - LasVenturas By parviz - INFO - –ù–∞—á–∏—Å–ª–µ–Ω –¥–æ—Ö–æ–¥ 509873$ –ø–æ–ª—å–∑–æ–≤–∞—Ç–µ–ª—é 8358458560 –∏–∑ –∏—Å—Ç–æ—á–Ω–∏–∫–∞ business
2026-02-28 12:42:48,266 - LasVenturas By parviz - INFO - –¢—è–Ω–∫–∞ –∞–≤—Ç–æ–º–∞—Ç–∏—á–µ—Å–∫–∏ —É—à–ª–∞ (—Å—ã—Ç–æ—Å—Ç—å: 0)
2026-02-28 12:42:48,269 - TeleBot - ERROR - Infinity polling exception: 'NoneType' object is not subscriptable
2026-02-28 12:42:48,270 - TeleBot - ERROR - Exception traceback:
Traceback (most recent call last):
  File "/usr/local/lib/python3.11/site-packages/telebot/__init__.py", line 1110, in infinity_polling
    self.polling(non_stop=True, timeout=timeout, long_polling_timeout=long_polling_timeout,
  File "/usr/local/lib/python3.11/site-packages/telebot/__init__.py", line 1198, in polling
    self.__threaded_polling(non_stop=non_stop, interval=interval, timeout=timeout, long_polling_timeout=long_polling_timeout,
  File "/usr/local/lib/python3.11/site-packages/telebot/__init__.py", line 1273, in __threaded_polling
    raise e
  File "/usr/local/lib/python3.11/site-packages/telebot/__init__.py", line 1235, in __threaded_polling
    self.worker_pool.raise_exceptions()
  File "/usr/local/lib/python3.11/site-packages/telebot/util.py", line 154, in raise_exceptions
    raise self.exception_info
  File "/usr/local/lib/python3.11/site-packages/telebot/util.py", line 97, in run
    task(*args, **kwargs)
  File "/usr/local/lib/python3.11/site-packages/telebot/__init__.py", line 10427, in _run_middlewares_and_handler
    result = handler['function'](message)
             ^^^^^^^^^^^^^^^^^^^^^^^^^^^^
  File "/app/tuk.py", line 15681, in my_tyanka
    info = TYANKA_DATA[tyanka["name"]]
                       ~~~~~~^^^^^^^^
TypeError: 'NoneType' object is not subscriptable

2026-02-28 12:43:02,788 - LasVenturas By parviz - INFO - –ü–æ–ª—å–∑–æ–≤–∞—Ç–µ–ª—å Spraynio –∑–∞–ø—Ä–æ—Å–∏–ª –∏–Ω—Ñ–æ—Ä–º–∞—Ü–∏—é –æ –¥–æ–º–µ
2026-02-28 12:43:04,817 - LasVenturas By parviz - INFO - –ü–æ–ª—å–∑–æ–≤–∞—Ç–µ–ª—å Spraynio —Å–æ–±—Ä–∞–ª –∞—Ä–µ–Ω–¥—É: 19108$
2026-02-28 12:43:05,833 - LasVenturas By parviz - INFO - –ü–æ–ª—å–∑–æ–≤–∞—Ç–µ–ª—å Spraynio –æ–ø–ª–∞—Ç–∏–ª —Å–æ–¥–µ—Ä–∂–∞–Ω–∏–µ –¥–æ–º–∞: 5000$
2026-02-28 12:43:23,550 - LasVenturas By parviz - INFO - –ü–æ–ª—å–∑–æ–≤–∞—Ç–µ–ª—å Spraynio –∑–∞–ø—Ä–æ—Å–∏–ª –∏–Ω—Ñ–æ—Ä–º–∞—Ü–∏—é –æ –±–∏–∑–Ω–µ—Å–µ
2026-02-28 12:43:25,436 - LasVenturas By parviz - INFO - –ù–∞—á–∏—Å–ª–µ–Ω –¥–æ—Ö–æ–¥ 7961$ –ø–æ–ª—å–∑–æ–≤–∞—Ç–µ–ª—é 5568563582 –∏–∑ –∏—Å—Ç–æ—á–Ω–∏–∫–∞ business
2026-02-28 12:43:55,966 - LasVenturas By parviz - INFO - –ò–≥—Ä–∞ '–†–∞–∑–≥–æ–Ω': 7882268176 | –°—Ç–∞–≤–∫–∞: 20000000000 | –†–µ–∑—É–ª—å—Ç–∞—Ç: win | –°–∫–æ—Ä–æ—Å—Ç—å: 265
2026-02-28 12:45:15,208 - LasVenturas By parviz - INFO - –ò–≥—Ä–∞ '–†–∞–∑–≥–æ–Ω': 7882268176 | –°—Ç–∞–≤–∫–∞: 15000000000 | –†–µ–∑—É–ª—å—Ç–∞—Ç: win | –°–∫–æ—Ä–æ—Å—Ç—å: 153
2026-02-28 12:51:17,136 - LasVenturas By parviz - ERROR - –û—à–∏–±–∫–∞ help_back_page_2: A request to the Telegram API was unsuccessful. Error code: 400. Description: Bad Request: message is not modified: specified new message content and reply markup are exactly the same as a current content and reply markup of the message
2026-02-28 12:51:20,011 - LasVenturas By parviz - INFO - –ü–µ—Ä–µ–≤–æ–¥: ùô∞ùöÅùô±ùöÑùöâùô∏ùô∫ ‚Üí –ö–æ—Ç –ø—Ä–∞–≤–æ—Å—É–¥–∏—è | –û—Ç–ø—Ä–∞–≤–∏–ª: 15750750$, –ü–æ–ª—É—á–∏–ª: 14175675$
2026-02-28 12:54:03,627 - LasVenturas By parviz - INFO - –ò–≥—Ä–∞ '–†–∞–∑–≥–æ–Ω': 7882268176 | –°—Ç–∞–≤–∫–∞: 15000000000 | –†–µ–∑—É–ª—å—Ç–∞—Ç: lose | –°–∫–æ—Ä–æ—Å—Ç—å: 117
2026-02-28 12:54:09,963 - LasVenturas By parviz - INFO - ‚úÖ –†–µ–∑—É–ª—å—Ç–∞—Ç —Ä—É–ª–µ—Ç–∫–∏ –∑–∞–ø–∏—Å–∞–Ω –≤ –ª–æ–≥: 20 —á, —Å–µ—Å—Å–∏—è 2dfcd68b
2026-02-28 12:54:22,587 - LasVenturas By parviz - INFO - –ò–≥—Ä–∞ '–†–∞–∑–≥–æ–Ω': 7882268176 | –°—Ç–∞–≤–∫–∞: 20000000000 | –†–µ–∑—É–ª—å—Ç–∞—Ç: lose | –°–∫–æ—Ä–æ—Å—Ç—å: 234
2026-02-28 12:54:27,814 - LasVenturas By parviz - INFO - –ò–≥—Ä–∞ '–†–∞–∑–≥–æ–Ω': 7882268176 | –°—Ç–∞–≤–∫–∞: 20000000000 | –†–µ–∑—É–ª—å—Ç–∞—Ç: lose | –°–∫–æ—Ä–æ—Å—Ç—å: 154
2026-02-28 12:54:39,107 - LasVenturas By parviz - INFO - –ò–≥—Ä–∞ '–†–∞–∑–≥–æ–Ω': 7882268176 | –°—Ç–∞–≤–∫–∞: 20000000000 | –†–µ–∑—É–ª—å—Ç–∞—Ç: lose | –°–∫–æ—Ä–æ—Å—Ç—å: 201
2026-02-28 12:54:53,562 - LasVenturas By parviz - INFO - –ò–≥—Ä–∞ '–†–∞–∑–≥–æ–Ω': 7882268176 | –°—Ç–∞–≤–∫–∞: 20000000000 | –†–µ–∑—É–ª—å—Ç–∞—Ç: win | –°–∫–æ—Ä–æ—Å—Ç—å: 267
2026-02-28 12:56:01,344 - LasVenturas By parviz - INFO - ‚úÖ –†–µ–∑—É–ª—å—Ç–∞—Ç —Ä—É–ª–µ—Ç–∫–∏ –∑–∞–ø–∏—Å–∞–Ω –≤ –ª–æ–≥: 5 –∫, —Å–µ—Å—Å–∏—è ea0737c0
2026-02-28 12:56:39,379 - LasVenturas By parviz - INFO - ‚úÖ –†–µ–∑—É–ª—å—Ç–∞—Ç —Ä—É–ª–µ—Ç–∫–∏ –∑–∞–ø–∏—Å–∞–Ω –≤ –ª–æ–≥: 4 —á, —Å–µ—Å—Å–∏—è aec79f4e
2026-02-28 13:02:10,789 - LasVenturas By parviz - INFO - ‚úÖ –†–µ–∑—É–ª—å—Ç–∞—Ç —Ä—É–ª–µ—Ç–∫–∏ –∑–∞–ø–∏—Å–∞–Ω –≤ –ª–æ–≥: 1 –∫, —Å–µ—Å—Å–∏—è 97a22283
2026-02-28 13:02:54,223 - LasVenturas By parviz - INFO - ‚úÖ –†–µ–∑—É–ª—å—Ç–∞—Ç —Ä—É–ª–µ—Ç–∫–∏ –∑–∞–ø–∏—Å–∞–Ω –≤ –ª–æ–≥: 34 —á, —Å–µ—Å—Å–∏—è bf95f2ec
2026-02-28 13:12:29,862 - LasVenturas By parviz - INFO - –ü–µ—Ä–µ–≤–æ–¥: –î–∞–≤—Ä–æ–Ω ‚Üí –ò—Å—Ä–∞—Ñ–∏–ª | –û—Ç–ø—Ä–∞–≤–∏–ª: 5000000$, –ü–æ–ª—É—á–∏–ª: 4500000$
2026-02-28 13:16:41,133 - LasVenturas By parviz - INFO - üí∞ VIP –¥–æ—Ö–æ–¥ –Ω–∞—á–∏—Å–ª–µ–Ω: 7526512670 +20000$
2026-02-28 13:16:41,133 - LasVenturas By parviz - INFO - üí∞ VIP –¥–æ—Ö–æ–¥ –Ω–∞—á–∏—Å–ª–µ–Ω: 1375612102 +20000$
2026-02-28 13:16:41,133 - LasVenturas By parviz - INFO - üí∞ VIP –¥–æ—Ö–æ–¥ –Ω–∞—á–∏—Å–ª–µ–Ω: 5694141752 +20000$
2026-02-28 13:16:41,133 - LasVenturas By parviz - INFO - üí∞ VIP –¥–æ—Ö–æ–¥ –Ω–∞—á–∏—Å–ª–µ–Ω: 5203713503 +5000$
2026-02-28 13:16:41,134 - LasVenturas By parviz - INFO - üí∞ VIP –¥–æ—Ö–æ–¥ –Ω–∞—á–∏—Å–ª–µ–Ω: 7457101105 +20000$
2026-02-28 13:16:41,134 - LasVenturas By parviz - INFO - üí∞ VIP –¥–æ—Ö–æ–¥ –Ω–∞—á–∏—Å–ª–µ–Ω: 7245117477 +5000$
2026-02-28 13:16:41,134 - LasVenturas By parviz - INFO - üí∞ VIP –¥–æ—Ö–æ–¥ –Ω–∞—á–∏—Å–ª–µ–Ω: 2 +2500$
2026-02-28 13:16:41,134 - LasVenturas By parviz - INFO - üí∞ VIP –¥–æ—Ö–æ–¥ –Ω–∞—á–∏—Å–ª–µ–Ω: 7224384020 +8000$
2026-02-28 13:16:41,134 - LasVenturas By parviz - INFO - üí∞ VIP –¥–æ—Ö–æ–¥ –Ω–∞—á–∏—Å–ª–µ–Ω: 7984662069 +5000$
2026-02-28 13:16:41,134 - LasVenturas By parviz - INFO - üí∞ VIP –¥–æ—Ö–æ–¥ –Ω–∞—á–∏—Å–ª–µ–Ω: 7985048553 +5000$
2026-02-28 13:16:41,134 - LasVenturas By parviz - INFO - üí∞ VIP –¥–æ—Ö–æ–¥ –Ω–∞—á–∏—Å–ª–µ–Ω: 7737537535 +1000$
2026-02-28 13:16:41,134 - LasVenturas By parviz - INFO - üí∞ VIP –¥–æ—Ö–æ–¥ –Ω–∞—á–∏—Å–ª–µ–Ω: 8293448450 +14000$
2026-02-28 13:16:41,134 - LasVenturas By parviz - INFO - üí∞ VIP –¥–æ—Ö–æ–¥ –Ω–∞—á–∏—Å–ª–µ–Ω: 7696828602 +20000$
2026-02-28 13:16:41,134 - LasVenturas By parviz - INFO - üí∞ VIP –¥–æ—Ö–æ–¥ –Ω–∞—á–∏—Å–ª–µ–Ω: 7355771676 +5000$
2026-02-28 13:16:41,135 - LasVenturas By parviz - INFO - üí∞ VIP –¥–æ—Ö–æ–¥ –Ω–∞—á–∏—Å–ª–µ–Ω: 7367892015 +2500$
2026-02-28 13:16:41,135 - LasVenturas By parviz - INFO - üí∞ VIP –¥–æ—Ö–æ–¥ –Ω–∞—á–∏—Å–ª–µ–Ω: 5365339772 +5000$
2026-02-28 13:16:41,135 - LasVenturas By parviz - INFO - üí∞ VIP –¥–æ—Ö–æ–¥ –Ω–∞—á–∏—Å–ª–µ–Ω: 8434252090 +2500$
2026-02-28 13:16:41,135 - LasVenturas By parviz - INFO - üí∞ VIP –¥–æ—Ö–æ–¥ –Ω–∞—á–∏—Å–ª–µ–Ω: 6939750387 +2500$
2026-02-28 13:16:41,135 - LasVenturas By parviz - INFO - üí∞ VIP –¥–æ—Ö–æ–¥ –Ω–∞—á–∏—Å–ª–µ–Ω: 5815880196 +20000$
2026-02-28 13:16:41,135 - LasVenturas By parviz - INFO - üí∞ VIP –¥–æ—Ö–æ–¥ –Ω–∞—á–∏—Å–ª–µ–Ω: 8168027201 +20000$
2026-02-28 13:16:41,135 - LasVenturas By parviz - INFO - üí∞ VIP –¥–æ—Ö–æ–¥ –Ω–∞—á–∏—Å–ª–µ–Ω: 7174147624 +20000$
2026-02-28 13:16:41,135 - LasVenturas By parviz - INFO - üí∞ VIP –¥–æ—Ö–æ–¥ –Ω–∞—á–∏—Å–ª–µ–Ω: 5862775750 +20000$
2026-02-28 13:16:41,135 - LasVenturas By parviz - INFO - üí∞ VIP –¥–æ—Ö–æ–¥ –Ω–∞—á–∏—Å–ª–µ–Ω: 6401913458 +20000$
2026-02-28 13:16:41,136 - LasVenturas By parviz - INFO - üí∞ VIP –¥–æ—Ö–æ–¥ –Ω–∞—á–∏—Å–ª–µ–Ω: 6512241065 +20000$
2026-02-28 13:16:41,136 - LasVenturas By parviz - INFO - üí∞ VIP –¥–æ—Ö–æ–¥ –Ω–∞—á–∏—Å–ª–µ–Ω: 1248832437 +20000$
2026-02-28 13:16:41,136 - LasVenturas By parviz - INFO - üí∞ VIP –¥–æ—Ö–æ–¥ –Ω–∞—á–∏—Å–ª–µ–Ω: 1183936756 +20000$
2026-02-28 13:16:41,137 - LasVenturas By parviz - INFO - üí∞ VIP –¥–æ—Ö–æ–¥ –Ω–∞—á–∏—Å–ª–µ–Ω: 7451308154 +1000$
2026-02-28 13:16:41,137 - LasVenturas By parviz - INFO - üí∞ VIP –¥–æ—Ö–æ–¥ –Ω–∞—á–∏—Å–ª–µ–Ω: 6769029176 +20000$
2026-02-28 13:16:41,137 - LasVenturas By parviz - INFO - üí∞ VIP –¥–æ—Ö–æ–¥ –Ω–∞—á–∏—Å–ª–µ–Ω: 8589562480 +20000$
2026-02-28 13:16:41,137 - LasVenturas By parviz - INFO - üí∞ VIP –¥–æ—Ö–æ–¥ –Ω–∞—á–∏—Å–ª–µ–Ω: 5424666061 +20000$
2026-02-28 13:16:41,137 - LasVenturas By parviz - INFO - üí∞ VIP –¥–æ—Ö–æ–¥ –Ω–∞—á–∏—Å–ª–µ–Ω: 649602076 +20000$
2026-02-28 13:16:41,137 - LasVenturas By parviz - INFO - üí∞ VIP –¥–æ—Ö–æ–¥ –Ω–∞—á–∏—Å–ª–µ–Ω: 1754668778 +20000$
2026-02-28 13:16:41,137 - LasVenturas By parviz - INFO - üí∞ VIP –¥–æ—Ö–æ–¥ –Ω–∞—á–∏—Å–ª–µ–Ω: 8358458560 +14000$
2026-02-28 13:16:41,137 - LasVenturas By parviz - INFO - üí∞ VIP –¥–æ—Ö–æ–¥ –Ω–∞—á–∏—Å–ª–µ–Ω: 7882268176 +20000$
2026-02-28 13:16:41,222 - LasVenturas By parviz - INFO - üíæ VIP –¥–æ—Ö–æ–¥: –¥–∞–Ω–Ω—ã–µ —Å–æ—Ö—Ä–∞–Ω–µ–Ω—ã
2026-02-28 13:20:31,768 - LasVenturas By parviz - INFO - –ê–¥–º–∏–Ω parvizwp —Å–æ–∑–¥–∞–ª –ø—Ä–æ–º–æ–∫–æ–¥ 1234456
2026-02-28 13:20:39,074 - LasVenturas By parviz - INFO - –ù–∞—á–∏—Å–ª–µ–Ω –¥–æ—Ö–æ–¥ 1234567$ –ø–æ–ª—å–∑–æ–≤–∞—Ç–µ–ª—é 7526512670 –∏–∑ –∏—Å—Ç–æ—á–Ω–∏–∫–∞ promo
2026-02-28 13:20:39,227 - LasVenturas By parviz - INFO - –ü–æ–ª—å–∑–æ–≤–∞—Ç–µ–ª—å parvizwp –∞–∫—Ç–∏–≤–∏—Ä–æ–≤–∞–ª –ø—Ä–æ–º–æ–∫–æ–¥ 1234456
2026-02-28 13:20:52,624 - LasVenturas By parviz - INFO - –ù–∞—á–∏—Å–ª–µ–Ω –¥–æ—Ö–æ–¥ 1234567$ –ø–æ–ª—å–∑–æ–≤–∞—Ç–µ–ª—é 777000 –∏–∑ –∏—Å—Ç–æ—á–Ω–∏–∫–∞ promo
2026-02-28 13:20:52,904 - LasVenturas By parviz - INFO - –ü–æ–ª—å–∑–æ–≤–∞—Ç–µ–ª—å None –∞–∫—Ç–∏–≤–∏—Ä–æ–≤–∞–ª –ø—Ä–æ–º–æ–∫–æ–¥ 1234456
2026-02-28 13:20:56,656 - LasVenturas By parviz - INFO - –ù–∞—á–∏—Å–ª–µ–Ω –¥–æ—Ö–æ–¥ 1234567$ –ø–æ–ª—å–∑–æ–≤–∞—Ç–µ–ª—é 1448932943 –∏–∑ –∏—Å—Ç–æ—á–Ω–∏–∫–∞ promo
2026-02-28 13:20:56,849 - LasVenturas By parviz - INFO - –ü–æ–ª—å–∑–æ–≤–∞—Ç–µ–ª—å PROSTODAVRON –∞–∫—Ç–∏–≤–∏—Ä–æ–≤–∞–ª –ø—Ä–æ–º–æ–∫–æ–¥ 1234456
2026-02-28 13:20:59,178 - LasVenturas By parviz - INFO - –ù–∞—á–∏—Å–ª–µ–Ω –¥–æ—Ö–æ–¥ 1234567$ –ø–æ–ª—å–∑–æ–≤–∞—Ç–µ–ª—é 7309661931 –∏–∑ –∏—Å—Ç–æ—á–Ω–∏–∫–∞ promo
2026-02-28 13:20:59,363 - LasVenturas By parviz - INFO - –ü–æ–ª—å–∑–æ–≤–∞—Ç–µ–ª—å kar_inka3 –∞–∫—Ç–∏–≤–∏—Ä–æ–≤–∞–ª –ø—Ä–æ–º–æ–∫–æ–¥ 1234456
2026-02-28 13:21:02,196 - LasVenturas By parviz - INFO - –ù–∞—á–∏—Å–ª–µ–Ω –¥–æ—Ö–æ–¥ 1234567$ –ø–æ–ª—å–∑–æ–≤–∞—Ç–µ–ª—é 7174147624 –∏–∑ –∏—Å—Ç–æ—á–Ω–∏–∫–∞ promo
2026-02-28 13:21:02,328 - LasVenturas By parviz - INFO - –ü–æ–ª—å–∑–æ–≤–∞—Ç–µ–ª—å ASTROVVG –∞–∫—Ç–∏–≤–∏—Ä–æ–≤–∞–ª –ø—Ä–æ–º–æ–∫–æ–¥ 1234456
2026-02-28 13:21:03,910 - LasVenturas By parviz - INFO - –ù–∞—á–∏—Å–ª–µ–Ω –¥–æ—Ö–æ–¥ 1234567$ –ø–æ–ª—å–∑–æ–≤–∞—Ç–µ–ª—é 7985048553 –∏–∑ –∏—Å—Ç–æ—á–Ω–∏–∫–∞ promo
2026-02-28 13:21:04,061 - LasVenturas By parviz - INFO - –ü–æ–ª—å–∑–æ–≤–∞—Ç–µ–ª—å doretar –∞–∫—Ç–∏–≤–∏—Ä–æ–≤–∞–ª –ø—Ä–æ–º–æ–∫–æ–¥ 1234456
2026-02-28 13:21:05,658 - LasVenturas By parviz - INFO - –ù–∞—á–∏—Å–ª–µ–Ω –¥–æ—Ö–æ–¥ 1234567$ –ø–æ–ª—å–∑–æ–≤–∞—Ç–µ–ª—é 7948779033 –∏–∑ –∏—Å—Ç–æ—á–Ω–∏–∫–∞ promo
2026-02-28 13:21:05,855 - LasVenturas By parviz - INFO - –ü–æ–ª—å–∑–æ–≤–∞—Ç–µ–ª—å proga178 –∞–∫—Ç–∏–≤–∏—Ä–æ–≤–∞–ª –ø—Ä–æ–º–æ–∫–æ–¥ 1234456
2026-02-28 13:22:57,761 - LasVenturas By parviz - INFO - –ü–æ–ª—å–∑–æ–≤–∞—Ç–µ–ª—å Salim_999 –∑–∞–ø—Ä–æ—Å–∏–ª –∏–Ω—Ñ–æ—Ä–º–∞—Ü–∏—é –æ –±–∏–∑–Ω–µ—Å–µ
2026-02-28 13:30:44,531 - LasVenturas By parviz - INFO - ‚ùå –ü–æ–ª—å–∑–æ–≤–∞—Ç–µ–ª—å 8168027201 –ù–ï –∏–º–µ–µ—Ç –Ω—É–∂–Ω—ã–π —Ç–µ–∫—Å—Ç –≤ bio.
2026-02-28 13:30:44,619 - LasVenturas By parviz - INFO - –ù–∞—á–∏—Å–ª–µ–Ω –¥–æ—Ö–æ–¥ 1973$ –ø–æ–ª—å–∑–æ–≤–∞—Ç–µ–ª—é 8168027201 –∏–∑ –∏—Å—Ç–æ—á–Ω–∏–∫–∞ farm
2026-02-28 13:30:44,619 - LasVenturas By parviz - INFO - –ü–æ–ª—å–∑–æ–≤–∞—Ç–µ–ª—å 8168027201 –ø–æ–ª—É—á–∏–ª –æ–±—ã—á–Ω—ã–π –¥–æ—Ö–æ–¥ —Å —Ñ–µ—Ä–º—ã 1973$
2026-02-28 13:32:18,366 - LasVenturas By parviz - INFO - –ü–æ–ª—å–∑–æ–≤–∞—Ç–µ–ª—å DAGDARION7766 –∑–∞–ø—Ä–æ—Å–∏–ª –∏–Ω—Ñ–æ—Ä–º–∞—Ü–∏—é –æ –±–∏–∑–Ω–µ—Å–µ
2026-02-28 13:37:40,652 - LasVenturas By parviz - INFO - –ü–æ–ª—å–∑–æ–≤–∞—Ç–µ–ª—å prettyboy_777 –∑–∞–ø—Ä–æ—Å–∏–ª –∏–Ω—Ñ–æ—Ä–º–∞—Ü–∏—é –æ –±–∏–∑–Ω–µ—Å–µ
2026-02-28 13:37:44,201 - LasVenturas By parviz - INFO - –ù–∞—á–∏—Å–ª–µ–Ω –¥–æ—Ö–æ–¥ 24255$ –ø–æ–ª—å–∑–æ–≤–∞—Ç–µ–ª—é 8340514324 –∏–∑ –∏—Å—Ç–æ—á–Ω–∏–∫–∞ business
2026-02-28 13:37:53,435 - LasVenturas By parviz - INFO - ‚úÖ –†–µ–∑—É–ª—å—Ç–∞—Ç —Ä—É–ª–µ—Ç–∫–∏ –∑–∞–ø–∏—Å–∞–Ω –≤ –ª–æ–≥: 32 —á, —Å–µ—Å—Å–∏—è 90e1f667
2026-02-28 13:42:10,588 - LasVenturas By parviz - INFO - –ü–æ–ª—å–∑–æ–≤–∞—Ç–µ–ª—å downp3pe –∑–∞–ø—Ä–æ—Å–∏–ª –∏–Ω—Ñ–æ—Ä–º–∞—Ü–∏—é –æ –±–∏–∑–Ω–µ—Å–µ
2026-02-28 13:42:13,011 - LasVenturas By parviz - INFO - –ù–∞—á–∏—Å–ª–µ–Ω –¥–æ—Ö–æ–¥ 257585$ –ø–æ–ª—å–∑–æ–≤–∞—Ç–µ–ª—é 5424666061 –∏–∑ –∏—Å—Ç–æ—á–Ω–∏–∫–∞ business
2026-02-28 13:42:31,590 - LasVenturas By parviz - INFO - –ò–≥—Ä–∞ '–†–∞–∑–≥–æ–Ω': 5424666061 | –°—Ç–∞–≤–∫–∞: 1321463 | –†–µ–∑—É–ª—å—Ç–∞—Ç: win | –°–∫–æ—Ä–æ—Å—Ç—å: 239
2026-02-28 13:48:05,425 - LasVenturas By parviz - INFO - –ò–≥—Ä–∞ '–†–∞–∑–≥–æ–Ω': 809656806 | –°—Ç–∞–≤–∫–∞: 800000 | –†–µ–∑—É–ª—å—Ç–∞—Ç: lose | –°–∫–æ—Ä–æ—Å—Ç—å: 235
2026-02-28 13:49:10,456 - LasVenturas By parviz - INFO - ‚ùå –ü–æ–ª—å–∑–æ–≤–∞—Ç–µ–ª—å 649602076 –ù–ï –∏–º–µ–µ—Ç –Ω—É–∂–Ω—ã–π —Ç–µ–∫—Å—Ç –≤ bio.
2026-02-28 13:49:10,535 - LasVenturas By parviz - INFO - –ù–∞—á–∏—Å–ª–µ–Ω –¥–æ—Ö–æ–¥ 2190$ –ø–æ–ª—å–∑–æ–≤–∞—Ç–µ–ª—é 649602076 –∏–∑ –∏—Å—Ç–æ—á–Ω–∏–∫–∞ bonus
2026-02-28 13:49:10,536 - LasVenturas By parviz - INFO - –ü–æ–ª—å–∑–æ–≤–∞—Ç–µ–ª—å 649602076 –ø–æ–ª—É—á–∏–ª –æ–±—ã—á–Ω—ã–π –±–æ–Ω—É—Å 2190$
2026-02-28 13:49:17,373 - LasVenturas By parviz - INFO - ‚ùå –ü–æ–ª—å–∑–æ–≤–∞—Ç–µ–ª—å 5424666061 –ù–ï –∏–º–µ–µ—Ç –Ω—É–∂–Ω—ã–π —Ç–µ–∫—Å—Ç –≤ bio.
2026-02-28 13:49:17,453 - LasVenturas By parviz - INFO - –ù–∞—á–∏—Å–ª–µ–Ω –¥–æ—Ö–æ–¥ 3563$ –ø–æ–ª—å–∑–æ–≤–∞—Ç–µ–ª—é 5424666061 –∏–∑ –∏—Å—Ç–æ—á–Ω–∏–∫–∞ bonus
2026-02-28 13:49:17,454 - LasVenturas By parviz - INFO - –ü–æ–ª—å–∑–æ–≤–∞—Ç–µ–ª—å 5424666061 –ø–æ–ª—É—á–∏–ª –æ–±—ã—á–Ω—ã–π –±–æ–Ω—É—Å 3563$
2026-02-28 13:49:39,886 - LasVenturas By parviz - INFO - –ò–≥—Ä–∞ '–†–∞–∑–≥–æ–Ω': 649602076 | –°—Ç–∞–≤–∫–∞: 3000000 | –†–µ–∑—É–ª—å—Ç–∞—Ç: lose | –°–∫–æ—Ä–æ—Å—Ç—å: 226
2026-02-28 13:49:56,519 - LasVenturas By parviz - INFO - –ò–≥—Ä–∞ '–†–∞–∑–≥–æ–Ω': 5424666061 | –°—Ç–∞–≤–∫–∞: 2646489 | –†–µ–∑—É–ª—å—Ç–∞—Ç: win | –°–∫–æ—Ä–æ—Å—Ç—å: 239
2026-02-28 13:49:57,317 - LasVenturas By parviz - INFO - –ò–≥—Ä–∞ '–†–∞–∑–≥–æ–Ω': 7948779033 | –°—Ç–∞–≤–∫–∞: 1234567 | –†–µ–∑—É–ª—å—Ç–∞—Ç: lose | –°–∫–æ—Ä–æ—Å—Ç—å: 197
2026-02-28 13:50:35,770 - LasVenturas By parviz - INFO - –ü–æ–ª—å–∑–æ–≤–∞—Ç–µ–ª—å DAGDARION7766 –∑–∞–ø—Ä–æ—Å–∏–ª –∏–Ω—Ñ–æ—Ä–º–∞—Ü–∏—é –æ –±–∏–∑–Ω–µ—Å–µ
2026-02-28 13:50:40,779 - LasVenturas By parviz - INFO - –ù–∞—á–∏—Å–ª–µ–Ω –¥–æ—Ö–æ–¥ 1035230$ –ø–æ–ª—å–∑–æ–≤–∞—Ç–µ–ª—é 649602076 –∏–∑ –∏—Å—Ç–æ—á–Ω–∏–∫–∞ business
2026-02-28 13:50:42,233 - LasVenturas By parviz - INFO - –ü–æ–ª—å–∑–æ–≤–∞—Ç–µ–ª—å downp3pe –∑–∞–ø—Ä–æ—Å–∏–ª –∏–Ω—Ñ–æ—Ä–º–∞—Ü–∏—é –æ –¥–æ–º–µ
2026-02-28 13:50:44,912 - LasVenturas By parviz - INFO - –ü–æ–ª—å–∑–æ–≤–∞—Ç–µ–ª—å downp3pe —Å–æ–±—Ä–∞–ª –∞—Ä–µ–Ω–¥—É: 299263$
2026-02-28 13:50:45,834 - LasVenturas By parviz - INFO - –ü–æ–ª—å–∑–æ–≤–∞—Ç–µ–ª—å downp3pe –∑–∞–ø—Ä–æ—Å–∏–ª –º–∞–≥–∞–∑–∏–Ω –¥–æ–º–æ–≤
2026-02-28 13:50:50,097 - LasVenturas By parviz - INFO - –ü–æ–ª—å–∑–æ–≤–∞—Ç–µ–ª—å downp3pe –∑–∞–ø—Ä–æ—Å–∏–ª –∏–Ω—Ñ–æ—Ä–º–∞—Ü–∏—é –æ –¥–æ–º–µ
2026-02-28 13:50:55,517 - LasVenturas By parviz - INFO - –ü–æ–ª—å–∑–æ–≤–∞—Ç–µ–ª—å downp3pe –ø—Ä–æ–¥–∞–ª –¥–æ–º –î–≤–æ—Ä–µ—Ü
2026-02-28 13:59:03,894 - LasVenturas By parviz - INFO - ‚ùå –ü–æ–ª—å–∑–æ–≤–∞—Ç–µ–ª—å 8358458560 –ù–ï –∏–º–µ–µ—Ç –Ω—É–∂–Ω—ã–π —Ç–µ–∫—Å—Ç –≤ bio.
2026-02-28 13:59:03,980 - LasVenturas By parviz - INFO - –ù–∞—á–∏—Å–ª–µ–Ω –¥–æ—Ö–æ–¥ 999$ –ø–æ–ª—å–∑–æ–≤–∞—Ç–µ–ª—é 8358458560 –∏–∑ –∏—Å—Ç–æ—á–Ω–∏–∫–∞ farm
2026-02-28 13:59:03,980 - LasVenturas By parviz - INFO - –ü–æ–ª—å–∑–æ–≤–∞—Ç–µ–ª—å 8358458560 –ø–æ–ª—É—á–∏–ª –æ–±—ã—á–Ω—ã–π –¥–æ—Ö–æ–¥ —Å —Ñ–µ—Ä–º—ã 999$
2026-02-28 13:59:40,418 - LasVenturas By parviz - INFO - ‚ùå –ü–æ–ª—å–∑–æ–≤–∞—Ç–µ–ª—å 8358458560 –ù–ï –∏–º–µ–µ—Ç –Ω—É–∂–Ω—ã–π —Ç–µ–∫—Å—Ç –≤ bio.
2026-02-28 13:59:40,499 - LasVenturas By parviz - INFO - –ù–∞—á–∏—Å–ª–µ–Ω –¥–æ—Ö–æ–¥ 4345$ –ø–æ–ª—å–∑–æ–≤–∞—Ç–µ–ª—é 8358458560 –∏–∑ –∏—Å—Ç–æ—á–Ω–∏–∫–∞ bonus
2026-02-28 13:59:40,499 - LasVenturas By parviz - INFO - –ü–æ–ª—å–∑–æ–≤–∞—Ç–µ–ª—å 8358458560 –ø–æ–ª—É—á–∏–ª –æ–±—ã—á–Ω—ã–π –±–æ–Ω—É—Å 4345$
2026-02-28 14:03:24,003 - LasVenturas By parviz - INFO - ‚ùå –ü–æ–ª—å–∑–æ–≤–∞—Ç–µ–ª—å 7309661931 –ù–ï –∏–º–µ–µ—Ç –Ω—É–∂–Ω—ã–π —Ç–µ–∫—Å—Ç –≤ bio.
2026-02-28 14:03:24,087 - LasVenturas By parviz - INFO - –ù–∞—á–∏—Å–ª–µ–Ω –¥–æ—Ö–æ–¥ 4171$ –ø–æ–ª—å–∑–æ–≤–∞—Ç–µ–ª—é 7309661931 –∏–∑ –∏—Å—Ç–æ—á–Ω–∏–∫–∞ bonus
2026-02-28 14:03:24,087 - LasVenturas By parviz - INFO - –ü–æ–ª—å–∑–æ–≤–∞—Ç–µ–ª—å 7309661931 –ø–æ–ª—É—á–∏–ª –æ–±—ã—á–Ω—ã–π –±–æ–Ω—É—Å 4171$
2026-02-28 14:08:08,941 - LasVenturas By parviz - INFO - –ü–æ–ª—å–∑–æ–≤–∞—Ç–µ–ª—å Me_Vangog –∑–∞–ø—Ä–æ—Å–∏–ª –∏–Ω—Ñ–æ—Ä–º–∞—Ü–∏—é –æ –±–∏–∑–Ω–µ—Å–µ
2026-02-28 14:09:52,427 - LasVenturas By parviz - INFO - –ü–µ—Ä–µ–≤–æ–¥: ùô∞ùöÅùô±ùöÑùöâùô∏ùô∫ ‚Üí . | –û—Ç–ø—Ä–∞–≤–∏–ª: 50000000$, –ü–æ–ª—É—á–∏–ª: 45000000$
2026-02-28 14:19:44,742 - LasVenturas By parviz - INFO - ‚ùå –ü–æ–ª—å–∑–æ–≤–∞—Ç–µ–ª—å 8452337057 –ù–ï –∏–º–µ–µ—Ç –Ω—É–∂–Ω—ã–π —Ç–µ–∫—Å—Ç –≤ bio.
2026-02-28 14:19:44,829 - LasVenturas By parviz - INFO - –ù–∞—á–∏—Å–ª–µ–Ω –¥–æ—Ö–æ–¥ 3667$ –ø–æ–ª—å–∑–æ–≤–∞—Ç–µ–ª—é 8452337057 –∏–∑ –∏—Å—Ç–æ—á–Ω–∏–∫–∞ farm
2026-02-28 14:19:44,829 - LasVenturas By parviz - INFO - –ü–æ–ª—å–∑–æ–≤–∞—Ç–µ–ª—å 8452337057 –ø–æ–ª—É—á–∏–ª –æ–±—ã—á–Ω—ã–π –¥–æ—Ö–æ–¥ —Å —Ñ–µ—Ä–º—ã 3667$
2026-02-28 14:21:36,877 - LasVenturas By parviz - INFO - –ü–µ—Ä–µ–≤–æ–¥: ùô∞ùöÅùô±ùöÑùöâùô∏ùô∫ ‚Üí –ö–æ—Ç –ø—Ä–∞–≤–æ—Å—É–¥–∏—è | –û—Ç–ø—Ä–∞–≤–∏–ª: 50000000$, –ü–æ–ª—É—á–∏–ª: 45000000$
2026-02-28 14:24:12,965 - LasVenturas By parviz - INFO - ‚ùå –ü–æ–ª—å–∑–æ–≤–∞—Ç–µ–ª—å 7457101105 –ù–ï –∏–º–µ–µ—Ç –Ω—É–∂–Ω—ã–π —Ç–µ–∫—Å—Ç –≤ bio.
2026-02-28 14:24:13,051 - LasVenturas By parviz - INFO - –ù–∞—á–∏—Å–ª–µ–Ω –¥–æ—Ö–æ–¥ 1053$ –ø–æ–ª—å–∑–æ–≤–∞—Ç–µ–ª—é 7457101105 –∏–∑ –∏—Å—Ç–æ—á–Ω–∏–∫–∞ farm
2026-02-28 14:24:13,051 - LasVenturas By parviz - INFO - –ü–æ–ª—å–∑–æ–≤–∞—Ç–µ–ª—å 7457101105 –ø–æ–ª—É—á–∏–ª –æ–±—ã—á–Ω—ã–π –¥–æ—Ö–æ–¥ —Å —Ñ–µ—Ä–º—ã 1053$
2026-02-28 14:24:22,118 - LasVenturas By parviz - INFO - –ü–µ—Ä–µ–≤–æ–¥: ùô∞ùöÅùô±ùöÑùöâùô∏ùô∫ ‚Üí Daniel | –û—Ç–ø—Ä–∞–≤–∏–ª: 50000000$, –ü–æ–ª—É—á–∏–ª: 45000000$
2026-02-28 14:25:42,998 - LasVenturas By parviz - INFO - –ü–µ—Ä–µ–≤–æ–¥: ùô∞ùöÅùô±ùöÑùöâùô∏ùô∫ ‚Üí Daniel | –û—Ç–ø—Ä–∞–≤–∏–ª: 250000000$, –ü–æ–ª—É—á–∏–ª: 225000000$
2026-02-28 14:26:28,559 - LasVenturas By parviz - INFO - –ü–µ—Ä–µ–≤–æ–¥: ùô∞ùöÅùô±ùöÑùöâùô∏ùô∫ ‚Üí Daniel | –û—Ç–ø—Ä–∞–≤–∏–ª: 1000000000$, –ü–æ–ª—É—á–∏–ª: 900000000$
2026-02-28 14:27:16,336 - LasVenturas By parviz - INFO - –ü–æ–ª—å–∑–æ–≤–∞—Ç–µ–ª—å None –∑–∞–ø—Ä–æ—Å–∏–ª –∏–Ω—Ñ–æ—Ä–º–∞—Ü–∏—é –æ –±–∏–∑–Ω–µ—Å–µ
2026-02-28 14:27:17,653 - LasVenturas By parviz - INFO - –ù–∞—á–∏—Å–ª–µ–Ω –¥–æ—Ö–æ–¥ 103229$ –ø–æ–ª—å–∑–æ–≤–∞—Ç–µ–ª—é 7457101105 –∏–∑ –∏—Å—Ç–æ—á–Ω–∏–∫–∞ business
2026-02-28 14:27:26,289 - LasVenturas By parviz - INFO - –ü–µ—Ä–µ–≤–æ–¥: ùô∞ùöÅùô±ùöÑùöâùô∏ùô∫ ‚Üí (‚óï‚Äø‚óï) | –û—Ç–ø—Ä–∞–≤–∏–ª: 50000000$, –ü–æ–ª—É—á–∏–ª: 45000000$
2026-02-28 14:27:45,472 - LasVenturas By parviz - INFO - –ü–µ—Ä–µ–≤–æ–¥: ùô∞ùöÅùô±ùöÑùöâùô∏ùô∫ ‚Üí –ö–∞—Ä–∏–Ω–∞ | –û—Ç–ø—Ä–∞–≤–∏–ª: 50000000$, –ü–æ–ª—É—á–∏–ª: 45000000$
2026-02-28 14:28:10,089 - LasVenturas By parviz - INFO - –ü–µ—Ä–µ–≤–æ–¥: –ö–∞—Ä–∏–Ω–∞ ‚Üí (‚óï‚Äø‚óï) | –û—Ç–ø—Ä–∞–≤–∏–ª: 45000000$, –ü–æ–ª—É—á–∏–ª: 40500000$
2026-02-28 14:28:14,709 - LasVenturas By parviz - INFO - –ü–æ–ª—å–∑–æ–≤–∞—Ç–µ–ª—å None –∑–∞–ø—Ä–æ—Å–∏–ª –º–∞–≥–∞–∑–∏–Ω –¥–æ–º–æ–≤
2026-02-28 14:28:24,293 - LasVenturas By parviz - INFO - –ü–æ–ª—å–∑–æ–≤–∞—Ç–µ–ª—å None –∫—É–ø–∏–ª –¥–æ–º –î–≤–æ—Ä–µ—Ü
2026-02-28 14:28:32,408 - LasVenturas By parviz - INFO - –ü–æ–ª—å–∑–æ–≤–∞—Ç–µ–ª—å None –∑–∞–ø—Ä–æ—Å–∏–ª –∏–Ω—Ñ–æ—Ä–º–∞—Ü–∏—é –æ –¥–æ–º–µ
2026-02-28 14:28:34,889 - LasVenturas By parviz - INFO - –ü–æ–ª—å–∑–æ–≤–∞—Ç–µ–ª—å None –æ–ø–ª–∞—Ç–∏–ª —Å–æ–¥–µ—Ä–∂–∞–Ω–∏–µ –¥–æ–º–∞: 30000$
2026-02-28 14:28:39,248 - LasVenturas By parviz - INFO - –ü–æ–ª—å–∑–æ–≤–∞—Ç–µ–ª—å None –∑–∞–ø—Ä–æ—Å–∏–ª –º–∞–≥–∞–∑–∏–Ω –¥–æ–º–æ–≤
2026-02-28 14:30:07,640 - LasVenturas By parviz - INFO - –ü–æ–ª—å–∑–æ–≤–∞—Ç–µ–ª—å None –∑–∞–ø—Ä–æ—Å–∏–ª –∏–Ω—Ñ–æ—Ä–º–∞—Ü–∏—é –æ –¥–æ–º–µ
2026-02-28 14:30:15,479 - LasVenturas By parviz - INFO - –ü–æ–ª—å–∑–æ–≤–∞—Ç–µ–ª—å None –∑–∞–ø—Ä–æ—Å–∏–ª –∏–Ω—Ñ–æ—Ä–º–∞—Ü–∏—é –æ –±–∏–∑–Ω–µ—Å–µ
2026-02-28 14:30:24,504 - LasVenturas By parviz - INFO - –ü–µ—Ä–µ–≤–æ–¥: (‚óï‚Äø‚óï) ‚Üí . | –û—Ç–ø—Ä–∞–≤–∏–ª: 30000000$, –ü–æ–ª—É—á–∏–ª: 27000000$
2026-02-28 14:30:27,753 - LasVenturas By parviz - INFO - ‚úÖ –£—Å—Ç–∞–Ω–æ–≤–ª–µ–Ω –ø—Ä–µ—Ñ–∏–∫—Å 5 –¥–ª—è –ø–æ–ª—å–∑–æ–≤–∞—Ç–µ–ª—è 7457101105
2026-02-28 14:30:34,632 - LasVenturas By parviz - INFO - –ü–µ—Ä–µ–≤–æ–¥: (‚óï‚Äø‚óï) ‚Üí . | –û—Ç–ø—Ä–∞–≤–∏–ª: 40000000$, –ü–æ–ª—É—á–∏–ª: 36000000$
2026-02-28 14:31:44,897 - LasVenturas By parviz - INFO - –ü–µ—Ä–µ–≤–æ–¥: ùô∞ùöÅùô±ùöÑùöâùô∏ùô∫ ‚Üí üö¨ | –û—Ç–ø—Ä–∞–≤–∏–ª: 1500000000$, –ü–æ–ª—É—á–∏–ª: 1350000000$
2026-02-28 14:31:49,333 - LasVenturas By parviz - INFO - –ü–µ—Ä–µ–≤–æ–¥: ùô∞ùöÅùô±ùöÑùöâùô∏ùô∫ ‚Üí Daniel | –û—Ç–ø—Ä–∞–≤–∏–ª: 1500000000$, –ü–æ–ª—É—á–∏–ª: 1350000000$
2026-02-28 14:31:55,753 - LasVenturas By parviz - INFO - –ü–µ—Ä–µ–≤–æ–¥: ùô∞ùöÅùô±ùöÑùöâùô∏ùô∫ ‚Üí (‚óï‚Äø‚óï) | –û—Ç–ø—Ä–∞–≤–∏–ª: 1500000000$, –ü–æ–ª—É—á–∏–ª: 1350000000$
2026-02-28 14:33:11,651 - LasVenturas By parviz - INFO - –ü–µ—Ä–µ–≤–æ–¥: (‚óï‚Äø‚óï) ‚Üí . | –û—Ç–ø—Ä–∞–≤–∏–ª: 800000000$, –ü–æ–ª—É—á–∏–ª: 720000000$
2026-02-28 14:34:03,751 - LasVenturas By parviz - INFO - –ü–æ–ª—å–∑–æ–≤–∞—Ç–µ–ª—å None –∑–∞–ø—Ä–æ—Å–∏–ª –∏–Ω—Ñ–æ—Ä–º–∞—Ü–∏—é –æ –±–∏–∑–Ω–µ—Å–µ
2026-02-28 14:34:46,377 - LasVenturas By parviz - INFO - –ü–æ–ª—å–∑–æ–≤–∞—Ç–µ–ª—å None –∑–∞–ø—Ä–æ—Å–∏–ª –º–∞–≥–∞–∑–∏–Ω –±–∏–∑–Ω–µ—Å–æ–≤
2026-02-28 14:34:53,953 - LasVenturas By parviz - INFO - None –æ—Ç–∫—Ä—ã–ª –º–∞–≥–∞–∑–∏–Ω –º–∞—à–∏–Ω (—Å—Ç—Ä–∞–Ω–∏—Ü–∞ 1)
2026-02-28 14:34:58,101 - LasVenturas By parviz - INFO - None –ø–µ—Ä–µ—à–µ–ª –Ω–∞ —Å—Ç—Ä–∞–Ω–∏—Ü—É 2 –º–∞—à–∏–Ω
2026-02-28 14:35:38,374 - LasVenturas By parviz - INFO - –ü–æ–ª—å–∑–æ–≤–∞—Ç–µ–ª—å None –∑–∞–ø—Ä–æ—Å–∏–ª –∏–Ω—Ñ–æ—Ä–º–∞—Ü–∏—é –æ –¥–æ–º–µ
2026-02-28 14:35:51,086 - LasVenturas By parviz - INFO - –ò–≥—Ä–∞ '–†–∞–∑–≥–æ–Ω': 7158187651 | –°—Ç–∞–≤–∫–∞: 1000000 | –†–µ–∑—É–ª—å—Ç–∞—Ç: lose | –°–∫–æ—Ä–æ—Å—Ç—å: 161
2026-02-28 14:40:15,895 - LasVenturas By parviz - INFO - –ü–µ—Ä–µ–≤–æ–¥: ùô∞ùöÅùô±ùöÑùöâùô∏ùô∫ ‚Üí (‚óï‚Äø‚óï) | –û—Ç–ø—Ä–∞–≤–∏–ª: 50000000$, –ü–æ–ª—É—á–∏–ª: 45000000$
2026-02-28 14:41:30,300 - LasVenturas By parviz - INFO - –ü–æ–ª—å–∑–æ–≤–∞—Ç–µ–ª—å None –∑–∞–ø—Ä–æ—Å–∏–ª –∏–Ω—Ñ–æ—Ä–º–∞—Ü–∏—é –æ –±–∏–∑–Ω–µ—Å–µ
2026-02-28 14:42:07,595 - LasVenturas By parviz - INFO - ‚úÖ –†–µ–∑—É–ª—å—Ç–∞—Ç —Ä—É–ª–µ—Ç–∫–∏ –∑–∞–ø–∏—Å–∞–Ω –≤ –ª–æ–≥: 0 –∑, —Å–µ—Å—Å–∏—è 6230fdfe
2026-02-28 14:42:20,871 - LasVenturas By parviz - INFO - ‚úÖ –†–µ–∑—É–ª—å—Ç–∞—Ç —Ä—É–ª–µ—Ç–∫–∏ –∑–∞–ø–∏—Å–∞–Ω –≤ –ª–æ–≥: 34 —á, —Å–µ—Å—Å–∏—è ebc1a0d9
2026-02-28 14:42:32,817 - LasVenturas By parviz - INFO - ‚úÖ –†–µ–∑—É–ª—å—Ç–∞—Ç —Ä—É–ª–µ—Ç–∫–∏ –∑–∞–ø–∏—Å–∞–Ω –≤ –ª–æ–≥: 4 —á, —Å–µ—Å—Å–∏—è b4bdd2fd
2026-02-28 14:43:40,086 - LasVenturas By parviz - INFO - –ü–æ–ª—å–∑–æ–≤–∞—Ç–µ–ª—å prettyboy_777 –∑–∞–ø—Ä–æ—Å–∏–ª –∏–Ω—Ñ–æ—Ä–º–∞—Ü–∏—é –æ –±–∏–∑–Ω–µ—Å–µ
2026-02-28 14:44:08,626 - LasVenturas By parviz - INFO - ‚úÖ –†–µ–∑—É–ª—å—Ç–∞—Ç —Ä—É–ª–µ—Ç–∫–∏ –∑–∞–ø–∏—Å–∞–Ω –≤ –ª–æ–≥: 25 –∫, —Å–µ—Å—Å–∏—è dbf58d91
2026-02-28 14:44:18,579 - LasVenturas By parviz - INFO - ‚úÖ –†–µ–∑—É–ª—å—Ç–∞—Ç —Ä—É–ª–µ—Ç–∫–∏ –∑–∞–ø–∏—Å–∞–Ω –≤ –ª–æ–≥: 12 —á, —Å–µ—Å—Å–∏—è ff0ffae5
2026-02-28 14:44:44,803 - LasVenturas By parviz - INFO - –ü–µ—Ä–µ–≤–æ–¥: (‚óï‚Äø‚óï) ‚Üí prince | –û—Ç–ø—Ä–∞–≤–∏–ª: 1000000$, –ü–æ–ª—É—á–∏–ª: 900000$
2026-02-28 14:45:18,222 - LasVenturas By parviz - INFO - ‚úÖ –†–µ–∑—É–ª—å—Ç–∞—Ç —Ä—É–ª–µ—Ç–∫–∏ –∑–∞–ø–∏—Å–∞–Ω –≤ –ª–æ–≥: 4 —á, —Å–µ—Å—Å–∏—è 04e33e44
2026-02-28 14:45:33,615 - LasVenturas By parviz - INFO - –ò–≥—Ä–∞ '–†–∞–∑–≥–æ–Ω': 8340514324 | –°—Ç–∞–≤–∫–∞: 500000 | –†–µ–∑—É–ª—å—Ç–∞—Ç: lose | –°–∫–æ—Ä–æ—Å—Ç—å: 307
2026-02-28 14:45:39,839 - LasVenturas By parviz - INFO - ‚úÖ –†–µ–∑—É–ª—å—Ç–∞—Ç —Ä—É–ª–µ—Ç–∫–∏ –∑–∞–ø–∏—Å–∞–Ω –≤ –ª–æ–≥: 2 —á, —Å–µ—Å—Å–∏—è f8ccc2b0
2026-02-28 14:45:47,324 - LasVenturas By parviz - INFO - –ò–≥—Ä–∞ '–†–∞–∑–≥–æ–Ω': 8340514324 | –°—Ç–∞–≤–∫–∞: 1500000 | –†–µ–∑—É–ª—å—Ç–∞—Ç: lose | –°–∫–æ—Ä–æ—Å—Ç—å: 254
2026-02-28 14:45:49,706 - LasVenturas By parviz - INFO - ‚úÖ –†–µ–∑—É–ª—å—Ç–∞—Ç —Ä—É–ª–µ—Ç–∫–∏ –∑–∞–ø–∏—Å–∞–Ω –≤ –ª–æ–≥: 36 —á, —Å–µ—Å—Å–∏—è 62962b77
2026-02-28 14:46:09,887 - LasVenturas By parviz - INFO - ‚úÖ –†–µ–∑—É–ª—å—Ç–∞—Ç —Ä—É–ª–µ—Ç–∫–∏ –∑–∞–ø–∏—Å–∞–Ω –≤ –ª–æ–≥: 18 —á, —Å–µ—Å—Å–∏—è 8f07574a
2026-02-28 14:46:18,648 - LasVenturas By parviz - INFO - ‚úÖ –†–µ–∑—É–ª—å—Ç–∞—Ç —Ä—É–ª–µ—Ç–∫–∏ –∑–∞–ø–∏—Å–∞–Ω –≤ –ª–æ–≥: 3 –∫, —Å–µ—Å—Å–∏—è b9f01d29
2026-02-28 14:46:24,119 - LasVenturas By parviz - INFO - ‚úÖ –†–µ–∑—É–ª—å—Ç–∞—Ç —Ä—É–ª–µ—Ç–∫–∏ –∑–∞–ø–∏—Å–∞–Ω –≤ –ª–æ–≥: 1 –∫, —Å–µ—Å—Å–∏—è 7cff9959
2026-02-28 14:46:28,997 - LasVenturas By parviz - INFO - ‚úÖ –†–µ–∑—É–ª—å—Ç–∞—Ç —Ä—É–ª–µ—Ç–∫–∏ –∑–∞–ø–∏—Å–∞–Ω –≤ –ª–æ–≥: 29 –∫, —Å–µ—Å—Å–∏—è aa8fd71b
2026-02-28 14:46:42,868 - LasVenturas By parviz - INFO - ‚úÖ –†–µ–∑—É–ª—å—Ç–∞—Ç —Ä—É–ª–µ—Ç–∫–∏ –∑–∞–ø–∏—Å–∞–Ω –≤ –ª–æ–≥: 20 —á, —Å–µ—Å—Å–∏—è f4d3b56b
2026-02-28 14:46:55,986 - LasVenturas By parviz - INFO - ‚úÖ –†–µ–∑—É–ª—å—Ç–∞—Ç —Ä—É–ª–µ—Ç–∫–∏ –∑–∞–ø–∏—Å–∞–Ω –≤ –ª–æ–≥: 30 —á, —Å–µ—Å—Å–∏—è 1328cf92
2026-02-28 14:47:05,300 - LasVenturas By parviz - INFO - ‚úÖ –†–µ–∑—É–ª—å—Ç–∞—Ç —Ä—É–ª–µ—Ç–∫–∏ –∑–∞–ø–∏—Å–∞–Ω –≤ –ª–æ–≥: 34 —á, —Å–µ—Å—Å–∏—è 93e00604
2026-02-28 14:47:19,025 - LasVenturas By parviz - INFO - ‚úÖ –†–µ–∑—É–ª—å—Ç–∞—Ç —Ä—É–ª–µ—Ç–∫–∏ –∑–∞–ø–∏—Å–∞–Ω –≤ –ª–æ–≥: 13 –∫, —Å–µ—Å—Å–∏—è 3a84171b
2026-02-28 14:47:29,110 - LasVenturas By parviz - INFO - –ü–µ—Ä–µ–≤–æ–¥: (‚óï‚Äø‚óï) ‚Üí prince | –û—Ç–ø—Ä–∞–≤–∏–ª: 500$, –ü–æ–ª—É—á–∏–ª: 500$
2026-02-28 14:47:35,690 - LasVenturas By parviz - INFO - ‚úÖ –†–µ–∑—É–ª—å—Ç–∞—Ç —Ä—É–ª–µ—Ç–∫–∏ –∑–∞–ø–∏—Å–∞–Ω –≤ –ª–æ–≥: 35 –∫, —Å–µ—Å—Å–∏—è 9c1ebf39
2026-02-28 14:47:57,194 - LasVenturas By parviz - INFO - –ü–µ—Ä–µ–≤–æ–¥: üö¨ ‚Üí –∫–æ–Ω–æ–ø–ª—è | –û—Ç–ø—Ä–∞–≤–∏–ª: 1000000000$, –ü–æ–ª—É—á–∏–ª: 900000000$
2026-02-28 14:48:07,811 - LasVenturas By parviz - INFO - ‚úÖ –†–µ–∑—É–ª—å—Ç–∞—Ç —Ä—É–ª–µ—Ç–∫–∏ –∑–∞–ø–∏—Å–∞–Ω –≤ –ª–æ–≥: 10 —á, —Å–µ—Å—Å–∏—è 2b26cc4a
2026-02-28 14:48:27,019 - LasVenturas By parviz - INFO - –ü–µ—Ä–µ–≤–æ–¥: Daniel ‚Üí Nik | –û—Ç–ø—Ä–∞–≤–∏–ª: 25000000$, –ü–æ–ª—É—á–∏–ª: 22500000$
2026-02-28 14:48:50,254 - LasVenturas By parviz - INFO - ‚ùå –ü–æ–ª—å–∑–æ–≤–∞—Ç–µ–ª—å 8340514324 –ù–ï –∏–º–µ–µ—Ç –Ω—É–∂–Ω—ã–π —Ç–µ–∫—Å—Ç –≤ bio.
2026-02-28 14:48:50,338 - LasVenturas By parviz - INFO - –ù–∞—á–∏—Å–ª–µ–Ω –¥–æ—Ö–æ–¥ 4557$ –ø–æ–ª—å–∑–æ–≤–∞—Ç–µ–ª—é 8340514324 –∏–∑ –∏—Å—Ç–æ—á–Ω–∏–∫–∞ farm
2026-02-28 14:48:50,338 - LasVenturas By parviz - INFO - –ü–æ–ª—å–∑–æ–≤–∞—Ç–µ–ª—å 8340514324 –ø–æ–ª—É—á–∏–ª –æ–±—ã—á–Ω—ã–π –¥–æ—Ö–æ–¥ —Å —Ñ–µ—Ä–º—ã 4557$
2026-02-28 14:49:03,103 - LasVenturas By parviz - INFO - ‚úÖ –†–µ–∑—É–ª—å—Ç–∞—Ç —Ä—É–ª–µ—Ç–∫–∏ –∑–∞–ø–∏—Å–∞–Ω –≤ –ª–æ–≥: 5 –∫, —Å–µ—Å—Å–∏—è e611e482
2026-02-28 14:49:03,263 - LasVenturas By parviz - INFO - –ü–µ—Ä–µ–≤–æ–¥: üö¨ ‚Üí –∫–æ–Ω–æ–ø–ª—è | –û—Ç–ø—Ä–∞–≤–∏–ª: 51000000$, –ü–æ–ª—É—á–∏–ª: 45900000$
2026-02-28 14:49:04,628 - LasVenturas By parviz - INFO - ‚úÖ –†–µ–∑—É–ª—å—Ç–∞—Ç —Ä—É–ª–µ—Ç–∫–∏ –∑–∞–ø–∏—Å–∞–Ω –≤ –ª–æ–≥: 10 —á, —Å–µ—Å—Å–∏—è d5e65228
2026-02-28 14:49:09,820 - LasVenturas By parviz - INFO - ‚úÖ –†–µ–∑—É–ª—å—Ç–∞—Ç —Ä—É–ª–µ—Ç–∫–∏ –∑–∞–ø–∏—Å–∞–Ω –≤ –ª–æ–≥: 23 –∫, —Å–µ—Å—Å–∏—è 75c1cc9d
2026-02-28 14:49:22,202 - LasVenturas By parviz - INFO - ‚úÖ –†–µ–∑—É–ª—å—Ç–∞—Ç —Ä—É–ª–µ—Ç–∫–∏ –∑–∞–ø–∏—Å–∞–Ω –≤ –ª–æ–≥: 18 —á, —Å–µ—Å—Å–∏—è 40effd61
2026-02-28 14:49:40,274 - LasVenturas By parviz - INFO - ‚úÖ –†–µ–∑—É–ª—å—Ç–∞—Ç —Ä—É–ª–µ—Ç–∫–∏ –∑–∞–ø–∏—Å–∞–Ω –≤ –ª–æ–≥: 35 –∫, —Å–µ—Å—Å–∏—è e4f07f5c
2026-02-28 14:50:00,271 - LasVenturas By parviz - INFO - ‚úÖ –†–µ–∑—É–ª—å—Ç–∞—Ç —Ä—É–ª–µ—Ç–∫–∏ –∑–∞–ø–∏—Å–∞–Ω –≤ –ª–æ–≥: 16 —á, —Å–µ—Å—Å–∏—è a0277fbd
2026-02-28 14:50:00,451 - LasVenturas By parviz - INFO - –ü–æ–ª—å–∑–æ–≤–∞—Ç–µ–ª—å nik_smiles –∑–∞–ø—Ä–æ—Å–∏–ª –∏–Ω—Ñ–æ—Ä–º–∞—Ü–∏—é –æ –±–∏–∑–Ω–µ—Å–µ
2026-02-28 14:50:03,068 - LasVenturas By parviz - INFO - –ù–∞—á–∏—Å–ª–µ–Ω –¥–æ—Ö–æ–¥ 62577$ –ø–æ–ª—å–∑–æ–≤–∞—Ç–µ–ª—é 6514588039 –∏–∑ –∏—Å—Ç–æ—á–Ω–∏–∫–∞ business
2026-02-28 14:50:11,930 - LasVenturas By parviz - INFO - ‚úÖ –†–µ–∑—É–ª—å—Ç–∞—Ç —Ä—É–ª–µ—Ç–∫–∏ –∑–∞–ø–∏—Å–∞–Ω –≤ –ª–æ–≥: 5 –∫, —Å–µ—Å—Å–∏—è 7f78c234
2026-02-28 14:50:52,795 - LasVenturas By parviz - INFO - ‚úÖ –†–µ–∑—É–ª—å—Ç–∞—Ç —Ä—É–ª–µ—Ç–∫–∏ –∑–∞–ø–∏—Å–∞–Ω –≤ –ª–æ–≥: 18 —á, —Å–µ—Å—Å–∏—è d9347673
2026-02-28 14:51:00,651 - LasVenturas By parviz - INFO - ‚úÖ –†–µ–∑—É–ª—å—Ç–∞—Ç —Ä—É–ª–µ—Ç–∫–∏ –∑–∞–ø–∏—Å–∞–Ω –≤ –ª–æ–≥: 17 –∫, —Å–µ—Å—Å–∏—è f12a12fe
2026-02-28 14:51:03,815 - LasVenturas By parviz - INFO - –ü–µ—Ä–µ–≤–æ–¥: (‚óï‚Äø‚óï) ‚Üí prince | –û—Ç–ø—Ä–∞–≤–∏–ª: 1000000$, –ü–æ–ª—É—á–∏–ª: 900000$
2026-02-28 14:51:12,797 - LasVenturas By parviz - INFO - –ü–µ—Ä–µ–≤–æ–¥: üö¨ ‚Üí lelouch | –û—Ç–ø—Ä–∞–≤–∏–ª: 500000000$, –ü–æ–ª—É—á–∏–ª: 450000000$
2026-02-28 14:51:17,768 - LasVenturas By parviz - INFO - ‚úÖ –†–µ–∑—É–ª—å—Ç–∞—Ç —Ä—É–ª–µ—Ç–∫–∏ –∑–∞–ø–∏—Å–∞–Ω –≤ –ª–æ–≥: 15 –∫, —Å–µ—Å—Å–∏—è a45a7a04
2026-02-28 14:51:36,836 - LasVenturas By parviz - INFO - ‚úÖ –†–µ–∑—É–ª—å—Ç–∞—Ç —Ä—É–ª–µ—Ç–∫–∏ –∑–∞–ø–∏—Å–∞–Ω –≤ –ª–æ–≥: 12 —á, —Å–µ—Å—Å–∏—è 945a5820
2026-02-28 14:51:38,494 - LasVenturas By parviz - INFO - ‚úÖ –†–µ–∑—É–ª—å—Ç–∞—Ç —Ä—É–ª–µ—Ç–∫–∏ –∑–∞–ø–∏—Å–∞–Ω –≤ –ª–æ–≥: 36 —á, —Å–µ—Å—Å–∏—è 077eb29e
2026-02-28 14:51:48,495 - LasVenturas By parviz - INFO - ‚úÖ –†–µ–∑—É–ª—å—Ç–∞—Ç —Ä—É–ª–µ—Ç–∫–∏ –∑–∞–ø–∏—Å–∞–Ω –≤ –ª–æ–≥: 24 —á, —Å–µ—Å—Å–∏—è c84c3801
2026-02-28 14:51:58,914 - LasVenturas By parviz - INFO - ‚úÖ –†–µ–∑—É–ª—å—Ç–∞—Ç —Ä—É–ª–µ—Ç–∫–∏ –∑–∞–ø–∏—Å–∞–Ω –≤ –ª–æ–≥: 16 —á, —Å–µ—Å—Å–∏—è 36c4fffa
2026-02-28 14:52:08,702 - LasVenturas By parviz - INFO - ‚úÖ –†–µ–∑—É–ª—å—Ç–∞—Ç —Ä—É–ª–µ—Ç–∫–∏ –∑–∞–ø–∏—Å–∞–Ω –≤ –ª–æ–≥: 35 –∫, —Å–µ—Å—Å–∏—è f20e7803
2026-02-28 14:52:26,079 - LasVenturas By parviz - INFO - ‚úÖ –†–µ–∑—É–ª—å—Ç–∞—Ç —Ä—É–ª–µ—Ç–∫–∏ –∑–∞–ø–∏—Å–∞–Ω –≤ –ª–æ–≥: 12 —á, —Å–µ—Å—Å–∏—è d475fcfa
2026-02-28 14:52:40,445 - LasVenturas By parviz - INFO - ‚úÖ –†–µ–∑—É–ª—å—Ç–∞—Ç —Ä—É–ª–µ—Ç–∫–∏ –∑–∞–ø–∏—Å–∞–Ω –≤ –ª–æ–≥: 14 —á, —Å–µ—Å—Å–∏—è daee8c3b
2026-02-28 14:52:48,922 - LasVenturas By parviz - INFO - –ò–≥—Ä–∞ '–†–∞–∑–≥–æ–Ω': 809656806 | –°—Ç–∞–≤–∫–∞: 189534 | –†–µ–∑—É–ª—å—Ç–∞—Ç: lose | –°–∫–æ—Ä–æ—Å—Ç—å: 275
2026-02-28 14:52:52,051 - LasVenturas By parviz - INFO - ‚úÖ –†–µ–∑—É–ª—å—Ç–∞—Ç —Ä—É–ª–µ—Ç–∫–∏ –∑–∞–ø–∏—Å–∞–Ω –≤ –ª–æ–≥: 26 —á, —Å–µ—Å—Å–∏—è 842e3589
2026-02-28 14:53:04,113 - LasVenturas By parviz - INFO - ‚úÖ –†–µ–∑—É–ª—å—Ç–∞—Ç —Ä—É–ª–µ—Ç–∫–∏ –∑–∞–ø–∏—Å–∞–Ω –≤ –ª–æ–≥: 24 —á, —Å–µ—Å—Å–∏—è b99c5dcd
2026-02-28 14:53:14,981 - LasVenturas By parviz - INFO - ‚úÖ –†–µ–∑—É–ª—å—Ç–∞—Ç —Ä—É–ª–µ—Ç–∫–∏ –∑–∞–ø–∏—Å–∞–Ω –≤ –ª–æ–≥: 33 –∫, —Å–µ—Å—Å–∏—è 27957468
2026-02-28 14:53:27,416 - LasVenturas By parviz - INFO - ‚úÖ –†–µ–∑—É–ª—å—Ç–∞—Ç —Ä—É–ª–µ—Ç–∫–∏ –∑–∞–ø–∏—Å–∞–Ω –≤ –ª–æ–≥: 20 —á, —Å–µ—Å—Å–∏—è 32551a1a
2026-02-28 14:54:02,823 - LasVenturas By parviz - INFO - ‚úÖ –†–µ–∑—É–ª—å—Ç–∞—Ç —Ä—É–ª–µ—Ç–∫–∏ –∑–∞–ø–∏—Å–∞–Ω –≤ –ª–æ–≥: 27 –∫, —Å–µ—Å—Å–∏—è 17b8c06a
2026-02-28 14:54:12,304 - LasVenturas By parviz - INFO - ‚úÖ –†–µ–∑—É–ª—å—Ç–∞—Ç —Ä—É–ª–µ—Ç–∫–∏ –∑–∞–ø–∏—Å–∞–Ω –≤ –ª–æ–≥: 21 –∫, —Å–µ—Å—Å–∏—è 112bfc33
2026-02-28 14:54:24,713 - LasVenturas By parviz - INFO - ‚úÖ –†–µ–∑—É–ª—å—Ç–∞—Ç —Ä—É–ª–µ—Ç–∫–∏ –∑–∞–ø–∏—Å–∞–Ω –≤ –ª–æ–≥: 35 –∫, —Å–µ—Å—Å–∏—è 9395ffd9
2026-02-28 14:54:31,760 - LasVenturas By parviz - INFO - ‚úÖ –†–µ–∑—É–ª—å—Ç–∞—Ç —Ä—É–ª–µ—Ç–∫–∏ –∑–∞–ø–∏—Å–∞–Ω –≤ –ª–æ–≥: 24 —á, —Å–µ—Å—Å–∏—è 9f6f8b9d
2026-02-28 14:54:48,606 - LasVenturas By parviz - INFO - ‚úÖ –†–µ–∑—É–ª—å—Ç–∞—Ç —Ä—É–ª–µ—Ç–∫–∏ –∑–∞–ø–∏—Å–∞–Ω –≤ –ª–æ–≥: 18 —á, —Å–µ—Å—Å–∏—è a1dfdf8d
2026-02-28 14:55:54,024 - LasVenturas By parviz - INFO - –ü–µ—Ä–µ–≤–æ–¥: –ö–æ—Ç –ø—Ä–∞–≤–æ—Å—É–¥–∏—è ‚Üí prince | –û—Ç–ø—Ä–∞–≤–∏–ª: 7500000$, –ü–æ–ª—É—á–∏–ª: 6750000$
2026-02-28 14:57:27,915 - LasVenturas By parviz - INFO - ‚úÖ –†–µ–∑—É–ª—å—Ç–∞—Ç —Ä—É–ª–µ—Ç–∫–∏ –∑–∞–ø–∏—Å–∞–Ω –≤ –ª–æ–≥: 15 –∫, —Å–µ—Å—Å–∏—è 53e76897
2026-02-28 14:58:34,069 - LasVenturas By parviz - INFO - ‚úÖ –†–µ–∑—É–ª—å—Ç–∞—Ç —Ä—É–ª–µ—Ç–∫–∏ –∑–∞–ø–∏—Å–∞–Ω –≤ –ª–æ–≥: 0 –∑, —Å–µ—Å—Å–∏—è 4b0602d6
2026-02-28 14:59:24,651 - LasVenturas By parviz - INFO - ‚úÖ –†–µ–∑—É–ª—å—Ç–∞—Ç —Ä—É–ª–µ—Ç–∫–∏ –∑–∞–ø–∏—Å–∞–Ω –≤ –ª–æ–≥: 19 –∫, —Å–µ—Å—Å–∏—è a5d38018
2026-02-28 14:59:38,680 - LasVenturas By parviz - INFO - ‚úÖ –†–µ–∑—É–ª—å—Ç–∞—Ç —Ä—É–ª–µ—Ç–∫–∏ –∑–∞–ø–∏—Å–∞–Ω –≤ –ª–æ–≥: 14 —á, —Å–µ—Å—Å–∏—è c9d4d1a7
2026-02-28 14:59:43,168 - LasVenturas By parviz - INFO - –ü–æ–ª—å–∑–æ–≤–∞—Ç–µ–ª—å Israfil_0205 –∑–∞–ø—Ä–æ—Å–∏–ª –º–∞–≥–∞–∑–∏–Ω –±–∏–∑–Ω–µ—Å–æ–≤
2026-02-28 14:59:57,644 - LasVenturas By parviz - INFO - –ü–æ–ª—å–∑–æ–≤–∞—Ç–µ–ª—å Israfil_0205 –∫—É–ø–∏–ª –±–∏–∑–Ω–µ—Å –æ—Ç–µ–ª—å
2026-02-28 14:59:58,948 - LasVenturas By parviz - INFO - ‚úÖ –†–µ–∑—É–ª—å—Ç–∞—Ç —Ä—É–ª–µ—Ç–∫–∏ –∑–∞–ø–∏—Å–∞–Ω –≤ –ª–æ–≥: 36 —á, —Å–µ—Å—Å–∏—è b364e826
2026-02-28 15:01:00,887 - LasVenturas By parviz - INFO - –ü–æ–ª—å–∑–æ–≤–∞—Ç–µ–ª—å Syetolog1703 –∑–∞–ø—Ä–æ—Å–∏–ª –º–∞–≥–∞–∑–∏–Ω –¥–æ–º–æ–≤
2026-02-28 15:02:21,563 - LasVenturas By parviz - INFO - ‚úÖ –†–µ–∑—É–ª—å—Ç–∞—Ç —Ä—É–ª–µ—Ç–∫–∏ –∑–∞–ø–∏—Å–∞–Ω –≤ –ª–æ–≥: 33 –∫, —Å–µ—Å—Å–∏—è 3f1dc569
2026-02-28 15:02:32,545 - LasVenturas By parviz - INFO - ‚úÖ –†–µ–∑—É–ª—å—Ç–∞—Ç —Ä—É–ª–µ—Ç–∫–∏ –∑–∞–ø–∏—Å–∞–Ω –≤ –ª–æ–≥: 1 –∫, —Å–µ—Å—Å–∏—è 17b002c2
2026-02-28 15:02:44,107 - LasVenturas By parviz - INFO - ‚úÖ –†–µ–∑—É–ª—å—Ç–∞—Ç —Ä—É–ª–µ—Ç–∫–∏ –∑–∞–ø–∏—Å–∞–Ω –≤ –ª–æ–≥: 36 —á, —Å–µ—Å—Å–∏—è 06c84cd3
2026-02-28 15:02:52,557 - LasVenturas By parviz - INFO - ‚úÖ –†–µ–∑—É–ª—å—Ç–∞—Ç —Ä—É–ª–µ—Ç–∫–∏ –∑–∞–ø–∏—Å–∞–Ω –≤ –ª–æ–≥: 13 –∫, —Å–µ—Å—Å–∏—è 99c1c8d4
2026-02-28 15:03:01,106 - LasVenturas By parviz - INFO - –ü–æ–ª—å–∑–æ–≤–∞—Ç–µ–ª—å Syetolog1703 –∑–∞–ø—Ä–æ—Å–∏–ª –º–∞–≥–∞–∑–∏–Ω –¥–æ–º–æ–≤
2026-02-28 15:03:10,621 - LasVenturas By parviz - INFO - –ü–æ–ª—å–∑–æ–≤–∞—Ç–µ–ª—å Syetolog1703 –∫—É–ø–∏–ª –¥–æ–º –î–≤–æ—Ä–µ—Ü
2026-02-28 15:03:25,999 - LasVenturas By parviz - INFO - ‚úÖ –†–µ–∑—É–ª—å—Ç–∞—Ç —Ä—É–ª–µ—Ç–∫–∏ –∑–∞–ø–∏—Å–∞–Ω –≤ –ª–æ–≥: 13 –∫, —Å–µ—Å—Å–∏—è a4f20aba
2026-02-28 15:03:48,726 - LasVenturas By parviz - INFO - ‚úÖ –†–µ–∑—É–ª—å—Ç–∞—Ç —Ä—É–ª–µ—Ç–∫–∏ –∑–∞–ø–∏—Å–∞–Ω –≤ –ª–æ–≥: 19 –∫, —Å–µ—Å—Å–∏—è 3dd0f54c
2026-02-28 15:04:00,778 - LasVenturas By parviz - INFO - ‚úÖ –†–µ–∑—É–ª—å—Ç–∞—Ç —Ä—É–ª–µ—Ç–∫–∏ –∑–∞–ø–∏—Å–∞–Ω –≤ –ª–æ–≥: 0 –∑, —Å–µ—Å—Å–∏—è c4449be0
2026-02-28 15:04:17,359 - LasVenturas By parviz - INFO - ‚úÖ –†–µ–∑—É–ª—å—Ç–∞—Ç —Ä—É–ª–µ—Ç–∫–∏ –∑–∞–ø–∏—Å–∞–Ω –≤ –ª–æ–≥: 7 –∫, —Å–µ—Å—Å–∏—è 6b3f74a3
2026-02-28 15:04:31,304 - LasVenturas By parviz - INFO - ‚úÖ –†–µ–∑—É–ª—å—Ç–∞—Ç —Ä—É–ª–µ—Ç–∫–∏ –∑–∞–ø–∏—Å–∞–Ω –≤ –ª–æ–≥: 9 –∫, —Å–µ—Å—Å–∏—è f5fc5110
2026-02-28 15:04:43,966 - LasVenturas By parviz - INFO - ‚úÖ –†–µ–∑—É–ª—å—Ç–∞—Ç —Ä—É–ª–µ—Ç–∫–∏ –∑–∞–ø–∏—Å–∞–Ω –≤ –ª–æ–≥: 34 —á, —Å–µ—Å—Å–∏—è 03d9be5e
2026-02-28 15:12:43,064 - LasVenturas By parviz - INFO - ‚úÖ –†–µ–∑—É–ª—å—Ç–∞—Ç —Ä—É–ª–µ—Ç–∫–∏ –∑–∞–ø–∏—Å–∞–Ω –≤ –ª–æ–≥: 21 –∫, —Å–µ—Å—Å–∏—è 0ecf1264
2026-02-28 15:13:08,650 - LasVenturas By parviz - INFO - ‚úÖ –†–µ–∑—É–ª—å—Ç–∞—Ç —Ä—É–ª–µ—Ç–∫–∏ –∑–∞–ø–∏—Å–∞–Ω –≤ –ª–æ–≥: 29 –∫, —Å–µ—Å—Å–∏—è 7de74a48
2026-02-28 15:14:56,517 - LasVenturas By parviz - INFO - –ü–µ—Ä–µ–≤–æ–¥: ùô∞ùöÅùô±ùöÑùöâùô∏ùô∫ ‚Üí prince | –û—Ç–ø—Ä–∞–≤–∏–ª: 15000000$, –ü–æ–ª—É—á–∏–ª: 13500000$
2026-02-28 15:15:18,354 - LasVenturas By parviz - INFO - ‚úÖ –†–µ–∑—É–ª—å—Ç–∞—Ç —Ä—É–ª–µ—Ç–∫–∏ –∑–∞–ø–∏—Å–∞–Ω –≤ –ª–æ–≥: 7 –∫, —Å–µ—Å—Å–∏—è 5d0daf68
2026-02-28 15:32:53,510 - LasVenturas By parviz - INFO - –ü–µ—Ä–µ–≤–æ–¥: ùô∞ùöÅùô±ùöÑùöâùô∏ùô∫ ‚Üí prince | –û—Ç–ø—Ä–∞–≤–∏–ª: 500000000$, –ü–æ–ª—É—á–∏–ª: 450000000$
2026-02-28 15:34:31,834 - LasVenturas By parviz - INFO - ‚úÖ –†–µ–∑—É–ª—å—Ç–∞—Ç —Ä—É–ª–µ—Ç–∫–∏ –∑–∞–ø–∏—Å–∞–Ω –≤ –ª–æ–≥: 17 –∫, —Å–µ—Å—Å–∏—è b070ac5c
2026-02-28 15:34:58,574 - LasVenturas By parviz - INFO - ‚ùå –ü–æ–ª—å–∑–æ–≤–∞—Ç–µ–ª—å 8168027201 –ù–ï –∏–º–µ–µ—Ç –Ω—É–∂–Ω—ã–π —Ç–µ–∫—Å—Ç –≤ bio.
2026-02-28 15:34:58,663 - LasVenturas By parviz - INFO - –ù–∞—á–∏—Å–ª–µ–Ω –¥–æ—Ö–æ–¥ 2804$ –ø–æ–ª—å–∑–æ–≤–∞—Ç–µ–ª—é 8168027201 –∏–∑ –∏—Å—Ç–æ—á–Ω–∏–∫–∞ farm
2026-02-28 15:34:58,663 - LasVenturas By parviz - INFO - –ü–æ–ª—å–∑–æ–≤–∞—Ç–µ–ª—å 8168027201 –ø–æ–ª—É—á–∏–ª –æ–±—ã—á–Ω—ã–π –¥–æ—Ö–æ–¥ —Å —Ñ–µ—Ä–º—ã 2804$
2026-02-28 15:35:07,195 - LasVenturas By parviz - INFO - ‚úÖ –†–µ–∑—É–ª—å—Ç–∞—Ç —Ä—É–ª–µ—Ç–∫–∏ –∑–∞–ø–∏—Å–∞–Ω –≤ –ª–æ–≥: 19 –∫, —Å–µ—Å—Å–∏—è 41b7f789
2026-02-28 15:35:22,225 - LasVenturas By parviz - INFO - ‚úÖ –†–µ–∑—É–ª—å—Ç–∞—Ç —Ä—É–ª–µ—Ç–∫–∏ –∑–∞–ø–∏—Å–∞–Ω –≤ –ª–æ–≥: 3 –∫, —Å–µ—Å—Å–∏—è f867f1cb
2026-02-28 15:35:34,597 - LasVenturas By parviz - INFO - ‚úÖ –†–µ–∑—É–ª—å—Ç–∞—Ç —Ä—É–ª–µ—Ç–∫–∏ –∑–∞–ø–∏—Å–∞–Ω –≤ –ª–æ–≥: 13 –∫, —Å–µ—Å—Å–∏—è 7221a7dd
2026-02-28 15:35:54,637 - LasVenturas By parviz - INFO - –ü–µ—Ä–µ–≤–æ–¥: prince ‚Üí üö¨ | –û—Ç–ø—Ä–∞–≤–∏–ª: 36000000$, –ü–æ–ª—É—á–∏–ª: 32400000$
2026-02-28 15:36:12,636 - LasVenturas By parviz - INFO - –ü–µ—Ä–µ–≤–æ–¥: ùô∞ùöÅùô±ùöÑùöâùô∏ùô∫ ‚Üí üö¨ | –û—Ç–ø—Ä–∞–≤–∏–ª: 777777777$, –ü–æ–ª—É—á–∏–ª: 700000000$
2026-02-28 15:36:58,500 - LasVenturas By parviz - INFO - ‚úÖ –†–µ–∑—É–ª—å—Ç–∞—Ç —Ä—É–ª–µ—Ç–∫–∏ –∑–∞–ø–∏—Å–∞–Ω –≤ –ª–æ–≥: 13 –∫, —Å–µ—Å—Å–∏—è 6d6bfc6e
2026-02-28 15:37:18,598 - LasVenturas By parviz - INFO - ‚úÖ –†–µ–∑—É–ª—å—Ç–∞—Ç —Ä—É–ª–µ—Ç–∫–∏ –∑–∞–ø–∏—Å–∞–Ω –≤ –ª–æ–≥: 27 –∫, —Å–µ—Å—Å–∏—è f5d79aa0
2026-02-28 15:37:34,104 - LasVenturas By parviz - INFO - ‚úÖ –†–µ–∑—É–ª—å—Ç–∞—Ç —Ä—É–ª–µ—Ç–∫–∏ –∑–∞–ø–∏—Å–∞–Ω –≤ –ª–æ–≥: 13 –∫, —Å–µ—Å—Å–∏—è 40395a9a
2026-02-28 15:39:13,131 - LasVenturas By parviz - INFO - –ü–µ—Ä–µ–≤–æ–¥: üö¨ ‚Üí prince | –û—Ç–ø—Ä–∞–≤–∏–ª: 32000000$, –ü–æ–ª—É—á–∏–ª: 28800000$
2026-02-28 15:39:23,536 - LasVenturas By parviz - INFO - –ü–µ—Ä–µ–≤–æ–¥: –∫–æ–Ω–æ–ø–ª—è ‚Üí üö¨ | –û—Ç–ø—Ä–∞–≤–∏–ª: 972000000$, –ü–æ–ª—É—á–∏–ª: 874800000$
2026-02-28 15:39:28,765 - LasVenturas By parviz - INFO - ‚úÖ –†–µ–∑—É–ª—å—Ç–∞—Ç —Ä—É–ª–µ—Ç–∫–∏ –∑–∞–ø–∏—Å–∞–Ω –≤ –ª–æ–≥: 5 –∫, —Å–µ—Å—Å–∏—è 3750329c
2026-02-28 15:42:39,564 - LasVenturas By parviz - INFO - –ü–µ—Ä–µ–≤–æ–¥: ùô∞ùöÅùô±ùöÑùöâùô∏ùô∫ ‚Üí Dr-–∫–∞ | –û—Ç–ø—Ä–∞–≤–∏–ª: 7500000000$, –ü–æ–ª—É—á–∏–ª: 6750000000$
2026-02-28 15:43:15,480 - LasVenturas By parviz - INFO - –ü–µ—Ä–µ–≤–æ–¥: ùñïùñÜùñóùñõùñéùñü ‚Üí prince | –û—Ç–ø—Ä–∞–≤–∏–ª: 1$, –ü–æ–ª—É—á–∏–ª: 1$
2026-02-28 15:43:26,314 - LasVenturas By parviz - INFO - –ü–µ—Ä–µ–≤–æ–¥: üö¨ ‚Üí prince | –û—Ç–ø—Ä–∞–≤–∏–ª: 1000000$, –ü–æ–ª—É—á–∏–ª: 900000$
2026-02-28 15:43:29,226 - LasVenturas By parviz - INFO - –ü–æ–ª—å–∑–æ–≤–∞—Ç–µ–ª—å temeiruki –∑–∞–ø—Ä–æ—Å–∏–ª –∏–Ω—Ñ–æ—Ä–º–∞—Ü–∏—é –æ –±–∏–∑–Ω–µ—Å–µ
2026-02-28 15:43:31,361 - LasVenturas By parviz - INFO - –ù–∞—á–∏—Å–ª–µ–Ω –¥–æ—Ö–æ–¥ 34204$ –ø–æ–ª—å–∑–æ–≤–∞—Ç–µ–ª—é 5815880196 –∏–∑ –∏—Å—Ç–æ—á–Ω–∏–∫–∞ business
2026-02-28 15:43:37,724 - LasVenturas By parviz - INFO - –ü–æ–ª—å–∑–æ–≤–∞—Ç–µ–ª—å Me_Vangog –∑–∞–ø—Ä–æ—Å–∏–ª –∏–Ω—Ñ–æ—Ä–º–∞—Ü–∏—é –æ –±–∏–∑–Ω–µ—Å–µ
2026-02-28 16:03:21,144 - LasVenturas By parviz - INFO - –ü–æ–ª—å–∑–æ–≤–∞—Ç–µ–ª—å kirill_xranytel –∑–∞–ø—Ä–æ—Å–∏–ª –∏–Ω—Ñ–æ—Ä–º–∞—Ü–∏—é –æ –±–∏–∑–Ω–µ—Å–µ
2026-02-28 16:04:19,792 - LasVenturas By parviz - INFO - –ü–µ—Ä–µ–≤–æ–¥: 04|–öirill_Xranytel ‚Üí ùì® ùì™ ùñó ùñé ·µè | –û—Ç–ø—Ä–∞–≤–∏–ª: 20000000$, –ü–æ–ª—É—á–∏–ª: 18000000$
2026-02-28 16:29:36,888 - LasVenturas By parviz - INFO - –ü–µ—Ä–µ–≤–æ–¥: –î–∞–≤—Ä–æ–Ω ‚Üí –ò—Å—Ä–∞—Ñ–∏–ª | –û—Ç–ø—Ä–∞–≤–∏–ª: 10000000$, –ü–æ–ª—É—á–∏–ª: 9000000$
2026-02-28 16:57:11,427 - LasVenturas By parviz - INFO - ‚ùå –ü–æ–ª—å–∑–æ–≤–∞—Ç–µ–ª—å 8340514324 –ù–ï –∏–º–µ–µ—Ç –Ω—É–∂–Ω—ã–π —Ç–µ–∫—Å—Ç –≤ bio.
2026-02-28 16:57:11,521 - LasVenturas By parviz - INFO - –ù–∞—á–∏—Å–ª–µ–Ω –¥–æ—Ö–æ–¥ 2180$ –ø–æ–ª—å–∑–æ–≤–∞—Ç–µ–ª—é 8340514324 –∏–∑ –∏—Å—Ç–æ—á–Ω–∏–∫–∞ farm
2026-02-28 16:57:11,521 - LasVenturas By parviz - INFO - –ü–æ–ª—å–∑–æ–≤–∞—Ç–µ–ª—å 8340514324 –ø–æ–ª—É—á–∏–ª –æ–±—ã—á–Ω—ã–π –¥–æ—Ö–æ–¥ —Å —Ñ–µ—Ä–º—ã 2180$
2026-02-28 16:59:36,284 - LasVenturas By parviz - INFO - –ò–≥—Ä–∞ '–†–∞–∑–≥–æ–Ω': 8340514324 | –°—Ç–∞–≤–∫–∞: 800000 | –†–µ–∑—É–ª—å—Ç–∞—Ç: lose | –°–∫–æ—Ä–æ—Å—Ç—å: 302
2026-02-28 16:59:49,031 - LasVenturas By parviz - INFO - –ò–≥—Ä–∞ '–†–∞–∑–≥–æ–Ω': 8340514324 | –°—Ç–∞–≤–∫–∞: 1000000 | –†–µ–∑—É–ª—å—Ç–∞—Ç: lose | –°–∫–æ—Ä–æ—Å—Ç—å: 260
2026-02-28 17:00:26,792 - LasVenturas By parviz - INFO - –ü–æ–ª—å–∑–æ–≤–∞—Ç–µ–ª—å temeiruki –∑–∞–ø—Ä–æ—Å–∏–ª –∏–Ω—Ñ–æ—Ä–º–∞—Ü–∏—é –æ –±–∏–∑–Ω–µ—Å–µ
2026-02-28 17:00:29,281 - LasVenturas By parviz - INFO - –ù–∞—á–∏—Å–ª–µ–Ω –¥–æ—Ö–æ–¥ 12827$ –ø–æ–ª—å–∑–æ–≤–∞—Ç–µ–ª—é 5815880196 –∏–∑ –∏—Å—Ç–æ—á–Ω–∏–∫–∞ business
2026-02-28 17:02:22,382 - LasVenturas By parviz - INFO - –ü–æ–ª—å–∑–æ–≤–∞—Ç–µ–ª—å temeiruki –∑–∞–ø—Ä–æ—Å–∏–ª –∏–Ω—Ñ–æ—Ä–º–∞—Ü–∏—é –æ –±–∏–∑–Ω–µ—Å–µ
2026-02-28 17:02:25,441 - LasVenturas By parviz - INFO - –ò–≥—Ä–∞ '–†–∞–∑–≥–æ–Ω': 8340514324 | –°—Ç–∞–≤–∫–∞: 100000 | –†–µ–∑—É–ª—å—Ç–∞—Ç: win | –°–∫–æ—Ä–æ—Å—Ç—å: 195
2026-02-28 17:02:29,013 - LasVenturas By parviz - INFO - –ü–æ–ª—å–∑–æ–≤–∞—Ç–µ–ª—å None –∑–∞–ø—Ä–æ—Å–∏–ª –∏–Ω—Ñ–æ—Ä–º–∞—Ü–∏—é –æ –±–∏–∑–Ω–µ—Å–µ
2026-02-28 17:02:30,441 - LasVenturas By parviz - INFO - –ò–≥—Ä–∞ '–†–∞–∑–≥–æ–Ω': 5815880196 | –°—Ç–∞–≤–∫–∞: 200000 | –†–µ–∑—É–ª—å—Ç–∞—Ç: win | –°–∫–æ—Ä–æ—Å—Ç—å: 142
2026-02-28 17:02:31,871 - LasVenturas By parviz - INFO - –ù–∞—á–∏—Å–ª–µ–Ω –¥–æ—Ö–æ–¥ 141605$ –ø–æ–ª—å–∑–æ–≤–∞—Ç–µ–ª—é 7733538262 –∏–∑ –∏—Å—Ç–æ—á–Ω–∏–∫–∞ business
2026-02-28 17:02:33,243 - LasVenturas By parviz - INFO - –ò–≥—Ä–∞ '–†–∞–∑–≥–æ–Ω': 8340514324 | –°—Ç–∞–≤–∫–∞: 200000 | –†–µ–∑—É–ª—å—Ç–∞—Ç: lose | –°–∫–æ—Ä–æ—Å—Ç—å: 147
2026-02-28 17:02:50,287 - LasVenturas By parviz - INFO - –ò–≥—Ä–∞ '–†–∞–∑–≥–æ–Ω': 7733538262 | –°—Ç–∞–≤–∫–∞: 814423 | –†–µ–∑—É–ª—å—Ç–∞—Ç: lose | –°–∫–æ—Ä–æ—Å—Ç—å: 90
2026-02-28 17:03:41,101 - LasVenturas By parviz - INFO - –ü–µ—Ä–µ–≤–æ–¥: üö¨ ‚Üí ‚ñ† | –û—Ç–ø—Ä–∞–≤–∏–ª: 74000000$, –ü–æ–ª—É—á–∏–ª: 66600000$
2026-02-28 17:06:27,291 - LasVenturas By parviz - INFO - –ü–æ–ª—å–∑–æ–≤–∞—Ç–µ–ª—å temeiruki –∫—É–ø–∏–ª –±–∏–∑–Ω–µ—Å –æ—Ç–µ–ª—å
2026-02-28 17:09:09,717 - LasVenturas By parviz - INFO - –ü–æ–ª—å–∑–æ–≤–∞—Ç–µ–ª—å temeiruki –∑–∞–ø—Ä–æ—Å–∏–ª –∏–Ω—Ñ–æ—Ä–º–∞—Ü–∏—é –æ –±–∏–∑–Ω–µ—Å–µ
2026-02-28 17:09:47,599 - LasVenturas By parviz - INFO - –ü–µ—Ä–µ–≤–æ–¥: üö¨ ‚Üí ‚ñ† | –û—Ç–ø—Ä–∞–≤–∏–ª: 100000000$, –ü–æ–ª—É—á–∏–ª: 90000000$
2026-02-28 17:09:56,709 - LasVenturas By parviz - INFO - –ê–¥–º–∏–Ω parvizwp —Å–æ–∑–¥–∞–ª –ø—Ä–æ–º–æ–∫–æ–¥ –æ–±–Ω–æ–≤–æ—á–∫–∞_–±—É–¥–µ—Ç_—á–µ—Ä–µ–∑_12_–¥–Ω–µ–π
2026-02-28 17:10:12,551 - LasVenturas By parviz - INFO - –ù–∞—á–∏—Å–ª–µ–Ω –¥–æ—Ö–æ–¥ 90000$ –ø–æ–ª—å–∑–æ–≤–∞—Ç–µ–ª—é 777000 –∏–∑ –∏—Å—Ç–æ—á–Ω–∏–∫–∞ promo
2026-02-28 17:10:12,784 - LasVenturas By parviz - INFO - –ü–æ–ª—å–∑–æ–≤–∞—Ç–µ–ª—å None –∞–∫—Ç–∏–≤–∏—Ä–æ–≤–∞–ª –ø—Ä–æ–º–æ–∫–æ–¥ –æ–±–Ω–æ–≤–æ—á–∫–∞_–±—É–¥–µ—Ç_—á–µ—Ä–µ–∑_12_–¥–Ω–µ–π
2026-02-28 17:10:15,468 - LasVenturas By parviz - INFO - –ù–∞—á–∏—Å–ª–µ–Ω –¥–æ—Ö–æ–¥ 90000$ –ø–æ–ª—å–∑–æ–≤–∞—Ç–µ–ª—é 6512241065 –∏–∑ –∏—Å—Ç–æ—á–Ω–∏–∫–∞ promo
2026-02-28 17:10:15,667 - LasVenturas By parviz - INFO - –ü–æ–ª—å–∑–æ–≤–∞—Ç–µ–ª—å Arbuztupoy –∞–∫—Ç–∏–≤–∏—Ä–æ–≤–∞–ª –ø—Ä–æ–º–æ–∫–æ–¥ –æ–±–Ω–æ–≤–æ—á–∫–∞_–±—É–¥–µ—Ç_—á–µ—Ä–µ–∑_12_–¥–Ω–µ–π
2026-02-28 17:10:18,843 - LasVenturas By parviz - INFO - –ù–∞—á–∏—Å–ª–µ–Ω –¥–æ—Ö–æ–¥ 90000$ –ø–æ–ª—å–∑–æ–≤–∞—Ç–µ–ª—é 5815880196 –∏–∑ –∏—Å—Ç–æ—á–Ω–∏–∫–∞ promo
2026-02-28 17:10:19,096 - LasVenturas By parviz - INFO - –ü–æ–ª—å–∑–æ–≤–∞—Ç–µ–ª—å temeiruki –∞–∫—Ç–∏–≤–∏—Ä–æ–≤–∞–ª –ø—Ä–æ–º–æ–∫–æ–¥ –æ–±–Ω–æ–≤–æ—á–∫–∞_–±—É–¥–µ—Ç_—á–µ—Ä–µ–∑_12_–¥–Ω–µ–π
2026-02-28 17:10:19,179 - LasVenturas By parviz - INFO - –ù–∞—á–∏—Å–ª–µ–Ω –¥–æ—Ö–æ–¥ 90000$ –ø–æ–ª—å–∑–æ–≤–∞—Ç–µ–ª—é 8358458560 –∏–∑ –∏—Å—Ç–æ—á–Ω–∏–∫–∞ promo
2026-02-28 17:10:19,470 - LasVenturas By parviz - INFO - –ü–æ–ª—å–∑–æ–≤–∞—Ç–µ–ª—å l1ricaaa –∞–∫—Ç–∏–≤–∏—Ä–æ–≤–∞–ª –ø—Ä–æ–º–æ–∫–æ–¥ –æ–±–Ω–æ–≤–æ—á–∫–∞_–±—É–¥–µ—Ç_—á–µ—Ä–µ–∑_12_–¥–Ω–µ–π
2026-02-28 17:10:22,841 - LasVenturas By parviz - INFO - –ù–∞—á–∏—Å–ª–µ–Ω –¥–æ—Ö–æ–¥ 90000$ –ø–æ–ª—å–∑–æ–≤–∞—Ç–µ–ª—é 8589562480 –∏–∑ –∏—Å—Ç–æ—á–Ω–∏–∫–∞ promo
2026-02-28 17:10:22,988 - LasVenturas By parviz - INFO - –ü–æ–ª—å–∑–æ–≤–∞—Ç–µ–ª—å EgoistMetroShop –∞–∫—Ç–∏–≤–∏—Ä–æ–≤–∞–ª –ø—Ä–æ–º–æ–∫–æ–¥ –æ–±–Ω–æ–≤–æ—á–∫–∞_–±—É–¥–µ—Ç_—á–µ—Ä–µ–∑_12_–¥–Ω–µ–π
2026-02-28 17:10:25,809 - LasVenturas By parviz - INFO - –ù–∞—á–∏—Å–ª–µ–Ω –¥–æ—Ö–æ–¥ 90000$ –ø–æ–ª—å–∑–æ–≤–∞—Ç–µ–ª—é 7696828602 –∏–∑ –∏—Å—Ç–æ—á–Ω–∏–∫–∞ promo
2026-02-28 17:10:25,997 - LasVenturas By parviz - INFO - –ü–æ–ª—å–∑–æ–≤–∞—Ç–µ–ª—å viccha2 –∞–∫—Ç–∏–≤–∏—Ä–æ–≤–∞–ª –ø—Ä–æ–º–æ–∫–æ–¥ –æ–±–Ω–æ–≤–æ—á–∫–∞_–±—É–¥–µ—Ç_—á–µ—Ä–µ–∑_12_–¥–Ω–µ–π
2026-02-28 17:10:29,102 - LasVenturas By parviz - INFO - –ü–µ—Ä–µ–≤–æ–¥: ùô∞ùöÅùô±ùöÑùöâùô∏ùô∫ ‚Üí ‚ñ† | –û—Ç–ø—Ä–∞–≤–∏–ª: 500000000$, –ü–æ–ª—É—á–∏–ª: 450000000$
2026-02-28 17:10:34,862 - LasVenturas By parviz - INFO - –ù–∞—á–∏—Å–ª–µ–Ω –¥–æ—Ö–æ–¥ 90000$ –ø–æ–ª—å–∑–æ–≤–∞—Ç–µ–ª—é 7174147624 –∏–∑ –∏—Å—Ç–æ—á–Ω–∏–∫–∞ promo
2026-02-28 17:10:35,005 - LasVenturas By parviz - INFO - –ü–æ–ª—å–∑–æ–≤–∞—Ç–µ–ª—å ASTROVVG –∞–∫—Ç–∏–≤–∏—Ä–æ–≤–∞–ª –ø—Ä–æ–º–æ–∫–æ–¥ –æ–±–Ω–æ–≤–æ—á–∫–∞_–±—É–¥–µ—Ç_—á–µ—Ä–µ–∑_12_–¥–Ω–µ–π
2026-02-28 17:10:54,801 - LasVenturas By parviz - INFO - –ü–µ—Ä–µ–≤–æ–¥: ùô∞ùöÅùô±ùöÑùöâùô∏ùô∫ ‚Üí ‚ñ† | –û—Ç–ø—Ä–∞–≤–∏–ª: 750000000$, –ü–æ–ª—É—á–∏–ª: 675000000$
2026-02-28 17:11:12,980 - LasVenturas By parviz - INFO - –ü–µ—Ä–µ–≤–æ–¥: ùô∞ùöÅùô±ùöÑùöâùô∏ùô∫ ‚Üí ‚ñ† | –û—Ç–ø—Ä–∞–≤–∏–ª: 1500000000$, –ü–æ–ª—É—á–∏–ª: 1350000000$
2026-02-28 17:12:17,153 - LasVenturas By parviz - INFO - ‚úÖ –†–µ–∑—É–ª—å—Ç–∞—Ç —Ä—É–ª–µ—Ç–∫–∏ –∑–∞–ø–∏—Å–∞–Ω –≤ –ª–æ–≥: 23 –∫, —Å–µ—Å—Å–∏—è d51480f2
2026-02-28 17:12:33,072 - LasVenturas By parviz - INFO - –ü–µ—Ä–µ–≤–æ–¥: ùô∞ùöÅùô±ùöÑùöâùô∏ùô∫ ‚Üí ‚ñ† | –û—Ç–ø—Ä–∞–≤–∏–ª: 2500000000$, –ü–æ–ª—É—á–∏–ª: 2250000000$
2026-02-28 17:12:47,061 - LasVenturas By parviz - INFO - ‚úÖ –†–µ–∑—É–ª—å—Ç–∞—Ç —Ä—É–ª–µ—Ç–∫–∏ –∑–∞–ø–∏—Å–∞–Ω –≤ –ª–æ–≥: 1 –∫, —Å–µ—Å—Å–∏—è 6110a45f
2026-02-28 17:13:12,860 - LasVenturas By parviz - INFO - ‚úÖ –†–µ–∑—É–ª—å—Ç–∞—Ç —Ä—É–ª–µ—Ç–∫–∏ –∑–∞–ø–∏—Å–∞–Ω –≤ –ª–æ–≥: 16 —á, —Å–µ—Å—Å–∏—è af0dfc7a
2026-02-28 17:13:26,988 - LasVenturas By parviz - INFO - –ù–∞—á–∏—Å–ª–µ–Ω –¥–æ—Ö–æ–¥ 90000$ –ø–æ–ª—å–∑–æ–≤–∞—Ç–µ–ª—é 7985048553 –∏–∑ –∏—Å—Ç–æ—á–Ω–∏–∫–∞ promo
2026-02-28 17:13:27,180 - LasVenturas By parviz - INFO - –ü–æ–ª—å–∑–æ–≤–∞—Ç–µ–ª—å doretar –∞–∫—Ç–∏–≤–∏—Ä–æ–≤–∞–ª –ø—Ä–æ–º–æ–∫–æ–¥ –æ–±–Ω–æ–≤–æ—á–∫–∞_–±—É–¥–µ—Ç_—á–µ—Ä–µ–∑_12_–¥–Ω–µ–π
2026-02-28 17:13:55,867 - LasVenturas By parviz - INFO - –ò–≥—Ä–∞ '–†–∞–∑–≥–æ–Ω': 5815880196 | –°—Ç–∞–≤–∫–∞: 4500000000 | –†–µ–∑—É–ª—å—Ç–∞—Ç: lose | –°–∫–æ—Ä–æ—Å—Ç—å: 114
2026-02-28 17:14:02,771 - LasVenturas By parviz - INFO - –ù–∞—á–∏—Å–ª–µ–Ω –¥–æ—Ö–æ–¥ 90000$ –ø–æ–ª—å–∑–æ–≤–∞—Ç–µ–ª—é 8293448450 –∏–∑ –∏—Å—Ç–æ—á–Ω–∏–∫–∞ promo
2026-02-28 17:14:03,001 - LasVenturas By parviz - INFO - –ü–æ–ª—å–∑–æ–≤–∞—Ç–µ–ª—å Capibarnost228 –∞–∫—Ç–∏–≤–∏—Ä–æ–≤–∞–ª –ø—Ä–æ–º–æ–∫–æ–¥ –æ–±–Ω–æ–≤–æ—á–∫–∞_–±—É–¥–µ—Ç_—á–µ—Ä–µ–∑_12_–¥–Ω–µ–π
2026-02-28 17:14:04,757 - LasVenturas By parviz - INFO - –ü–µ—Ä–µ–≤–æ–¥: ùô∞ùöÅùô±ùöÑùöâùô∏ùô∫ ‚Üí ‚ñ† | –û—Ç–ø—Ä–∞–≤–∏–ª: 500000000$, –ü–æ–ª—É—á–∏–ª: 450000000$
2026-02-28 17:14:15,997 - LasVenturas By parviz - INFO - –ù–∞—á–∏—Å–ª–µ–Ω –¥–æ—Ö–æ–¥ 90000$ –ø–æ–ª—å–∑–æ–≤–∞—Ç–µ–ª—é 8232024665 –∏–∑ –∏—Å—Ç–æ—á–Ω–∏–∫–∞ promo
2026-02-28 17:14:16,144 - LasVenturas By parviz - INFO - –ü–æ–ª—å–∑–æ–≤–∞—Ç–µ–ª—å None –∞–∫—Ç–∏–≤–∏—Ä–æ–≤–∞–ª –ø—Ä–æ–º–æ–∫–æ–¥ –æ–±–Ω–æ–≤–æ—á–∫–∞_–±—É–¥–µ—Ç_—á–µ—Ä–µ–∑_12_–¥–Ω–µ–π
2026-02-28 17:14:25,444 - LasVenturas By parviz - INFO - –ò–≥—Ä–∞ '–†–∞–∑–≥–æ–Ω': 5815880196 | –°—Ç–∞–≤–∫–∞: 650000000 | –†–µ–∑—É–ª—å—Ç–∞—Ç: lose | –°–∫–æ—Ä–æ—Å—Ç—å: 295
2026-02-28 17:14:35,234 - LasVenturas By parviz - INFO - –ü–µ—Ä–µ–≤–æ–¥: ùô∞ùöÅùô±ùöÑùöâùô∏ùô∫ ‚Üí ‚ñ† | –û—Ç–ø—Ä–∞–≤–∏–ª: 5000000000$, –ü–æ–ª—É—á–∏–ª: 4500000000$
2026-02-28 17:15:29,826 - LasVenturas By parviz - INFO - –ò–≥—Ä–∞ '–†–∞–∑–≥–æ–Ω': 5815880196 | –°—Ç–∞–≤–∫–∞: 11250000000 | –†–µ–∑—É–ª—å—Ç–∞—Ç: lose | –°–∫–æ—Ä–æ—Å—Ç—å: 262
2026-02-28 17:15:32,783 - LasVenturas By parviz - INFO - –ü–µ—Ä–µ–≤–æ–¥: ùô∞ùöÅùô±ùöÑùöâùô∏ùô∫ ‚Üí ‚ñ† | –û—Ç–ø—Ä–∞–≤–∏–ª: 11250000000$, –ü–æ–ª—É—á–∏–ª: 10125000000$
2026-02-28 17:16:03,686 - LasVenturas By parviz - INFO - ‚úÖ –†–µ–∑—É–ª—å—Ç–∞—Ç —Ä—É–ª–µ—Ç–∫–∏ –∑–∞–ø–∏—Å–∞–Ω –≤ –ª–æ–≥: 29 –∫, —Å–µ—Å—Å–∏—è 9fc2ec6c
2026-02-28 17:16:16,030 - LasVenturas By parviz - INFO - ‚úÖ –†–µ–∑—É–ª—å—Ç–∞—Ç —Ä—É–ª–µ—Ç–∫–∏ –∑–∞–ø–∏—Å–∞–Ω –≤ –ª–æ–≥: 20 —á, —Å–µ—Å—Å–∏—è de639956
2026-02-28 17:16:27,197 - LasVenturas By parviz - INFO - ‚úÖ –†–µ–∑—É–ª—å—Ç–∞—Ç —Ä—É–ª–µ—Ç–∫–∏ –∑–∞–ø–∏—Å–∞–Ω –≤ –ª–æ–≥: 36 —á, —Å–µ—Å—Å–∏—è b457d63f
2026-02-28 17:16:39,731 - LasVenturas By parviz - INFO - ‚úÖ –†–µ–∑—É–ª—å—Ç–∞—Ç —Ä—É–ª–µ—Ç–∫–∏ –∑–∞–ø–∏—Å–∞–Ω –≤ –ª–æ–≥: 30 —á, —Å–µ—Å—Å–∏—è cc42d636
2026-02-28 17:17:00,988 - LasVenturas By parviz - INFO - ‚úÖ –†–µ–∑—É–ª—å—Ç–∞—Ç —Ä—É–ª–µ—Ç–∫–∏ –∑–∞–ø–∏—Å–∞–Ω –≤ –ª–æ–≥: 24 —á, —Å–µ—Å—Å–∏—è 5d05e178
2026-02-28 17:17:08,387 - LasVenturas By parviz - INFO - ‚úÖ –†–µ–∑—É–ª—å—Ç–∞—Ç —Ä—É–ª–µ—Ç–∫–∏ –∑–∞–ø–∏—Å–∞–Ω –≤ –ª–æ–≥: 8 —á, —Å–µ—Å—Å–∏—è ea2cca70
2026-02-28 17:17:43,005 - LasVenturas By parviz - INFO - –ü–æ–ª—å–∑–æ–≤–∞—Ç–µ–ª—å temeiruki –∫—É–ø–∏–ª –±–∏–∑–Ω–µ—Å –æ—Ç–µ–ª—å
2026-02-28 17:18:10,210 - LasVenturas By parviz - INFO - –ü–æ–ª—å–∑–æ–≤–∞—Ç–µ–ª—å Arbuztupoy –∑–∞–ø—Ä–æ—Å–∏–ª –∏–Ω—Ñ–æ—Ä–º–∞—Ü–∏—é –æ –±–∏–∑–Ω–µ—Å–µ
2026-02-28 17:18:16,848 - LasVenturas By parviz - INFO - –ü–æ–ª—å–∑–æ–≤–∞—Ç–µ–ª—å Arbuztupoy –∑–∞–ø—Ä–æ—Å–∏–ª –∏–Ω—Ñ–æ—Ä–º–∞—Ü–∏—é –æ –¥–æ–º–µ
2026-02-28 17:18:18,843 - LasVenturas By parviz - INFO - –ü–æ–ª—å–∑–æ–≤–∞—Ç–µ–ª—å Arbuztupoy –æ–ø–ª–∞—Ç–∏–ª —Å–æ–¥–µ—Ä–∂–∞–Ω–∏–µ –¥–æ–º–∞: 30000$
2026-02-28 17:18:20,342 - LasVenturas By parviz - INFO - –ü–æ–ª—å–∑–æ–≤–∞—Ç–µ–ª—å Arbuztupoy –æ–ø–ª–∞—Ç–∏–ª —Å–æ–¥–µ—Ä–∂–∞–Ω–∏–µ –¥–æ–º–∞: 30000$
2026-02-28 17:18:20,435 - LasVenturas By parviz - INFO - –ü–æ–ª—å–∑–æ–≤–∞—Ç–µ–ª—å viccha2 –∑–∞–ø—Ä–æ—Å–∏–ª –∏–Ω—Ñ–æ—Ä–º–∞—Ü–∏—é –æ –¥–æ–º–µ
2026-02-28 17:18:22,747 - LasVenturas By parviz - INFO - –ü–æ–ª—å–∑–æ–≤–∞—Ç–µ–ª—å Arbuztupoy –æ–ø–ª–∞—Ç–∏–ª —Å–æ–¥–µ—Ä–∂–∞–Ω–∏–µ –¥–æ–º–∞: 30000$
2026-02-28 17:18:23,183 - LasVenturas By parviz - INFO - –ü–æ–ª—å–∑–æ–≤–∞—Ç–µ–ª—å viccha2 —Å–æ–±—Ä–∞–ª –∞—Ä–µ–Ω–¥—É: 307382$
2026-02-28 17:18:24,244 - LasVenturas By parviz - INFO - –ü–æ–ª—å–∑–æ–≤–∞—Ç–µ–ª—å Arbuztupoy –æ–ø–ª–∞—Ç–∏–ª —Å–æ–¥–µ—Ä–∂–∞–Ω–∏–µ –¥–æ–º–∞: 30000$
2026-02-28 17:18:25,651 - LasVenturas By parviz - INFO - –ü–æ–ª—å–∑–æ–≤–∞—Ç–µ–ª—å Arbuztupoy –æ–ø–ª–∞—Ç–∏–ª —Å–æ–¥–µ—Ä–∂–∞–Ω–∏–µ –¥–æ–º–∞: 30000$
2026-02-28 17:18:26,406 - LasVenturas By parviz - INFO - –ü–æ–ª—å–∑–æ–≤–∞—Ç–µ–ª—å viccha2 –æ–ø–ª–∞—Ç–∏–ª —Å–æ–¥–µ—Ä–∂–∞–Ω–∏–µ –¥–æ–º–∞: 30000$
2026-02-28 17:18:26,952 - LasVenturas By parviz - INFO - –ü–æ–ª—å–∑–æ–≤–∞—Ç–µ–ª—å Arbuztupoy –æ–ø–ª–∞—Ç–∏–ª —Å–æ–¥–µ—Ä–∂–∞–Ω–∏–µ –¥–æ–º–∞: 30000$
2026-02-28 17:18:28,153 - LasVenturas By parviz - INFO - –ü–æ–ª—å–∑–æ–≤–∞—Ç–µ–ª—å Arbuztupoy –æ–ø–ª–∞—Ç–∏–ª —Å–æ–¥–µ—Ä–∂–∞–Ω–∏–µ –¥–æ–º–∞: 30000$
2026-02-28 17:18:29,339 - LasVenturas By parviz - INFO - –ü–æ–ª—å–∑–æ–≤–∞—Ç–µ–ª—å Arbuztupoy –æ–ø–ª–∞—Ç–∏–ª —Å–æ–¥–µ—Ä–∂–∞–Ω–∏–µ –¥–æ–º–∞: 30000$
2026-02-28 17:18:30,473 - LasVenturas By parviz - INFO - –ü–æ–ª—å–∑–æ–≤–∞—Ç–µ–ª—å Arbuztupoy –æ–ø–ª–∞—Ç–∏–ª —Å–æ–¥–µ—Ä–∂–∞–Ω–∏–µ –¥–æ–º–∞: 30000$
2026-02-28 17:18:30,535 - LasVenturas By parviz - INFO - –ü–æ–ª—å–∑–æ–≤–∞—Ç–µ–ª—å viccha2 –∑–∞–ø—Ä–æ—Å–∏–ª –∏–Ω—Ñ–æ—Ä–º–∞—Ü–∏—é –æ –±–∏–∑–Ω–µ—Å–µ
2026-02-28 17:18:31,624 - LasVenturas By parviz - INFO - –ü–æ–ª—å–∑–æ–≤–∞—Ç–µ–ª—å Arbuztupoy –æ–ø–ª–∞—Ç–∏–ª —Å–æ–¥–µ—Ä–∂–∞–Ω–∏–µ –¥–æ–º–∞: 30000$
2026-02-28 17:18:32,751 - LasVenturas By parviz - INFO - –ü–æ–ª—å–∑–æ–≤–∞—Ç–µ–ª—å Arbuztupoy –æ–ø–ª–∞—Ç–∏–ª —Å–æ–¥–µ—Ä–∂–∞–Ω–∏–µ –¥–æ–º–∞: 30000$
2026-02-28 17:18:33,389 - LasVenturas By parviz - INFO - –ù–∞—á–∏—Å–ª–µ–Ω –¥–æ—Ö–æ–¥ 90129$ –ø–æ–ª—å–∑–æ–≤–∞—Ç–µ–ª—é 7696828602 –∏–∑ –∏—Å—Ç–æ—á–Ω–∏–∫–∞ business
2026-02-28 17:18:33,879 - LasVenturas By parviz - INFO - –ü–æ–ª—å–∑–æ–≤–∞—Ç–µ–ª—å Arbuztupoy –æ–ø–ª–∞—Ç–∏–ª —Å–æ–¥–µ—Ä–∂–∞–Ω–∏–µ –¥–æ–º–∞: 30000$
2026-02-28 17:18:34,960 - LasVenturas By parviz - INFO - –ü–æ–ª—å–∑–æ–≤–∞—Ç–µ–ª—å Arbuztupoy –æ–ø–ª–∞—Ç–∏–ª —Å–æ–¥–µ—Ä–∂–∞–Ω–∏–µ –¥–æ–º–∞: 30000$
2026-02-28 17:18:36,490 - LasVenturas By parviz - INFO - –ü–æ–ª—å–∑–æ–≤–∞—Ç–µ–ª—å Arbuztupoy –æ–ø–ª–∞—Ç–∏–ª —Å–æ–¥–µ—Ä–∂–∞–Ω–∏–µ –¥–æ–º–∞: 30000$
2026-02-28 17:18:38,052 - LasVenturas By parviz - INFO - –ü–æ–ª—å–∑–æ–≤–∞—Ç–µ–ª—å Arbuztupoy –æ–ø–ª–∞—Ç–∏–ª —Å–æ–¥–µ—Ä–∂–∞–Ω–∏–µ –¥–æ–º–∞: 30000$
2026-02-28 17:18:39,243 - LasVenturas By parviz - INFO - –ü–æ–ª—å–∑–æ–≤–∞—Ç–µ–ª—å Arbuztupoy –æ–ø–ª–∞—Ç–∏–ª —Å–æ–¥–µ—Ä–∂–∞–Ω–∏–µ –¥–æ–º–∞: 30000$
2026-02-28 17:18:40,483 - LasVenturas By parviz - INFO - –ü–æ–ª—å–∑–æ–≤–∞—Ç–µ–ª—å Arbuztupoy –æ–ø–ª–∞—Ç–∏–ª —Å–æ–¥–µ—Ä–∂–∞–Ω–∏–µ –¥–æ–º–∞: 30000$
2026-02-28 17:18:41,955 - LasVenturas By parviz - INFO - –ü–æ–ª—å–∑–æ–≤–∞—Ç–µ–ª—å Arbuztupoy –æ–ø–ª–∞—Ç–∏–ª —Å–æ–¥–µ—Ä–∂–∞–Ω–∏–µ –¥–æ–º–∞: 30000$
2026-02-28 17:18:42,766 - LasVenturas By parviz - INFO - –ü–æ–ª—å–∑–æ–≤–∞—Ç–µ–ª—å Arbuztupoy –æ–ø–ª–∞—Ç–∏–ª —Å–æ–¥–µ—Ä–∂–∞–Ω–∏–µ –¥–æ–º–∞: 30000$
2026-02-28 17:18:44,031 - LasVenturas By parviz - INFO - –ü–æ–ª—å–∑–æ–≤–∞—Ç–µ–ª—å Arbuztupoy –æ–ø–ª–∞—Ç–∏–ª —Å–æ–¥–µ—Ä–∂–∞–Ω–∏–µ –¥–æ–º–∞: 30000$
2026-02-28 17:18:45,275 - LasVenturas By parviz - INFO - –ü–æ–ª—å–∑–æ–≤–∞—Ç–µ–ª—å Arbuztupoy –æ–ø–ª–∞—Ç–∏–ª —Å–æ–¥–µ—Ä–∂–∞–Ω–∏–µ –¥–æ–º–∞: 30000$
2026-02-28 17:20:20,596 - LasVenturas By parviz - INFO - ‚úÖ –†–µ–∑—É–ª—å—Ç–∞—Ç —Ä—É–ª–µ—Ç–∫–∏ –∑–∞–ø–∏—Å–∞–Ω –≤ –ª–æ–≥: 16 —á, —Å–µ—Å—Å–∏—è f9cc8140
2026-02-28 17:21:01,200 - TeleBot - ERROR - Threaded polling exception: A request to the Telegram API was unsuccessful. Error code: 409. Description: Conflict: terminated by other getUpdates request; make sure that only one bot instance is running
2026-02-28 17:21:01,202 - TeleBot - ERROR - Exception traceback:
Traceback (most recent call last):
  File "/usr/local/lib/python3.11/site-packages/telebot/__init__.py", line 1234, in __threaded_polling
    polling_thread.raise_exceptions()
  File "/usr/local/lib/python3.11/site-packages/telebot/util.py", line 115, in raise_exceptions
    raise self.exception_info
  File "/usr/local/lib/python3.11/site-packages/telebot/util.py", line 97, in run
    task(*args, **kwargs)
  File "/usr/local/lib/python3.11/site-packages/telebot/__init__.py", line 688, in __retrieve_updates
    updates = self.get_updates(offset=(self.last_update_id + 1),
              ^^^^^^^^^^^^^^^^^^^^^^^^^^^^^^^^^^^^^^^^^^^^^^^^^^
  File "/usr/local/lib/python3.11/site-packages/telebot/__init__.py", line 660, in get_updates
    json_updates = apihelper.get_updates(
                   ^^^^^^^^^^^^^^^^^^^^^^
  File "/usr/local/lib/python3.11/site-packages/telebot/apihelper.py", line 339, in get_updates
    return _make_request(token, method_url, params=payload)
           ^^^^^^^^^^^^^^^^^^^^^^^^^^^^^^^^^^^^^^^^^^^^^^^^
  File "/usr/local/lib/python3.11/site-packages/telebot/apihelper.py", line 168, in _make_request
    json_result = _check_result(method_name, result)
                  ^^^^^^^^^^^^^^^^^^^^^^^^^^^^^^^^^^
  File "/usr/local/lib/python3.11/site-packages/telebot/apihelper.py", line 197, in _check_result
    raise ApiTelegramException(method_name, result, result_json)
telebot.apihelper.ApiTelegramException: A request to the Telegram API was unsuccessful. Error code: 409. Description: Conflict: terminated by other getUpdates request; make sure that only one bot instance is running

2026-02-28 17:21:24,678 - LasVenturas By parviz - INFO - –ü–æ–ª—å–∑–æ–≤–∞—Ç–µ–ª—å EgoistMetroShop –∑–∞–ø—Ä–æ—Å–∏–ª –∏–Ω—Ñ–æ—Ä–º–∞—Ü–∏—é –æ –±–∏–∑–Ω–µ—Å–µ
2026-02-28 17:24:35,674 - LasVenturas By parviz - INFO - ‚úÖ –†–µ–∑—É–ª—å—Ç–∞—Ç —Ä—É–ª–µ—Ç–∫–∏ –∑–∞–ø–∏—Å–∞–Ω –≤ –ª–æ–≥: 3 –∫, —Å–µ—Å—Å–∏—è 11fd9e0c
2026-02-28 17:24:52,279 - LasVenturas By parviz - INFO - ‚úÖ –†–µ–∑—É–ª—å—Ç–∞—Ç —Ä—É–ª–µ—Ç–∫–∏ –∑–∞–ø–∏—Å–∞–Ω –≤ –ª–æ–≥: 8 —á, —Å–µ—Å—Å–∏—è eaff78af
2026-02-28 17:30:52,053 - LasVenturas By parviz - INFO - –ü–æ–ª—å–∑–æ–≤–∞—Ç–µ–ª—å Me_Vangog –∑–∞–ø—Ä–æ—Å–∏–ª –∏–Ω—Ñ–æ—Ä–º–∞—Ü–∏—é –æ –±–∏–∑–Ω–µ—Å–µ
2026-02-28 17:50:48,408 - LasVenturas By parviz - INFO - –ò–≥—Ä–∞ '–†–∞–∑–≥–æ–Ω': 8358458560 | –°—Ç–∞–≤–∫–∞: 70000000 | –†–µ–∑—É–ª—å—Ç–∞—Ç: lose | –°–∫–æ—Ä–æ—Å—Ç—å: 226
2026-02-28 17:51:08,358 - LasVenturas By parviz - INFO - –ò–≥—Ä–∞ '–†–∞–∑–≥–æ–Ω': 8358458560 | –°—Ç–∞–≤–∫–∞: 70000000 | –†–µ–∑—É–ª—å—Ç–∞—Ç: lose | –°–∫–æ—Ä–æ—Å—Ç—å: 312
2026-02-28 17:51:30,936 - LasVenturas By parviz - INFO - –ò–≥—Ä–∞ '–†–∞–∑–≥–æ–Ω': 8358458560 | –°—Ç–∞–≤–∫–∞: 70000000 | –†–µ–∑—É–ª—å—Ç–∞—Ç: lose | –°–∫–æ—Ä–æ—Å—Ç—å: 315
2026-02-28 18:07:03,668 - LasVenturas By parviz - INFO - –ü–µ—Ä–µ–≤–æ–¥: prince ‚Üí ‚ñ† | –û—Ç–ø—Ä–∞–≤–∏–ª: 200000$, –ü–æ–ª—É—á–∏–ª: 180000$
2026-02-28 18:07:20,460 - LasVenturas By parviz - INFO - ‚úÖ –†–µ–∑—É–ª—å—Ç–∞—Ç —Ä—É–ª–µ—Ç–∫–∏ –∑–∞–ø–∏—Å–∞–Ω –≤ –ª–æ–≥: 13 –∫, —Å–µ—Å—Å–∏—è 06caf3e0
2026-02-28 18:07:36,099 - LasVenturas By parviz - INFO - ‚úÖ –†–µ–∑—É–ª—å—Ç–∞—Ç —Ä—É–ª–µ—Ç–∫–∏ –∑–∞–ø–∏—Å–∞–Ω –≤ –ª–æ–≥: 18 —á, —Å–µ—Å—Å–∏—è 16992755
2026-02-28 18:07:41,467 - LasVenturas By parviz - INFO - ‚úÖ –†–µ–∑—É–ª—å—Ç–∞—Ç —Ä—É–ª–µ—Ç–∫–∏ –∑–∞–ø–∏—Å–∞–Ω –≤ –ª–æ–≥: 4 —á, —Å–µ—Å—Å–∏—è e7686078
2026-02-28 18:07:57,934 - LasVenturas By parviz - INFO - –ò–≥—Ä–∞ '–†–∞–∑–≥–æ–Ω': 8340514324 | –°—Ç–∞–≤–∫–∞: 1000000 | –†–µ–∑—É–ª—å—Ç–∞—Ç: win | –°–∫–æ—Ä–æ—Å—Ç—å: 169
2026-02-28 18:08:24,688 - LasVenturas By parviz - INFO - –ò–≥—Ä–∞ '–†–∞–∑–≥–æ–Ω': 8340514324 | –°—Ç–∞–≤–∫–∞: 1000000 | –†–µ–∑—É–ª—å—Ç–∞—Ç: lose | –°–∫–æ—Ä–æ—Å—Ç—å: 314
2026-02-28 18:08:53,047 - LasVenturas By parviz - INFO - –ò–≥—Ä–∞ '–†–∞–∑–≥–æ–Ω': 8340514324 | –°—Ç–∞–≤–∫–∞: 3000000 | –†–µ–∑—É–ª—å—Ç–∞—Ç: lose | –°–∫–æ—Ä–æ—Å—Ç—å: 187
2026-02-28 18:14:58,239 - LasVenturas By parviz - INFO - –ü–æ–ª—å–∑–æ–≤–∞—Ç–µ–ª—å None –∑–∞–ø—Ä–æ—Å–∏–ª –∏–Ω—Ñ–æ—Ä–º–∞—Ü–∏—é –æ –¥–æ–º–µ
2026-02-28 18:15:07,621 - LasVenturas By parviz - INFO - –ü–æ–ª—å–∑–æ–≤–∞—Ç–µ–ª—å None –æ–ø–ª–∞—Ç–∏–ª —Å–æ–¥–µ—Ä–∂–∞–Ω–∏–µ –¥–æ–º–∞: 30000$
2026-02-28 18:15:19,538 - LasVenturas By parviz - INFO - –ü–æ–ª—å–∑–æ–≤–∞—Ç–µ–ª—å None –∑–∞–ø—Ä–æ—Å–∏–ª –∏–Ω—Ñ–æ—Ä–º–∞—Ü–∏—é –æ –±–∏–∑–Ω–µ—Å–µ
2026-02-28 18:16:19,771 - LasVenturas By parviz - INFO - ‚ùå –ü–æ–ª—å–∑–æ–≤–∞—Ç–µ–ª—å 7457101105 –ù–ï –∏–º–µ–µ—Ç –Ω—É–∂–Ω—ã–π —Ç–µ–∫—Å—Ç –≤ bio.
2026-02-28 18:16:19,854 - LasVenturas By parviz - INFO - –ù–∞—á–∏—Å–ª–µ–Ω –¥–æ—Ö–æ–¥ 1467$ –ø–æ–ª—å–∑–æ–≤–∞—Ç–µ–ª—é 7457101105 –∏–∑ –∏—Å—Ç–æ—á–Ω–∏–∫–∞ farm
2026-02-28 18:16:19,854 - LasVenturas By parviz - INFO - –ü–æ–ª—å–∑–æ–≤–∞—Ç–µ–ª—å 7457101105 –ø–æ–ª—É—á–∏–ª –æ–±—ã—á–Ω—ã–π –¥–æ—Ö–æ–¥ —Å —Ñ–µ—Ä–º—ã 1467$
2026-02-28 18:17:56,743 - LasVenturas By parviz - INFO - ‚ùå –ü–æ–ª—å–∑–æ–≤–∞—Ç–µ–ª—å 8168027201 –ù–ï –∏–º–µ–µ—Ç –Ω—É–∂–Ω—ã–π —Ç–µ–∫—Å—Ç –≤ bio.
2026-02-28 18:17:56,823 - LasVenturas By parviz - INFO - –ù–∞—á–∏—Å–ª–µ–Ω –¥–æ—Ö–æ–¥ 4776$ –ø–æ–ª—å–∑–æ–≤–∞—Ç–µ–ª—é 8168027201 –∏–∑ –∏—Å—Ç–æ—á–Ω–∏–∫–∞ farm
2026-02-28 18:17:56,823 - LasVenturas By parviz - INFO - –ü–æ–ª—å–∑–æ–≤–∞—Ç–µ–ª—å 8168027201 –ø–æ–ª—É—á–∏–ª –æ–±—ã—á–Ω—ã–π –¥–æ—Ö–æ–¥ —Å —Ñ–µ—Ä–º—ã 4776$
2026-02-28 18:22:50,770 - LasVenturas By parviz - INFO - –ü–æ–ª—å–∑–æ–≤–∞—Ç–µ–ª—å AAARonaldo_777 –∑–∞–ø—Ä–æ—Å–∏–ª –∏–Ω—Ñ–æ—Ä–º–∞—Ü–∏—é –æ –±–∏–∑–Ω–µ—Å–µ
2026-02-28 18:23:08,975 - LasVenturas By parviz - INFO - –ü–æ–ª—å–∑–æ–≤–∞—Ç–µ–ª—å AAARonaldo_777 –∑–∞–ø—Ä–æ—Å–∏–ª –∏–Ω—Ñ–æ—Ä–º–∞—Ü–∏—é –æ –¥–æ–º–µ
2026-02-28 18:24:20,745 - LasVenturas By parviz - INFO - –ë–∏–∑–Ω–µ—Å –∞–≤—Ç–æ–º–∞—Ç–∏—á–µ—Å–∫–∏ —É–¥–∞–ª–µ–Ω - –∑–∞–∫–æ–Ω—á–∏–ª–∏—Å—å –º–∞—Ç–µ—Ä–∏–∞–ª—ã
2026-02-28 18:25:17,824 - LasVenturas By parviz - INFO - –ü–æ–ª—å–∑–æ–≤–∞—Ç–µ–ª—å AAARonaldo_777 –∑–∞–ø—Ä–æ—Å–∏–ª –∏–Ω—Ñ–æ—Ä–º–∞—Ü–∏—é –æ –±–∏–∑–Ω–µ—Å–µ
2026-02-28 18:27:16,211 - LasVenturas By parviz - INFO - –ü–µ—Ä–µ–≤–æ–¥: ‚õìÔ∏è NIKOTIN ‚õìÔ∏è ‚Üí k | –û—Ç–ø—Ä–∞–≤–∏–ª: 100000$, –ü–æ–ª—É—á–∏–ª: 100000$
2026-02-28 18:29:47,382 - LasVenturas By parviz - INFO - –ü–æ–ª—å–∑–æ–≤–∞—Ç–µ–ª—å kar_inka3 –∑–∞–ø—Ä–æ—Å–∏–ª –º–∞–≥–∞–∑–∏–Ω –±–∏–∑–Ω–µ—Å–æ–≤
2026-02-28 18:30:30,344 - LasVenturas By parviz - INFO - –ü–æ–ª—å–∑–æ–≤–∞—Ç–µ–ª—å kar_inka3 –∫—É–ø–∏–ª –±–∏–∑–Ω–µ—Å –∞–≤—Ç–æ—Å–∞–ª–æ–Ω
2026-02-28 18:31:36,061 - LasVenturas By parviz - INFO - –ü–µ—Ä–µ–≤–æ–¥: ‚õìÔ∏è NIKOTIN ‚õìÔ∏è ‚Üí k | –û—Ç–ø—Ä–∞–≤–∏–ª: 100000$, –ü–æ–ª—É—á–∏–ª: 100000$
2026-02-28 18:33:05,277 - LasVenturas By parviz - INFO - –ü–æ–ª—å–∑–æ–≤–∞—Ç–µ–ª—å AAARonaldo_777 –∑–∞–ø—Ä–æ—Å–∏–ª –∏–Ω—Ñ–æ—Ä–º–∞—Ü–∏—é –æ –±–∏–∑–Ω–µ—Å–µ
2026-02-28 18:35:10,735 - LasVenturas By parviz - INFO - –ü–æ–ª—å–∑–æ–≤–∞—Ç–µ–ª—å AAARonaldo_777 –∑–∞–ø—Ä–æ—Å–∏–ª –º–∞–≥–∞–∑–∏–Ω –±–∏–∑–Ω–µ—Å–æ–≤
2026-02-28 18:36:01,794 - LasVenturas By parviz - INFO - –ü–æ–ª—å–∑–æ–≤–∞—Ç–µ–ª—å AAARonaldo_777 –∫—É–ø–∏–ª –±–∏–∑–Ω–µ—Å –æ—Ç–µ–ª—å
2026-02-28 18:36:45,422 - LasVenturas By parviz - INFO - AAARonaldo_777 –æ—Ç–∫—Ä—ã–ª –º–∞–≥–∞–∑–∏–Ω –º–∞—à–∏–Ω (—Å—Ç—Ä–∞–Ω–∏—Ü–∞ 1)
2026-02-28 18:36:48,206 - LasVenturas By parviz - INFO - AAARonaldo_777 –ø–µ—Ä–µ—à–µ–ª –Ω–∞ —Å—Ç—Ä–∞–Ω–∏—Ü—É 2 –º–∞—à–∏–Ω
2026-02-28 18:39:15,756 - LasVenturas By parviz - INFO - –ü–æ–ª—å–∑–æ–≤–∞—Ç–µ–ª—å tavda_88 –∑–∞–ø—Ä–æ—Å–∏–ª –º–∞–≥–∞–∑–∏–Ω –±–∏–∑–Ω–µ—Å–æ–≤
2026-02-28 18:39:42,279 - LasVenturas By parviz - INFO - –ü–æ–ª—å–∑–æ–≤–∞—Ç–µ–ª—å tavda_88 –∫—É–ø–∏–ª –±–∏–∑–Ω–µ—Å –Ω–æ—á–Ω–æ–π –∫–ª—É–±
2026-02-28 18:48:19,115 - LasVenturas By parviz - INFO - –ò–≥—Ä–∞ '–†–∞–∑–≥–æ–Ω': 809656806 | –°—Ç–∞–≤–∫–∞: 833943 | –†–µ–∑—É–ª—å—Ç–∞—Ç: win | –°–∫–æ—Ä–æ—Å—Ç—å: 275
2026-02-28 18:48:32,736 - LasVenturas By parviz - INFO - –ò–≥—Ä–∞ '–†–∞–∑–≥–æ–Ω': 809656806 | –°—Ç–∞–≤–∫–∞: 1000000 | –†–µ–∑—É–ª—å—Ç–∞—Ç: win | –°–∫–æ—Ä–æ—Å—Ç—å: 137
2026-02-28 18:48:43,773 - LasVenturas By parviz - INFO - –ò–≥—Ä–∞ '–†–∞–∑–≥–æ–Ω': 809656806 | –°—Ç–∞–≤–∫–∞: 1600000 | –†–µ–∑—É–ª—å—Ç–∞—Ç: lose | –°–∫–æ—Ä–æ—Å—Ç—å: 268
2026-02-28 18:49:57,977 - LasVenturas By parviz - INFO - –ò–≥—Ä–∞ '–†–∞–∑–≥–æ–Ω': 649602076 | –°—Ç–∞–≤–∫–∞: 2000000 | –†–µ–∑—É–ª—å—Ç–∞—Ç: lose | –°–∫–æ—Ä–æ—Å—Ç—å: 187
2026-02-28 18:53:56,283 - LasVenturas By parviz - INFO - ‚ùå –ü–æ–ª—å–∑–æ–≤–∞—Ç–µ–ª—å 7060923750 –ù–ï –∏–º–µ–µ—Ç –Ω—É–∂–Ω—ã–π —Ç–µ–∫—Å—Ç –≤ bio.
2026-02-28 18:53:56,367 - LasVenturas By parviz - INFO - –ù–∞—á–∏—Å–ª–µ–Ω –¥–æ—Ö–æ–¥ 2455$ –ø–æ–ª—å–∑–æ–≤–∞—Ç–µ–ª—é 7060923750 –∏–∑ –∏—Å—Ç–æ—á–Ω–∏–∫–∞ farm
2026-02-28 18:53:56,367 - LasVenturas By parviz - INFO - –ü–æ–ª—å–∑–æ–≤–∞—Ç–µ–ª—å 7060923750 –ø–æ–ª—É—á–∏–ª –æ–±—ã—á–Ω—ã–π –¥–æ—Ö–æ–¥ —Å —Ñ–µ—Ä–º—ã 2455$
2026-02-28 18:53:57,645 - LasVenturas By parviz - INFO - ‚ùå –ü–æ–ª—å–∑–æ–≤–∞—Ç–µ–ª—å 7060923750 –ù–ï –∏–º–µ–µ—Ç –Ω—É–∂–Ω—ã–π —Ç–µ–∫—Å—Ç –≤ bio.
2026-02-28 18:53:57,726 - LasVenturas By parviz - INFO - –ù–∞—á–∏—Å–ª–µ–Ω –¥–æ—Ö–æ–¥ 2525$ –ø–æ–ª—å–∑–æ–≤–∞—Ç–µ–ª—é 7060923750 –∏–∑ –∏—Å—Ç–æ—á–Ω–∏–∫–∞ bonus
2026-02-28 18:53:57,726 - LasVenturas By parviz - INFO - –ü–æ–ª—å–∑–æ–≤–∞—Ç–µ–ª—å 7060923750 –ø–æ–ª—É—á–∏–ª –æ–±—ã—á–Ω—ã–π –±–æ–Ω—É—Å 2525$
2026-02-28 18:58:38,727 - LasVenturas By parviz - INFO - –ü–æ–ª—å–∑–æ–≤–∞—Ç–µ–ª—å DAGDARION7766 –∑–∞–ø—Ä–æ—Å–∏–ª –∏–Ω—Ñ–æ—Ä–º–∞—Ü–∏—é –æ –±–∏–∑–Ω–µ—Å–µ
